
*** Running vivado
    with args -log main.vdi -applog -m64 -product Vivado -messageDb vivado.pb -mode batch -source main.tcl -notrace


****** Vivado v2019.1 (64-bit)
  **** SW Build 2552052 on Fri May 24 14:47:09 MDT 2019
  **** IP Build 2548770 on Fri May 24 18:01:18 MDT 2019
    ** Copyright 1986-2019 Xilinx, Inc. All Rights Reserved.

source main.tcl -notrace
Command: link_design -top main -part xczu3eg-sbva484-1-e -mode out_of_context
Design is defaulting to srcset: sources_1
Design is defaulting to constrset: constrs_1
INFO: [Device 21-403] Loading part xczu3eg-sbva484-1-e
INFO: [Netlist 29-17] Analyzing 53 Unisim elements for replacement
INFO: [Netlist 29-28] Unisim Transformation completed in 1 CPU seconds
INFO: [Project 1-479] Netlist was created with Vivado 2019.1
INFO: [Project 1-570] Preparing netlist for logic optimization
Parsing XDC File [/tmp/tmp.KOHyUcgC7e/device.xdc]
Finished Parsing XDC File [/tmp/tmp.KOHyUcgC7e/device.xdc]
INFO: [Opt 31-138] Pushed 0 inverter(s) to 0 load pin(s).
Netlist sorting complete. Time (s): cpu = 00:00:00 ; elapsed = 00:00:00 . Memory (MB): peak = 2391.465 ; gain = 0.000 ; free physical = 23836 ; free virtual = 43946
INFO: [Project 1-111] Unisim Transformation Summary:
  A total of 27 instances were transformed.
  DSP48E2 => DSP48E2 (DSP_ALU, DSP_A_B_DATA, DSP_C_DATA, DSP_MULTIPLIER, DSP_M_DATA, DSP_OUTPUT, DSP_PREADD_DATA, DSP_PREADD): 27 instances

7 Infos, 0 Warnings, 0 Critical Warnings and 0 Errors encountered.
link_design completed successfully
link_design: Time (s): cpu = 00:00:21 ; elapsed = 00:01:01 . Memory (MB): peak = 2391.465 ; gain = 902.270 ; free physical = 23824 ; free virtual = 43935
Command: opt_design
Attempting to get a license for feature 'Implementation' and/or device 'xczu3eg'
INFO: [Common 17-349] Got license for feature 'Implementation' and/or device 'xczu3eg'
Running DRC as a precondition to command opt_design

Starting DRC Task
INFO: [DRC 23-27] Running DRC with 8 threads
INFO: [Project 1-461] DRC finished with 0 Errors
INFO: [Project 1-462] Please refer to the DRC report (report_drc) for more information.

Time (s): cpu = 00:00:05 ; elapsed = 00:00:10 . Memory (MB): peak = 2455.496 ; gain = 64.031 ; free physical = 23615 ; free virtual = 43725

Starting Cache Timing Information Task
INFO: [Timing 38-35] Done setting XDC timing constraints.
Ending Cache Timing Information Task | Checksum: c54da552

Time (s): cpu = 00:00:09 ; elapsed = 00:00:20 . Memory (MB): peak = 2709.105 ; gain = 253.609 ; free physical = 22683 ; free virtual = 42793

Starting Logic Optimization Task

Phase 1 Retarget
INFO: [Opt 31-138] Pushed 0 inverter(s) to 0 load pin(s).
INFO: [Opt 31-49] Retargeted 0 cell(s).
Phase 1 Retarget | Checksum: 160a35898

Time (s): cpu = 00:00:02 ; elapsed = 00:00:00.58 . Memory (MB): peak = 2824.012 ; gain = 0.004 ; free physical = 22504 ; free virtual = 42614
INFO: [Opt 31-389] Phase Retarget created 0 cells and removed 2 cells

Phase 2 Constant propagation
INFO: [Opt 31-138] Pushed 0 inverter(s) to 0 load pin(s).
Phase 2 Constant propagation | Checksum: d9ac6af6

Time (s): cpu = 00:00:02 ; elapsed = 00:00:00.68 . Memory (MB): peak = 2824.012 ; gain = 0.004 ; free physical = 22501 ; free virtual = 42611
INFO: [Opt 31-389] Phase Constant propagation created 0 cells and removed 0 cells

Phase 3 Sweep
Phase 3 Sweep | Checksum: 11747d5bb

Time (s): cpu = 00:00:02 ; elapsed = 00:00:00.91 . Memory (MB): peak = 2824.012 ; gain = 0.004 ; free physical = 22464 ; free virtual = 42574
INFO: [Opt 31-389] Phase Sweep created 0 cells and removed 0 cells

Phase 4 BUFG optimization
Phase 4 BUFG optimization | Checksum: 11747d5bb

Time (s): cpu = 00:00:02 ; elapsed = 00:00:00.98 . Memory (MB): peak = 2824.012 ; gain = 0.004 ; free physical = 22458 ; free virtual = 42568
INFO: [Opt 31-662] Phase BUFG optimization created 0 cells of which 0 are BUFGs and removed 0 cells.

Phase 5 Shift Register Optimization
INFO: [Opt 31-1064] SRL Remap converted 0 SRLs to 0 registers and converted 0 registers of register chains to 0 SRLs
Phase 5 Shift Register Optimization | Checksum: 11747d5bb

Time (s): cpu = 00:00:02 ; elapsed = 00:00:01 . Memory (MB): peak = 2824.012 ; gain = 0.004 ; free physical = 22451 ; free virtual = 42561
INFO: [Opt 31-389] Phase Shift Register Optimization created 0 cells and removed 0 cells

Phase 6 Post Processing Netlist
Phase 6 Post Processing Netlist | Checksum: 11747d5bb

Time (s): cpu = 00:00:02 ; elapsed = 00:00:01 . Memory (MB): peak = 2824.012 ; gain = 0.004 ; free physical = 22467 ; free virtual = 42577
INFO: [Opt 31-389] Phase Post Processing Netlist created 0 cells and removed 0 cells
Opt_design Change Summary
=========================


-------------------------------------------------------------------------------------------------------------------------
|  Phase                        |  #Cells created  |  #Cells Removed  |  #Constrained objects preventing optimizations  |
-------------------------------------------------------------------------------------------------------------------------
|  Retarget                     |               0  |               2  |                                              0  |
|  Constant propagation         |               0  |               0  |                                              0  |
|  Sweep                        |               0  |               0  |                                              0  |
|  BUFG optimization            |               0  |               0  |                                              0  |
|  Shift Register Optimization  |               0  |               0  |                                              0  |
|  Post Processing Netlist      |               0  |               0  |                                              0  |
-------------------------------------------------------------------------------------------------------------------------



Starting Connectivity Check Task

Time (s): cpu = 00:00:00.02 ; elapsed = 00:00:00.02 . Memory (MB): peak = 2824.012 ; gain = 0.000 ; free physical = 22465 ; free virtual = 42576
Ending Logic Optimization Task | Checksum: 16713f02

Time (s): cpu = 00:00:02 ; elapsed = 00:00:01 . Memory (MB): peak = 2824.012 ; gain = 0.004 ; free physical = 22458 ; free virtual = 42568

Starting Power Optimization Task
INFO: [Pwropt 34-132] Skipping clock gating for clocks with a period < 2.00 ns.
Ending Power Optimization Task | Checksum: 16713f02

Time (s): cpu = 00:00:00.02 ; elapsed = 00:00:00.05 . Memory (MB): peak = 2824.012 ; gain = 0.000 ; free physical = 22437 ; free virtual = 42547

Starting Final Cleanup Task
Ending Final Cleanup Task | Checksum: 16713f02

Time (s): cpu = 00:00:00 ; elapsed = 00:00:00 . Memory (MB): peak = 2824.012 ; gain = 0.000 ; free physical = 22435 ; free virtual = 42545

Starting Netlist Obfuscation Task
Netlist sorting complete. Time (s): cpu = 00:00:00 ; elapsed = 00:00:00.01 . Memory (MB): peak = 2824.012 ; gain = 0.000 ; free physical = 22435 ; free virtual = 42545
Ending Netlist Obfuscation Task | Checksum: 16713f02

Time (s): cpu = 00:00:00 ; elapsed = 00:00:00.01 . Memory (MB): peak = 2824.012 ; gain = 0.000 ; free physical = 22434 ; free virtual = 42544
INFO: [Common 17-83] Releasing license: Implementation
24 Infos, 0 Warnings, 0 Critical Warnings and 0 Errors encountered.
opt_design completed successfully
opt_design: Time (s): cpu = 00:00:18 ; elapsed = 00:00:34 . Memory (MB): peak = 2824.012 ; gain = 432.547 ; free physical = 22433 ; free virtual = 42544
Netlist sorting complete. Time (s): cpu = 00:00:00 ; elapsed = 00:00:00 . Memory (MB): peak = 2824.012 ; gain = 0.000 ; free physical = 22431 ; free virtual = 42541
INFO: [Timing 38-35] Done setting XDC timing constraints.
INFO: [Timing 38-480] Writing timing data to binary archive.
INFO: [Common 17-1381] The checkpoint '/tmp/tmp.KOHyUcgC7e/out/FutilBuild.runs/impl_1/main_opt.dcp' has been generated.
INFO: [runtcl-4] Executing : report_drc -file main_drc_opted.rpt -pb main_drc_opted.pb -rpx main_drc_opted.rpx
Command: report_drc -file main_drc_opted.rpt -pb main_drc_opted.pb -rpx main_drc_opted.rpx
INFO: [IP_Flow 19-234] Refreshing IP repositories
INFO: [IP_Flow 19-1704] No user IP repositories specified
INFO: [IP_Flow 19-2313] Loaded Vivado IP repository '/opt/Xilinx/Vivado/2019.1/data/ip'.
INFO: [DRC 23-27] Running DRC with 8 threads
INFO: [Coretcl 2-168] The results of DRC are in file /tmp/tmp.KOHyUcgC7e/out/FutilBuild.runs/impl_1/main_drc_opted.rpt.
report_drc completed successfully
report_drc: Time (s): cpu = 00:00:10 ; elapsed = 00:00:14 . Memory (MB): peak = 2995.293 ; gain = 139.262 ; free physical = 22078 ; free virtual = 42190
Command: place_design
Attempting to get a license for feature 'Implementation' and/or device 'xczu3eg'
INFO: [Common 17-349] Got license for feature 'Implementation' and/or device 'xczu3eg'
INFO: [DRC 23-27] Running DRC with 8 threads
INFO: [Vivado_Tcl 4-198] DRC finished with 0 Errors
INFO: [Vivado_Tcl 4-199] Please refer to the DRC report (report_drc) for more information.
Running DRC as a precondition to command place_design
INFO: [DRC 23-27] Running DRC with 8 threads
INFO: [Vivado_Tcl 4-198] DRC finished with 0 Errors
INFO: [Vivado_Tcl 4-199] Please refer to the DRC report (report_drc) for more information.

Starting Placer Task
INFO: [Place 30-611] Multithreading enabled for place_design using a maximum of 8 CPUs

Phase 1 Placer Initialization

Phase 1.1 Placer Initialization Netlist Sorting
Netlist sorting complete. Time (s): cpu = 00:00:00 ; elapsed = 00:00:00 . Memory (MB): peak = 2995.297 ; gain = 0.000 ; free physical = 21997 ; free virtual = 42109
Phase 1.1 Placer Initialization Netlist Sorting | Checksum: 0818a033

Time (s): cpu = 00:00:00.03 ; elapsed = 00:00:00.05 . Memory (MB): peak = 2995.297 ; gain = 0.000 ; free physical = 21997 ; free virtual = 42109
Netlist sorting complete. Time (s): cpu = 00:00:00.01 ; elapsed = 00:00:00 . Memory (MB): peak = 2995.297 ; gain = 0.000 ; free physical = 21995 ; free virtual = 42108

Phase 1.2 IO Placement/ Clock Placement/ Build Placer Device
Phase 1.2 IO Placement/ Clock Placement/ Build Placer Device | Checksum: 616ed3a8

Time (s): cpu = 00:00:43 ; elapsed = 00:01:55 . Memory (MB): peak = 4089.566 ; gain = 1094.270 ; free physical = 20261 ; free virtual = 40385

Phase 1.3 Build Placer Netlist Model
Phase 1.3 Build Placer Netlist Model | Checksum: b6ce5691

Time (s): cpu = 00:00:50 ; elapsed = 00:01:59 . Memory (MB): peak = 4128.605 ; gain = 1133.309 ; free physical = 22753 ; free virtual = 42877

Phase 1.4 Constrain Clocks/Macros
Phase 1.4 Constrain Clocks/Macros | Checksum: b6ce5691

Time (s): cpu = 00:00:50 ; elapsed = 00:01:59 . Memory (MB): peak = 4128.605 ; gain = 1133.309 ; free physical = 22752 ; free virtual = 42875
Phase 1 Placer Initialization | Checksum: b6ce5691

Time (s): cpu = 00:00:50 ; elapsed = 00:01:59 . Memory (MB): peak = 4128.605 ; gain = 1133.309 ; free physical = 22750 ; free virtual = 42874

Phase 2 Global Placement

Phase 2.1 Floorplanning
Phase 2.1 Floorplanning | Checksum: 13f6682d6

Time (s): cpu = 00:01:02 ; elapsed = 00:02:04 . Memory (MB): peak = 4128.605 ; gain = 1133.309 ; free physical = 22895 ; free virtual = 43019

Phase 2.2 Global Placement Core

Phase 2.2.1 Physical Synthesis In Placer
INFO: [Physopt 32-65] No nets found for high-fanout optimization.
INFO: [Physopt 32-232] Optimized 0 net. Created 0 new instance.
INFO: [Physopt 32-775] End 1 Pass. Optimized 0 net or cell. Created 0 new cell, deleted 0 existing cell and moved 0 existing cell
INFO: [Physopt 32-670] No setup violation found.  DSP Register Optimization was not performed.
INFO: [Physopt 32-670] No setup violation found.  Shift Register Optimization was not performed.
INFO: [Physopt 32-670] No setup violation found.  BRAM Register Optimization was not performed.
INFO: [Physopt 32-949] No candidate nets found for HD net replication
INFO: [Physopt 32-775] End 1 Pass. Optimized 0 net or cell. Created 0 new cell, deleted 0 existing cell and moved 0 existing cell
Netlist sorting complete. Time (s): cpu = 00:00:00 ; elapsed = 00:00:00.01 . Memory (MB): peak = 4136.609 ; gain = 0.000 ; free physical = 22836 ; free virtual = 42959

Summary of Physical Synthesis Optimizations
============================================


----------------------------------------------------------------------------------------------------------------------------------------
|  Optimization                  |  Added Cells  |  Removed Cells  |  Optimized Cells/Nets  |  Dont Touch  |  Iterations  |  Elapsed   |
----------------------------------------------------------------------------------------------------------------------------------------
|  Very High Fanout              |            0  |              0  |                     0  |           0  |           1  |  00:00:00  |
|  DSP Register                  |            0  |              0  |                     0  |           0  |           0  |  00:00:00  |
|  Shift Register                |            0  |              0  |                     0  |           0  |           0  |  00:00:00  |
|  BRAM Register                 |            0  |              0  |                     0  |           0  |           0  |  00:00:00  |
|  HD Interface Net Replication  |            0  |              0  |                     0  |           0  |           1  |  00:00:00  |
|  Total                         |            0  |              0  |                     0  |           0  |           2  |  00:00:00  |
----------------------------------------------------------------------------------------------------------------------------------------


Phase 2.2.1 Physical Synthesis In Placer | Checksum: 1a45f2be1

Time (s): cpu = 00:01:30 ; elapsed = 00:02:17 . Memory (MB): peak = 4136.609 ; gain = 1141.312 ; free physical = 22824 ; free virtual = 42948
Phase 2.2 Global Placement Core | Checksum: 1c7b22fe7

Time (s): cpu = 00:01:31 ; elapsed = 00:02:17 . Memory (MB): peak = 4136.609 ; gain = 1141.312 ; free physical = 22810 ; free virtual = 42934
Phase 2 Global Placement | Checksum: 1c7b22fe7

Time (s): cpu = 00:01:31 ; elapsed = 00:02:17 . Memory (MB): peak = 4136.609 ; gain = 1141.312 ; free physical = 22815 ; free virtual = 42939

Phase 3 Detail Placement

Phase 3.1 Commit Multi Column Macros
Phase 3.1 Commit Multi Column Macros | Checksum: 1ebc4c779

Time (s): cpu = 00:01:32 ; elapsed = 00:02:18 . Memory (MB): peak = 4136.609 ; gain = 1141.312 ; free physical = 22842 ; free virtual = 42966

Phase 3.2 Commit Most Macros & LUTRAMs
Phase 3.2 Commit Most Macros & LUTRAMs | Checksum: 1ae63cd6a

Time (s): cpu = 00:01:34 ; elapsed = 00:02:18 . Memory (MB): peak = 4136.609 ; gain = 1141.312 ; free physical = 22820 ; free virtual = 42943

Phase 3.3 Area Swap Optimization
Phase 3.3 Area Swap Optimization | Checksum: e3305ece

Time (s): cpu = 00:01:34 ; elapsed = 00:02:18 . Memory (MB): peak = 4136.609 ; gain = 1141.312 ; free physical = 22813 ; free virtual = 42937

Phase 3.4 Small Shape Clustering
Phase 3.4 Small Shape Clustering | Checksum: 17dc04fde

Time (s): cpu = 00:01:36 ; elapsed = 00:02:20 . Memory (MB): peak = 4136.609 ; gain = 1141.312 ; free physical = 22829 ; free virtual = 42953

Phase 3.5 Flow Legalize Slice Clusters
Phase 3.5 Flow Legalize Slice Clusters | Checksum: 11125923e

Time (s): cpu = 00:01:36 ; elapsed = 00:02:20 . Memory (MB): peak = 4136.609 ; gain = 1141.312 ; free physical = 22826 ; free virtual = 42949

Phase 3.6 Slice Area Swap
Phase 3.6 Slice Area Swap | Checksum: 153d214a3

Time (s): cpu = 00:01:37 ; elapsed = 00:02:21 . Memory (MB): peak = 4136.609 ; gain = 1141.312 ; free physical = 22823 ; free virtual = 42946

Phase 3.7 Commit Slice Clusters
Phase 3.7 Commit Slice Clusters | Checksum: 192fd55ad

Time (s): cpu = 00:01:42 ; elapsed = 00:02:23 . Memory (MB): peak = 4136.609 ; gain = 1141.312 ; free physical = 22820 ; free virtual = 42944

Phase 3.8 Re-assign LUT pins
Phase 3.8 Re-assign LUT pins | Checksum: 11f80757c

Time (s): cpu = 00:01:43 ; elapsed = 00:02:23 . Memory (MB): peak = 4136.609 ; gain = 1141.312 ; free physical = 22832 ; free virtual = 42942

Phase 3.9 Pipeline Register Optimization
Phase 3.9 Pipeline Register Optimization | Checksum: e2f87533

Time (s): cpu = 00:01:44 ; elapsed = 00:02:24 . Memory (MB): peak = 4136.609 ; gain = 1141.312 ; free physical = 22831 ; free virtual = 42941
Phase 3 Detail Placement | Checksum: e2f87533

Time (s): cpu = 00:01:44 ; elapsed = 00:02:24 . Memory (MB): peak = 4136.609 ; gain = 1141.312 ; free physical = 22832 ; free virtual = 42942

Phase 4 Post Placement Optimization and Clean-Up

Phase 4.1 Post Commit Optimization
INFO: [Timing 38-35] Done setting XDC timing constraints.

Phase 4.1.1 Post Placement Optimization
Post Placement Optimization Initialization | Checksum: 1c0489ea9

Phase 4.1.1.1 BUFG Insertion
INFO: [Place 46-56] BUFG insertion identified 0 candidate nets. Inserted BUFG: 0, Replicated BUFG Driver: 0, Skipped due to Placement/Routing Conflicts: 0, Skipped due to Timing Degradation: 0, Skipped due to Illegal Netlist: 0.
Phase 4.1.1.1 BUFG Insertion | Checksum: 1c0489ea9

Time (s): cpu = 00:01:53 ; elapsed = 00:02:27 . Memory (MB): peak = 4136.609 ; gain = 1141.312 ; free physical = 22834 ; free virtual = 42945
INFO: [Place 30-746] Post Placement Timing Summary WNS=2.248. For the most accurate timing information please run report_timing.
Phase 4.1.1 Post Placement Optimization | Checksum: 17842c651

Time (s): cpu = 00:01:53 ; elapsed = 00:02:27 . Memory (MB): peak = 4136.609 ; gain = 1141.312 ; free physical = 22839 ; free virtual = 42950
Phase 4.1 Post Commit Optimization | Checksum: 17842c651

Time (s): cpu = 00:01:53 ; elapsed = 00:02:27 . Memory (MB): peak = 4136.609 ; gain = 1141.312 ; free physical = 22845 ; free virtual = 42955

Phase 4.2 Post Placement Cleanup
Phase 4.2 Post Placement Cleanup | Checksum: 17842c651

Time (s): cpu = 00:01:54 ; elapsed = 00:02:27 . Memory (MB): peak = 4136.609 ; gain = 1141.312 ; free physical = 22841 ; free virtual = 42951

Phase 4.3 Placer Reporting
Phase 4.3 Placer Reporting | Checksum: 17842c651

Time (s): cpu = 00:01:56 ; elapsed = 00:02:30 . Memory (MB): peak = 4136.609 ; gain = 1141.312 ; free physical = 22813 ; free virtual = 42923

Phase 4.4 Final Placement Cleanup
Netlist sorting complete. Time (s): cpu = 00:00:00 ; elapsed = 00:00:00.01 . Memory (MB): peak = 4136.609 ; gain = 0.000 ; free physical = 22813 ; free virtual = 42923
Phase 4.4 Final Placement Cleanup | Checksum: 196a5f312

Time (s): cpu = 00:01:56 ; elapsed = 00:02:30 . Memory (MB): peak = 4136.609 ; gain = 1141.312 ; free physical = 22813 ; free virtual = 42923
Phase 4 Post Placement Optimization and Clean-Up | Checksum: 196a5f312

Time (s): cpu = 00:01:57 ; elapsed = 00:02:30 . Memory (MB): peak = 4136.609 ; gain = 1141.312 ; free physical = 22810 ; free virtual = 42920
Ending Placer Task | Checksum: 1119feb32

Time (s): cpu = 00:01:57 ; elapsed = 00:02:30 . Memory (MB): peak = 4136.609 ; gain = 1141.312 ; free physical = 22807 ; free virtual = 42917
INFO: [Common 17-83] Releasing license: Implementation
53 Infos, 0 Warnings, 0 Critical Warnings and 0 Errors encountered.
place_design completed successfully
place_design: Time (s): cpu = 00:02:04 ; elapsed = 00:02:42 . Memory (MB): peak = 4136.609 ; gain = 1141.316 ; free physical = 22833 ; free virtual = 42943
Netlist sorting complete. Time (s): cpu = 00:00:00 ; elapsed = 00:00:00 . Memory (MB): peak = 4136.609 ; gain = 0.000 ; free physical = 22833 ; free virtual = 42943
INFO: [Timing 38-480] Writing timing data to binary archive.
Writing placer database...
Writing XDEF routing.
Writing XDEF routing logical nets.
Writing XDEF routing special nets.
Write XDEF Complete: Time (s): cpu = 00:00:02 ; elapsed = 00:00:00.86 . Memory (MB): peak = 4136.609 ; gain = 0.000 ; free physical = 22786 ; free virtual = 42913
INFO: [Common 17-1381] The checkpoint '/tmp/tmp.KOHyUcgC7e/out/FutilBuild.runs/impl_1/main_placed.dcp' has been generated.
INFO: [runtcl-4] Executing : report_io -file main_io_placed.rpt
report_io: Time (s): cpu = 00:00:00.11 ; elapsed = 00:00:00.26 . Memory (MB): peak = 4136.609 ; gain = 0.000 ; free physical = 22741 ; free virtual = 42855
INFO: [runtcl-4] Executing : report_utilization -file main_utilization_placed.rpt -pb main_utilization_placed.pb
INFO: [runtcl-4] Executing : report_control_sets -verbose -file main_control_sets_placed.rpt
report_control_sets: Time (s): cpu = 00:00:00.13 ; elapsed = 00:00:00.27 . Memory (MB): peak = 4136.609 ; gain = 0.000 ; free physical = 22726 ; free virtual = 42840
Command: route_design
Attempting to get a license for feature 'Implementation' and/or device 'xczu3eg'
INFO: [Common 17-349] Got license for feature 'Implementation' and/or device 'xczu3eg'
Running DRC as a precondition to command route_design
INFO: [DRC 23-27] Running DRC with 8 threads
INFO: [Vivado_Tcl 4-198] DRC finished with 0 Errors
INFO: [Vivado_Tcl 4-199] Please refer to the DRC report (report_drc) for more information.


Starting Routing Task
INFO: [Route 35-254] Multithreading enabled for route_design using a maximum of 8 CPUs
Checksum: PlaceDB: 5c9be2fa ConstDB: 0 ShapeSum: b5040838 RouteDB: 0

Phase 1 Build RT Design
WARNING: [Route 35-197] Clock port "clk" does not have an associated HD.CLK_SRC. Without this constraint, timing analysis may not be accurate and upstream checks cannot be done to ensure correct clock placement.
WARNING: [Route 35-198] Port "alpha_int0_read_data[0]" does not have an associated HD.PARTPIN_LOCS, which will prevent the partial routing of the signal "alpha_int0_read_data[0]". Without this partial route, timing analysis to/from this port will not be accurate, and no routing information for this port can be exported.
WARNING: [Route 35-198] Port "alpha_int0_read_data[14]" does not have an associated HD.PARTPIN_LOCS, which will prevent the partial routing of the signal "alpha_int0_read_data[14]". Without this partial route, timing analysis to/from this port will not be accurate, and no routing information for this port can be exported.
WARNING: [Route 35-198] Port "alpha_int0_read_data[19]" does not have an associated HD.PARTPIN_LOCS, which will prevent the partial routing of the signal "alpha_int0_read_data[19]". Without this partial route, timing analysis to/from this port will not be accurate, and no routing information for this port can be exported.
WARNING: [Route 35-198] Port "alpha_int0_read_data[20]" does not have an associated HD.PARTPIN_LOCS, which will prevent the partial routing of the signal "alpha_int0_read_data[20]". Without this partial route, timing analysis to/from this port will not be accurate, and no routing information for this port can be exported.
WARNING: [Route 35-198] Port "alpha_int0_read_data[24]" does not have an associated HD.PARTPIN_LOCS, which will prevent the partial routing of the signal "alpha_int0_read_data[24]". Without this partial route, timing analysis to/from this port will not be accurate, and no routing information for this port can be exported.
WARNING: [Route 35-198] Port "alpha_int0_read_data[26]" does not have an associated HD.PARTPIN_LOCS, which will prevent the partial routing of the signal "alpha_int0_read_data[26]". Without this partial route, timing analysis to/from this port will not be accurate, and no routing information for this port can be exported.
WARNING: [Route 35-198] Port "alpha_int0_read_data[27]" does not have an associated HD.PARTPIN_LOCS, which will prevent the partial routing of the signal "alpha_int0_read_data[27]". Without this partial route, timing analysis to/from this port will not be accurate, and no routing information for this port can be exported.
WARNING: [Route 35-198] Port "alpha_int0_read_data[6]" does not have an associated HD.PARTPIN_LOCS, which will prevent the partial routing of the signal "alpha_int0_read_data[6]". Without this partial route, timing analysis to/from this port will not be accurate, and no routing information for this port can be exported.
WARNING: [Route 35-198] Port "alpha_int0_read_data[9]" does not have an associated HD.PARTPIN_LOCS, which will prevent the partial routing of the signal "alpha_int0_read_data[9]". Without this partial route, timing analysis to/from this port will not be accurate, and no routing information for this port can be exported.
WARNING: [Route 35-198] Port "alpha_int0_read_data[11]" does not have an associated HD.PARTPIN_LOCS, which will prevent the partial routing of the signal "alpha_int0_read_data[11]". Without this partial route, timing analysis to/from this port will not be accurate, and no routing information for this port can be exported.
WARNING: [Route 35-198] Port "alpha_int0_read_data[17]" does not have an associated HD.PARTPIN_LOCS, which will prevent the partial routing of the signal "alpha_int0_read_data[17]". Without this partial route, timing analysis to/from this port will not be accurate, and no routing information for this port can be exported.
WARNING: [Route 35-198] Port "alpha_int0_read_data[1]" does not have an associated HD.PARTPIN_LOCS, which will prevent the partial routing of the signal "alpha_int0_read_data[1]". Without this partial route, timing analysis to/from this port will not be accurate, and no routing information for this port can be exported.
WARNING: [Route 35-198] Port "alpha_int0_read_data[5]" does not have an associated HD.PARTPIN_LOCS, which will prevent the partial routing of the signal "alpha_int0_read_data[5]". Without this partial route, timing analysis to/from this port will not be accurate, and no routing information for this port can be exported.
WARNING: [Route 35-198] Port "alpha_int0_read_data[8]" does not have an associated HD.PARTPIN_LOCS, which will prevent the partial routing of the signal "alpha_int0_read_data[8]". Without this partial route, timing analysis to/from this port will not be accurate, and no routing information for this port can be exported.
WARNING: [Route 35-198] Port "C_int0_0_read_data[6]" does not have an associated HD.PARTPIN_LOCS, which will prevent the partial routing of the signal "C_int0_0_read_data[6]". Without this partial route, timing analysis to/from this port will not be accurate, and no routing information for this port can be exported.
WARNING: [Route 35-198] Port "C_int0_0_read_data[4]" does not have an associated HD.PARTPIN_LOCS, which will prevent the partial routing of the signal "C_int0_0_read_data[4]". Without this partial route, timing analysis to/from this port will not be accurate, and no routing information for this port can be exported.
WARNING: [Route 35-198] Port "C_int0_0_read_data[3]" does not have an associated HD.PARTPIN_LOCS, which will prevent the partial routing of the signal "C_int0_0_read_data[3]". Without this partial route, timing analysis to/from this port will not be accurate, and no routing information for this port can be exported.
WARNING: [Route 35-198] Port "C_int0_0_read_data[14]" does not have an associated HD.PARTPIN_LOCS, which will prevent the partial routing of the signal "C_int0_0_read_data[14]". Without this partial route, timing analysis to/from this port will not be accurate, and no routing information for this port can be exported.
WARNING: [Route 35-198] Port "C_int0_0_read_data[12]" does not have an associated HD.PARTPIN_LOCS, which will prevent the partial routing of the signal "C_int0_0_read_data[12]". Without this partial route, timing analysis to/from this port will not be accurate, and no routing information for this port can be exported.
WARNING: [Route 35-198] Port "C_int0_0_read_data[11]" does not have an associated HD.PARTPIN_LOCS, which will prevent the partial routing of the signal "C_int0_0_read_data[11]". Without this partial route, timing analysis to/from this port will not be accurate, and no routing information for this port can be exported.
WARNING: [Route 35-198] Port "C_int0_0_read_data[10]" does not have an associated HD.PARTPIN_LOCS, which will prevent the partial routing of the signal "C_int0_0_read_data[10]". Without this partial route, timing analysis to/from this port will not be accurate, and no routing information for this port can be exported.
WARNING: [Route 35-198] Port "C_int0_0_read_data[9]" does not have an associated HD.PARTPIN_LOCS, which will prevent the partial routing of the signal "C_int0_0_read_data[9]". Without this partial route, timing analysis to/from this port will not be accurate, and no routing information for this port can be exported.
WARNING: [Route 35-198] Port "alpha_int0_read_data[21]" does not have an associated HD.PARTPIN_LOCS, which will prevent the partial routing of the signal "alpha_int0_read_data[21]". Without this partial route, timing analysis to/from this port will not be accurate, and no routing information for this port can be exported.
WARNING: [Route 35-198] Port "alpha_int0_read_data[30]" does not have an associated HD.PARTPIN_LOCS, which will prevent the partial routing of the signal "alpha_int0_read_data[30]". Without this partial route, timing analysis to/from this port will not be accurate, and no routing information for this port can be exported.
WARNING: [Route 35-198] Port "B_int0_0_done" does not have an associated HD.PARTPIN_LOCS, which will prevent the partial routing of the signal "B_int0_0_done". Without this partial route, timing analysis to/from this port will not be accurate, and no routing information for this port can be exported.
WARNING: [Route 35-198] Port "C_int0_0_done" does not have an associated HD.PARTPIN_LOCS, which will prevent the partial routing of the signal "C_int0_0_done". Without this partial route, timing analysis to/from this port will not be accurate, and no routing information for this port can be exported.
WARNING: [Route 35-198] Port "C_int0_0_read_data[7]" does not have an associated HD.PARTPIN_LOCS, which will prevent the partial routing of the signal "C_int0_0_read_data[7]". Without this partial route, timing analysis to/from this port will not be accurate, and no routing information for this port can be exported.
WARNING: [Route 35-198] Port "C_int0_0_read_data[5]" does not have an associated HD.PARTPIN_LOCS, which will prevent the partial routing of the signal "C_int0_0_read_data[5]". Without this partial route, timing analysis to/from this port will not be accurate, and no routing information for this port can be exported.
WARNING: [Route 35-198] Port "C_int0_0_read_data[2]" does not have an associated HD.PARTPIN_LOCS, which will prevent the partial routing of the signal "C_int0_0_read_data[2]". Without this partial route, timing analysis to/from this port will not be accurate, and no routing information for this port can be exported.
WARNING: [Route 35-198] Port "C_int0_0_read_data[1]" does not have an associated HD.PARTPIN_LOCS, which will prevent the partial routing of the signal "C_int0_0_read_data[1]". Without this partial route, timing analysis to/from this port will not be accurate, and no routing information for this port can be exported.
WARNING: [Route 35-198] Port "C_int0_0_read_data[0]" does not have an associated HD.PARTPIN_LOCS, which will prevent the partial routing of the signal "C_int0_0_read_data[0]". Without this partial route, timing analysis to/from this port will not be accurate, and no routing information for this port can be exported.
WARNING: [Route 35-198] Port "C_int0_0_read_data[15]" does not have an associated HD.PARTPIN_LOCS, which will prevent the partial routing of the signal "C_int0_0_read_data[15]". Without this partial route, timing analysis to/from this port will not be accurate, and no routing information for this port can be exported.
WARNING: [Route 35-198] Port "C_int0_0_read_data[13]" does not have an associated HD.PARTPIN_LOCS, which will prevent the partial routing of the signal "C_int0_0_read_data[13]". Without this partial route, timing analysis to/from this port will not be accurate, and no routing information for this port can be exported.
WARNING: [Route 35-198] Port "C_int0_0_read_data[8]" does not have an associated HD.PARTPIN_LOCS, which will prevent the partial routing of the signal "C_int0_0_read_data[8]". Without this partial route, timing analysis to/from this port will not be accurate, and no routing information for this port can be exported.
WARNING: [Route 35-198] Port "C_int0_0_read_data[23]" does not have an associated HD.PARTPIN_LOCS, which will prevent the partial routing of the signal "C_int0_0_read_data[23]". Without this partial route, timing analysis to/from this port will not be accurate, and no routing information for this port can be exported.
WARNING: [Route 35-198] Port "C_int0_0_read_data[18]" does not have an associated HD.PARTPIN_LOCS, which will prevent the partial routing of the signal "C_int0_0_read_data[18]". Without this partial route, timing analysis to/from this port will not be accurate, and no routing information for this port can be exported.
WARNING: [Route 35-198] Port "C_int0_0_read_data[17]" does not have an associated HD.PARTPIN_LOCS, which will prevent the partial routing of the signal "C_int0_0_read_data[17]". Without this partial route, timing analysis to/from this port will not be accurate, and no routing information for this port can be exported.
WARNING: [Route 35-198] Port "C_int0_0_read_data[30]" does not have an associated HD.PARTPIN_LOCS, which will prevent the partial routing of the signal "C_int0_0_read_data[30]". Without this partial route, timing analysis to/from this port will not be accurate, and no routing information for this port can be exported.
WARNING: [Route 35-198] Port "C_int0_0_read_data[29]" does not have an associated HD.PARTPIN_LOCS, which will prevent the partial routing of the signal "C_int0_0_read_data[29]". Without this partial route, timing analysis to/from this port will not be accurate, and no routing information for this port can be exported.
WARNING: [Route 35-198] Port "C_int0_0_read_data[28]" does not have an associated HD.PARTPIN_LOCS, which will prevent the partial routing of the signal "C_int0_0_read_data[28]". Without this partial route, timing analysis to/from this port will not be accurate, and no routing information for this port can be exported.
WARNING: [Route 35-198] Port "C_int0_0_read_data[27]" does not have an associated HD.PARTPIN_LOCS, which will prevent the partial routing of the signal "C_int0_0_read_data[27]". Without this partial route, timing analysis to/from this port will not be accurate, and no routing information for this port can be exported.
WARNING: [Route 35-198] Port "C_int0_0_read_data[26]" does not have an associated HD.PARTPIN_LOCS, which will prevent the partial routing of the signal "C_int0_0_read_data[26]". Without this partial route, timing analysis to/from this port will not be accurate, and no routing information for this port can be exported.
WARNING: [Route 35-198] Port "C_int0_0_read_data[22]" does not have an associated HD.PARTPIN_LOCS, which will prevent the partial routing of the signal "C_int0_0_read_data[22]". Without this partial route, timing analysis to/from this port will not be accurate, and no routing information for this port can be exported.
WARNING: [Route 35-198] Port "C_int0_0_read_data[21]" does not have an associated HD.PARTPIN_LOCS, which will prevent the partial routing of the signal "C_int0_0_read_data[21]". Without this partial route, timing analysis to/from this port will not be accurate, and no routing information for this port can be exported.
WARNING: [Route 35-198] Port "C_int0_0_read_data[20]" does not have an associated HD.PARTPIN_LOCS, which will prevent the partial routing of the signal "C_int0_0_read_data[20]". Without this partial route, timing analysis to/from this port will not be accurate, and no routing information for this port can be exported.
WARNING: [Route 35-198] Port "C_int0_0_read_data[19]" does not have an associated HD.PARTPIN_LOCS, which will prevent the partial routing of the signal "C_int0_0_read_data[19]". Without this partial route, timing analysis to/from this port will not be accurate, and no routing information for this port can be exported.
WARNING: [Route 35-198] Port "C_int0_0_read_data[16]" does not have an associated HD.PARTPIN_LOCS, which will prevent the partial routing of the signal "C_int0_0_read_data[16]". Without this partial route, timing analysis to/from this port will not be accurate, and no routing information for this port can be exported.
WARNING: [Route 35-198] Port "C_int0_0_read_data[25]" does not have an associated HD.PARTPIN_LOCS, which will prevent the partial routing of the signal "C_int0_0_read_data[25]". Without this partial route, timing analysis to/from this port will not be accurate, and no routing information for this port can be exported.
WARNING: [Route 35-198] Port "C_int0_0_read_data[24]" does not have an associated HD.PARTPIN_LOCS, which will prevent the partial routing of the signal "C_int0_0_read_data[24]". Without this partial route, timing analysis to/from this port will not be accurate, and no routing information for this port can be exported.
WARNING: [Route 35-198] Port "C_int0_0_read_data[31]" does not have an associated HD.PARTPIN_LOCS, which will prevent the partial routing of the signal "C_int0_0_read_data[31]". Without this partial route, timing analysis to/from this port will not be accurate, and no routing information for this port can be exported.
WARNING: [Route 35-198] Port "go" does not have an associated HD.PARTPIN_LOCS, which will prevent the partial routing of the signal "go". Without this partial route, timing analysis to/from this port will not be accurate, and no routing information for this port can be exported.
WARNING: [Route 35-198] Port "beta_int0_read_data[15]" does not have an associated HD.PARTPIN_LOCS, which will prevent the partial routing of the signal "beta_int0_read_data[15]". Without this partial route, timing analysis to/from this port will not be accurate, and no routing information for this port can be exported.
WARNING: [Route 35-198] Port "beta_int0_read_data[2]" does not have an associated HD.PARTPIN_LOCS, which will prevent the partial routing of the signal "beta_int0_read_data[2]". Without this partial route, timing analysis to/from this port will not be accurate, and no routing information for this port can be exported.
WARNING: [Route 35-198] Port "beta_int0_read_data[16]" does not have an associated HD.PARTPIN_LOCS, which will prevent the partial routing of the signal "beta_int0_read_data[16]". Without this partial route, timing analysis to/from this port will not be accurate, and no routing information for this port can be exported.
WARNING: [Route 35-198] Port "beta_int0_read_data[29]" does not have an associated HD.PARTPIN_LOCS, which will prevent the partial routing of the signal "beta_int0_read_data[29]". Without this partial route, timing analysis to/from this port will not be accurate, and no routing information for this port can be exported.
WARNING: [Route 35-198] Port "beta_int0_read_data[31]" does not have an associated HD.PARTPIN_LOCS, which will prevent the partial routing of the signal "beta_int0_read_data[31]". Without this partial route, timing analysis to/from this port will not be accurate, and no routing information for this port can be exported.
WARNING: [Route 35-198] Port "beta_int0_read_data[3]" does not have an associated HD.PARTPIN_LOCS, which will prevent the partial routing of the signal "beta_int0_read_data[3]". Without this partial route, timing analysis to/from this port will not be accurate, and no routing information for this port can be exported.
WARNING: [Route 35-198] Port "B_int0_0_read_data[23]" does not have an associated HD.PARTPIN_LOCS, which will prevent the partial routing of the signal "B_int0_0_read_data[23]". Without this partial route, timing analysis to/from this port will not be accurate, and no routing information for this port can be exported.
WARNING: [Route 35-198] Port "B_int0_0_read_data[29]" does not have an associated HD.PARTPIN_LOCS, which will prevent the partial routing of the signal "B_int0_0_read_data[29]". Without this partial route, timing analysis to/from this port will not be accurate, and no routing information for this port can be exported.
WARNING: [Route 35-198] Port "beta_int0_read_data[17]" does not have an associated HD.PARTPIN_LOCS, which will prevent the partial routing of the signal "beta_int0_read_data[17]". Without this partial route, timing analysis to/from this port will not be accurate, and no routing information for this port can be exported.
WARNING: [Route 35-198] Port "beta_int0_read_data[18]" does not have an associated HD.PARTPIN_LOCS, which will prevent the partial routing of the signal "beta_int0_read_data[18]". Without this partial route, timing analysis to/from this port will not be accurate, and no routing information for this port can be exported.
WARNING: [Route 35-198] Port "beta_int0_read_data[19]" does not have an associated HD.PARTPIN_LOCS, which will prevent the partial routing of the signal "beta_int0_read_data[19]". Without this partial route, timing analysis to/from this port will not be accurate, and no routing information for this port can be exported.
WARNING: [Route 35-198] Port "beta_int0_read_data[20]" does not have an associated HD.PARTPIN_LOCS, which will prevent the partial routing of the signal "beta_int0_read_data[20]". Without this partial route, timing analysis to/from this port will not be accurate, and no routing information for this port can be exported.
WARNING: [Route 35-198] Port "beta_int0_read_data[25]" does not have an associated HD.PARTPIN_LOCS, which will prevent the partial routing of the signal "beta_int0_read_data[25]". Without this partial route, timing analysis to/from this port will not be accurate, and no routing information for this port can be exported.
WARNING: [Route 35-198] Port "beta_int0_read_data[28]" does not have an associated HD.PARTPIN_LOCS, which will prevent the partial routing of the signal "beta_int0_read_data[28]". Without this partial route, timing analysis to/from this port will not be accurate, and no routing information for this port can be exported.
WARNING: [Route 35-198] Port "beta_int0_read_data[4]" does not have an associated HD.PARTPIN_LOCS, which will prevent the partial routing of the signal "beta_int0_read_data[4]". Without this partial route, timing analysis to/from this port will not be accurate, and no routing information for this port can be exported.
WARNING: [Route 35-198] Port "beta_int0_read_data[21]" does not have an associated HD.PARTPIN_LOCS, which will prevent the partial routing of the signal "beta_int0_read_data[21]". Without this partial route, timing analysis to/from this port will not be accurate, and no routing information for this port can be exported.
WARNING: [Route 35-198] Port "beta_int0_read_data[22]" does not have an associated HD.PARTPIN_LOCS, which will prevent the partial routing of the signal "beta_int0_read_data[22]". Without this partial route, timing analysis to/from this port will not be accurate, and no routing information for this port can be exported.
WARNING: [Route 35-198] Port "beta_int0_read_data[23]" does not have an associated HD.PARTPIN_LOCS, which will prevent the partial routing of the signal "beta_int0_read_data[23]". Without this partial route, timing analysis to/from this port will not be accurate, and no routing information for this port can be exported.
WARNING: [Route 35-198] Port "beta_int0_read_data[1]" does not have an associated HD.PARTPIN_LOCS, which will prevent the partial routing of the signal "beta_int0_read_data[1]". Without this partial route, timing analysis to/from this port will not be accurate, and no routing information for this port can be exported.
WARNING: [Route 35-198] Port "beta_int0_read_data[24]" does not have an associated HD.PARTPIN_LOCS, which will prevent the partial routing of the signal "beta_int0_read_data[24]". Without this partial route, timing analysis to/from this port will not be accurate, and no routing information for this port can be exported.
WARNING: [Route 35-198] Port "beta_int0_read_data[26]" does not have an associated HD.PARTPIN_LOCS, which will prevent the partial routing of the signal "beta_int0_read_data[26]". Without this partial route, timing analysis to/from this port will not be accurate, and no routing information for this port can be exported.
WARNING: [Route 35-198] Port "beta_int0_read_data[30]" does not have an associated HD.PARTPIN_LOCS, which will prevent the partial routing of the signal "beta_int0_read_data[30]". Without this partial route, timing analysis to/from this port will not be accurate, and no routing information for this port can be exported.
WARNING: [Route 35-198] Port "beta_int0_read_data[10]" does not have an associated HD.PARTPIN_LOCS, which will prevent the partial routing of the signal "beta_int0_read_data[10]". Without this partial route, timing analysis to/from this port will not be accurate, and no routing information for this port can be exported.
WARNING: [Route 35-198] Port "beta_int0_read_data[11]" does not have an associated HD.PARTPIN_LOCS, which will prevent the partial routing of the signal "beta_int0_read_data[11]". Without this partial route, timing analysis to/from this port will not be accurate, and no routing information for this port can be exported.
WARNING: [Route 35-198] Port "beta_int0_read_data[13]" does not have an associated HD.PARTPIN_LOCS, which will prevent the partial routing of the signal "beta_int0_read_data[13]". Without this partial route, timing analysis to/from this port will not be accurate, and no routing information for this port can be exported.
WARNING: [Route 35-198] Port "beta_int0_read_data[14]" does not have an associated HD.PARTPIN_LOCS, which will prevent the partial routing of the signal "beta_int0_read_data[14]". Without this partial route, timing analysis to/from this port will not be accurate, and no routing information for this port can be exported.
WARNING: [Route 35-198] Port "beta_int0_read_data[27]" does not have an associated HD.PARTPIN_LOCS, which will prevent the partial routing of the signal "beta_int0_read_data[27]". Without this partial route, timing analysis to/from this port will not be accurate, and no routing information for this port can be exported.
WARNING: [Route 35-198] Port "beta_int0_read_data[9]" does not have an associated HD.PARTPIN_LOCS, which will prevent the partial routing of the signal "beta_int0_read_data[9]". Without this partial route, timing analysis to/from this port will not be accurate, and no routing information for this port can be exported.
WARNING: [Route 35-198] Port "B_int0_0_read_data[5]" does not have an associated HD.PARTPIN_LOCS, which will prevent the partial routing of the signal "B_int0_0_read_data[5]". Without this partial route, timing analysis to/from this port will not be accurate, and no routing information for this port can be exported.
WARNING: [Route 35-198] Port "B_int0_0_read_data[0]" does not have an associated HD.PARTPIN_LOCS, which will prevent the partial routing of the signal "B_int0_0_read_data[0]". Without this partial route, timing analysis to/from this port will not be accurate, and no routing information for this port can be exported.
WARNING: [Route 35-198] Port "B_int0_0_read_data[21]" does not have an associated HD.PARTPIN_LOCS, which will prevent the partial routing of the signal "B_int0_0_read_data[21]". Without this partial route, timing analysis to/from this port will not be accurate, and no routing information for this port can be exported.
WARNING: [Route 35-198] Port "B_int0_0_read_data[28]" does not have an associated HD.PARTPIN_LOCS, which will prevent the partial routing of the signal "B_int0_0_read_data[28]". Without this partial route, timing analysis to/from this port will not be accurate, and no routing information for this port can be exported.
WARNING: [Route 35-198] Port "B_int0_0_read_data[4]" does not have an associated HD.PARTPIN_LOCS, which will prevent the partial routing of the signal "B_int0_0_read_data[4]". Without this partial route, timing analysis to/from this port will not be accurate, and no routing information for this port can be exported.
WARNING: [Route 35-198] Port "B_int0_0_read_data[9]" does not have an associated HD.PARTPIN_LOCS, which will prevent the partial routing of the signal "B_int0_0_read_data[9]". Without this partial route, timing analysis to/from this port will not be accurate, and no routing information for this port can be exported.
WARNING: [Route 35-198] Port "beta_int0_read_data[0]" does not have an associated HD.PARTPIN_LOCS, which will prevent the partial routing of the signal "beta_int0_read_data[0]". Without this partial route, timing analysis to/from this port will not be accurate, and no routing information for this port can be exported.
WARNING: [Route 35-198] Port "beta_int0_read_data[12]" does not have an associated HD.PARTPIN_LOCS, which will prevent the partial routing of the signal "beta_int0_read_data[12]". Without this partial route, timing analysis to/from this port will not be accurate, and no routing information for this port can be exported.
WARNING: [Route 35-198] Port "beta_int0_read_data[5]" does not have an associated HD.PARTPIN_LOCS, which will prevent the partial routing of the signal "beta_int0_read_data[5]". Without this partial route, timing analysis to/from this port will not be accurate, and no routing information for this port can be exported.
WARNING: [Route 35-198] Port "beta_int0_read_data[6]" does not have an associated HD.PARTPIN_LOCS, which will prevent the partial routing of the signal "beta_int0_read_data[6]". Without this partial route, timing analysis to/from this port will not be accurate, and no routing information for this port can be exported.
WARNING: [Route 35-198] Port "beta_int0_read_data[7]" does not have an associated HD.PARTPIN_LOCS, which will prevent the partial routing of the signal "beta_int0_read_data[7]". Without this partial route, timing analysis to/from this port will not be accurate, and no routing information for this port can be exported.
WARNING: [Route 35-198] Port "beta_int0_read_data[8]" does not have an associated HD.PARTPIN_LOCS, which will prevent the partial routing of the signal "beta_int0_read_data[8]". Without this partial route, timing analysis to/from this port will not be accurate, and no routing information for this port can be exported.
WARNING: [Route 35-198] Port "B_int0_0_read_data[24]" does not have an associated HD.PARTPIN_LOCS, which will prevent the partial routing of the signal "B_int0_0_read_data[24]". Without this partial route, timing analysis to/from this port will not be accurate, and no routing information for this port can be exported.
WARNING: [Route 35-198] Port "B_int0_0_read_data[25]" does not have an associated HD.PARTPIN_LOCS, which will prevent the partial routing of the signal "B_int0_0_read_data[25]". Without this partial route, timing analysis to/from this port will not be accurate, and no routing information for this port can be exported.
WARNING: [Route 35-198] Port "B_int0_0_read_data[26]" does not have an associated HD.PARTPIN_LOCS, which will prevent the partial routing of the signal "B_int0_0_read_data[26]". Without this partial route, timing analysis to/from this port will not be accurate, and no routing information for this port can be exported.
WARNING: [Route 35-198] Port "B_int0_0_read_data[27]" does not have an associated HD.PARTPIN_LOCS, which will prevent the partial routing of the signal "B_int0_0_read_data[27]". Without this partial route, timing analysis to/from this port will not be accurate, and no routing information for this port can be exported.
WARNING: [Route 35-198] Port "B_int0_0_read_data[22]" does not have an associated HD.PARTPIN_LOCS, which will prevent the partial routing of the signal "B_int0_0_read_data[22]". Without this partial route, timing analysis to/from this port will not be accurate, and no routing information for this port can be exported.
WARNING: [Route 35-198] Port "B_int0_0_read_data[31]" does not have an associated HD.PARTPIN_LOCS, which will prevent the partial routing of the signal "B_int0_0_read_data[31]". Without this partial route, timing analysis to/from this port will not be accurate, and no routing information for this port can be exported.
WARNING: [Route 35-198] Port "B_int0_0_read_data[6]" does not have an associated HD.PARTPIN_LOCS, which will prevent the partial routing of the signal "B_int0_0_read_data[6]". Without this partial route, timing analysis to/from this port will not be accurate, and no routing information for this port can be exported.
WARNING: [Route 35-198] Port "B_int0_0_read_data[7]" does not have an associated HD.PARTPIN_LOCS, which will prevent the partial routing of the signal "B_int0_0_read_data[7]". Without this partial route, timing analysis to/from this port will not be accurate, and no routing information for this port can be exported.
WARNING: [Route 35-198] Port "A_int0_0_done" does not have an associated HD.PARTPIN_LOCS, which will prevent the partial routing of the signal "A_int0_0_done". Without this partial route, timing analysis to/from this port will not be accurate, and no routing information for this port can be exported.
INFO: [Common 17-14] Message 'Route 35-198' appears 100 times and further instances of the messages will be disabled. Use the Tcl command set_msg_config to change the current settings.
Phase 1 Build RT Design | Checksum: 10297ca31

Time (s): cpu = 00:00:37 ; elapsed = 00:00:31 . Memory (MB): peak = 4136.609 ; gain = 0.000 ; free physical = 22138 ; free virtual = 42262
Post Restoration Checksum: NetGraph: 8632397d NumContArr: 7c6590b4 Constraints: 0 Timing: 0

Phase 2 Router Initialization

Phase 2.1 Create Timer
Phase 2.1 Create Timer | Checksum: 10297ca31

Time (s): cpu = 00:00:37 ; elapsed = 00:00:32 . Memory (MB): peak = 4136.609 ; gain = 0.000 ; free physical = 22094 ; free virtual = 42219

Phase 2.2 Fix Topology Constraints
Phase 2.2 Fix Topology Constraints | Checksum: 10297ca31

Time (s): cpu = 00:00:38 ; elapsed = 00:00:32 . Memory (MB): peak = 4136.609 ; gain = 0.000 ; free physical = 22053 ; free virtual = 42177

Phase 2.3 Pre Route Cleanup
Phase 2.3 Pre Route Cleanup | Checksum: 10297ca31

Time (s): cpu = 00:00:38 ; elapsed = 00:00:32 . Memory (MB): peak = 4136.609 ; gain = 0.000 ; free physical = 22052 ; free virtual = 42176

Phase 2.4 Global Clock Net Routing
Phase 2.4 Global Clock Net Routing | Checksum: 10297ca31

Time (s): cpu = 00:00:38 ; elapsed = 00:00:32 . Memory (MB): peak = 4136.609 ; gain = 0.000 ; free physical = 22057 ; free virtual = 42181

Phase 2.5 Update Timing
Phase 2.5 Update Timing | Checksum: 13d0acf76

Time (s): cpu = 00:00:47 ; elapsed = 00:00:34 . Memory (MB): peak = 4136.609 ; gain = 0.000 ; free physical = 22068 ; free virtual = 42192
INFO: [Route 35-416] Intermediate Timing Summary | WNS=2.514  | TNS=0.000  | WHS=0.021  | THS=0.000  |

Phase 2 Router Initialization | Checksum: 11f94e894

Time (s): cpu = 00:00:54 ; elapsed = 00:00:37 . Memory (MB): peak = 4136.609 ; gain = 0.000 ; free physical = 22068 ; free virtual = 42192

Router Utilization Summary
  Global Vertical Routing Utilization    = 0 %
  Global Horizontal Routing Utilization  = 0 %
  Routable Net Status*
  *Does not include unroutable nets such as driverless and loadless.
  Run report_route_status for detailed report.
  Number of Failed Nets               = 12091
    (Failed Nets is the sum of unrouted and partially routed nets)
  Number of Unrouted Nets             = 9428
  Number of Partially Routed Nets     = 2663
  Number of Node Overlaps             = 0


Phase 3 Initial Routing
Phase 3 Initial Routing | Checksum: 28bbb43e6

Time (s): cpu = 00:01:02 ; elapsed = 00:00:40 . Memory (MB): peak = 4136.609 ; gain = 0.000 ; free physical = 22054 ; free virtual = 42178

Phase 4 Rip-up And Reroute

Phase 4.1 Global Iteration 0
 Number of Nodes with overlaps = 1767
 Number of Nodes with overlaps = 150
 Number of Nodes with overlaps = 13
 Number of Nodes with overlaps = 3
 Number of Nodes with overlaps = 1
 Number of Nodes with overlaps = 0
INFO: [Route 35-416] Intermediate Timing Summary | WNS=1.856  | TNS=0.000  | WHS=0.038  | THS=0.000  |

Phase 4.1 Global Iteration 0 | Checksum: 19d7f81ae

Time (s): cpu = 00:01:37 ; elapsed = 00:00:54 . Memory (MB): peak = 4136.609 ; gain = 0.000 ; free physical = 22068 ; free virtual = 42196

Phase 4.2 Additional Iteration for Hold
Phase 4.2 Additional Iteration for Hold | Checksum: 1f1bf74e8

Time (s): cpu = 00:01:37 ; elapsed = 00:00:54 . Memory (MB): peak = 4136.609 ; gain = 0.000 ; free physical = 22063 ; free virtual = 42190
Phase 4 Rip-up And Reroute | Checksum: 1f1bf74e8

Time (s): cpu = 00:01:37 ; elapsed = 00:00:54 . Memory (MB): peak = 4136.609 ; gain = 0.000 ; free physical = 22061 ; free virtual = 42189

Phase 5 Delay and Skew Optimization

Phase 5.1 Delay CleanUp
Phase 5.1 Delay CleanUp | Checksum: 1f1bf74e8

Time (s): cpu = 00:01:38 ; elapsed = 00:00:54 . Memory (MB): peak = 4136.609 ; gain = 0.000 ; free physical = 22056 ; free virtual = 42184

Phase 5.2 Clock Skew Optimization
Phase 5.2 Clock Skew Optimization | Checksum: 1f1bf74e8

Time (s): cpu = 00:01:38 ; elapsed = 00:00:54 . Memory (MB): peak = 4136.609 ; gain = 0.000 ; free physical = 22066 ; free virtual = 42194
Phase 5 Delay and Skew Optimization | Checksum: 1f1bf74e8

Time (s): cpu = 00:01:38 ; elapsed = 00:00:54 . Memory (MB): peak = 4136.609 ; gain = 0.000 ; free physical = 22064 ; free virtual = 42192

Phase 6 Post Hold Fix

Phase 6.1 Hold Fix Iter

Phase 6.1.1 Update Timing
Phase 6.1.1 Update Timing | Checksum: 19a652300

Time (s): cpu = 00:01:41 ; elapsed = 00:00:55 . Memory (MB): peak = 4136.609 ; gain = 0.000 ; free physical = 22075 ; free virtual = 42203
INFO: [Route 35-416] Intermediate Timing Summary | WNS=1.856  | TNS=0.000  | WHS=0.038  | THS=0.000  |

Phase 6.1 Hold Fix Iter | Checksum: 19a652300

Time (s): cpu = 00:01:41 ; elapsed = 00:00:55 . Memory (MB): peak = 4136.609 ; gain = 0.000 ; free physical = 22072 ; free virtual = 42199
Phase 6 Post Hold Fix | Checksum: 19a652300

Time (s): cpu = 00:01:41 ; elapsed = 00:00:55 . Memory (MB): peak = 4136.609 ; gain = 0.000 ; free physical = 22066 ; free virtual = 42194

Phase 7 Route finalize

Router Utilization Summary
  Global Vertical Routing Utilization    = 1.67308 %
  Global Horizontal Routing Utilization  = 2.14473 %
  Routable Net Status*
  *Does not include unroutable nets such as driverless and loadless.
  Run report_route_status for detailed report.
  Number of Failed Nets               = 0
    (Failed Nets is the sum of unrouted and partially routed nets)
  Number of Unrouted Nets             = 0
  Number of Partially Routed Nets     = 0
  Number of Node Overlaps             = 0

Phase 7 Route finalize | Checksum: 229d2b06c

Time (s): cpu = 00:01:42 ; elapsed = 00:00:56 . Memory (MB): peak = 4136.609 ; gain = 0.000 ; free physical = 22046 ; free virtual = 42173

Phase 8 Verifying routed nets

 Verification completed successfully
Phase 8 Verifying routed nets | Checksum: 229d2b06c

Time (s): cpu = 00:01:42 ; elapsed = 00:00:56 . Memory (MB): peak = 4136.609 ; gain = 0.000 ; free physical = 22043 ; free virtual = 42170

Phase 9 Depositing Routes
Phase 9 Depositing Routes | Checksum: 229d2b06c

Time (s): cpu = 00:01:43 ; elapsed = 00:00:57 . Memory (MB): peak = 4136.609 ; gain = 0.000 ; free physical = 22051 ; free virtual = 42168

Phase 10 Post Router Timing
INFO: [Route 35-57] Estimated Timing Summary | WNS=1.856  | TNS=0.000  | WHS=0.038  | THS=0.000  |

INFO: [Route 35-327] The final timing numbers are based on the router estimated timing analysis. For a complete and accurate timing signoff, please run report_timing_summary.
Phase 10 Post Router Timing | Checksum: 229d2b06c

Time (s): cpu = 00:01:43 ; elapsed = 00:00:57 . Memory (MB): peak = 4136.609 ; gain = 0.000 ; free physical = 22079 ; free virtual = 42196
INFO: [Route 35-16] Router Completed Successfully

Time (s): cpu = 00:01:43 ; elapsed = 00:00:57 . Memory (MB): peak = 4136.609 ; gain = 0.000 ; free physical = 22130 ; free virtual = 42248

Routing Is Done.
INFO: [Common 17-83] Releasing license: Implementation
71 Infos, 101 Warnings, 0 Critical Warnings and 0 Errors encountered.
route_design completed successfully
route_design: Time (s): cpu = 00:01:51 ; elapsed = 00:01:10 . Memory (MB): peak = 4136.609 ; gain = 0.000 ; free physical = 22129 ; free virtual = 42247
Netlist sorting complete. Time (s): cpu = 00:00:00.01 ; elapsed = 00:00:00 . Memory (MB): peak = 4136.609 ; gain = 0.000 ; free physical = 22132 ; free virtual = 42250
INFO: [Timing 38-480] Writing timing data to binary archive.
Writing placer database...
Writing XDEF routing.
Writing XDEF routing logical nets.
Writing XDEF routing special nets.
Write XDEF Complete: Time (s): cpu = 00:00:03 ; elapsed = 00:00:00.99 . Memory (MB): peak = 4136.609 ; gain = 0.000 ; free physical = 22112 ; free virtual = 42250
INFO: [Common 17-1381] The checkpoint '/tmp/tmp.KOHyUcgC7e/out/FutilBuild.runs/impl_1/main_routed.dcp' has been generated.
INFO: [runtcl-4] Executing : report_drc -file main_drc_routed.rpt -pb main_drc_routed.pb -rpx main_drc_routed.rpx
Command: report_drc -file main_drc_routed.rpt -pb main_drc_routed.pb -rpx main_drc_routed.rpx
INFO: [IP_Flow 19-1839] IP Catalog is up to date.
INFO: [DRC 23-27] Running DRC with 8 threads
INFO: [Coretcl 2-168] The results of DRC are in file /tmp/tmp.KOHyUcgC7e/out/FutilBuild.runs/impl_1/main_drc_routed.rpt.
report_drc completed successfully
report_drc: Time (s): cpu = 00:00:13 ; elapsed = 00:00:13 . Memory (MB): peak = 4220.359 ; gain = 83.750 ; free physical = 21925 ; free virtual = 42048
INFO: [runtcl-4] Executing : report_methodology -file main_methodology_drc_routed.rpt -pb main_methodology_drc_routed.pb -rpx main_methodology_drc_routed.rpx
Command: report_methodology -file main_methodology_drc_routed.rpt -pb main_methodology_drc_routed.pb -rpx main_methodology_drc_routed.rpx
INFO: [Timing 38-35] Done setting XDC timing constraints.
WARNING: [Timing 38-242] The property HD.CLK_SRC of clock port "clk" is not set. In out-of-context mode, this prevents timing estimation for clock delay/skew
Resolution: Set the HD.CLK_SRC property of the out-of-context port to the location of the clock buffer instance in the top-level design
INFO: [DRC 23-133] Running Methodology with 8 threads
INFO: [Coretcl 2-1520] The results of Report Methodology are in file /tmp/tmp.KOHyUcgC7e/out/FutilBuild.runs/impl_1/main_methodology_drc_routed.rpt.
report_methodology completed successfully
report_methodology: Time (s): cpu = 00:00:19 ; elapsed = 00:00:14 . Memory (MB): peak = 4220.359 ; gain = 0.000 ; free physical = 21982 ; free virtual = 42105
INFO: [runtcl-4] Executing : report_power -file main_power_routed.rpt -pb main_power_summary_routed.pb -rpx main_power_routed.rpx
Command: report_power -file main_power_routed.rpt -pb main_power_summary_routed.pb -rpx main_power_routed.rpx
INFO: [Timing 38-35] Done setting XDC timing constraints.
Running Vector-less Activity Propagation...

Finished Running Vector-less Activity Propagation
83 Infos, 102 Warnings, 0 Critical Warnings and 0 Errors encountered.
report_power completed successfully
report_power: Time (s): cpu = 00:00:11 ; elapsed = 00:00:07 . Memory (MB): peak = 4220.359 ; gain = 0.000 ; free physical = 21889 ; free virtual = 42015
INFO: [runtcl-4] Executing : report_route_status -file main_route_status.rpt -pb main_route_status.pb
INFO: [runtcl-4] Executing : report_timing_summary -max_paths 10 -file main_timing_summary_routed.rpt -pb main_timing_summary_routed.pb -rpx main_timing_summary_routed.rpx -warn_on_violation 
INFO: [Timing 38-91] UpdateTimingParams: Speed grade: -1, Temperature grade: E, Delay Type: min_max.
INFO: [Timing 38-191] Multithreading enabled for timing update using a maximum of 8 CPUs
INFO: [runtcl-4] Executing : report_incremental_reuse -file main_incremental_reuse_routed.rpt
INFO: [Vivado_Tcl 4-1062] Incremental flow is disabled. No incremental reuse Info to report.
INFO: [runtcl-4] Executing : report_clock_utilization -file main_clock_utilization_routed.rpt
INFO: [runtcl-4] Executing : report_bus_skew -warn_on_violation -file main_bus_skew_routed.rpt -pb main_bus_skew_routed.pb -rpx main_bus_skew_routed.rpx
INFO: [Timing 38-91] UpdateTimingParams: Speed grade: -1, Temperature grade: E, Delay Type: min_max.
INFO: [Timing 38-191] Multithreading enabled for timing update using a maximum of 8 CPUs
INFO: [Common 17-206] Exiting Vivado at Wed Nov 18 14:12:31 2020...
