Copyright 1986-2019 Xilinx, Inc. All Rights Reserved.
-----------------------------------------------------------------------------------------------
| Tool Version : Vivado v.2019.1 (lin64) Build 2552052 Fri May 24 14:47:09 MDT 2019
| Date         : Wed Nov 18 12:27:25 2020
| Host         : gorgonzola.cs.cornell.edu running 64-bit CentOS Linux release 7.8.2003 (Core)
| Command      : report_control_sets -verbose -file main_control_sets_placed.rpt
| Design       : main
| Device       : xczu3eg
-----------------------------------------------------------------------------------------------

Control Set Information

Table of Contents
-----------------
1. Summary
2. Histogram
3. Flip-Flop Distribution
4. Detailed Control Set Information

1. Summary
----------

+----------------------------------------------------------+-------+
|                          Status                          | Count |
+----------------------------------------------------------+-------+
| Total control sets                                       |   629 |
|    Minimum number of control sets                        |   629 |
|    Addition due to synthesis replication                 |     0 |
|    Addition due to physical synthesis replication        |     0 |
| Unused register locations in slices containing registers |    38 |
+----------------------------------------------------------+-------+
* Control sets can be merged at opt_design using control_set_merge or merge_equivalent_drivers
** Run report_qor_suggestions for automated merging and remapping suggestions


2. Histogram
------------

+--------------------+-------+
|       Fanout       | Count |
+--------------------+-------+
| Total control sets |   629 |
| >= 0 to < 4        |    19 |
| >= 4 to < 6        |     8 |
| >= 6 to < 8        |     0 |
| >= 8 to < 10       |     0 |
| >= 10 to < 12      |     0 |
| >= 12 to < 14      |     0 |
| >= 14 to < 16      |     0 |
| >= 16              |   602 |
+--------------------+-------+
* Control sets can be remapped at either synth_design or opt_design


3. Flip-Flop Distribution
-------------------------

+--------------+-----------------------+------------------------+-----------------+--------------+
| Clock Enable | Synchronous Set/Reset | Asynchronous Set/Reset | Total Registers | Total Slices |
+--------------+-----------------------+------------------------+-----------------+--------------+
| No           | No                    | No                     |             164 |           66 |
| No           | No                    | Yes                    |               0 |            0 |
| No           | Yes                   | No                     |             204 |           41 |
| Yes          | No                    | No                     |           19106 |         3039 |
| Yes          | No                    | Yes                    |               0 |            0 |
| Yes          | Yes                   | No                     |               8 |            3 |
+--------------+-----------------------+------------------------+-----------------+--------------+


4. Detailed Control Set Information
-----------------------------------

+--------------+------------------------------------+-----------------------+------------------+----------------+
| Clock Signal |            Enable Signal           |    Set/Reset Signal   | Slice Load Count | Bel Load Count |
+--------------+------------------------------------+-----------------------+------------------+----------------+
|  clk         | fsm0/fsm0_write_en                 |                       |                1 |              2 |
|  clk         | fsm3/fsm3_write_en                 |                       |                1 |              2 |
|  clk         | fsm9/fsm9_write_en                 |                       |                1 |              2 |
|  clk         | fsm2/fsm2_write_en                 |                       |                1 |              2 |
|  clk         | fsm4/fsm4_write_en                 |                       |                1 |              2 |
|  clk         | fsm/fsm_write_en                   |                       |                1 |              2 |
|  clk         | fsm5/out[1]_i_1__26_n_0            |                       |                1 |              2 |
|  clk         | fsm16/fsm16_write_en               |                       |                1 |              2 |
|  clk         | fsm15/fsm15_write_en               |                       |                1 |              2 |
|  clk         | fsm14/fsm14_write_en               |                       |                1 |              2 |
|  clk         | fsm13/fsm13_write_en               |                       |                1 |              2 |
|  clk         | fsm11/fsm11_write_en               |                       |                1 |              2 |
|  clk         | fsm6/out[1]_i_1__27_n_0            |                       |                1 |              2 |
|  clk         | fsm1/fsm1_write_en                 |                       |                1 |              2 |
|  clk         | fsm12/fsm12_write_en               |                       |                1 |              2 |
|  clk         | fsm17/out[2]_i_1__6_n_0            |                       |                1 |              3 |
|  clk         | fsm7/fsm7_write_en                 |                       |                2 |              3 |
|  clk         | fsm10/fsm10_write_en               |                       |                2 |              3 |
|  clk         | fsm8/fsm8_write_en                 |                       |                2 |              3 |
|  clk         | fsm17/out_reg[0]_1[0]              |                       |                1 |              4 |
|  clk         | fsm8/E[0]                          |                       |                1 |              4 |
|  clk         | fsm2/E[0]                          |                       |                1 |              4 |
|  clk         | fsm17/out_reg[0]_3[0]              |                       |                1 |              4 |
|  clk         | fsm17/E[0]                         |                       |                2 |              4 |
|  clk         | fsm13/p1_write_en                  | fsm13/out_reg[1]_0    |                1 |              4 |
|  clk         | fsm11/E[0]                         |                       |                1 |              4 |
|  clk         | p0/out[3]_i_2__9_n_0               | p0/out[3]_i_1__13_n_0 |                2 |              4 |
|  clk         | r0/out_reg[0]_64[0]                |                       |               17 |             32 |
|  clk         | r0/out_reg[0]_61[0]                |                       |               14 |             32 |
|  clk         | r0/out_reg[0]_60[0]                |                       |               15 |             32 |
|  clk         | r0/out_reg[0]_59[0]                |                       |               15 |             32 |
|  clk         | r0/out_reg[0]_58[0]                |                       |               20 |             32 |
|  clk         | r0/out_reg[0]_63[0]                |                       |               17 |             32 |
|  clk         | r0/out_reg[0]_72[0]                |                       |               18 |             32 |
|  clk         | r0/out_reg[0]_65[0]                |                       |               19 |             32 |
|  clk         | r0/out_reg[0]_66[0]                |                       |               20 |             32 |
|  clk         | r0/out_reg[0]_67[0]                |                       |               15 |             32 |
|  clk         | r0/out_reg[0]_68[0]                |                       |               18 |             32 |
|  clk         | r0/out_reg[0]_7[0]                 |                       |               12 |             32 |
|  clk         | r0/out_reg[0]_70[0]                |                       |               21 |             32 |
|  clk         | r0/out_reg[0]_71[0]                |                       |               18 |             32 |
|  clk         | r0/out_reg[0]_35[0]                |                       |               13 |             32 |
|  clk         | r0/out_reg[0]_45[0]                |                       |               20 |             32 |
|  clk         | r0/out_reg[0]_2[0]                 |                       |               19 |             32 |
|  clk         | r0/out_reg[0]_36[0]                |                       |               19 |             32 |
|  clk         | r0/out_reg[0]_37[0]                |                       |               14 |             32 |
|  clk         | r0/out_reg[0]_38[0]                |                       |               21 |             32 |
|  clk         | r0/out_reg[0]_39[0]                |                       |               13 |             32 |
|  clk         | r0/out_reg[0]_4[0]                 |                       |               15 |             32 |
|  clk         | r0/out_reg[0]_40[0]                |                       |               16 |             32 |
|  clk         | r0/out_reg[0]_42[0]                |                       |               19 |             32 |
|  clk         | r0/out_reg[0]_43[0]                |                       |               15 |             32 |
|  clk         | r0/out_reg[0]_44[0]                |                       |               16 |             32 |
|  clk         | r0/out_reg[0]_57[0]                |                       |               16 |             32 |
|  clk         | r0/out_reg[0]_46[0]                |                       |               18 |             32 |
|  clk         | r0/out_reg[0]_47[0]                |                       |               19 |             32 |
|  clk         | r0/out_reg[0]_49[0]                |                       |               18 |             32 |
|  clk         | r0/out_reg[0]_5[0]                 |                       |               15 |             32 |
|  clk         | r0/out_reg[0]_50[0]                |                       |               21 |             32 |
|  clk         | r0/out_reg[0]_51[0]                |                       |               20 |             32 |
|  clk         | r0/out_reg[0]_52[0]                |                       |               18 |             32 |
|  clk         | r0/out_reg[0]_53[0]                |                       |               18 |             32 |
|  clk         | r0/out_reg[0]_54[0]                |                       |               18 |             32 |
|  clk         | r0/out_reg[0]_56[0]                |                       |               17 |             32 |
|  clk         | r0/out_reg[1]_100[0]               |                       |               18 |             32 |
|  clk         | r0/out_reg[0]_93[0]                |                       |               15 |             32 |
|  clk         | r0/out_reg[0]_94[0]                |                       |               15 |             32 |
|  clk         | r0/out_reg[0]_95[0]                |                       |               20 |             32 |
|  clk         | r0/out_reg[0]_96[0]                |                       |               18 |             32 |
|  clk         | r0/out_reg[0]_98[0]                |                       |               21 |             32 |
|  clk         | r0/out_reg[0]_99[0]                |                       |               18 |             32 |
|  clk         | r0/out_reg[1]_0[0]                 |                       |               15 |             32 |
|  clk         | r0/out_reg[1]_1[0]                 |                       |               17 |             32 |
|  clk         | r0/out_reg[1]_10[0]                |                       |               19 |             32 |
|  clk         | r0/out_reg[0]_92[0]                |                       |               12 |             32 |
|  clk         | r0/out_reg[1]_101[0]               |                       |               19 |             32 |
|  clk         | r0/out_reg[1]_102[0]               |                       |               21 |             32 |
|  clk         | r0/out_reg[1]_103[0]               |                       |               22 |             32 |
|  clk         | r0/out_reg[1]_105[0]               |                       |               24 |             32 |
|  clk         | r0/out_reg[1]_106[0]               |                       |               24 |             32 |
|  clk         | r0/out_reg[1]_107[0]               |                       |               19 |             32 |
|  clk         | r0/out_reg[1]_108[0]               |                       |               21 |             32 |
|  clk         | r0/out_reg[1]_109[0]               |                       |               17 |             32 |
|  clk         | r0/out_reg[0]_82[0]                |                       |               11 |             32 |
|  clk         | r0/out_reg[0]_74[0]                |                       |               16 |             32 |
|  clk         | r0/out_reg[0]_75[0]                |                       |               17 |             32 |
|  clk         | r0/out_reg[0]_77[0]                |                       |               14 |             32 |
|  clk         | r0/out_reg[0]_78[0]                |                       |               13 |             32 |
|  clk         | r0/out_reg[0]_79[0]                |                       |               15 |             32 |
|  clk         | r0/out_reg[0]_8[0]                 |                       |               17 |             32 |
|  clk         | r0/out_reg[0]_80[0]                |                       |               14 |             32 |
|  clk         | r0/out_reg[0]_81[0]                |                       |               15 |             32 |
|  clk         | r0/out_reg[0]_73[0]                |                       |               20 |             32 |
|  clk         | r0/out_reg[0]_84[0]                |                       |               20 |             32 |
|  clk         | r0/out_reg[0]_85[0]                |                       |               19 |             32 |
|  clk         | r0/out_reg[0]_86[0]                |                       |               19 |             32 |
|  clk         | r0/out_reg[0]_87[0]                |                       |               21 |             32 |
|  clk         | r0/out_reg[0]_88[0]                |                       |               19 |             32 |
|  clk         | r0/out_reg[0]_89[0]                |                       |               18 |             32 |
|  clk         | r0/out_reg[0]_9[0]                 |                       |               18 |             32 |
|  clk         | r0/out_reg[0]_91[0]                |                       |               21 |             32 |
|  clk         | p0/out_reg[1]_53                   |                       |               25 |             32 |
|  clk         | p0/out_reg[1]_45                   |                       |               23 |             32 |
|  clk         | p0/out_reg[1]_46                   |                       |               24 |             32 |
|  clk         | p0/out_reg[1]_47                   |                       |               28 |             32 |
|  clk         | p0/out_reg[1]_48                   |                       |               27 |             32 |
|  clk         | p0/out_reg[1]_49                   |                       |               24 |             32 |
|  clk         | p0/out_reg[1]_5                    |                       |               22 |             32 |
|  clk         | p0/out_reg[1]_50                   |                       |               27 |             32 |
|  clk         | p0/out_reg[1]_51                   |                       |               27 |             32 |
|  clk         | p0/out_reg[1]_52                   |                       |               26 |             32 |
|  clk         | p0/out_reg[1]_44                   |                       |               25 |             32 |
|  clk         | p0/out_reg[1]_54                   |                       |               26 |             32 |
|  clk         | p0/out_reg[1]_55                   |                       |               24 |             32 |
|  clk         | p0/out_reg[1]_56                   |                       |               23 |             32 |
|  clk         | p0/out_reg[1]_57                   |                       |               29 |             32 |
|  clk         | p0/out_reg[1]_58                   |                       |               24 |             32 |
|  clk         | p0/out_reg[1]_59                   |                       |               24 |             32 |
|  clk         | p0/out_reg[1]_6                    |                       |               19 |             32 |
|  clk         | p0/out_reg[1]_7                    |                       |               19 |             32 |
|  clk         | p0/out_reg[1]_36                   |                       |               25 |             32 |
|  clk         | p0/out_reg[1]_29                   |                       |               25 |             32 |
|  clk         | p0/out_reg[1]_3                    |                       |               24 |             32 |
|  clk         | p0/out_reg[1]_30                   |                       |               27 |             32 |
|  clk         | p0/out_reg[1]_31                   |                       |               24 |             32 |
|  clk         | p0/out_reg[1]_32                   |                       |               25 |             32 |
|  clk         | p0/out_reg[1]_33                   |                       |               24 |             32 |
|  clk         | p0/out_reg[1]_34                   |                       |               27 |             32 |
|  clk         | p0/out_reg[1]_35                   |                       |               24 |             32 |
|  clk         | p0/out_reg[1]_8                    |                       |               22 |             32 |
|  clk         | p0/out_reg[1]_37                   |                       |               24 |             32 |
|  clk         | p0/out_reg[1]_38                   |                       |               22 |             32 |
|  clk         | p0/out_reg[1]_39                   |                       |               22 |             32 |
|  clk         | p0/out_reg[1]_4                    |                       |               19 |             32 |
|  clk         | p0/out_reg[1]_40                   |                       |               23 |             32 |
|  clk         | p0/out_reg[1]_41                   |                       |               27 |             32 |
|  clk         | p0/out_reg[1]_42                   |                       |               22 |             32 |
|  clk         | p0/out_reg[1]_43                   |                       |               25 |             32 |
|  clk         | r0/out_reg[0]_24[0]                |                       |               13 |             32 |
|  clk         | r0/out_reg[0]_16[0]                |                       |               21 |             32 |
|  clk         | r0/out_reg[0]_17[0]                |                       |               14 |             32 |
|  clk         | r0/out_reg[0]_18[0]                |                       |               15 |             32 |
|  clk         | r0/out_reg[0]_19[0]                |                       |               14 |             32 |
|  clk         | r0/out_reg[1]_2[0]                 |                       |               18 |             32 |
|  clk         | r0/out_reg[0]_21[0]                |                       |               17 |             32 |
|  clk         | r0/out_reg[0]_22[0]                |                       |               17 |             32 |
|  clk         | r0/out_reg[0]_23[0]                |                       |               19 |             32 |
|  clk         | r0/out_reg[0]_15[0]                |                       |               18 |             32 |
|  clk         | r0/out_reg[0]_25[0]                |                       |               18 |             32 |
|  clk         | r0/out_reg[0]_26[0]                |                       |               19 |             32 |
|  clk         | r0/out_reg[0]_28[0]                |                       |               19 |             32 |
|  clk         | r0/out_reg[0]_29[0]                |                       |               16 |             32 |
|  clk         | r0/out_reg[0]_3[0]                 |                       |               16 |             32 |
|  clk         | r0/out_reg[0]_30[0]                |                       |               17 |             32 |
|  clk         | r0/out_reg[0]_31[0]                |                       |               20 |             32 |
|  clk         | r0/out_reg[0]_32[0]                |                       |               14 |             32 |
|  clk         | r0/out_reg[0]_105[0]               |                       |               23 |             32 |
|  clk         | p0/out_reg[1]_9                    |                       |               21 |             32 |
|  clk         | r0/out_reg[0]_10[0]                |                       |               19 |             32 |
|  clk         | r0/out_reg[0]_0[0]                 |                       |               18 |             32 |
|  clk         | r0/out_reg[0]_1[0]                 |                       |               16 |             32 |
|  clk         | r0/out_reg[0]_100[0]               |                       |               19 |             32 |
|  clk         | r0/out_reg[0]_101[0]               |                       |               18 |             32 |
|  clk         | r0/out_reg[0]_102[0]               |                       |               23 |             32 |
|  clk         | r0/out_reg[0]_103[0]               |                       |               20 |             32 |
|  clk         | r0/out_reg[0]_33[0]                |                       |               19 |             32 |
|  clk         | r0/out_reg[0]_106[0]               |                       |               15 |             32 |
|  clk         | r0/out_reg[0]_107[0]               |                       |               16 |             32 |
|  clk         | r0/out_reg[0]_108[0]               |                       |               19 |             32 |
|  clk         | r0/out_reg[0]_109[0]               |                       |               18 |             32 |
|  clk         | r0/out_reg[0]_11[0]                |                       |               16 |             32 |
|  clk         | r0/out_reg[0]_110[0]               |                       |               17 |             32 |
|  clk         | r0/out_reg[0]_12[0]                |                       |               20 |             32 |
|  clk         | r0/out_reg[0]_14[0]                |                       |               18 |             32 |
|  clk         | r0/out_reg[2]_3[0]                 |                       |               13 |             32 |
|  clk         | r0/out_reg[2]_21[0]                |                       |               21 |             32 |
|  clk         | r0/out_reg[2]_22[0]                |                       |               13 |             32 |
|  clk         | r0/out_reg[2]_23[0]                |                       |               15 |             32 |
|  clk         | r0/out_reg[2]_24[0]                |                       |               23 |             32 |
|  clk         | r0/out_reg[2]_25[0]                |                       |               17 |             32 |
|  clk         | r0/out_reg[2]_26[0]                |                       |               18 |             32 |
|  clk         | r0/out_reg[2]_27[0]                |                       |               19 |             32 |
|  clk         | r0/out_reg[2]_28[0]                |                       |               15 |             32 |
|  clk         | r0/out_reg[2]_29[0]                |                       |               23 |             32 |
|  clk         | r0/out_reg[2]_20[0]                |                       |               19 |             32 |
|  clk         | r0/out_reg[2]_30[0]                |                       |               23 |             32 |
|  clk         | r0/out_reg[2]_31[0]                |                       |               22 |             32 |
|  clk         | r0/out_reg[2]_32[0]                |                       |               21 |             32 |
|  clk         | r0/out_reg[2]_33[0]                |                       |               14 |             32 |
|  clk         | r0/out_reg[2]_34[0]                |                       |               13 |             32 |
|  clk         | r0/out_reg[2]_35[0]                |                       |               17 |             32 |
|  clk         | r0/out_reg[2]_36[0]                |                       |               17 |             32 |
|  clk         | r0/out_reg[2]_37[0]                |                       |               20 |             32 |
|  clk         | r0/out_reg[2]_38[0]                |                       |               17 |             32 |
|  clk         | r0/out_reg[2]_12[0]                |                       |               18 |             32 |
|  clk         | r0/out_reg[1]_93[0]                |                       |               16 |             32 |
|  clk         | r0/out_reg[1]_94[0]                |                       |               20 |             32 |
|  clk         | r0/out_reg[1]_95[0]                |                       |               16 |             32 |
|  clk         | r0/out_reg[1]_96[0]                |                       |               14 |             32 |
|  clk         | r0/out_reg[1]_98[0]                |                       |               21 |             32 |
|  clk         | r0/out_reg[1]_99[0]                |                       |               24 |             32 |
|  clk         | r0/out_reg[2]_0[0]                 |                       |               17 |             32 |
|  clk         | r0/out_reg[2]_10[0]                |                       |               18 |             32 |
|  clk         | r0/out_reg[2]_11[0]                |                       |               21 |             32 |
|  clk         | r0/out_reg[2]_39[0]                |                       |               18 |             32 |
|  clk         | r0/out_reg[2]_13[0]                |                       |               16 |             32 |
|  clk         | r0/out_reg[2]_14[0]                |                       |               20 |             32 |
|  clk         | r0/out_reg[2]_15[0]                |                       |               16 |             32 |
|  clk         | r0/out_reg[2]_16[0]                |                       |               21 |             32 |
|  clk         | r0/out_reg[2]_17[0]                |                       |               18 |             32 |
|  clk         | r0/out_reg[2]_18[0]                |                       |               19 |             32 |
|  clk         | r0/out_reg[2]_19[0]                |                       |               21 |             32 |
|  clk         | r0/out_reg[2]_2[0]                 |                       |               19 |             32 |
|  clk         | r0/out_reg[2]_7[0]                 |                       |               20 |             32 |
|  clk         | r0/out_reg[2]_57[0]                |                       |               22 |             32 |
|  clk         | r0/out_reg[2]_58[0]                |                       |               20 |             32 |
|  clk         | r0/out_reg[2]_59[0]                |                       |               22 |             32 |
|  clk         | r0/out_reg[2]_6[0]                 |                       |               11 |             32 |
|  clk         | r0/out_reg[2]_60[0]                |                       |               18 |             32 |
|  clk         | r0/out_reg[2]_61[0]                |                       |               17 |             32 |
|  clk         | r0/out_reg[2]_62[0]                |                       |               19 |             32 |
|  clk         | r0/out_reg[2]_63[0]                |                       |               22 |             32 |
|  clk         | r0/out_reg[2]_64[0]                |                       |               17 |             32 |
|  clk         | r0/out_reg[2]_56[0]                |                       |               19 |             32 |
|  clk         | r0/out_reg[2]_8[0]                 |                       |               19 |             32 |
|  clk         | r0/out_reg[2]_9[0]                 |                       |               19 |             32 |
|  clk         | par_reset3/C4_read0_0_10_write_en  |                       |               32 |             32 |
|  clk         | par_reset3/C4_read0_0_00_write_en  |                       |               32 |             32 |
|  clk         | par_reset3/C4_read0_1_00_write_en  |                       |               32 |             32 |
|  clk         | par_reset3/C4_read0_1_10_write_en  |                       |               32 |             32 |
|  clk         | cond_stored17/E[0]                 |                       |               20 |             32 |
|  clk         | cond_stored21/E[0]                 |                       |                9 |             32 |
|  clk         | r0/out_reg[2]_48[0]                |                       |               15 |             32 |
|  clk         | r0/out_reg[2]_4[0]                 |                       |               13 |             32 |
|  clk         | r0/out_reg[2]_40[0]                |                       |               21 |             32 |
|  clk         | r0/out_reg[2]_41[0]                |                       |               19 |             32 |
|  clk         | r0/out_reg[2]_42[0]                |                       |               20 |             32 |
|  clk         | r0/out_reg[2]_43[0]                |                       |               20 |             32 |
|  clk         | r0/out_reg[2]_44[0]                |                       |               20 |             32 |
|  clk         | r0/out_reg[2]_45[0]                |                       |               11 |             32 |
|  clk         | r0/out_reg[2]_46[0]                |                       |               17 |             32 |
|  clk         | r0/out_reg[2]_47[0]                |                       |               13 |             32 |
|  clk         | r0/out_reg[1]_92[0]                |                       |               22 |             32 |
|  clk         | r0/out_reg[2]_49[0]                |                       |               15 |             32 |
|  clk         | r0/out_reg[2]_5[0]                 |                       |               14 |             32 |
|  clk         | r0/out_reg[2]_50[0]                |                       |               18 |             32 |
|  clk         | r0/out_reg[2]_51[0]                |                       |               17 |             32 |
|  clk         | r0/out_reg[2]_52[0]                |                       |               13 |             32 |
|  clk         | r0/out_reg[2]_53[0]                |                       |               18 |             32 |
|  clk         | r0/out_reg[2]_54[0]                |                       |               15 |             32 |
|  clk         | r0/out_reg[2]_55[0]                |                       |               18 |             32 |
|  clk         | r0/out_reg[1]_40[0]                |                       |               15 |             32 |
|  clk         | r0/out_reg[1]_31[0]                |                       |               20 |             32 |
|  clk         | r0/out_reg[1]_32[0]                |                       |               15 |             32 |
|  clk         | r0/out_reg[1]_33[0]                |                       |               16 |             32 |
|  clk         | r0/out_reg[1]_35[0]                |                       |               17 |             32 |
|  clk         | r0/out_reg[1]_36[0]                |                       |               14 |             32 |
|  clk         | r0/out_reg[1]_37[0]                |                       |               15 |             32 |
|  clk         | r0/out_reg[1]_38[0]                |                       |               18 |             32 |
|  clk         | r0/out_reg[1]_39[0]                |                       |               19 |             32 |
|  clk         | r0/out_reg[1]_4[0]                 |                       |               12 |             32 |
|  clk         | r0/out_reg[1]_30[0]                |                       |               16 |             32 |
|  clk         | r0/out_reg[1]_42[0]                |                       |               18 |             32 |
|  clk         | r0/out_reg[1]_43[0]                |                       |               15 |             32 |
|  clk         | r0/out_reg[1]_44[0]                |                       |               15 |             32 |
|  clk         | r0/out_reg[1]_45[0]                |                       |               15 |             32 |
|  clk         | r0/out_reg[1]_46[0]                |                       |               15 |             32 |
|  clk         | r0/out_reg[1]_47[0]                |                       |               18 |             32 |
|  clk         | r0/out_reg[1]_49[0]                |                       |               17 |             32 |
|  clk         | r0/out_reg[1]_5[0]                 |                       |               13 |             32 |
|  clk         | r0/out_reg[1]_50[0]                |                       |               20 |             32 |
|  clk         | r0/out_reg[1]_21[0]                |                       |               21 |             32 |
|  clk         | r0/out_reg[1]_110[0]               |                       |               15 |             32 |
|  clk         | r0/out_reg[1]_12[0]                |                       |               16 |             32 |
|  clk         | r0/out_reg[1]_14[0]                |                       |               16 |             32 |
|  clk         | r0/out_reg[1]_15[0]                |                       |               17 |             32 |
|  clk         | r0/out_reg[1]_16[0]                |                       |               18 |             32 |
|  clk         | r0/out_reg[1]_17[0]                |                       |               13 |             32 |
|  clk         | r0/out_reg[1]_18[0]                |                       |               15 |             32 |
|  clk         | r0/out_reg[1]_19[0]                |                       |               17 |             32 |
|  clk         | p0/out_reg[1]_15                   |                       |               24 |             32 |
|  clk         | r0/out_reg[1]_51[0]                |                       |               21 |             32 |
|  clk         | r0/out_reg[1]_22[0]                |                       |               17 |             32 |
|  clk         | r0/out_reg[1]_23[0]                |                       |               20 |             32 |
|  clk         | r0/out_reg[1]_24[0]                |                       |               10 |             32 |
|  clk         | r0/out_reg[1]_25[0]                |                       |               16 |             32 |
|  clk         | r0/out_reg[1]_26[0]                |                       |               17 |             32 |
|  clk         | r0/out_reg[1]_28[0]                |                       |               16 |             32 |
|  clk         | r0/out_reg[1]_29[0]                |                       |               19 |             32 |
|  clk         | r0/out_reg[1]_3[0]                 |                       |               11 |             32 |
|  clk         | r0/out_reg[1]_82[0]                |                       |               14 |             32 |
|  clk         | r0/out_reg[1]_73[0]                |                       |               22 |             32 |
|  clk         | r0/out_reg[1]_74[0]                |                       |               18 |             32 |
|  clk         | r0/out_reg[1]_75[0]                |                       |               24 |             32 |
|  clk         | r0/out_reg[1]_77[0]                |                       |               12 |             32 |
|  clk         | r0/out_reg[1]_78[0]                |                       |               12 |             32 |
|  clk         | r0/out_reg[1]_79[0]                |                       |               13 |             32 |
|  clk         | r0/out_reg[1]_8[0]                 |                       |               16 |             32 |
|  clk         | r0/out_reg[1]_80[0]                |                       |               12 |             32 |
|  clk         | r0/out_reg[1]_81[0]                |                       |               12 |             32 |
|  clk         | r0/out_reg[1]_72[0]                |                       |               17 |             32 |
|  clk         | r0/out_reg[1]_84[0]                |                       |               17 |             32 |
|  clk         | r0/out_reg[1]_85[0]                |                       |               14 |             32 |
|  clk         | r0/out_reg[1]_86[0]                |                       |               14 |             32 |
|  clk         | r0/out_reg[1]_87[0]                |                       |               18 |             32 |
|  clk         | r0/out_reg[1]_88[0]                |                       |               20 |             32 |
|  clk         | r0/out_reg[1]_89[0]                |                       |               17 |             32 |
|  clk         | r0/out_reg[1]_9[0]                 |                       |               14 |             32 |
|  clk         | r0/out_reg[1]_91[0]                |                       |               15 |             32 |
|  clk         | r0/out_reg[1]_63[0]                |                       |               15 |             32 |
|  clk         | r0/out_reg[1]_52[0]                |                       |               22 |             32 |
|  clk         | r0/out_reg[1]_53[0]                |                       |               19 |             32 |
|  clk         | r0/out_reg[1]_54[0]                |                       |               26 |             32 |
|  clk         | r0/out_reg[1]_56[0]                |                       |               14 |             32 |
|  clk         | r0/out_reg[1]_57[0]                |                       |               17 |             32 |
|  clk         | r0/out_reg[1]_58[0]                |                       |               16 |             32 |
|  clk         | r0/out_reg[1]_59[0]                |                       |               15 |             32 |
|  clk         | r0/out_reg[1]_60[0]                |                       |               17 |             32 |
|  clk         | r0/out_reg[1]_61[0]                |                       |               17 |             32 |
|  clk         | r0/out_reg[1]_11[0]                |                       |               20 |             32 |
|  clk         | r0/out_reg[1]_64[0]                |                       |               14 |             32 |
|  clk         | r0/out_reg[1]_65[0]                |                       |               12 |             32 |
|  clk         | r0/out_reg[1]_66[0]                |                       |               15 |             32 |
|  clk         | r0/out_reg[1]_67[0]                |                       |               10 |             32 |
|  clk         | r0/out_reg[1]_68[0]                |                       |               15 |             32 |
|  clk         | r0/out_reg[1]_7[0]                 |                       |               12 |             32 |
|  clk         | r0/out_reg[1]_70[0]                |                       |               17 |             32 |
|  clk         | r0/out_reg[1]_71[0]                |                       |               23 |             32 |
|  clk         | fsm9/out_reg[0]_94[0]              |                       |               22 |             32 |
|  clk         | fsm9/out_reg[0]_85[0]              |                       |               19 |             32 |
|  clk         | fsm9/out_reg[0]_86[0]              |                       |               23 |             32 |
|  clk         | fsm9/out_reg[0]_87[0]              |                       |               22 |             32 |
|  clk         | fsm9/out_reg[0]_88[0]              |                       |               20 |             32 |
|  clk         | fsm9/out_reg[0]_89[0]              |                       |               21 |             32 |
|  clk         | fsm9/out_reg[0]_9[0]               |                       |               17 |             32 |
|  clk         | fsm9/out_reg[0]_90[0]              |                       |               19 |             32 |
|  clk         | fsm9/out_reg[0]_92[0]              |                       |               19 |             32 |
|  clk         | fsm9/out_reg[0]_93[0]              |                       |               16 |             32 |
|  clk         | fsm9/out_reg[0]_83[0]              |                       |               15 |             32 |
|  clk         | fsm9/out_reg[0]_95[0]              |                       |               19 |             32 |
|  clk         | fsm9/out_reg[0]_96[0]              |                       |               16 |             32 |
|  clk         | fsm9/out_reg[0]_97[0]              |                       |               18 |             32 |
|  clk         | fsm9/out_reg[0]_99[0]              |                       |               14 |             32 |
|  clk         | fsm9/out_reg[1]_1[0]               |                       |               15 |             32 |
|  clk         | fsm9/out_reg[1]_10[0]              |                       |               20 |             32 |
|  clk         | fsm9/out_reg[1]_100[0]             |                       |               18 |             32 |
|  clk         | fsm9/out_reg[1]_101[0]             |                       |               17 |             32 |
|  clk         | fsm9/out_reg[0]_74[0]              |                       |               21 |             32 |
|  clk         | fsm9/out_reg[0]_64[0]              |                       |               22 |             32 |
|  clk         | fsm9/out_reg[0]_65[0]              |                       |               17 |             32 |
|  clk         | fsm9/out_reg[0]_66[0]              |                       |               16 |             32 |
|  clk         | fsm9/out_reg[0]_67[0]              |                       |               23 |             32 |
|  clk         | fsm9/out_reg[0]_68[0]              |                       |               22 |             32 |
|  clk         | fsm9/out_reg[0]_69[0]              |                       |               19 |             32 |
|  clk         | fsm9/out_reg[0]_71[0]              |                       |               21 |             32 |
|  clk         | fsm9/out_reg[0]_72[0]              |                       |               20 |             32 |
|  clk         | fsm9/out_reg[0]_73[0]              |                       |               19 |             32 |
|  clk         | fsm9/out_reg[1]_102[0]             |                       |               19 |             32 |
|  clk         | fsm9/out_reg[0]_75[0]              |                       |               20 |             32 |
|  clk         | fsm9/out_reg[0]_76[0]              |                       |               18 |             32 |
|  clk         | fsm9/out_reg[0]_78[0]              |                       |               15 |             32 |
|  clk         | fsm9/out_reg[0]_79[0]              |                       |               14 |             32 |
|  clk         | fsm9/out_reg[0]_8[0]               |                       |               16 |             32 |
|  clk         | fsm9/out_reg[0]_80[0]              |                       |               18 |             32 |
|  clk         | fsm9/out_reg[0]_81[0]              |                       |               15 |             32 |
|  clk         | fsm9/out_reg[0]_82[0]              |                       |               17 |             32 |
|  clk         | fsm9/out_reg[1]_31[0]              |                       |               16 |             32 |
|  clk         | fsm9/out_reg[1]_22[0]              |                       |               15 |             32 |
|  clk         | fsm9/out_reg[1]_23[0]              |                       |               15 |             32 |
|  clk         | fsm9/out_reg[1]_24[0]              |                       |               15 |             32 |
|  clk         | fsm9/out_reg[1]_25[0]              |                       |               16 |             32 |
|  clk         | fsm9/out_reg[1]_26[0]              |                       |               16 |             32 |
|  clk         | fsm9/out_reg[1]_27[0]              |                       |               15 |             32 |
|  clk         | fsm9/out_reg[1]_29[0]              |                       |               22 |             32 |
|  clk         | fsm9/out_reg[1]_3[0]               |                       |               15 |             32 |
|  clk         | fsm9/out_reg[1]_30[0]              |                       |               17 |             32 |
|  clk         | fsm9/out_reg[1]_20[0]              |                       |               17 |             32 |
|  clk         | fsm9/out_reg[1]_32[0]              |                       |               17 |             32 |
|  clk         | fsm9/out_reg[1]_33[0]              |                       |               20 |             32 |
|  clk         | fsm9/out_reg[1]_34[0]              |                       |               18 |             32 |
|  clk         | fsm9/out_reg[1]_36[0]              |                       |               22 |             32 |
|  clk         | fsm9/out_reg[1]_37[0]              |                       |               17 |             32 |
|  clk         | fsm9/out_reg[1]_38[0]              |                       |               16 |             32 |
|  clk         | fsm9/out_reg[1]_39[0]              |                       |               21 |             32 |
|  clk         | fsm9/out_reg[1]_4[0]               |                       |               18 |             32 |
|  clk         | fsm9/out_reg[1]_111[0]             |                       |               17 |             32 |
|  clk         | fsm9/out_reg[1]_103[0]             |                       |               14 |             32 |
|  clk         | fsm9/out_reg[1]_104[0]             |                       |               13 |             32 |
|  clk         | fsm9/out_reg[1]_106[0]             |                       |               18 |             32 |
|  clk         | fsm9/out_reg[1]_107[0]             |                       |               16 |             32 |
|  clk         | fsm9/out_reg[1]_108[0]             |                       |               16 |             32 |
|  clk         | fsm9/out_reg[1]_109[0]             |                       |               15 |             32 |
|  clk         | fsm9/out_reg[1]_11[0]              |                       |               20 |             32 |
|  clk         | fsm9/out_reg[1]_110[0]             |                       |               13 |             32 |
|  clk         | fsm9/out_reg[0]_62[0]              |                       |               15 |             32 |
|  clk         | fsm9/out_reg[1]_12[0]              |                       |               16 |             32 |
|  clk         | fsm9/out_reg[1]_13[0]              |                       |               16 |             32 |
|  clk         | fsm9/out_reg[1]_15[0]              |                       |               20 |             32 |
|  clk         | fsm9/out_reg[1]_16[0]              |                       |               16 |             32 |
|  clk         | fsm9/out_reg[1]_17[0]              |                       |               15 |             32 |
|  clk         | fsm9/out_reg[1]_18[0]              |                       |               22 |             32 |
|  clk         | fsm9/out_reg[1]_19[0]              |                       |               12 |             32 |
|  clk         | fsm9/out_reg[1]_2[0]               |                       |               21 |             32 |
|  clk         | fsm9/out_reg[0]_15[0]              |                       |               20 |             32 |
|  clk         | fsm9/out_reg[0]_106[0]             |                       |               14 |             32 |
|  clk         | fsm9/out_reg[0]_107[0]             |                       |               22 |             32 |
|  clk         | fsm9/out_reg[0]_108[0]             |                       |               15 |             32 |
|  clk         | fsm9/out_reg[0]_109[0]             |                       |               16 |             32 |
|  clk         | fsm9/out_reg[0]_11[0]              |                       |               19 |             32 |
|  clk         | fsm9/out_reg[0]_110[0]             |                       |               18 |             32 |
|  clk         | fsm9/out_reg[0]_111[0]             |                       |               14 |             32 |
|  clk         | fsm9/out_reg[0]_12[0]              |                       |               17 |             32 |
|  clk         | fsm9/out_reg[0]_13[0]              |                       |               20 |             32 |
|  clk         | fsm9/out_reg[0]_104[0]             |                       |               17 |             32 |
|  clk         | fsm9/out_reg[0]_16[0]              |                       |               17 |             32 |
|  clk         | fsm9/out_reg[0]_17[0]              |                       |               22 |             32 |
|  clk         | fsm9/out_reg[0]_18[0]              |                       |               18 |             32 |
|  clk         | fsm9/out_reg[0]_19[0]              |                       |               16 |             32 |
|  clk         | fsm9/out_reg[0]_2[0]               |                       |               15 |             32 |
|  clk         | fsm9/out_reg[0]_20[0]              |                       |               18 |             32 |
|  clk         | fsm9/out_reg[0]_22[0]              |                       |               13 |             32 |
|  clk         | fsm9/out_reg[0]_23[0]              |                       |               15 |             32 |
|  clk         | fsm7/sum0_write_en                 |                       |                2 |             32 |
|  clk         | mult_pipe0/E[0]                    |                       |               11 |             32 |
|  clk         | mult_pipe2/E[0]                    |                       |                8 |             32 |
|  clk         | mult_pipe3/E[0]                    |                       |               11 |             32 |
|  clk         | A_read0_0_00/A_read0_0_00_write_en |                       |               15 |             32 |
|  clk         | fsm3/v_0_00_write_en               |                       |                9 |             32 |
|  clk         | fsm4/v_1_00_write_en               |                       |               10 |             32 |
|  clk         | fsm5/v_0_10_write_en               |                       |                8 |             32 |
|  clk         | fsm6/v_1_10_write_en               |                       |               11 |             32 |
|  clk         | fsm9/out_reg[0]_24[0]              |                       |               16 |             32 |
|  clk         | fsm7/sum1_write_en                 |                       |                2 |             32 |
|  clk         | fsm9/E[0]                          |                       |               17 |             32 |
|  clk         | fsm9/out_reg[0]_1[0]               |                       |               15 |             32 |
|  clk         | fsm9/out_reg[0]_10[0]              |                       |               20 |             32 |
|  clk         | fsm9/out_reg[0]_100[0]             |                       |               18 |             32 |
|  clk         | fsm9/out_reg[0]_101[0]             |                       |               16 |             32 |
|  clk         | fsm9/out_reg[0]_102[0]             |                       |               18 |             32 |
|  clk         | fsm9/out_reg[0]_103[0]             |                       |               12 |             32 |
|  clk         | fsm9/out_reg[0]_53[0]              |                       |               17 |             32 |
|  clk         | fsm9/out_reg[0]_44[0]              |                       |               17 |             32 |
|  clk         | fsm9/out_reg[0]_45[0]              |                       |               14 |             32 |
|  clk         | fsm9/out_reg[0]_46[0]              |                       |               18 |             32 |
|  clk         | fsm9/out_reg[0]_47[0]              |                       |               12 |             32 |
|  clk         | fsm9/out_reg[0]_48[0]              |                       |               19 |             32 |
|  clk         | fsm9/out_reg[0]_5[0]               |                       |               17 |             32 |
|  clk         | fsm9/out_reg[0]_50[0]              |                       |               17 |             32 |
|  clk         | fsm9/out_reg[0]_51[0]              |                       |               24 |             32 |
|  clk         | fsm9/out_reg[0]_52[0]              |                       |               22 |             32 |
|  clk         | fsm9/out_reg[0]_43[0]              |                       |               17 |             32 |
|  clk         | fsm9/out_reg[0]_54[0]              |                       |               22 |             32 |
|  clk         | fsm9/out_reg[0]_55[0]              |                       |               23 |             32 |
|  clk         | fsm9/out_reg[0]_57[0]              |                       |               11 |             32 |
|  clk         | fsm9/out_reg[0]_58[0]              |                       |               11 |             32 |
|  clk         | fsm9/out_reg[0]_59[0]              |                       |               14 |             32 |
|  clk         | fsm9/out_reg[0]_6[0]               |                       |               21 |             32 |
|  clk         | fsm9/out_reg[0]_60[0]              |                       |               15 |             32 |
|  clk         | fsm9/out_reg[0]_61[0]              |                       |               14 |             32 |
|  clk         | fsm9/out_reg[0]_33[0]              |                       |               13 |             32 |
|  clk         | fsm9/out_reg[0]_25[0]              |                       |               17 |             32 |
|  clk         | fsm9/out_reg[0]_26[0]              |                       |               14 |             32 |
|  clk         | fsm9/out_reg[0]_27[0]              |                       |               17 |             32 |
|  clk         | fsm9/out_reg[0]_29[0]              |                       |               18 |             32 |
|  clk         | fsm9/out_reg[0]_3[0]               |                       |               20 |             32 |
|  clk         | fsm9/out_reg[0]_30[0]              |                       |               15 |             32 |
|  clk         | fsm9/out_reg[0]_31[0]              |                       |               19 |             32 |
|  clk         | fsm9/out_reg[0]_32[0]              |                       |               13 |             32 |
|  clk         | p0/out_reg[1]_27                   |                       |               26 |             32 |
|  clk         | fsm9/out_reg[0]_34[0]              |                       |               18 |             32 |
|  clk         | fsm9/out_reg[0]_36[0]              |                       |               20 |             32 |
|  clk         | fsm9/out_reg[0]_37[0]              |                       |               16 |             32 |
|  clk         | fsm9/out_reg[0]_38[0]              |                       |               21 |             32 |
|  clk         | fsm9/out_reg[0]_39[0]              |                       |               23 |             32 |
|  clk         | fsm9/out_reg[0]_4[0]               |                       |               21 |             32 |
|  clk         | fsm9/out_reg[0]_40[0]              |                       |               19 |             32 |
|  clk         | fsm9/out_reg[0]_41[0]              |                       |               20 |             32 |
|  clk         | fsm9/out_reg[2]_50[0]              |                       |               25 |             32 |
|  clk         | fsm9/out_reg[2]_42[0]              |                       |               23 |             32 |
|  clk         | fsm9/out_reg[2]_43[0]              |                       |               15 |             32 |
|  clk         | fsm9/out_reg[2]_44[0]              |                       |               17 |             32 |
|  clk         | fsm9/out_reg[2]_45[0]              |                       |               15 |             32 |
|  clk         | fsm9/out_reg[2]_46[0]              |                       |               14 |             32 |
|  clk         | fsm9/out_reg[2]_47[0]              |                       |               24 |             32 |
|  clk         | fsm9/out_reg[2]_48[0]              |                       |               22 |             32 |
|  clk         | fsm9/out_reg[2]_49[0]              |                       |               18 |             32 |
|  clk         | fsm9/out_reg[2]_5[0]               |                       |               22 |             32 |
|  clk         | fsm9/out_reg[2]_41[0]              |                       |               24 |             32 |
|  clk         | fsm9/out_reg[2]_51[0]              |                       |               21 |             32 |
|  clk         | fsm9/out_reg[2]_52[0]              |                       |               20 |             32 |
|  clk         | fsm9/out_reg[2]_53[0]              |                       |               18 |             32 |
|  clk         | fsm9/out_reg[2]_54[0]              |                       |               18 |             32 |
|  clk         | fsm9/out_reg[2]_55[0]              |                       |               17 |             32 |
|  clk         | fsm9/out_reg[2]_56[0]              |                       |               17 |             32 |
|  clk         | fsm9/out_reg[2]_57[0]              |                       |               16 |             32 |
|  clk         | fsm9/out_reg[2]_58[0]              |                       |               18 |             32 |
|  clk         | fsm9/out_reg[2]_33[0]              |                       |               13 |             32 |
|  clk         | fsm9/out_reg[2]_26[0]              |                       |               16 |             32 |
|  clk         | fsm9/out_reg[2]_27[0]              |                       |               24 |             32 |
|  clk         | fsm9/out_reg[2]_28[0]              |                       |               19 |             32 |
|  clk         | fsm9/out_reg[2]_29[0]              |                       |               23 |             32 |
|  clk         | fsm9/out_reg[2]_3[0]               |                       |               16 |             32 |
|  clk         | fsm9/out_reg[2]_30[0]              |                       |               21 |             32 |
|  clk         | fsm9/out_reg[2]_31[0]              |                       |               12 |             32 |
|  clk         | fsm9/out_reg[2]_32[0]              |                       |               14 |             32 |
|  clk         | fsm9/out_reg[2]_59[0]              |                       |               17 |             32 |
|  clk         | fsm9/out_reg[2]_34[0]              |                       |               13 |             32 |
|  clk         | fsm9/out_reg[2]_35[0]              |                       |               21 |             32 |
|  clk         | fsm9/out_reg[2]_36[0]              |                       |               19 |             32 |
|  clk         | fsm9/out_reg[2]_37[0]              |                       |               19 |             32 |
|  clk         | fsm9/out_reg[2]_38[0]              |                       |               19 |             32 |
|  clk         | fsm9/out_reg[2]_39[0]              |                       |               19 |             32 |
|  clk         | fsm9/out_reg[2]_4[0]               |                       |               22 |             32 |
|  clk         | fsm9/out_reg[2]_40[0]              |                       |               21 |             32 |
|  clk         | p0/out_reg[1]_2                    |                       |               18 |             32 |
|  clk         | p0/out_reg[1]_10                   |                       |               21 |             32 |
|  clk         | p0/out_reg[1]_11                   |                       |               22 |             32 |
|  clk         | p0/out_reg[1]_12                   |                       |               18 |             32 |
|  clk         | p0/out_reg[1]_13                   |                       |               23 |             32 |
|  clk         | p0/out_reg[1]_14                   |                       |               18 |             32 |
|  clk         | p0/out_reg[1]_16                   |                       |               24 |             32 |
|  clk         | p0/out_reg[1]_17                   |                       |               23 |             32 |
|  clk         | p0/out_reg[1]_18                   |                       |               25 |             32 |
|  clk         | p0/out_reg[1]_19                   |                       |               23 |             32 |
|  clk         | p0/out_reg[1]_1                    |                       |               22 |             32 |
|  clk         | p0/out_reg[1]_20                   |                       |               27 |             32 |
|  clk         | p0/out_reg[1]_21                   |                       |               21 |             32 |
|  clk         | p0/out_reg[1]_22                   |                       |               26 |             32 |
|  clk         | p0/out_reg[1]_23                   |                       |               24 |             32 |
|  clk         | p0/out_reg[1]_24                   |                       |               26 |             32 |
|  clk         | p0/out_reg[1]_25                   |                       |               22 |             32 |
|  clk         | p0/out_reg[1]_26                   |                       |               22 |             32 |
|  clk         | p0/out_reg[1]_28                   |                       |               24 |             32 |
|  clk         | A_read0_1_00/A_read0_1_00_write_en |                       |               20 |             32 |
|  clk         | fsm9/out_reg[2]_6[0]               |                       |               18 |             32 |
|  clk         | fsm9/out_reg[2]_60[0]              |                       |               13 |             32 |
|  clk         | fsm9/out_reg[2]_61[0]              |                       |               17 |             32 |
|  clk         | fsm9/out_reg[2]_62[0]              |                       |               20 |             32 |
|  clk         | fsm9/out_reg[2]_7[0]               |                       |               15 |             32 |
|  clk         | fsm9/out_reg[2]_8[0]               |                       |               14 |             32 |
|  clk         | fsm9/out_reg[2]_9[0]               |                       |               21 |             32 |
|  clk         | A_read0_0_10/A_read0_0_10_write_en |                       |               16 |             32 |
|  clk         | fsm9/out_reg[1]_41[0]              |                       |               23 |             32 |
|  clk         | A_read0_1_10/A_read0_1_10_write_en |                       |               16 |             32 |
|  clk         | fsm1/E[0]                          |                       |               10 |             32 |
|  clk         | fsm12/A_sh_read0_0_write_en        |                       |               11 |             32 |
|  clk         | p0/mem                             |                       |               20 |             32 |
|  clk         | p0/mem_0                           |                       |               26 |             32 |
|  clk         | p0/mem_1                           |                       |               27 |             32 |
|  clk         | p0/mem_2                           |                       |               26 |             32 |
|  clk         | p0/out_reg[1]_0                    |                       |               20 |             32 |
|  clk         | fsm9/out_reg[1]_71[0]              |                       |               19 |             32 |
|  clk         | fsm9/out_reg[1]_60[0]              |                       |               15 |             32 |
|  clk         | fsm9/out_reg[1]_61[0]              |                       |               13 |             32 |
|  clk         | fsm9/out_reg[1]_62[0]              |                       |               15 |             32 |
|  clk         | fsm9/out_reg[1]_64[0]              |                       |               21 |             32 |
|  clk         | fsm9/out_reg[1]_65[0]              |                       |               22 |             32 |
|  clk         | fsm9/out_reg[1]_66[0]              |                       |               19 |             32 |
|  clk         | fsm9/out_reg[1]_67[0]              |                       |               18 |             32 |
|  clk         | fsm9/out_reg[1]_68[0]              |                       |               18 |             32 |
|  clk         | fsm9/out_reg[1]_69[0]              |                       |               20 |             32 |
|  clk         | fsm9/out_reg[1]_6[0]               |                       |               20 |             32 |
|  clk         | fsm9/out_reg[1]_72[0]              |                       |               22 |             32 |
|  clk         | fsm9/out_reg[1]_73[0]              |                       |               24 |             32 |
|  clk         | fsm9/out_reg[1]_74[0]              |                       |               22 |             32 |
|  clk         | fsm9/out_reg[1]_75[0]              |                       |               26 |             32 |
|  clk         | fsm9/out_reg[1]_76[0]              |                       |               24 |             32 |
|  clk         | fsm9/out_reg[1]_78[0]              |                       |               19 |             32 |
|  clk         | fsm9/out_reg[1]_79[0]              |                       |               13 |             32 |
|  clk         | fsm9/out_reg[1]_8[0]               |                       |               22 |             32 |
|  clk         | fsm9/out_reg[1]_50[0]              |                       |               24 |             32 |
|  clk         | fsm9/out_reg[1]_40[0]              |                       |               15 |             32 |
|  clk         | fsm9/out_reg[1]_43[0]              |                       |               22 |             32 |
|  clk         | fsm9/out_reg[1]_44[0]              |                       |               15 |             32 |
|  clk         | fsm9/out_reg[1]_45[0]              |                       |               17 |             32 |
|  clk         | fsm9/out_reg[1]_46[0]              |                       |               19 |             32 |
|  clk         | fsm9/out_reg[1]_47[0]              |                       |               21 |             32 |
|  clk         | fsm9/out_reg[1]_48[0]              |                       |               14 |             32 |
|  clk         | fsm9/out_reg[1]_5[0]               |                       |               19 |             32 |
|  clk         | fsm9/out_reg[2]_24[0]              |                       |               16 |             32 |
|  clk         | fsm9/out_reg[1]_51[0]              |                       |               18 |             32 |
|  clk         | fsm9/out_reg[1]_52[0]              |                       |               22 |             32 |
|  clk         | fsm9/out_reg[1]_53[0]              |                       |               24 |             32 |
|  clk         | fsm9/out_reg[1]_54[0]              |                       |               21 |             32 |
|  clk         | fsm9/out_reg[1]_55[0]              |                       |               24 |             32 |
|  clk         | fsm9/out_reg[1]_57[0]              |                       |               14 |             32 |
|  clk         | fsm9/out_reg[1]_58[0]              |                       |               15 |             32 |
|  clk         | fsm9/out_reg[1]_59[0]              |                       |               10 |             32 |
|  clk         | fsm9/out_reg[2]_17[0]              |                       |               21 |             32 |
|  clk         | fsm9/out_reg[2]_1[0]               |                       |               22 |             32 |
|  clk         | fsm9/out_reg[2]_10[0]              |                       |               19 |             32 |
|  clk         | fsm9/out_reg[2]_11[0]              |                       |               16 |             32 |
|  clk         | fsm9/out_reg[2]_12[0]              |                       |               14 |             32 |
|  clk         | fsm9/out_reg[2]_13[0]              |                       |               15 |             32 |
|  clk         | fsm9/out_reg[2]_14[0]              |                       |               15 |             32 |
|  clk         | fsm9/out_reg[2]_15[0]              |                       |               18 |             32 |
|  clk         | fsm9/out_reg[2]_16[0]              |                       |               16 |             32 |
|  clk         | fsm9/out_reg[1]_81[0]              |                       |               16 |             32 |
|  clk         | fsm9/out_reg[2]_18[0]              |                       |               20 |             32 |
|  clk         | fsm9/out_reg[2]_19[0]              |                       |               18 |             32 |
|  clk         | fsm9/out_reg[2]_2[0]               |                       |               22 |             32 |
|  clk         | fsm9/out_reg[2]_20[0]              |                       |               22 |             32 |
|  clk         | fsm9/out_reg[2]_21[0]              |                       |               21 |             32 |
|  clk         | fsm9/out_reg[2]_22[0]              |                       |               22 |             32 |
|  clk         | fsm9/out_reg[2]_23[0]              |                       |               20 |             32 |
|  clk         | fsm9/out_reg[2]_25[0]              |                       |               17 |             32 |
|  clk         | fsm9/out_reg[1]_99[0]              |                       |               18 |             32 |
|  clk         | fsm9/out_reg[1]_80[0]              |                       |               12 |             32 |
|  clk         | fsm9/out_reg[1]_82[0]              |                       |               17 |             32 |
|  clk         | fsm9/out_reg[1]_83[0]              |                       |               18 |             32 |
|  clk         | fsm9/out_reg[1]_85[0]              |                       |               26 |             32 |
|  clk         | fsm9/out_reg[1]_86[0]              |                       |               19 |             32 |
|  clk         | fsm9/out_reg[1]_87[0]              |                       |               22 |             32 |
|  clk         | fsm9/out_reg[1]_88[0]              |                       |               20 |             32 |
|  clk         | fsm9/out_reg[1]_89[0]              |                       |               16 |             32 |
|  clk         | fsm9/out_reg[1]_9[0]               |                       |               20 |             32 |
|  clk         | fsm9/out_reg[1]_90[0]              |                       |               20 |             32 |
|  clk         | fsm9/out_reg[1]_92[0]              |                       |               23 |             32 |
|  clk         | fsm9/out_reg[1]_93[0]              |                       |               21 |             32 |
|  clk         | fsm9/out_reg[1]_94[0]              |                       |               19 |             32 |
|  clk         | fsm9/out_reg[1]_95[0]              |                       |               17 |             32 |
|  clk         | fsm9/out_reg[1]_96[0]              |                       |               20 |             32 |
|  clk         | fsm9/out_reg[1]_97[0]              |                       |               19 |             32 |
|  clk         | fsm9/out_reg[2]_0[0]               |                       |               17 |             32 |
|  clk         |                                    | mult_pipe3/p_0_in     |                9 |             51 |
|  clk         |                                    | mult_pipe2/p_0_in     |               16 |             51 |
|  clk         |                                    | mult_pipe1/p_0_in     |                9 |             51 |
|  clk         |                                    | mult_pipe0/p_0_in     |                8 |             51 |
|  clk         |                                    |                       |               66 |            164 |
+--------------+------------------------------------+-----------------------+------------------+----------------+


