

================================================================
== Vivado HLS Report for 'kernel'
================================================================
* Date:           Fri Aug  7 18:10:40 2020

* Version:        2019.1 (Build 2552052 on Fri May 24 15:28:33 MDT 2019)
* Project:        benchmark.prj
* Solution:       solution1
* Product family: zynq
* Target device:  xc7z020-clg484-1


================================================================
== Performance Estimates
================================================================
+ Timing (ns): 
    * Summary: 
    +--------+-------+----------+------------+
    |  Clock | Target| Estimated| Uncertainty|
    +--------+-------+----------+------------+
    |ap_clk  |   7.00|     5.745|        0.88|
    +--------+-------+----------+------------+

+ Latency (clock cycles): 
    * Summary: 
    +-----+-----+-----+-----+---------+
    |  Latency  |  Interval | Pipeline|
    | min | max | min | max |   Type  |
    +-----+-----+-----+-----+---------+
    |   49|   49|   49|   49|   none  |
    +-----+-----+-----+-----+---------+

    + Detail: 
        * Instance: 
        N/A

        * Loop: 
        +----------+-----+-----+----------+-----------+-----------+------+----------+
        |          |  Latency  | Iteration|  Initiation Interval  | Trip |          |
        | Loop Name| min | max |  Latency |  achieved |   target  | Count| Pipelined|
        +----------+-----+-----+----------+-----------+-----------+------+----------+
        |- Loop 1  |   48|   48|         6|          -|          -|     8|    no    |
        +----------+-----+-----+----------+-----------+-----------+------+----------+



================================================================
== Utilization Estimates
================================================================
* Summary: 
+-----------------+---------+-------+--------+-------+-----+
|       Name      | BRAM_18K| DSP48E|   FF   |  LUT  | URAM|
+-----------------+---------+-------+--------+-------+-----+
|DSP              |        -|      -|       -|      -|    -|
|Expression       |        -|      -|       0|     24|    -|
|FIFO             |        -|      -|       -|      -|    -|
|Instance         |        0|      3|     202|     89|    -|
|Memory           |        -|      -|       -|      -|    -|
|Multiplexer      |        -|      -|       -|     50|    -|
|Register         |        -|      -|     111|      -|    -|
+-----------------+---------+-------+--------+-------+-----+
|Total            |        0|      3|     313|    163|    0|
+-----------------+---------+-------+--------+-------+-----+
|Available        |      280|    220|  106400|  53200|    0|
+-----------------+---------+-------+--------+-------+-----+
|Utilization (%)  |        0|      1|   ~0   |   ~0  |    0|
+-----------------+---------+-------+--------+-------+-----+

+ Detail: 
    * Instance: 
    +------------------------------+---------------------------+---------+-------+-----+----+-----+
    |           Instance           |           Module          | BRAM_18K| DSP48E|  FF | LUT| URAM|
    +------------------------------+---------------------------+---------+-------+-----+----+-----+
    |kernel_control_s_axi_U        |kernel_control_s_axi       |        0|      0|   36|  40|    0|
    |kernel_mul_32s_32s_32_3_1_U1  |kernel_mul_32s_32s_32_3_1  |        0|      3|  166|  49|    0|
    +------------------------------+---------------------------+---------+-------+-----+----+-----+
    |Total                         |                           |        0|      3|  202|  89|    0|
    +------------------------------+---------------------------+---------+-------+-----+----+-----+

    * DSP48E: 
    N/A

    * Memory: 
    N/A

    * FIFO: 
    N/A

    * Expression: 
    +--------------------+----------+-------+---+----+------------+------------+
    |    Variable Name   | Operation| DSP48E| FF| LUT| Bitwidth P0| Bitwidth P1|
    +--------------------+----------+-------+---+----+------------+------------+
    |i_fu_92_p2          |     +    |      0|  0|  13|           4|           1|
    |icmp_ln11_fu_86_p2  |   icmp   |      0|  0|  11|           4|           5|
    +--------------------+----------+-------+---+----+------------+------------+
    |Total               |          |      0|  0|  24|           8|           6|
    +--------------------+----------+-------+---+----+------------+------------+

    * Multiplexer: 
    +------------+----+-----------+-----+-----------+
    |    Name    | LUT| Input Size| Bits| Total Bits|
    +------------+----+-----------+-----+-----------+
    |ap_NS_fsm   |  41|          8|    1|          8|
    |i_0_reg_75  |   9|          2|    4|          8|
    +------------+----+-----------+-----+-----------+
    |Total       |  50|         10|    5|         16|
    +------------+----+-----------+-----+-----------+

    * Register: 
    +-------------------+----+----+-----+-----------+
    |        Name       | FF | LUT| Bits| Const Bits|
    +-------------------+----+----+-----+-----------+
    |A_V_load_reg_131   |  32|   0|   32|          0|
    |B_V_load_reg_136   |  32|   0|   32|          0|
    |ap_CS_fsm          |   7|   0|    7|          0|
    |i_0_reg_75         |   4|   0|    4|          0|
    |i_reg_116          |   4|   0|    4|          0|
    |mul_ln209_reg_141  |  32|   0|   32|          0|
    +-------------------+----+----+-----+-----------+
    |Total              | 111|   0|  111|          0|
    +-------------------+----+----+-----+-----------+



================================================================
== Interface
================================================================
* Summary: 
+-----------------------+-----+-----+------------+--------------+--------------+
|       RTL Ports       | Dir | Bits|  Protocol  | Source Object|    C Type    |
+-----------------------+-----+-----+------------+--------------+--------------+
|s_axi_control_AWVALID  |  in |    1|    s_axi   |    control   |  return void |
|s_axi_control_AWREADY  | out |    1|    s_axi   |    control   |  return void |
|s_axi_control_AWADDR   |  in |    4|    s_axi   |    control   |  return void |
|s_axi_control_WVALID   |  in |    1|    s_axi   |    control   |  return void |
|s_axi_control_WREADY   | out |    1|    s_axi   |    control   |  return void |
|s_axi_control_WDATA    |  in |   32|    s_axi   |    control   |  return void |
|s_axi_control_WSTRB    |  in |    4|    s_axi   |    control   |  return void |
|s_axi_control_ARVALID  |  in |    1|    s_axi   |    control   |  return void |
|s_axi_control_ARREADY  | out |    1|    s_axi   |    control   |  return void |
|s_axi_control_ARADDR   |  in |    4|    s_axi   |    control   |  return void |
|s_axi_control_RVALID   | out |    1|    s_axi   |    control   |  return void |
|s_axi_control_RREADY   |  in |    1|    s_axi   |    control   |  return void |
|s_axi_control_RDATA    | out |   32|    s_axi   |    control   |  return void |
|s_axi_control_RRESP    | out |    2|    s_axi   |    control   |  return void |
|s_axi_control_BVALID   | out |    1|    s_axi   |    control   |  return void |
|s_axi_control_BREADY   |  in |    1|    s_axi   |    control   |  return void |
|s_axi_control_BRESP    | out |    2|    s_axi   |    control   |  return void |
|ap_clk                 |  in |    1| ap_ctrl_hs |    kernel    | return value |
|ap_rst_n               |  in |    1| ap_ctrl_hs |    kernel    | return value |
|interrupt              | out |    1| ap_ctrl_hs |    kernel    | return value |
|A_V_address0           | out |    3|  ap_memory |      A_V     |     array    |
|A_V_ce0                | out |    1|  ap_memory |      A_V     |     array    |
|A_V_q0                 |  in |   32|  ap_memory |      A_V     |     array    |
|B_V_address0           | out |    3|  ap_memory |      B_V     |     array    |
|B_V_ce0                | out |    1|  ap_memory |      B_V     |     array    |
|B_V_q0                 |  in |   32|  ap_memory |      B_V     |     array    |
|v_V_address0           | out |    1|  ap_memory |      v_V     |     array    |
|v_V_ce0                | out |    1|  ap_memory |      v_V     |     array    |
|v_V_we0                | out |    1|  ap_memory |      v_V     |     array    |
|v_V_d0                 | out |   32|  ap_memory |      v_V     |     array    |
+-----------------------+-----+-----+------------+--------------+--------------+

