
*** Running vivado
    with args -log main.vdi -applog -m64 -product Vivado -messageDb vivado.pb -mode batch -source main.tcl -notrace


****** Vivado v2019.1 (64-bit)
  **** SW Build 2552052 on Fri May 24 14:47:09 MDT 2019
  **** IP Build 2548770 on Fri May 24 18:01:18 MDT 2019
    ** Copyright 1986-2019 Xilinx, Inc. All Rights Reserved.

source main.tcl -notrace
Command: link_design -top main -part xczu3eg-sbva484-1-e -mode out_of_context
Design is defaulting to srcset: sources_1
Design is defaulting to constrset: constrs_1
INFO: [Device 21-403] Loading part xczu3eg-sbva484-1-e
INFO: [Netlist 29-17] Analyzing 37 Unisim elements for replacement
INFO: [Netlist 29-28] Unisim Transformation completed in 1 CPU seconds
INFO: [Project 1-479] Netlist was created with Vivado 2019.1
INFO: [Project 1-570] Preparing netlist for logic optimization
Parsing XDC File [/tmp/tmp.nFWqsRiiez/device.xdc]
create_clock: Time (s): cpu = 00:00:05 ; elapsed = 00:00:05 . Memory (MB): peak = 2390.465 ; gain = 0.000 ; free physical = 17295 ; free virtual = 25089
Finished Parsing XDC File [/tmp/tmp.nFWqsRiiez/device.xdc]
INFO: [Opt 31-138] Pushed 0 inverter(s) to 0 load pin(s).
Netlist sorting complete. Time (s): cpu = 00:00:00 ; elapsed = 00:00:00 . Memory (MB): peak = 2390.465 ; gain = 0.000 ; free physical = 17299 ; free virtual = 25093
INFO: [Project 1-111] Unisim Transformation Summary:
  A total of 6 instances were transformed.
  DSP48E2 => DSP48E2 (DSP_ALU, DSP_A_B_DATA, DSP_C_DATA, DSP_MULTIPLIER, DSP_M_DATA, DSP_OUTPUT, DSP_PREADD_DATA, DSP_PREADD): 6 instances

7 Infos, 0 Warnings, 0 Critical Warnings and 0 Errors encountered.
link_design completed successfully
link_design: Time (s): cpu = 00:00:20 ; elapsed = 00:01:01 . Memory (MB): peak = 2390.465 ; gain = 898.301 ; free physical = 17298 ; free virtual = 25093
Command: opt_design
Attempting to get a license for feature 'Implementation' and/or device 'xczu3eg'
INFO: [Common 17-349] Got license for feature 'Implementation' and/or device 'xczu3eg'
Running DRC as a precondition to command opt_design

Starting DRC Task
INFO: [DRC 23-27] Running DRC with 8 threads
INFO: [Project 1-461] DRC finished with 0 Errors
INFO: [Project 1-462] Please refer to the DRC report (report_drc) for more information.

Time (s): cpu = 00:00:04 ; elapsed = 00:00:09 . Memory (MB): peak = 2454.496 ; gain = 64.031 ; free physical = 16827 ; free virtual = 24622

Starting Cache Timing Information Task
INFO: [Timing 38-35] Done setting XDC timing constraints.
Ending Cache Timing Information Task | Checksum: ffd732e4

Time (s): cpu = 00:00:06 ; elapsed = 00:00:21 . Memory (MB): peak = 2653.684 ; gain = 199.188 ; free physical = 14877 ; free virtual = 22672

Starting Logic Optimization Task

Phase 1 Retarget
INFO: [Opt 31-138] Pushed 2 inverter(s) to 117 load pin(s).
INFO: [Opt 31-49] Retargeted 0 cell(s).
Phase 1 Retarget | Checksum: 10fc46d77

Time (s): cpu = 00:00:00.38 ; elapsed = 00:00:00.15 . Memory (MB): peak = 2767.590 ; gain = 0.004 ; free physical = 14579 ; free virtual = 22374
INFO: [Opt 31-389] Phase Retarget created 0 cells and removed 3 cells

Phase 2 Constant propagation
INFO: [Opt 31-138] Pushed 0 inverter(s) to 0 load pin(s).
Phase 2 Constant propagation | Checksum: 14af98a19

Time (s): cpu = 00:00:00.40 ; elapsed = 00:00:00.17 . Memory (MB): peak = 2767.590 ; gain = 0.004 ; free physical = 14578 ; free virtual = 22374
INFO: [Opt 31-389] Phase Constant propagation created 0 cells and removed 0 cells

Phase 3 Sweep
Phase 3 Sweep | Checksum: 1c4ea068c

Time (s): cpu = 00:00:00.46 ; elapsed = 00:00:00.23 . Memory (MB): peak = 2767.590 ; gain = 0.004 ; free physical = 14573 ; free virtual = 22368
INFO: [Opt 31-389] Phase Sweep created 0 cells and removed 0 cells

Phase 4 BUFG optimization
Phase 4 BUFG optimization | Checksum: 1c4ea068c

Time (s): cpu = 00:00:00.47 ; elapsed = 00:00:00.24 . Memory (MB): peak = 2767.590 ; gain = 0.004 ; free physical = 14567 ; free virtual = 22362
INFO: [Opt 31-662] Phase BUFG optimization created 0 cells of which 0 are BUFGs and removed 0 cells.

Phase 5 Shift Register Optimization
INFO: [Opt 31-1064] SRL Remap converted 0 SRLs to 0 registers and converted 0 registers of register chains to 0 SRLs
Phase 5 Shift Register Optimization | Checksum: 1c4ea068c

Time (s): cpu = 00:00:00.49 ; elapsed = 00:00:00.26 . Memory (MB): peak = 2767.590 ; gain = 0.004 ; free physical = 14570 ; free virtual = 22366
INFO: [Opt 31-389] Phase Shift Register Optimization created 0 cells and removed 0 cells

Phase 6 Post Processing Netlist
Phase 6 Post Processing Netlist | Checksum: 1c4ea068c

Time (s): cpu = 00:00:00.50 ; elapsed = 00:00:00.27 . Memory (MB): peak = 2767.590 ; gain = 0.004 ; free physical = 14571 ; free virtual = 22367
INFO: [Opt 31-389] Phase Post Processing Netlist created 0 cells and removed 0 cells
Opt_design Change Summary
=========================


-------------------------------------------------------------------------------------------------------------------------
|  Phase                        |  #Cells created  |  #Cells Removed  |  #Constrained objects preventing optimizations  |
-------------------------------------------------------------------------------------------------------------------------
|  Retarget                     |               0  |               3  |                                              0  |
|  Constant propagation         |               0  |               0  |                                              0  |
|  Sweep                        |               0  |               0  |                                              0  |
|  BUFG optimization            |               0  |               0  |                                              0  |
|  Shift Register Optimization  |               0  |               0  |                                              0  |
|  Post Processing Netlist      |               0  |               0  |                                              0  |
-------------------------------------------------------------------------------------------------------------------------



Starting Connectivity Check Task

Time (s): cpu = 00:00:00.01 ; elapsed = 00:00:00 . Memory (MB): peak = 2767.590 ; gain = 0.000 ; free physical = 14568 ; free virtual = 22364
Ending Logic Optimization Task | Checksum: df0b19e0

Time (s): cpu = 00:00:00.55 ; elapsed = 00:00:00.33 . Memory (MB): peak = 2767.590 ; gain = 0.004 ; free physical = 14553 ; free virtual = 22349

Starting Power Optimization Task
INFO: [Pwropt 34-132] Skipping clock gating for clocks with a period < 2.00 ns.
Ending Power Optimization Task | Checksum: df0b19e0

Time (s): cpu = 00:00:00.01 ; elapsed = 00:00:00.05 . Memory (MB): peak = 2767.590 ; gain = 0.000 ; free physical = 14548 ; free virtual = 22343

Starting Final Cleanup Task
Ending Final Cleanup Task | Checksum: df0b19e0

Time (s): cpu = 00:00:00 ; elapsed = 00:00:00 . Memory (MB): peak = 2767.590 ; gain = 0.000 ; free physical = 14548 ; free virtual = 22343

Starting Netlist Obfuscation Task
Netlist sorting complete. Time (s): cpu = 00:00:00 ; elapsed = 00:00:00 . Memory (MB): peak = 2767.590 ; gain = 0.000 ; free physical = 14547 ; free virtual = 22343
Ending Netlist Obfuscation Task | Checksum: df0b19e0

Time (s): cpu = 00:00:00 ; elapsed = 00:00:00.01 . Memory (MB): peak = 2767.590 ; gain = 0.000 ; free physical = 14547 ; free virtual = 22342
INFO: [Common 17-83] Releasing license: Implementation
24 Infos, 0 Warnings, 0 Critical Warnings and 0 Errors encountered.
opt_design completed successfully
opt_design: Time (s): cpu = 00:00:13 ; elapsed = 00:00:32 . Memory (MB): peak = 2767.590 ; gain = 377.125 ; free physical = 14547 ; free virtual = 22342
Netlist sorting complete. Time (s): cpu = 00:00:00 ; elapsed = 00:00:00 . Memory (MB): peak = 2767.590 ; gain = 0.000 ; free physical = 14547 ; free virtual = 22342
INFO: [Timing 38-35] Done setting XDC timing constraints.
INFO: [Timing 38-480] Writing timing data to binary archive.
INFO: [Common 17-1381] The checkpoint '/tmp/tmp.nFWqsRiiez/out/FutilBuild.runs/impl_1/main_opt.dcp' has been generated.
INFO: [runtcl-4] Executing : report_drc -file main_drc_opted.rpt -pb main_drc_opted.pb -rpx main_drc_opted.rpx
Command: report_drc -file main_drc_opted.rpt -pb main_drc_opted.pb -rpx main_drc_opted.rpx
INFO: [IP_Flow 19-234] Refreshing IP repositories
INFO: [IP_Flow 19-1704] No user IP repositories specified
INFO: [IP_Flow 19-2313] Loaded Vivado IP repository '/opt/Xilinx/Vivado/2019.1/data/ip'.
INFO: [DRC 23-27] Running DRC with 8 threads
INFO: [Coretcl 2-168] The results of DRC are in file /tmp/tmp.nFWqsRiiez/out/FutilBuild.runs/impl_1/main_drc_opted.rpt.
report_drc completed successfully
report_drc: Time (s): cpu = 00:00:07 ; elapsed = 00:00:12 . Memory (MB): peak = 2937.715 ; gain = 138.105 ; free physical = 13756 ; free virtual = 21554
Command: place_design
Attempting to get a license for feature 'Implementation' and/or device 'xczu3eg'
INFO: [Common 17-349] Got license for feature 'Implementation' and/or device 'xczu3eg'
INFO: [DRC 23-27] Running DRC with 8 threads
INFO: [Vivado_Tcl 4-198] DRC finished with 0 Errors
INFO: [Vivado_Tcl 4-199] Please refer to the DRC report (report_drc) for more information.
Running DRC as a precondition to command place_design
INFO: [DRC 23-27] Running DRC with 8 threads
INFO: [Vivado_Tcl 4-198] DRC finished with 0 Errors
INFO: [Vivado_Tcl 4-199] Please refer to the DRC report (report_drc) for more information.

Starting Placer Task
INFO: [Place 30-611] Multithreading enabled for place_design using a maximum of 8 CPUs

Phase 1 Placer Initialization

Phase 1.1 Placer Initialization Netlist Sorting
Netlist sorting complete. Time (s): cpu = 00:00:00 ; elapsed = 00:00:00 . Memory (MB): peak = 2943.652 ; gain = 0.000 ; free physical = 13434 ; free virtual = 21233
Phase 1.1 Placer Initialization Netlist Sorting | Checksum: 5df1602f

Time (s): cpu = 00:00:00.01 ; elapsed = 00:00:00.03 . Memory (MB): peak = 2943.652 ; gain = 0.000 ; free physical = 13433 ; free virtual = 21232
Netlist sorting complete. Time (s): cpu = 00:00:00 ; elapsed = 00:00:00.01 . Memory (MB): peak = 2943.652 ; gain = 0.000 ; free physical = 13432 ; free virtual = 21231

Phase 1.2 IO Placement/ Clock Placement/ Build Placer Device
Phase 1.2 IO Placement/ Clock Placement/ Build Placer Device | Checksum: 627aece3

Time (s): cpu = 00:00:45 ; elapsed = 00:02:08 . Memory (MB): peak = 4040.926 ; gain = 1097.273 ; free physical = 6587 ; free virtual = 14391

Phase 1.3 Build Placer Netlist Model
Phase 1.3 Build Placer Netlist Model | Checksum: bdbacdb8

Time (s): cpu = 00:00:47 ; elapsed = 00:02:08 . Memory (MB): peak = 4079.965 ; gain = 1136.312 ; free physical = 6465 ; free virtual = 14270

Phase 1.4 Constrain Clocks/Macros
Phase 1.4 Constrain Clocks/Macros | Checksum: bdbacdb8

Time (s): cpu = 00:00:47 ; elapsed = 00:02:08 . Memory (MB): peak = 4079.965 ; gain = 1136.312 ; free physical = 6471 ; free virtual = 14275
Phase 1 Placer Initialization | Checksum: bdbacdb8

Time (s): cpu = 00:00:47 ; elapsed = 00:02:08 . Memory (MB): peak = 4079.965 ; gain = 1136.312 ; free physical = 6469 ; free virtual = 14273

Phase 2 Global Placement

Phase 2.1 Floorplanning
Phase 2.1 Floorplanning | Checksum: 690326aa

Time (s): cpu = 00:00:48 ; elapsed = 00:02:09 . Memory (MB): peak = 4079.965 ; gain = 1136.312 ; free physical = 6329 ; free virtual = 14134

Phase 2.2 Global Placement Core

Phase 2.2.1 Physical Synthesis In Placer
INFO: [Physopt 32-65] No nets found for high-fanout optimization.
INFO: [Physopt 32-232] Optimized 0 net. Created 0 new instance.
INFO: [Physopt 32-775] End 1 Pass. Optimized 0 net or cell. Created 0 new cell, deleted 0 existing cell and moved 0 existing cell
INFO: [Physopt 32-670] No setup violation found.  DSP Register Optimization was not performed.
INFO: [Physopt 32-670] No setup violation found.  Shift Register Optimization was not performed.
INFO: [Physopt 32-670] No setup violation found.  BRAM Register Optimization was not performed.
INFO: [Physopt 32-949] No candidate nets found for HD net replication
INFO: [Physopt 32-775] End 1 Pass. Optimized 0 net or cell. Created 0 new cell, deleted 0 existing cell and moved 0 existing cell
Netlist sorting complete. Time (s): cpu = 00:00:00 ; elapsed = 00:00:00 . Memory (MB): peak = 4095.973 ; gain = 0.000 ; free physical = 6146 ; free virtual = 13951

Summary of Physical Synthesis Optimizations
============================================


----------------------------------------------------------------------------------------------------------------------------------------
|  Optimization                  |  Added Cells  |  Removed Cells  |  Optimized Cells/Nets  |  Dont Touch  |  Iterations  |  Elapsed   |
----------------------------------------------------------------------------------------------------------------------------------------
|  Very High Fanout              |            0  |              0  |                     0  |           0  |           1  |  00:00:00  |
|  DSP Register                  |            0  |              0  |                     0  |           0  |           0  |  00:00:00  |
|  Shift Register                |            0  |              0  |                     0  |           0  |           0  |  00:00:00  |
|  BRAM Register                 |            0  |              0  |                     0  |           0  |           0  |  00:00:00  |
|  HD Interface Net Replication  |            0  |              0  |                     0  |           0  |           1  |  00:00:00  |
|  Total                         |            0  |              0  |                     0  |           0  |           2  |  00:00:00  |
----------------------------------------------------------------------------------------------------------------------------------------


Phase 2.2.1 Physical Synthesis In Placer | Checksum: 19e7b9c61

Time (s): cpu = 00:00:57 ; elapsed = 00:02:12 . Memory (MB): peak = 4095.973 ; gain = 1152.320 ; free physical = 6092 ; free virtual = 13898
Phase 2.2 Global Placement Core | Checksum: 12cfffee7

Time (s): cpu = 00:00:57 ; elapsed = 00:02:13 . Memory (MB): peak = 4095.973 ; gain = 1152.320 ; free physical = 6044 ; free virtual = 13850
Phase 2 Global Placement | Checksum: 12cfffee7

Time (s): cpu = 00:00:57 ; elapsed = 00:02:13 . Memory (MB): peak = 4095.973 ; gain = 1152.320 ; free physical = 6041 ; free virtual = 13847

Phase 3 Detail Placement

Phase 3.1 Commit Multi Column Macros
Phase 3.1 Commit Multi Column Macros | Checksum: 1045abaa5

Time (s): cpu = 00:00:57 ; elapsed = 00:02:13 . Memory (MB): peak = 4095.973 ; gain = 1152.320 ; free physical = 6019 ; free virtual = 13825

Phase 3.2 Commit Most Macros & LUTRAMs
Phase 3.2 Commit Most Macros & LUTRAMs | Checksum: 157fb49a4

Time (s): cpu = 00:00:58 ; elapsed = 00:02:13 . Memory (MB): peak = 4095.973 ; gain = 1152.320 ; free physical = 6055 ; free virtual = 13861

Phase 3.3 Area Swap Optimization
Phase 3.3 Area Swap Optimization | Checksum: 1d4977ea6

Time (s): cpu = 00:00:58 ; elapsed = 00:02:13 . Memory (MB): peak = 4095.973 ; gain = 1152.320 ; free physical = 6070 ; free virtual = 13876

Phase 3.4 Small Shape Clustering
Phase 3.4 Small Shape Clustering | Checksum: 17515e41b

Time (s): cpu = 00:00:58 ; elapsed = 00:02:13 . Memory (MB): peak = 4095.973 ; gain = 1152.320 ; free physical = 6116 ; free virtual = 13922

Phase 3.5 Flow Legalize Slice Clusters
Phase 3.5 Flow Legalize Slice Clusters | Checksum: 125a3c16a

Time (s): cpu = 00:00:58 ; elapsed = 00:02:13 . Memory (MB): peak = 4095.973 ; gain = 1152.320 ; free physical = 6124 ; free virtual = 13930

Phase 3.6 Slice Area Swap
Phase 3.6 Slice Area Swap | Checksum: 17e4d65ab

Time (s): cpu = 00:00:58 ; elapsed = 00:02:13 . Memory (MB): peak = 4095.973 ; gain = 1152.320 ; free physical = 6135 ; free virtual = 13941

Phase 3.7 Commit Slice Clusters
Phase 3.7 Commit Slice Clusters | Checksum: 1b89e4096

Time (s): cpu = 00:00:59 ; elapsed = 00:02:13 . Memory (MB): peak = 4095.973 ; gain = 1152.320 ; free physical = 6128 ; free virtual = 13934

Phase 3.8 Re-assign LUT pins
Phase 3.8 Re-assign LUT pins | Checksum: 1b2a23bfe

Time (s): cpu = 00:00:59 ; elapsed = 00:02:13 . Memory (MB): peak = 4095.973 ; gain = 1152.320 ; free physical = 6063 ; free virtual = 13869

Phase 3.9 Pipeline Register Optimization
Phase 3.9 Pipeline Register Optimization | Checksum: 178023257

Time (s): cpu = 00:00:59 ; elapsed = 00:02:14 . Memory (MB): peak = 4095.973 ; gain = 1152.320 ; free physical = 6043 ; free virtual = 13849
Phase 3 Detail Placement | Checksum: 178023257

Time (s): cpu = 00:00:59 ; elapsed = 00:02:14 . Memory (MB): peak = 4095.973 ; gain = 1152.320 ; free physical = 6037 ; free virtual = 13843

Phase 4 Post Placement Optimization and Clean-Up

Phase 4.1 Post Commit Optimization
INFO: [Timing 38-35] Done setting XDC timing constraints.

Phase 4.1.1 Post Placement Optimization
Post Placement Optimization Initialization | Checksum: 15f760f3e

Phase 4.1.1.1 BUFG Insertion
INFO: [Place 46-56] BUFG insertion identified 0 candidate nets. Inserted BUFG: 0, Replicated BUFG Driver: 0, Skipped due to Placement/Routing Conflicts: 0, Skipped due to Timing Degradation: 0, Skipped due to Illegal Netlist: 0.
Phase 4.1.1.1 BUFG Insertion | Checksum: 15f760f3e

Time (s): cpu = 00:01:01 ; elapsed = 00:02:14 . Memory (MB): peak = 4095.973 ; gain = 1152.320 ; free physical = 6115 ; free virtual = 13921
INFO: [Place 30-746] Post Placement Timing Summary WNS=4.195. For the most accurate timing information please run report_timing.
Phase 4.1.1 Post Placement Optimization | Checksum: 86d67809

Time (s): cpu = 00:01:01 ; elapsed = 00:02:14 . Memory (MB): peak = 4095.973 ; gain = 1152.320 ; free physical = 6116 ; free virtual = 13922
Phase 4.1 Post Commit Optimization | Checksum: 86d67809

Time (s): cpu = 00:01:01 ; elapsed = 00:02:14 . Memory (MB): peak = 4095.973 ; gain = 1152.320 ; free physical = 6132 ; free virtual = 13938

Phase 4.2 Post Placement Cleanup
Phase 4.2 Post Placement Cleanup | Checksum: 86d67809

Time (s): cpu = 00:01:01 ; elapsed = 00:02:14 . Memory (MB): peak = 4095.973 ; gain = 1152.320 ; free physical = 6141 ; free virtual = 13946

Phase 4.3 Placer Reporting
Phase 4.3 Placer Reporting | Checksum: 86d67809

Time (s): cpu = 00:01:04 ; elapsed = 00:02:17 . Memory (MB): peak = 4095.973 ; gain = 1152.320 ; free physical = 6231 ; free virtual = 14038

Phase 4.4 Final Placement Cleanup
Netlist sorting complete. Time (s): cpu = 00:00:00 ; elapsed = 00:00:00 . Memory (MB): peak = 4095.973 ; gain = 0.000 ; free physical = 6233 ; free virtual = 14041
Phase 4.4 Final Placement Cleanup | Checksum: b0239e54

Time (s): cpu = 00:01:04 ; elapsed = 00:02:17 . Memory (MB): peak = 4095.973 ; gain = 1152.320 ; free physical = 6247 ; free virtual = 14054
Phase 4 Post Placement Optimization and Clean-Up | Checksum: b0239e54

Time (s): cpu = 00:01:04 ; elapsed = 00:02:17 . Memory (MB): peak = 4095.973 ; gain = 1152.320 ; free physical = 6255 ; free virtual = 14063
Ending Placer Task | Checksum: 9c8f6848

Time (s): cpu = 00:01:04 ; elapsed = 00:02:17 . Memory (MB): peak = 4095.973 ; gain = 1152.320 ; free physical = 6265 ; free virtual = 14073
INFO: [Common 17-83] Releasing license: Implementation
53 Infos, 0 Warnings, 0 Critical Warnings and 0 Errors encountered.
place_design completed successfully
place_design: Time (s): cpu = 00:01:09 ; elapsed = 00:02:28 . Memory (MB): peak = 4095.973 ; gain = 1158.258 ; free physical = 6305 ; free virtual = 14113
Netlist sorting complete. Time (s): cpu = 00:00:00 ; elapsed = 00:00:00 . Memory (MB): peak = 4095.973 ; gain = 0.000 ; free physical = 6309 ; free virtual = 14117
INFO: [Timing 38-480] Writing timing data to binary archive.
Writing placer database...
Writing XDEF routing.
Writing XDEF routing logical nets.
Writing XDEF routing special nets.
Write XDEF Complete: Time (s): cpu = 00:00:00.60 ; elapsed = 00:00:00.20 . Memory (MB): peak = 4095.973 ; gain = 0.000 ; free physical = 6307 ; free virtual = 14119
INFO: [Common 17-1381] The checkpoint '/tmp/tmp.nFWqsRiiez/out/FutilBuild.runs/impl_1/main_placed.dcp' has been generated.
INFO: [runtcl-4] Executing : report_io -file main_io_placed.rpt
report_io: Time (s): cpu = 00:00:00.10 ; elapsed = 00:00:00.23 . Memory (MB): peak = 4095.973 ; gain = 0.000 ; free physical = 6086 ; free virtual = 13895
INFO: [runtcl-4] Executing : report_utilization -file main_utilization_placed.rpt -pb main_utilization_placed.pb
INFO: [runtcl-4] Executing : report_control_sets -verbose -file main_control_sets_placed.rpt
report_control_sets: Time (s): cpu = 00:00:00.03 ; elapsed = 00:00:00.16 . Memory (MB): peak = 4095.973 ; gain = 0.000 ; free physical = 6048 ; free virtual = 13856
Command: route_design
Attempting to get a license for feature 'Implementation' and/or device 'xczu3eg'
INFO: [Common 17-349] Got license for feature 'Implementation' and/or device 'xczu3eg'
Running DRC as a precondition to command route_design
INFO: [DRC 23-27] Running DRC with 8 threads
INFO: [Vivado_Tcl 4-198] DRC finished with 0 Errors
INFO: [Vivado_Tcl 4-199] Please refer to the DRC report (report_drc) for more information.


Starting Routing Task
INFO: [Route 35-254] Multithreading enabled for route_design using a maximum of 8 CPUs
Checksum: PlaceDB: 6eef9a47 ConstDB: 0 ShapeSum: 2d9fce01 RouteDB: 0

Phase 1 Build RT Design
WARNING: [Route 35-197] Clock port "clk" does not have an associated HD.CLK_SRC. Without this constraint, timing analysis may not be accurate and upstream checks cannot be done to ensure correct clock placement.
WARNING: [Route 35-198] Port "A_int0_0_read_data[16]" does not have an associated HD.PARTPIN_LOCS, which will prevent the partial routing of the signal "A_int0_0_read_data[16]". Without this partial route, timing analysis to/from this port will not be accurate, and no routing information for this port can be exported.
WARNING: [Route 35-198] Port "A_int0_0_read_data[19]" does not have an associated HD.PARTPIN_LOCS, which will prevent the partial routing of the signal "A_int0_0_read_data[19]". Without this partial route, timing analysis to/from this port will not be accurate, and no routing information for this port can be exported.
WARNING: [Route 35-198] Port "A_int0_0_read_data[23]" does not have an associated HD.PARTPIN_LOCS, which will prevent the partial routing of the signal "A_int0_0_read_data[23]". Without this partial route, timing analysis to/from this port will not be accurate, and no routing information for this port can be exported.
WARNING: [Route 35-198] Port "A_int0_0_read_data[24]" does not have an associated HD.PARTPIN_LOCS, which will prevent the partial routing of the signal "A_int0_0_read_data[24]". Without this partial route, timing analysis to/from this port will not be accurate, and no routing information for this port can be exported.
WARNING: [Route 35-198] Port "A_int0_0_read_data[25]" does not have an associated HD.PARTPIN_LOCS, which will prevent the partial routing of the signal "A_int0_0_read_data[25]". Without this partial route, timing analysis to/from this port will not be accurate, and no routing information for this port can be exported.
WARNING: [Route 35-198] Port "A_int0_0_read_data[28]" does not have an associated HD.PARTPIN_LOCS, which will prevent the partial routing of the signal "A_int0_0_read_data[28]". Without this partial route, timing analysis to/from this port will not be accurate, and no routing information for this port can be exported.
WARNING: [Route 35-198] Port "A_int0_0_read_data[29]" does not have an associated HD.PARTPIN_LOCS, which will prevent the partial routing of the signal "A_int0_0_read_data[29]". Without this partial route, timing analysis to/from this port will not be accurate, and no routing information for this port can be exported.
WARNING: [Route 35-198] Port "A_int0_0_read_data[4]" does not have an associated HD.PARTPIN_LOCS, which will prevent the partial routing of the signal "A_int0_0_read_data[4]". Without this partial route, timing analysis to/from this port will not be accurate, and no routing information for this port can be exported.
WARNING: [Route 35-198] Port "A_int0_0_read_data[5]" does not have an associated HD.PARTPIN_LOCS, which will prevent the partial routing of the signal "A_int0_0_read_data[5]". Without this partial route, timing analysis to/from this port will not be accurate, and no routing information for this port can be exported.
WARNING: [Route 35-198] Port "A_int0_0_read_data[6]" does not have an associated HD.PARTPIN_LOCS, which will prevent the partial routing of the signal "A_int0_0_read_data[6]". Without this partial route, timing analysis to/from this port will not be accurate, and no routing information for this port can be exported.
WARNING: [Route 35-198] Port "A_int0_0_read_data[7]" does not have an associated HD.PARTPIN_LOCS, which will prevent the partial routing of the signal "A_int0_0_read_data[7]". Without this partial route, timing analysis to/from this port will not be accurate, and no routing information for this port can be exported.
WARNING: [Route 35-198] Port "A_int0_0_read_data[8]" does not have an associated HD.PARTPIN_LOCS, which will prevent the partial routing of the signal "A_int0_0_read_data[8]". Without this partial route, timing analysis to/from this port will not be accurate, and no routing information for this port can be exported.
WARNING: [Route 35-198] Port "A_int0_0_read_data[12]" does not have an associated HD.PARTPIN_LOCS, which will prevent the partial routing of the signal "A_int0_0_read_data[12]". Without this partial route, timing analysis to/from this port will not be accurate, and no routing information for this port can be exported.
WARNING: [Route 35-198] Port "A_int0_0_read_data[13]" does not have an associated HD.PARTPIN_LOCS, which will prevent the partial routing of the signal "A_int0_0_read_data[13]". Without this partial route, timing analysis to/from this port will not be accurate, and no routing information for this port can be exported.
WARNING: [Route 35-198] Port "A_int0_0_read_data[18]" does not have an associated HD.PARTPIN_LOCS, which will prevent the partial routing of the signal "A_int0_0_read_data[18]". Without this partial route, timing analysis to/from this port will not be accurate, and no routing information for this port can be exported.
WARNING: [Route 35-198] Port "A_int0_0_read_data[21]" does not have an associated HD.PARTPIN_LOCS, which will prevent the partial routing of the signal "A_int0_0_read_data[21]". Without this partial route, timing analysis to/from this port will not be accurate, and no routing information for this port can be exported.
WARNING: [Route 35-198] Port "A_int0_0_read_data[26]" does not have an associated HD.PARTPIN_LOCS, which will prevent the partial routing of the signal "A_int0_0_read_data[26]". Without this partial route, timing analysis to/from this port will not be accurate, and no routing information for this port can be exported.
WARNING: [Route 35-198] Port "A_int0_0_read_data[27]" does not have an associated HD.PARTPIN_LOCS, which will prevent the partial routing of the signal "A_int0_0_read_data[27]". Without this partial route, timing analysis to/from this port will not be accurate, and no routing information for this port can be exported.
WARNING: [Route 35-198] Port "A_int0_0_read_data[30]" does not have an associated HD.PARTPIN_LOCS, which will prevent the partial routing of the signal "A_int0_0_read_data[30]". Without this partial route, timing analysis to/from this port will not be accurate, and no routing information for this port can be exported.
WARNING: [Route 35-198] Port "A_int0_0_read_data[31]" does not have an associated HD.PARTPIN_LOCS, which will prevent the partial routing of the signal "A_int0_0_read_data[31]". Without this partial route, timing analysis to/from this port will not be accurate, and no routing information for this port can be exported.
WARNING: [Route 35-198] Port "go" does not have an associated HD.PARTPIN_LOCS, which will prevent the partial routing of the signal "go". Without this partial route, timing analysis to/from this port will not be accurate, and no routing information for this port can be exported.
WARNING: [Route 35-198] Port "A_int0_0_done" does not have an associated HD.PARTPIN_LOCS, which will prevent the partial routing of the signal "A_int0_0_done". Without this partial route, timing analysis to/from this port will not be accurate, and no routing information for this port can be exported.
WARNING: [Route 35-198] Port "A_int0_0_read_data[0]" does not have an associated HD.PARTPIN_LOCS, which will prevent the partial routing of the signal "A_int0_0_read_data[0]". Without this partial route, timing analysis to/from this port will not be accurate, and no routing information for this port can be exported.
WARNING: [Route 35-198] Port "A_int0_0_read_data[10]" does not have an associated HD.PARTPIN_LOCS, which will prevent the partial routing of the signal "A_int0_0_read_data[10]". Without this partial route, timing analysis to/from this port will not be accurate, and no routing information for this port can be exported.
WARNING: [Route 35-198] Port "A_int0_0_read_data[11]" does not have an associated HD.PARTPIN_LOCS, which will prevent the partial routing of the signal "A_int0_0_read_data[11]". Without this partial route, timing analysis to/from this port will not be accurate, and no routing information for this port can be exported.
WARNING: [Route 35-198] Port "A_int0_0_read_data[15]" does not have an associated HD.PARTPIN_LOCS, which will prevent the partial routing of the signal "A_int0_0_read_data[15]". Without this partial route, timing analysis to/from this port will not be accurate, and no routing information for this port can be exported.
WARNING: [Route 35-198] Port "A_int0_0_read_data[17]" does not have an associated HD.PARTPIN_LOCS, which will prevent the partial routing of the signal "A_int0_0_read_data[17]". Without this partial route, timing analysis to/from this port will not be accurate, and no routing information for this port can be exported.
WARNING: [Route 35-198] Port "A_int0_0_read_data[2]" does not have an associated HD.PARTPIN_LOCS, which will prevent the partial routing of the signal "A_int0_0_read_data[2]". Without this partial route, timing analysis to/from this port will not be accurate, and no routing information for this port can be exported.
WARNING: [Route 35-198] Port "A_int0_0_read_data[3]" does not have an associated HD.PARTPIN_LOCS, which will prevent the partial routing of the signal "A_int0_0_read_data[3]". Without this partial route, timing analysis to/from this port will not be accurate, and no routing information for this port can be exported.
WARNING: [Route 35-198] Port "A_int0_0_read_data[9]" does not have an associated HD.PARTPIN_LOCS, which will prevent the partial routing of the signal "A_int0_0_read_data[9]". Without this partial route, timing analysis to/from this port will not be accurate, and no routing information for this port can be exported.
WARNING: [Route 35-198] Port "A_int0_0_read_data[20]" does not have an associated HD.PARTPIN_LOCS, which will prevent the partial routing of the signal "A_int0_0_read_data[20]". Without this partial route, timing analysis to/from this port will not be accurate, and no routing information for this port can be exported.
WARNING: [Route 35-198] Port "A_int0_0_read_data[1]" does not have an associated HD.PARTPIN_LOCS, which will prevent the partial routing of the signal "A_int0_0_read_data[1]". Without this partial route, timing analysis to/from this port will not be accurate, and no routing information for this port can be exported.
WARNING: [Route 35-198] Port "A_int0_0_read_data[14]" does not have an associated HD.PARTPIN_LOCS, which will prevent the partial routing of the signal "A_int0_0_read_data[14]". Without this partial route, timing analysis to/from this port will not be accurate, and no routing information for this port can be exported.
WARNING: [Route 35-198] Port "A_int0_0_read_data[22]" does not have an associated HD.PARTPIN_LOCS, which will prevent the partial routing of the signal "A_int0_0_read_data[22]". Without this partial route, timing analysis to/from this port will not be accurate, and no routing information for this port can be exported.
Phase 1 Build RT Design | Checksum: 114f90ff3

Time (s): cpu = 00:00:38 ; elapsed = 00:00:34 . Memory (MB): peak = 4095.973 ; gain = 0.000 ; free physical = 4242 ; free virtual = 12057
Post Restoration Checksum: NetGraph: 2d8098bf NumContArr: e7787734 Constraints: 0 Timing: 0

Phase 2 Router Initialization

Phase 2.1 Create Timer
Phase 2.1 Create Timer | Checksum: 114f90ff3

Time (s): cpu = 00:00:38 ; elapsed = 00:00:34 . Memory (MB): peak = 4095.973 ; gain = 0.000 ; free physical = 4216 ; free virtual = 12032

Phase 2.2 Fix Topology Constraints
Phase 2.2 Fix Topology Constraints | Checksum: 114f90ff3

Time (s): cpu = 00:00:38 ; elapsed = 00:00:34 . Memory (MB): peak = 4095.973 ; gain = 0.000 ; free physical = 4170 ; free virtual = 11987

Phase 2.3 Pre Route Cleanup
Phase 2.3 Pre Route Cleanup | Checksum: 114f90ff3

Time (s): cpu = 00:00:38 ; elapsed = 00:00:34 . Memory (MB): peak = 4095.973 ; gain = 0.000 ; free physical = 4170 ; free virtual = 11987

Phase 2.4 Global Clock Net Routing
Phase 2.4 Global Clock Net Routing | Checksum: 114f90ff3

Time (s): cpu = 00:00:38 ; elapsed = 00:00:35 . Memory (MB): peak = 4095.973 ; gain = 0.000 ; free physical = 4159 ; free virtual = 11984

Phase 2.5 Update Timing
Phase 2.5 Update Timing | Checksum: 1b70b9b00

Time (s): cpu = 00:00:40 ; elapsed = 00:00:35 . Memory (MB): peak = 4095.973 ; gain = 0.000 ; free physical = 4161 ; free virtual = 11987
INFO: [Route 35-416] Intermediate Timing Summary | WNS=4.195  | TNS=0.000  | WHS=0.021  | THS=0.000  |

Phase 2 Router Initialization | Checksum: 19374ca35

Time (s): cpu = 00:00:41 ; elapsed = 00:00:36 . Memory (MB): peak = 4095.973 ; gain = 0.000 ; free physical = 4166 ; free virtual = 11992

Router Utilization Summary
  Global Vertical Routing Utilization    = 0 %
  Global Horizontal Routing Utilization  = 0 %
  Routable Net Status*
  *Does not include unroutable nets such as driverless and loadless.
  Run report_route_status for detailed report.
  Number of Failed Nets               = 1473
    (Failed Nets is the sum of unrouted and partially routed nets)
  Number of Unrouted Nets             = 1338
  Number of Partially Routed Nets     = 135
  Number of Node Overlaps             = 0


Phase 3 Initial Routing
Phase 3 Initial Routing | Checksum: 21a1d9caf

Time (s): cpu = 00:00:43 ; elapsed = 00:00:37 . Memory (MB): peak = 4095.973 ; gain = 0.000 ; free physical = 4219 ; free virtual = 12036

Phase 4 Rip-up And Reroute

Phase 4.1 Global Iteration 0
 Number of Nodes with overlaps = 150
 Number of Nodes with overlaps = 5
 Number of Nodes with overlaps = 0
INFO: [Route 35-416] Intermediate Timing Summary | WNS=3.965  | TNS=0.000  | WHS=0.041  | THS=0.000  |

Phase 4.1 Global Iteration 0 | Checksum: 202bd48fa

Time (s): cpu = 00:00:45 ; elapsed = 00:00:38 . Memory (MB): peak = 4095.973 ; gain = 0.000 ; free physical = 4193 ; free virtual = 12012

Phase 4.2 Additional Iteration for Hold
Phase 4.2 Additional Iteration for Hold | Checksum: 1dd516317

Time (s): cpu = 00:00:45 ; elapsed = 00:00:38 . Memory (MB): peak = 4095.973 ; gain = 0.000 ; free physical = 4192 ; free virtual = 12011
Phase 4 Rip-up And Reroute | Checksum: 1dd516317

Time (s): cpu = 00:00:45 ; elapsed = 00:00:38 . Memory (MB): peak = 4095.973 ; gain = 0.000 ; free physical = 4194 ; free virtual = 12013

Phase 5 Delay and Skew Optimization

Phase 5.1 Delay CleanUp
Phase 5.1 Delay CleanUp | Checksum: 1dd516317

Time (s): cpu = 00:00:45 ; elapsed = 00:00:38 . Memory (MB): peak = 4095.973 ; gain = 0.000 ; free physical = 4195 ; free virtual = 12014

Phase 5.2 Clock Skew Optimization
Phase 5.2 Clock Skew Optimization | Checksum: 1dd516317

Time (s): cpu = 00:00:45 ; elapsed = 00:00:38 . Memory (MB): peak = 4095.973 ; gain = 0.000 ; free physical = 4195 ; free virtual = 12014
Phase 5 Delay and Skew Optimization | Checksum: 1dd516317

Time (s): cpu = 00:00:45 ; elapsed = 00:00:38 . Memory (MB): peak = 4095.973 ; gain = 0.000 ; free physical = 4194 ; free virtual = 12013

Phase 6 Post Hold Fix

Phase 6.1 Hold Fix Iter

Phase 6.1.1 Update Timing
Phase 6.1.1 Update Timing | Checksum: 22c43a1b6

Time (s): cpu = 00:00:46 ; elapsed = 00:00:38 . Memory (MB): peak = 4095.973 ; gain = 0.000 ; free physical = 4217 ; free virtual = 12036
INFO: [Route 35-416] Intermediate Timing Summary | WNS=3.965  | TNS=0.000  | WHS=0.041  | THS=0.000  |

Phase 6.1 Hold Fix Iter | Checksum: 22c43a1b6

Time (s): cpu = 00:00:46 ; elapsed = 00:00:38 . Memory (MB): peak = 4095.973 ; gain = 0.000 ; free physical = 4217 ; free virtual = 12036
Phase 6 Post Hold Fix | Checksum: 22c43a1b6

Time (s): cpu = 00:00:46 ; elapsed = 00:00:38 . Memory (MB): peak = 4095.973 ; gain = 0.000 ; free physical = 4217 ; free virtual = 12036

Phase 7 Route finalize

Router Utilization Summary
  Global Vertical Routing Utilization    = 0.0939664 %
  Global Horizontal Routing Utilization  = 0.156866 %
  Routable Net Status*
  *Does not include unroutable nets such as driverless and loadless.
  Run report_route_status for detailed report.
  Number of Failed Nets               = 0
    (Failed Nets is the sum of unrouted and partially routed nets)
  Number of Unrouted Nets             = 0
  Number of Partially Routed Nets     = 0
  Number of Node Overlaps             = 0

Phase 7 Route finalize | Checksum: 20ead3694

Time (s): cpu = 00:00:46 ; elapsed = 00:00:38 . Memory (MB): peak = 4095.973 ; gain = 0.000 ; free physical = 4208 ; free virtual = 12028

Phase 8 Verifying routed nets

 Verification completed successfully
Phase 8 Verifying routed nets | Checksum: 20ead3694

Time (s): cpu = 00:00:46 ; elapsed = 00:00:38 . Memory (MB): peak = 4095.973 ; gain = 0.000 ; free physical = 4203 ; free virtual = 12023

Phase 9 Depositing Routes
Phase 9 Depositing Routes | Checksum: 20ead3694

Time (s): cpu = 00:00:46 ; elapsed = 00:00:38 . Memory (MB): peak = 4095.973 ; gain = 0.000 ; free physical = 4253 ; free virtual = 12077

Phase 10 Post Router Timing
INFO: [Route 35-57] Estimated Timing Summary | WNS=3.965  | TNS=0.000  | WHS=0.041  | THS=0.000  |

INFO: [Route 35-327] The final timing numbers are based on the router estimated timing analysis. For a complete and accurate timing signoff, please run report_timing_summary.
Phase 10 Post Router Timing | Checksum: 20ead3694

Time (s): cpu = 00:00:46 ; elapsed = 00:00:38 . Memory (MB): peak = 4095.973 ; gain = 0.000 ; free physical = 4254 ; free virtual = 12079
INFO: [Route 35-16] Router Completed Successfully

Time (s): cpu = 00:00:46 ; elapsed = 00:00:38 . Memory (MB): peak = 4095.973 ; gain = 0.000 ; free physical = 4301 ; free virtual = 12126

Routing Is Done.
INFO: [Common 17-83] Releasing license: Implementation
70 Infos, 35 Warnings, 0 Critical Warnings and 0 Errors encountered.
route_design completed successfully
route_design: Time (s): cpu = 00:00:51 ; elapsed = 00:00:48 . Memory (MB): peak = 4095.973 ; gain = 0.000 ; free physical = 4300 ; free virtual = 12125
Netlist sorting complete. Time (s): cpu = 00:00:00 ; elapsed = 00:00:00 . Memory (MB): peak = 4095.973 ; gain = 0.000 ; free physical = 4299 ; free virtual = 12124
INFO: [Timing 38-480] Writing timing data to binary archive.
Writing placer database...
Writing XDEF routing.
Writing XDEF routing logical nets.
Writing XDEF routing special nets.
Write XDEF Complete: Time (s): cpu = 00:00:00.63 ; elapsed = 00:00:00.22 . Memory (MB): peak = 4095.973 ; gain = 0.000 ; free physical = 4284 ; free virtual = 12118
INFO: [Common 17-1381] The checkpoint '/tmp/tmp.nFWqsRiiez/out/FutilBuild.runs/impl_1/main_routed.dcp' has been generated.
INFO: [runtcl-4] Executing : report_drc -file main_drc_routed.rpt -pb main_drc_routed.pb -rpx main_drc_routed.rpx
Command: report_drc -file main_drc_routed.rpt -pb main_drc_routed.pb -rpx main_drc_routed.rpx
INFO: [IP_Flow 19-1839] IP Catalog is up to date.
INFO: [DRC 23-27] Running DRC with 8 threads
INFO: [Coretcl 2-168] The results of DRC are in file /tmp/tmp.nFWqsRiiez/out/FutilBuild.runs/impl_1/main_drc_routed.rpt.
report_drc completed successfully
report_drc: Time (s): cpu = 00:00:07 ; elapsed = 00:00:10 . Memory (MB): peak = 4142.938 ; gain = 46.965 ; free physical = 3980 ; free virtual = 11804
INFO: [runtcl-4] Executing : report_methodology -file main_methodology_drc_routed.rpt -pb main_methodology_drc_routed.pb -rpx main_methodology_drc_routed.rpx
Command: report_methodology -file main_methodology_drc_routed.rpt -pb main_methodology_drc_routed.pb -rpx main_methodology_drc_routed.rpx
INFO: [Timing 38-35] Done setting XDC timing constraints.
WARNING: [Timing 38-242] The property HD.CLK_SRC of clock port "clk" is not set. In out-of-context mode, this prevents timing estimation for clock delay/skew
Resolution: Set the HD.CLK_SRC property of the out-of-context port to the location of the clock buffer instance in the top-level design
INFO: [DRC 23-133] Running Methodology with 8 threads
INFO: [Coretcl 2-1520] The results of Report Methodology are in file /tmp/tmp.nFWqsRiiez/out/FutilBuild.runs/impl_1/main_methodology_drc_routed.rpt.
report_methodology completed successfully
report_methodology: Time (s): cpu = 00:00:07 ; elapsed = 00:00:09 . Memory (MB): peak = 4142.938 ; gain = 0.000 ; free physical = 6771 ; free virtual = 14599
INFO: [runtcl-4] Executing : report_power -file main_power_routed.rpt -pb main_power_summary_routed.pb -rpx main_power_routed.rpx
Command: report_power -file main_power_routed.rpt -pb main_power_summary_routed.pb -rpx main_power_routed.rpx
INFO: [Timing 38-35] Done setting XDC timing constraints.
Running Vector-less Activity Propagation...

Finished Running Vector-less Activity Propagation
82 Infos, 36 Warnings, 0 Critical Warnings and 0 Errors encountered.
report_power completed successfully
INFO: [runtcl-4] Executing : report_route_status -file main_route_status.rpt -pb main_route_status.pb
INFO: [runtcl-4] Executing : report_timing_summary -max_paths 10 -file main_timing_summary_routed.rpt -pb main_timing_summary_routed.pb -rpx main_timing_summary_routed.rpx -warn_on_violation 
INFO: [Timing 38-91] UpdateTimingParams: Speed grade: -1, Temperature grade: E, Delay Type: min_max.
INFO: [Timing 38-191] Multithreading enabled for timing update using a maximum of 8 CPUs
INFO: [runtcl-4] Executing : report_incremental_reuse -file main_incremental_reuse_routed.rpt
INFO: [Vivado_Tcl 4-1062] Incremental flow is disabled. No incremental reuse Info to report.
INFO: [runtcl-4] Executing : report_clock_utilization -file main_clock_utilization_routed.rpt
INFO: [runtcl-4] Executing : report_bus_skew -warn_on_violation -file main_bus_skew_routed.rpt -pb main_bus_skew_routed.pb -rpx main_bus_skew_routed.rpx
INFO: [Timing 38-91] UpdateTimingParams: Speed grade: -1, Temperature grade: E, Delay Type: min_max.
INFO: [Timing 38-191] Multithreading enabled for timing update using a maximum of 8 CPUs
INFO: [Common 17-206] Exiting Vivado at Mon Aug 17 13:01:39 2020...
