
*** Running vivado
    with args -log main.vds -m64 -product Vivado -mode batch -messageDb vivado.pb -notrace -source main.tcl


****** Vivado v2019.1 (64-bit)
  **** SW Build 2552052 on Fri May 24 14:47:09 MDT 2019
  **** IP Build 2548770 on Fri May 24 18:01:18 MDT 2019
    ** Copyright 1986-2019 Xilinx, Inc. All Rights Reserved.

source main.tcl -notrace
Command: synth_design -top main -part xczu3eg-sbva484-1-e -mode out_of_context -flatten_hierarchy rebuilt
Starting synth_design
Attempting to get a license for feature 'Synthesis' and/or device 'xczu3eg'
INFO: [Common 17-349] Got license for feature 'Synthesis' and/or device 'xczu3eg'
INFO: [Device 21-403] Loading part xczu3eg-sbva484-1-e
INFO: Launching helper process for spawning children vivado processes
INFO: Helper process launched with PID 13174 
---------------------------------------------------------------------------------
Starting RTL Elaboration : Time (s): cpu = 00:00:03 ; elapsed = 00:00:07 . Memory (MB): peak = 2333.504 ; gain = 0.000 ; free physical = 18660 ; free virtual = 38782
---------------------------------------------------------------------------------
INFO: [Synth 8-6157] synthesizing module 'main' [/tmp/tmp.ALViQqMJYE/linear-algebra-atax.sv:149]
INFO: [Synth 8-6157] synthesizing module 'std_mem_d2' [/tmp/tmp.ALViQqMJYE/linear-algebra-atax.sv:58]
	Parameter width bound to: 32 - type: integer 
	Parameter d0_size bound to: 8 - type: integer 
	Parameter d1_size bound to: 4 - type: integer 
	Parameter d0_idx_size bound to: 4 - type: integer 
	Parameter d1_idx_size bound to: 3 - type: integer 
WARNING: [Synth 8-5856] 3D RAM mem_reg  for this pattern/configuration is not supported. This will most likely be implemented in registers
INFO: [Synth 8-6155] done synthesizing module 'std_mem_d2' (1#1) [/tmp/tmp.ALViQqMJYE/linear-algebra-atax.sv:58]
INFO: [Synth 8-6157] synthesizing module 'std_reg' [/tmp/tmp.ALViQqMJYE/linear-algebra-atax.sv:118]
	Parameter width bound to: 32 - type: integer 
INFO: [Synth 8-6155] done synthesizing module 'std_reg' (2#1) [/tmp/tmp.ALViQqMJYE/linear-algebra-atax.sv:118]
INFO: [Synth 8-6157] synthesizing module 'std_add' [/tmp/tmp.ALViQqMJYE/linear-algebra-atax.sv:1]
	Parameter width bound to: 4 - type: integer 
INFO: [Synth 8-6155] done synthesizing module 'std_add' (3#1) [/tmp/tmp.ALViQqMJYE/linear-algebra-atax.sv:1]
INFO: [Synth 8-6157] synthesizing module 'std_add__parameterized0' [/tmp/tmp.ALViQqMJYE/linear-algebra-atax.sv:1]
	Parameter width bound to: 32 - type: integer 
INFO: [Synth 8-6155] done synthesizing module 'std_add__parameterized0' (3#1) [/tmp/tmp.ALViQqMJYE/linear-algebra-atax.sv:1]
INFO: [Synth 8-6157] synthesizing module 'std_and' [/tmp/tmp.ALViQqMJYE/linear-algebra-atax.sv:8]
	Parameter width bound to: 4 - type: integer 
INFO: [Synth 8-6155] done synthesizing module 'std_and' (4#1) [/tmp/tmp.ALViQqMJYE/linear-algebra-atax.sv:8]
INFO: [Synth 8-6157] synthesizing module 'std_and__parameterized0' [/tmp/tmp.ALViQqMJYE/linear-algebra-atax.sv:8]
	Parameter width bound to: 1 - type: integer 
INFO: [Synth 8-6155] done synthesizing module 'std_and__parameterized0' (4#1) [/tmp/tmp.ALViQqMJYE/linear-algebra-atax.sv:8]
INFO: [Synth 8-6157] synthesizing module 'std_const' [/tmp/tmp.ALViQqMJYE/linear-algebra-atax.sv:15]
	Parameter width bound to: 4 - type: integer 
	Parameter value bound to: 0 - type: integer 
INFO: [Synth 8-6155] done synthesizing module 'std_const' (5#1) [/tmp/tmp.ALViQqMJYE/linear-algebra-atax.sv:15]
INFO: [Synth 8-6157] synthesizing module 'std_const__parameterized0' [/tmp/tmp.ALViQqMJYE/linear-algebra-atax.sv:15]
	Parameter width bound to: 4 - type: integer 
	Parameter value bound to: 7 - type: integer 
INFO: [Synth 8-6155] done synthesizing module 'std_const__parameterized0' (5#1) [/tmp/tmp.ALViQqMJYE/linear-algebra-atax.sv:15]
INFO: [Synth 8-6157] synthesizing module 'std_const__parameterized1' [/tmp/tmp.ALViQqMJYE/linear-algebra-atax.sv:15]
	Parameter width bound to: 4 - type: integer 
	Parameter value bound to: 1 - type: integer 
INFO: [Synth 8-6155] done synthesizing module 'std_const__parameterized1' (5#1) [/tmp/tmp.ALViQqMJYE/linear-algebra-atax.sv:15]
INFO: [Synth 8-6157] synthesizing module 'std_const__parameterized2' [/tmp/tmp.ALViQqMJYE/linear-algebra-atax.sv:15]
	Parameter width bound to: 32 - type: integer 
	Parameter value bound to: 0 - type: integer 
INFO: [Synth 8-6155] done synthesizing module 'std_const__parameterized2' (5#1) [/tmp/tmp.ALViQqMJYE/linear-algebra-atax.sv:15]
INFO: [Synth 8-6157] synthesizing module 'std_const__parameterized3' [/tmp/tmp.ALViQqMJYE/linear-algebra-atax.sv:15]
	Parameter width bound to: 4 - type: integer 
	Parameter value bound to: 3 - type: integer 
INFO: [Synth 8-6155] done synthesizing module 'std_const__parameterized3' (5#1) [/tmp/tmp.ALViQqMJYE/linear-algebra-atax.sv:15]
INFO: [Synth 8-6157] synthesizing module 'std_eq' [/tmp/tmp.ALViQqMJYE/linear-algebra-atax.sv:21]
	Parameter width bound to: 4 - type: integer 
INFO: [Synth 8-6155] done synthesizing module 'std_eq' (6#1) [/tmp/tmp.ALViQqMJYE/linear-algebra-atax.sv:21]
INFO: [Synth 8-6157] synthesizing module 'std_reg__parameterized0' [/tmp/tmp.ALViQqMJYE/linear-algebra-atax.sv:118]
	Parameter width bound to: 4 - type: integer 
INFO: [Synth 8-6155] done synthesizing module 'std_reg__parameterized0' (6#1) [/tmp/tmp.ALViQqMJYE/linear-algebra-atax.sv:118]
INFO: [Synth 8-6157] synthesizing module 'std_le' [/tmp/tmp.ALViQqMJYE/linear-algebra-atax.sv:28]
	Parameter width bound to: 4 - type: integer 
INFO: [Synth 8-6155] done synthesizing module 'std_le' (7#1) [/tmp/tmp.ALViQqMJYE/linear-algebra-atax.sv:28]
INFO: [Synth 8-6157] synthesizing module 'std_mult_pipe' [/tmp/tmp.ALViQqMJYE/linear-algebra-atax.sv:84]
	Parameter width bound to: 32 - type: integer 
INFO: [Synth 8-6155] done synthesizing module 'std_mult_pipe' (8#1) [/tmp/tmp.ALViQqMJYE/linear-algebra-atax.sv:84]
INFO: [Synth 8-6157] synthesizing module 'std_rsh' [/tmp/tmp.ALViQqMJYE/linear-algebra-atax.sv:135]
	Parameter width bound to: 4 - type: integer 
INFO: [Synth 8-6155] done synthesizing module 'std_rsh' (9#1) [/tmp/tmp.ALViQqMJYE/linear-algebra-atax.sv:135]
INFO: [Synth 8-6157] synthesizing module 'std_slice' [/tmp/tmp.ALViQqMJYE/linear-algebra-atax.sv:142]
	Parameter in_width bound to: 4 - type: integer 
	Parameter out_width bound to: 3 - type: integer 
INFO: [Synth 8-6155] done synthesizing module 'std_slice' (10#1) [/tmp/tmp.ALViQqMJYE/linear-algebra-atax.sv:142]
INFO: [Synth 8-6157] synthesizing module 'std_mem_d1' [/tmp/tmp.ALViQqMJYE/linear-algebra-atax.sv:35]
	Parameter width bound to: 32 - type: integer 
	Parameter size bound to: 4 - type: integer 
	Parameter idx_size bound to: 3 - type: integer 
INFO: [Synth 8-6155] done synthesizing module 'std_mem_d1' (11#1) [/tmp/tmp.ALViQqMJYE/linear-algebra-atax.sv:35]
INFO: [Synth 8-6157] synthesizing module 'std_reg__parameterized1' [/tmp/tmp.ALViQqMJYE/linear-algebra-atax.sv:118]
	Parameter width bound to: 1 - type: integer 
INFO: [Synth 8-6155] done synthesizing module 'std_reg__parameterized1' (11#1) [/tmp/tmp.ALViQqMJYE/linear-algebra-atax.sv:118]
INFO: [Synth 8-6155] done synthesizing module 'main' (12#1) [/tmp/tmp.ALViQqMJYE/linear-algebra-atax.sv:149]
WARNING: [Synth 8-3331] design std_mem_d1 has unconnected port addr0[2]
WARNING: [Synth 8-3331] design std_slice has unconnected port in[3]
WARNING: [Synth 8-3331] design main has unconnected port y_int0_read_data[31]
WARNING: [Synth 8-3331] design main has unconnected port y_int0_read_data[30]
WARNING: [Synth 8-3331] design main has unconnected port y_int0_read_data[29]
WARNING: [Synth 8-3331] design main has unconnected port y_int0_read_data[28]
WARNING: [Synth 8-3331] design main has unconnected port y_int0_read_data[27]
WARNING: [Synth 8-3331] design main has unconnected port y_int0_read_data[26]
WARNING: [Synth 8-3331] design main has unconnected port y_int0_read_data[25]
WARNING: [Synth 8-3331] design main has unconnected port y_int0_read_data[24]
WARNING: [Synth 8-3331] design main has unconnected port y_int0_read_data[23]
WARNING: [Synth 8-3331] design main has unconnected port y_int0_read_data[22]
WARNING: [Synth 8-3331] design main has unconnected port y_int0_read_data[21]
WARNING: [Synth 8-3331] design main has unconnected port y_int0_read_data[20]
WARNING: [Synth 8-3331] design main has unconnected port y_int0_read_data[19]
WARNING: [Synth 8-3331] design main has unconnected port y_int0_read_data[18]
WARNING: [Synth 8-3331] design main has unconnected port y_int0_read_data[17]
WARNING: [Synth 8-3331] design main has unconnected port y_int0_read_data[16]
WARNING: [Synth 8-3331] design main has unconnected port y_int0_read_data[15]
WARNING: [Synth 8-3331] design main has unconnected port y_int0_read_data[14]
WARNING: [Synth 8-3331] design main has unconnected port y_int0_read_data[13]
WARNING: [Synth 8-3331] design main has unconnected port y_int0_read_data[12]
WARNING: [Synth 8-3331] design main has unconnected port y_int0_read_data[11]
WARNING: [Synth 8-3331] design main has unconnected port y_int0_read_data[10]
WARNING: [Synth 8-3331] design main has unconnected port y_int0_read_data[9]
WARNING: [Synth 8-3331] design main has unconnected port y_int0_read_data[8]
WARNING: [Synth 8-3331] design main has unconnected port y_int0_read_data[7]
WARNING: [Synth 8-3331] design main has unconnected port y_int0_read_data[6]
WARNING: [Synth 8-3331] design main has unconnected port y_int0_read_data[5]
WARNING: [Synth 8-3331] design main has unconnected port y_int0_read_data[4]
WARNING: [Synth 8-3331] design main has unconnected port y_int0_read_data[3]
WARNING: [Synth 8-3331] design main has unconnected port y_int0_read_data[2]
WARNING: [Synth 8-3331] design main has unconnected port y_int0_read_data[1]
WARNING: [Synth 8-3331] design main has unconnected port y_int0_read_data[0]
---------------------------------------------------------------------------------
Finished RTL Elaboration : Time (s): cpu = 00:00:06 ; elapsed = 00:00:11 . Memory (MB): peak = 2333.504 ; gain = 0.000 ; free physical = 17989 ; free virtual = 38112
---------------------------------------------------------------------------------

Report Check Netlist: 
+------+------------------+-------+---------+-------+------------------+
|      |Item              |Errors |Warnings |Status |Description       |
+------+------------------+-------+---------+-------+------------------+
|1     |multi_driven_nets |      0|        0|Passed |Multi driven nets |
+------+------------------+-------+---------+-------+------------------+
---------------------------------------------------------------------------------
Start Handling Custom Attributes
---------------------------------------------------------------------------------
---------------------------------------------------------------------------------
Finished Handling Custom Attributes : Time (s): cpu = 00:00:07 ; elapsed = 00:00:11 . Memory (MB): peak = 2333.504 ; gain = 0.000 ; free physical = 17811 ; free virtual = 37935
---------------------------------------------------------------------------------
---------------------------------------------------------------------------------
Finished RTL Optimization Phase 1 : Time (s): cpu = 00:00:07 ; elapsed = 00:00:11 . Memory (MB): peak = 2333.504 ; gain = 0.000 ; free physical = 17811 ; free virtual = 37935
---------------------------------------------------------------------------------
INFO: [Project 1-570] Preparing netlist for logic optimization

Processing XDC Constraints
Initializing timing engine
Parsing XDC File [/tmp/tmp.ALViQqMJYE/device.xdc]
create_clock: Time (s): cpu = 00:00:05 ; elapsed = 00:00:05 . Memory (MB): peak = 2503.219 ; gain = 0.000 ; free physical = 17343 ; free virtual = 37497
Finished Parsing XDC File [/tmp/tmp.ALViQqMJYE/device.xdc]
Completed Processing XDC Constraints

Netlist sorting complete. Time (s): cpu = 00:00:00.01 ; elapsed = 00:00:00 . Memory (MB): peak = 2503.219 ; gain = 0.000 ; free physical = 17341 ; free virtual = 37494
INFO: [Project 1-111] Unisim Transformation Summary:
No Unisim elements were transformed.

Constraint Validation Runtime : Time (s): cpu = 00:00:00.27 ; elapsed = 00:00:00.13 . Memory (MB): peak = 2503.219 ; gain = 0.000 ; free physical = 17321 ; free virtual = 37475
---------------------------------------------------------------------------------
Finished Constraint Validation : Time (s): cpu = 00:00:20 ; elapsed = 00:00:36 . Memory (MB): peak = 2503.219 ; gain = 169.715 ; free physical = 17056 ; free virtual = 37192
---------------------------------------------------------------------------------
---------------------------------------------------------------------------------
Start Loading Part and Timing Information
---------------------------------------------------------------------------------
Loading part: xczu3eg-sbva484-1-e
INFO: [Synth 8-6742] Reading net delay rules and data
---------------------------------------------------------------------------------
Finished Loading Part and Timing Information : Time (s): cpu = 00:00:20 ; elapsed = 00:00:36 . Memory (MB): peak = 2503.219 ; gain = 169.715 ; free physical = 17056 ; free virtual = 37192
---------------------------------------------------------------------------------
---------------------------------------------------------------------------------
Start Applying 'set_property' XDC Constraints
---------------------------------------------------------------------------------
---------------------------------------------------------------------------------
Finished applying 'set_property' XDC Constraints : Time (s): cpu = 00:00:20 ; elapsed = 00:00:36 . Memory (MB): peak = 2503.219 ; gain = 169.715 ; free physical = 17056 ; free virtual = 37191
---------------------------------------------------------------------------------
---------------------------------------------------------------------------------
Finished RTL Optimization Phase 2 : Time (s): cpu = 00:00:22 ; elapsed = 00:00:38 . Memory (MB): peak = 2503.219 ; gain = 169.715 ; free physical = 17222 ; free virtual = 37359
---------------------------------------------------------------------------------
INFO: [Synth 8-223] decloning instance 'const0' (std_const) to 'const11'
INFO: [Synth 8-223] decloning instance 'const0' (std_const) to 'const16'
INFO: [Synth 8-223] decloning instance 'const0' (std_const) to 'const19'
INFO: [Synth 8-223] decloning instance 'const0' (std_const) to 'const20'
INFO: [Synth 8-223] decloning instance 'const0' (std_const) to 'const21'
INFO: [Synth 8-223] decloning instance 'const0' (std_const) to 'const22'
INFO: [Synth 8-223] decloning instance 'const0' (std_const) to 'const26'
INFO: [Synth 8-223] decloning instance 'const0' (std_const) to 'const27'
INFO: [Synth 8-223] decloning instance 'const0' (std_const) to 'const28'
INFO: [Synth 8-223] decloning instance 'const0' (std_const) to 'const3'
INFO: [Synth 8-223] decloning instance 'const0' (std_const) to 'const32'
INFO: [Synth 8-223] decloning instance 'const0' (std_const) to 'const35'
INFO: [Synth 8-223] decloning instance 'const0' (std_const) to 'const38'
INFO: [Synth 8-223] decloning instance 'const0' (std_const) to 'const42'
INFO: [Synth 8-223] decloning instance 'const0' (std_const) to 'const45'
INFO: [Synth 8-223] decloning instance 'const0' (std_const) to 'const51'
INFO: [Synth 8-223] decloning instance 'const0' (std_const) to 'const56'
INFO: [Synth 8-223] decloning instance 'const0' (std_const) to 'const59'
INFO: [Synth 8-223] decloning instance 'const0' (std_const) to 'const60'
INFO: [Synth 8-223] decloning instance 'const0' (std_const) to 'const61'
INFO: [Synth 8-223] decloning instance 'const0' (std_const) to 'const62'
INFO: [Synth 8-223] decloning instance 'const0' (std_const) to 'const66'
INFO: [Synth 8-223] decloning instance 'const0' (std_const) to 'const67'
INFO: [Synth 8-223] decloning instance 'const0' (std_const) to 'const68'
INFO: [Synth 8-223] decloning instance 'const1' (std_const__parameterized0) to 'const17'
INFO: [Synth 8-223] decloning instance 'const1' (std_const__parameterized0) to 'const33'
INFO: [Synth 8-223] decloning instance 'const1' (std_const__parameterized0) to 'const43'
INFO: [Synth 8-223] decloning instance 'const1' (std_const__parameterized0) to 'const57'
INFO: [Synth 8-223] decloning instance 'const10' (std_const__parameterized1) to 'const12'
INFO: [Synth 8-223] decloning instance 'const10' (std_const__parameterized1) to 'const13'
INFO: [Synth 8-223] decloning instance 'const10' (std_const__parameterized1) to 'const14'
INFO: [Synth 8-223] decloning instance 'const10' (std_const__parameterized1) to 'const15'
INFO: [Synth 8-223] decloning instance 'const10' (std_const__parameterized1) to 'const18'
INFO: [Synth 8-223] decloning instance 'const10' (std_const__parameterized1) to 'const2'
INFO: [Synth 8-223] decloning instance 'const10' (std_const__parameterized1) to 'const23'
INFO: [Synth 8-223] decloning instance 'const10' (std_const__parameterized1) to 'const24'
INFO: [Synth 8-223] decloning instance 'const10' (std_const__parameterized1) to 'const25'
INFO: [Synth 8-223] decloning instance 'const10' (std_const__parameterized1) to 'const29'
INFO: [Synth 8-223] decloning instance 'const10' (std_const__parameterized1) to 'const30'
INFO: [Synth 8-223] decloning instance 'const10' (std_const__parameterized1) to 'const31'
INFO: [Synth 8-223] decloning instance 'const10' (std_const__parameterized1) to 'const37'
INFO: [Synth 8-223] decloning instance 'const10' (std_const__parameterized1) to 'const40'
INFO: [Synth 8-223] decloning instance 'const10' (std_const__parameterized1) to 'const41'
INFO: [Synth 8-223] decloning instance 'const10' (std_const__parameterized1) to 'const44'
INFO: [Synth 8-223] decloning instance 'const10' (std_const__parameterized1) to 'const46'
INFO: [Synth 8-223] decloning instance 'const10' (std_const__parameterized1) to 'const47'
INFO: [Synth 8-223] decloning instance 'const10' (std_const__parameterized1) to 'const48'
INFO: [Synth 8-223] decloning instance 'const10' (std_const__parameterized1) to 'const49'
INFO: [Synth 8-223] decloning instance 'const10' (std_const__parameterized1) to 'const5'
INFO: [Synth 8-223] decloning instance 'const10' (std_const__parameterized1) to 'const50'
INFO: [Synth 8-223] decloning instance 'const10' (std_const__parameterized1) to 'const52'
INFO: [Synth 8-223] decloning instance 'const10' (std_const__parameterized1) to 'const53'
INFO: [Synth 8-223] decloning instance 'const10' (std_const__parameterized1) to 'const54'
INFO: [Synth 8-223] decloning instance 'const10' (std_const__parameterized1) to 'const55'
INFO: [Synth 8-223] decloning instance 'const10' (std_const__parameterized1) to 'const58'
INFO: [Synth 8-223] decloning instance 'const10' (std_const__parameterized1) to 'const6'
INFO: [Synth 8-223] decloning instance 'const10' (std_const__parameterized1) to 'const63'
INFO: [Synth 8-223] decloning instance 'const10' (std_const__parameterized1) to 'const64'
INFO: [Synth 8-223] decloning instance 'const10' (std_const__parameterized1) to 'const65'
INFO: [Synth 8-223] decloning instance 'const10' (std_const__parameterized1) to 'const69'
INFO: [Synth 8-223] decloning instance 'const10' (std_const__parameterized1) to 'const7'
INFO: [Synth 8-223] decloning instance 'const10' (std_const__parameterized1) to 'const70'
INFO: [Synth 8-223] decloning instance 'const10' (std_const__parameterized1) to 'const71'
INFO: [Synth 8-223] decloning instance 'const10' (std_const__parameterized1) to 'const9'
INFO: [Synth 8-223] decloning instance 'const34' (std_const__parameterized2) to 'const4'
INFO: [Synth 8-223] decloning instance 'const34' (std_const__parameterized2) to 'const8'
INFO: [Synth 8-223] decloning instance 'const36' (std_const__parameterized3) to 'const39'

Report RTL Partitions: 
+-+--------------+------------+----------+
| |RTL Partition |Replication |Instances |
+-+--------------+------------+----------+
+-+--------------+------------+----------+
---------------------------------------------------------------------------------
Start RTL Component Statistics 
---------------------------------------------------------------------------------
Detailed RTL Component Info : 
+---Adders : 
	   2 Input     32 Bit       Adders := 4     
	   2 Input      4 Bit       Adders := 7     
+---Registers : 
	               32 Bit    Registers := 115   
	                4 Bit    Registers := 7     
	                1 Bit    Registers := 260   
+---Multipliers : 
	                32x32  Multipliers := 4     
+---Muxes : 
	   4 Input     32 Bit        Muxes := 2     
	   2 Input     32 Bit        Muxes := 61    
	   2 Input      4 Bit        Muxes := 167   
	   5 Input      4 Bit        Muxes := 1     
	   7 Input      3 Bit        Muxes := 2     
	   5 Input      3 Bit        Muxes := 3     
	   2 Input      3 Bit        Muxes := 6     
	   2 Input      2 Bit        Muxes := 6     
	   3 Input      2 Bit        Muxes := 6     
	   2 Input      1 Bit        Muxes := 198   
	   7 Input      1 Bit        Muxes := 1     
	   3 Input      1 Bit        Muxes := 5     
	   4 Input      1 Bit        Muxes := 5     
	   6 Input      1 Bit        Muxes := 2     
	   5 Input      1 Bit        Muxes := 1     
---------------------------------------------------------------------------------
Finished RTL Component Statistics 
---------------------------------------------------------------------------------
---------------------------------------------------------------------------------
Start RTL Hierarchical Component Statistics 
---------------------------------------------------------------------------------
Hierarchical RTL Component report 
Module main 
Detailed RTL Component Info : 
+---Muxes : 
	   2 Input     32 Bit        Muxes := 53    
	   2 Input      4 Bit        Muxes := 167   
	   5 Input      4 Bit        Muxes := 1     
	   7 Input      3 Bit        Muxes := 2     
	   5 Input      3 Bit        Muxes := 3     
	   2 Input      3 Bit        Muxes := 6     
	   2 Input      2 Bit        Muxes := 6     
	   3 Input      2 Bit        Muxes := 6     
	   2 Input      1 Bit        Muxes := 126   
	   7 Input      1 Bit        Muxes := 1     
	   3 Input      1 Bit        Muxes := 5     
	   4 Input      1 Bit        Muxes := 5     
	   6 Input      1 Bit        Muxes := 2     
	   5 Input      1 Bit        Muxes := 1     
Module std_mem_d2 
Detailed RTL Component Info : 
+---Registers : 
	               32 Bit    Registers := 32    
	                1 Bit    Registers := 1     
+---Muxes : 
	   4 Input     32 Bit        Muxes := 1     
	   2 Input      1 Bit        Muxes := 36    
Module std_reg 
Detailed RTL Component Info : 
+---Registers : 
	               32 Bit    Registers := 1     
	                1 Bit    Registers := 1     
Module std_add 
Detailed RTL Component Info : 
+---Adders : 
	   2 Input      4 Bit       Adders := 1     
Module std_add__parameterized0 
Detailed RTL Component Info : 
+---Adders : 
	   2 Input     32 Bit       Adders := 1     
Module std_reg__parameterized0 
Detailed RTL Component Info : 
+---Registers : 
	                4 Bit    Registers := 1     
	                1 Bit    Registers := 1     
Module std_mult_pipe 
Detailed RTL Component Info : 
+---Registers : 
	               32 Bit    Registers := 4     
	                1 Bit    Registers := 3     
+---Multipliers : 
	                32x32  Multipliers := 1     
+---Muxes : 
	   2 Input     32 Bit        Muxes := 2     
Module std_mem_d1 
Detailed RTL Component Info : 
+---Registers : 
	                1 Bit    Registers := 1     
Module std_reg__parameterized1 
Detailed RTL Component Info : 
+---Registers : 
	                1 Bit    Registers := 2     
---------------------------------------------------------------------------------
Finished RTL Hierarchical Component Statistics
---------------------------------------------------------------------------------
---------------------------------------------------------------------------------
Start Part Resource Summary
---------------------------------------------------------------------------------
Part Resources:
DSPs: 360 (col length:72)
BRAMs: 432 (col length: RAMB18 72 RAMB36 36)
---------------------------------------------------------------------------------
Finished Part Resource Summary
---------------------------------------------------------------------------------
---------------------------------------------------------------------------------
Start Cross Boundary and Area Optimization
---------------------------------------------------------------------------------
Warning: Parallel synthesis criteria is not met 
INFO: [Synth 8-5845] Not enough pipeline registers after wide multiplier. Recommended levels of pipeline registers is 4 [/tmp/tmp.ALViQqMJYE/linear-algebra-atax.sv:100]
DSP Report: Generating DSP out_tmp0, operation Mode is: A2*B.
DSP Report: register out_tmp0 is absorbed into DSP out_tmp0.
DSP Report: operator out_tmp0 is absorbed into DSP out_tmp0.
DSP Report: operator out_tmp0 is absorbed into DSP out_tmp0.
DSP Report: Generating DSP out_tmp_reg, operation Mode is: (PCIN>>17)+A*B.
DSP Report: register out_tmp_reg is absorbed into DSP out_tmp_reg.
DSP Report: operator out_tmp0 is absorbed into DSP out_tmp_reg.
DSP Report: operator out_tmp0 is absorbed into DSP out_tmp_reg.
DSP Report: Generating DSP out_tmp0, operation Mode is: A2*B2.
DSP Report: register out_tmp0 is absorbed into DSP out_tmp0.
DSP Report: register out_tmp0 is absorbed into DSP out_tmp0.
DSP Report: operator out_tmp0 is absorbed into DSP out_tmp0.
DSP Report: operator out_tmp0 is absorbed into DSP out_tmp0.
DSP Report: Generating DSP out_tmp_reg, operation Mode is: (PCIN>>17)+A2*B.
DSP Report: register out_tmp_reg is absorbed into DSP out_tmp_reg.
DSP Report: register out_tmp_reg is absorbed into DSP out_tmp_reg.
DSP Report: operator out_tmp0 is absorbed into DSP out_tmp_reg.
DSP Report: operator out_tmp0 is absorbed into DSP out_tmp_reg.
DSP Report: Generating DSP out_tmp_reg, operation Mode is: (A2*B2)'.
DSP Report: register rtmp_reg is absorbed into DSP out_tmp_reg.
DSP Report: register out_tmp_reg is absorbed into DSP out_tmp_reg.
DSP Report: register out_tmp_reg is absorbed into DSP out_tmp_reg.
DSP Report: operator out_tmp0 is absorbed into DSP out_tmp_reg.
DSP Report: operator out_tmp0 is absorbed into DSP out_tmp_reg.
DSP Report: Generating DSP out_tmp0, operation Mode is: A2*B2.
DSP Report: register out_tmp0 is absorbed into DSP out_tmp0.
DSP Report: register out_tmp0 is absorbed into DSP out_tmp0.
DSP Report: operator out_tmp0 is absorbed into DSP out_tmp0.
DSP Report: operator out_tmp0 is absorbed into DSP out_tmp0.
DSP Report: Generating DSP out_tmp_reg, operation Mode is: (PCIN>>17)+A2*B2.
DSP Report: register ltmp_reg is absorbed into DSP out_tmp_reg.
DSP Report: register out_tmp_reg is absorbed into DSP out_tmp_reg.
DSP Report: register out_tmp_reg is absorbed into DSP out_tmp_reg.
DSP Report: operator out_tmp0 is absorbed into DSP out_tmp_reg.
DSP Report: operator out_tmp0 is absorbed into DSP out_tmp_reg.
DSP Report: Generating DSP out_tmp_reg, operation Mode is: (A2*B2)'.
DSP Report: register out_tmp_reg is absorbed into DSP out_tmp_reg.
DSP Report: register out_tmp_reg is absorbed into DSP out_tmp_reg.
DSP Report: register out_tmp_reg is absorbed into DSP out_tmp_reg.
DSP Report: operator out_tmp0 is absorbed into DSP out_tmp_reg.
DSP Report: operator out_tmp0 is absorbed into DSP out_tmp_reg.
DSP Report: Generating DSP out_tmp0, operation Mode is: A2*B2.
DSP Report: register out_tmp0 is absorbed into DSP out_tmp0.
DSP Report: register out_tmp0 is absorbed into DSP out_tmp0.
DSP Report: operator out_tmp0 is absorbed into DSP out_tmp0.
DSP Report: operator out_tmp0 is absorbed into DSP out_tmp0.
DSP Report: Generating DSP out_tmp_reg, operation Mode is: (PCIN>>17)+A2*B2.
DSP Report: register out_tmp_reg is absorbed into DSP out_tmp_reg.
DSP Report: register out_tmp_reg is absorbed into DSP out_tmp_reg.
DSP Report: register out_tmp_reg is absorbed into DSP out_tmp_reg.
DSP Report: operator out_tmp0 is absorbed into DSP out_tmp_reg.
DSP Report: operator out_tmp0 is absorbed into DSP out_tmp_reg.
DSP Report: Generating DSP out_tmp_reg, operation Mode is: (A2*B2)'.
DSP Report: register out_tmp_reg is absorbed into DSP out_tmp_reg.
DSP Report: register out_tmp_reg is absorbed into DSP out_tmp_reg.
DSP Report: register out_tmp_reg is absorbed into DSP out_tmp_reg.
DSP Report: operator out_tmp0 is absorbed into DSP out_tmp_reg.
DSP Report: operator out_tmp0 is absorbed into DSP out_tmp_reg.
DSP Report: Generating DSP out_tmp0, operation Mode is: A2*B2.
DSP Report: register out_tmp0 is absorbed into DSP out_tmp0.
DSP Report: register out_tmp0 is absorbed into DSP out_tmp0.
DSP Report: operator out_tmp0 is absorbed into DSP out_tmp0.
DSP Report: operator out_tmp0 is absorbed into DSP out_tmp0.
DSP Report: Generating DSP out_tmp_reg, operation Mode is: (PCIN>>17)+A2*B2.
DSP Report: register out_tmp_reg is absorbed into DSP out_tmp_reg.
DSP Report: register out_tmp_reg is absorbed into DSP out_tmp_reg.
DSP Report: register out_tmp_reg is absorbed into DSP out_tmp_reg.
DSP Report: operator out_tmp0 is absorbed into DSP out_tmp_reg.
DSP Report: operator out_tmp0 is absorbed into DSP out_tmp_reg.
INFO: [Synth 8-6904] The RAM "main/x0/mem_reg" of size (depth=4 x width=32) is automatically implemented using LUTRAM. BRAM implementation would be inefficient 
INFO: [Synth 8-6904] The RAM "main/x1/mem_reg" of size (depth=4 x width=32) is automatically implemented using LUTRAM. BRAM implementation would be inefficient 
INFO: [Synth 8-6904] The RAM "main/y0/mem_reg" of size (depth=4 x width=32) is automatically implemented using LUTRAM. BRAM implementation would be inefficient 
INFO: [Synth 8-6904] The RAM "main/y1/mem_reg" of size (depth=4 x width=32) is automatically implemented using LUTRAM. BRAM implementation would be inefficient 
WARNING: [Synth 8-3331] design main has unconnected port y_int0_read_data[31]
WARNING: [Synth 8-3331] design main has unconnected port y_int0_read_data[30]
WARNING: [Synth 8-3331] design main has unconnected port y_int0_read_data[29]
WARNING: [Synth 8-3331] design main has unconnected port y_int0_read_data[28]
WARNING: [Synth 8-3331] design main has unconnected port y_int0_read_data[27]
WARNING: [Synth 8-3331] design main has unconnected port y_int0_read_data[26]
WARNING: [Synth 8-3331] design main has unconnected port y_int0_read_data[25]
WARNING: [Synth 8-3331] design main has unconnected port y_int0_read_data[24]
WARNING: [Synth 8-3331] design main has unconnected port y_int0_read_data[23]
WARNING: [Synth 8-3331] design main has unconnected port y_int0_read_data[22]
WARNING: [Synth 8-3331] design main has unconnected port y_int0_read_data[21]
WARNING: [Synth 8-3331] design main has unconnected port y_int0_read_data[20]
WARNING: [Synth 8-3331] design main has unconnected port y_int0_read_data[19]
WARNING: [Synth 8-3331] design main has unconnected port y_int0_read_data[18]
WARNING: [Synth 8-3331] design main has unconnected port y_int0_read_data[17]
WARNING: [Synth 8-3331] design main has unconnected port y_int0_read_data[16]
WARNING: [Synth 8-3331] design main has unconnected port y_int0_read_data[15]
WARNING: [Synth 8-3331] design main has unconnected port y_int0_read_data[14]
WARNING: [Synth 8-3331] design main has unconnected port y_int0_read_data[13]
WARNING: [Synth 8-3331] design main has unconnected port y_int0_read_data[12]
WARNING: [Synth 8-3331] design main has unconnected port y_int0_read_data[11]
WARNING: [Synth 8-3331] design main has unconnected port y_int0_read_data[10]
WARNING: [Synth 8-3331] design main has unconnected port y_int0_read_data[9]
WARNING: [Synth 8-3331] design main has unconnected port y_int0_read_data[8]
WARNING: [Synth 8-3331] design main has unconnected port y_int0_read_data[7]
WARNING: [Synth 8-3331] design main has unconnected port y_int0_read_data[6]
WARNING: [Synth 8-3331] design main has unconnected port y_int0_read_data[5]
WARNING: [Synth 8-3331] design main has unconnected port y_int0_read_data[4]
WARNING: [Synth 8-3331] design main has unconnected port y_int0_read_data[3]
WARNING: [Synth 8-3331] design main has unconnected port y_int0_read_data[2]
WARNING: [Synth 8-3331] design main has unconnected port y_int0_read_data[1]
WARNING: [Synth 8-3331] design main has unconnected port y_int0_read_data[0]
INFO: [Synth 8-6904] The RAM "main/x0/mem_reg" of size (depth=4 x width=32) is automatically implemented using LUTRAM. BRAM implementation would be inefficient 
INFO: [Synth 8-6904] The RAM "main/x1/mem_reg" of size (depth=4 x width=32) is automatically implemented using LUTRAM. BRAM implementation would be inefficient 
INFO: [Synth 8-6904] The RAM "main/y0/mem_reg" of size (depth=4 x width=32) is automatically implemented using LUTRAM. BRAM implementation would be inefficient 
INFO: [Synth 8-6904] The RAM "main/y1/mem_reg" of size (depth=4 x width=32) is automatically implemented using LUTRAM. BRAM implementation would be inefficient 
INFO: [Synth 8-3886] merging instance 'fsm8/out_reg[31]' (FDE) to 'fsm8/out_reg[3]'
INFO: [Synth 8-3886] merging instance 'fsm8/out_reg[30]' (FDE) to 'fsm8/out_reg[3]'
INFO: [Synth 8-3886] merging instance 'fsm8/out_reg[28]' (FDE) to 'fsm8/out_reg[3]'
INFO: [Synth 8-3886] merging instance 'fsm8/out_reg[29]' (FDE) to 'fsm8/out_reg[3]'
INFO: [Synth 8-3886] merging instance 'fsm8/out_reg[24]' (FDE) to 'fsm8/out_reg[3]'
INFO: [Synth 8-3886] merging instance 'fsm8/out_reg[25]' (FDE) to 'fsm8/out_reg[3]'
INFO: [Synth 8-3886] merging instance 'fsm8/out_reg[26]' (FDE) to 'fsm8/out_reg[3]'
INFO: [Synth 8-3886] merging instance 'fsm8/out_reg[27]' (FDE) to 'fsm8/out_reg[3]'
INFO: [Synth 8-3886] merging instance 'fsm8/out_reg[18]' (FDE) to 'fsm8/out_reg[3]'
INFO: [Synth 8-3886] merging instance 'fsm8/out_reg[19]' (FDE) to 'fsm8/out_reg[3]'
INFO: [Synth 8-3886] merging instance 'fsm8/out_reg[16]' (FDE) to 'fsm8/out_reg[3]'
INFO: [Synth 8-3886] merging instance 'fsm8/out_reg[17]' (FDE) to 'fsm8/out_reg[3]'
INFO: [Synth 8-3886] merging instance 'fsm8/out_reg[22]' (FDE) to 'fsm8/out_reg[3]'
INFO: [Synth 8-3886] merging instance 'fsm8/out_reg[23]' (FDE) to 'fsm8/out_reg[3]'
INFO: [Synth 8-3886] merging instance 'fsm8/out_reg[20]' (FDE) to 'fsm8/out_reg[3]'
INFO: [Synth 8-3886] merging instance 'fsm8/out_reg[21]' (FDE) to 'fsm8/out_reg[3]'
INFO: [Synth 8-3886] merging instance 'fsm8/out_reg[6]' (FDE) to 'fsm8/out_reg[3]'
INFO: [Synth 8-3886] merging instance 'fsm8/out_reg[7]' (FDE) to 'fsm8/out_reg[3]'
INFO: [Synth 8-3886] merging instance 'fsm8/out_reg[4]' (FDE) to 'fsm8/out_reg[3]'
INFO: [Synth 8-3886] merging instance 'fsm8/out_reg[5]' (FDE) to 'fsm8/out_reg[3]'
INFO: [Synth 8-3886] merging instance 'fsm8/out_reg[3]' (FDE) to 'fsm8/out_reg[8]'
INFO: [Synth 8-3886] merging instance 'fsm8/out_reg[14]' (FDE) to 'fsm8/out_reg[8]'
INFO: [Synth 8-3886] merging instance 'fsm8/out_reg[15]' (FDE) to 'fsm8/out_reg[8]'
INFO: [Synth 8-3886] merging instance 'fsm8/out_reg[12]' (FDE) to 'fsm8/out_reg[8]'
INFO: [Synth 8-3886] merging instance 'fsm8/out_reg[13]' (FDE) to 'fsm8/out_reg[8]'
INFO: [Synth 8-3886] merging instance 'fsm8/out_reg[8]' (FDE) to 'fsm8/out_reg[9]'
INFO: [Synth 8-3886] merging instance 'fsm8/out_reg[9]' (FDE) to 'fsm8/out_reg[10]'
INFO: [Synth 8-3886] merging instance 'fsm8/out_reg[10]' (FDE) to 'fsm8/out_reg[11]'
INFO: [Synth 8-3333] propagating constant 0 across sequential element (\fsm8/out_reg[11] )
INFO: [Synth 8-3886] merging instance 'fsm12/out_reg[3]' (FDE) to 'fsm12/out_reg[31]'
INFO: [Synth 8-3886] merging instance 'fsm12/out_reg[4]' (FDE) to 'fsm12/out_reg[31]'
INFO: [Synth 8-3886] merging instance 'fsm12/out_reg[5]' (FDE) to 'fsm12/out_reg[31]'
INFO: [Synth 8-3886] merging instance 'fsm12/out_reg[6]' (FDE) to 'fsm12/out_reg[31]'
INFO: [Synth 8-3886] merging instance 'fsm12/out_reg[7]' (FDE) to 'fsm12/out_reg[31]'
INFO: [Synth 8-3886] merging instance 'fsm12/out_reg[8]' (FDE) to 'fsm12/out_reg[31]'
INFO: [Synth 8-3886] merging instance 'fsm12/out_reg[9]' (FDE) to 'fsm12/out_reg[31]'
INFO: [Synth 8-3886] merging instance 'fsm12/out_reg[10]' (FDE) to 'fsm12/out_reg[31]'
INFO: [Synth 8-3886] merging instance 'fsm12/out_reg[11]' (FDE) to 'fsm12/out_reg[31]'
INFO: [Synth 8-3886] merging instance 'fsm12/out_reg[12]' (FDE) to 'fsm12/out_reg[31]'
INFO: [Synth 8-3886] merging instance 'fsm12/out_reg[13]' (FDE) to 'fsm12/out_reg[31]'
INFO: [Synth 8-3886] merging instance 'fsm12/out_reg[14]' (FDE) to 'fsm12/out_reg[31]'
INFO: [Synth 8-3886] merging instance 'fsm12/out_reg[15]' (FDE) to 'fsm12/out_reg[31]'
INFO: [Synth 8-3886] merging instance 'fsm12/out_reg[16]' (FDE) to 'fsm12/out_reg[31]'
INFO: [Synth 8-3886] merging instance 'fsm12/out_reg[17]' (FDE) to 'fsm12/out_reg[31]'
INFO: [Synth 8-3886] merging instance 'fsm12/out_reg[18]' (FDE) to 'fsm12/out_reg[31]'
INFO: [Synth 8-3886] merging instance 'fsm12/out_reg[19]' (FDE) to 'fsm12/out_reg[31]'
INFO: [Synth 8-3886] merging instance 'fsm12/out_reg[20]' (FDE) to 'fsm12/out_reg[31]'
INFO: [Synth 8-3886] merging instance 'fsm12/out_reg[21]' (FDE) to 'fsm12/out_reg[31]'
INFO: [Synth 8-3886] merging instance 'fsm12/out_reg[22]' (FDE) to 'fsm12/out_reg[31]'
INFO: [Synth 8-3886] merging instance 'fsm12/out_reg[23]' (FDE) to 'fsm12/out_reg[31]'
INFO: [Synth 8-3886] merging instance 'fsm12/out_reg[24]' (FDE) to 'fsm12/out_reg[31]'
INFO: [Synth 8-3886] merging instance 'fsm12/out_reg[25]' (FDE) to 'fsm12/out_reg[31]'
INFO: [Synth 8-3886] merging instance 'fsm12/out_reg[26]' (FDE) to 'fsm12/out_reg[31]'
INFO: [Synth 8-3886] merging instance 'fsm12/out_reg[27]' (FDE) to 'fsm12/out_reg[31]'
INFO: [Synth 8-3886] merging instance 'fsm12/out_reg[28]' (FDE) to 'fsm12/out_reg[31]'
INFO: [Synth 8-3886] merging instance 'fsm12/out_reg[29]' (FDE) to 'fsm12/out_reg[31]'
INFO: [Synth 8-3886] merging instance 'fsm12/out_reg[30]' (FDE) to 'fsm12/out_reg[31]'
INFO: [Synth 8-3333] propagating constant 0 across sequential element (\fsm12/out_reg[31] )
WARNING: [Synth 8-3332] Sequential element (out_tmp_reg[47]) is unused and will be removed from module std_mult_pipe.
WARNING: [Synth 8-3332] Sequential element (out_tmp_reg[46]) is unused and will be removed from module std_mult_pipe.
WARNING: [Synth 8-3332] Sequential element (out_tmp_reg[45]) is unused and will be removed from module std_mult_pipe.
WARNING: [Synth 8-3332] Sequential element (out_tmp_reg[44]) is unused and will be removed from module std_mult_pipe.
WARNING: [Synth 8-3332] Sequential element (out_tmp_reg[43]) is unused and will be removed from module std_mult_pipe.
WARNING: [Synth 8-3332] Sequential element (out_tmp_reg[42]) is unused and will be removed from module std_mult_pipe.
WARNING: [Synth 8-3332] Sequential element (out_tmp_reg[41]) is unused and will be removed from module std_mult_pipe.
WARNING: [Synth 8-3332] Sequential element (out_tmp_reg[40]) is unused and will be removed from module std_mult_pipe.
WARNING: [Synth 8-3332] Sequential element (out_tmp_reg[39]) is unused and will be removed from module std_mult_pipe.
WARNING: [Synth 8-3332] Sequential element (out_tmp_reg[38]) is unused and will be removed from module std_mult_pipe.
WARNING: [Synth 8-3332] Sequential element (out_tmp_reg[37]) is unused and will be removed from module std_mult_pipe.
WARNING: [Synth 8-3332] Sequential element (out_tmp_reg[36]) is unused and will be removed from module std_mult_pipe.
WARNING: [Synth 8-3332] Sequential element (out_tmp_reg[35]) is unused and will be removed from module std_mult_pipe.
WARNING: [Synth 8-3332] Sequential element (out_tmp_reg[34]) is unused and will be removed from module std_mult_pipe.
WARNING: [Synth 8-3332] Sequential element (out_tmp_reg[33]) is unused and will be removed from module std_mult_pipe.
WARNING: [Synth 8-3332] Sequential element (out_tmp_reg[32]) is unused and will be removed from module std_mult_pipe.
WARNING: [Synth 8-3332] Sequential element (out_tmp_reg[31]) is unused and will be removed from module std_mult_pipe.
WARNING: [Synth 8-3332] Sequential element (out_tmp_reg[30]) is unused and will be removed from module std_mult_pipe.
WARNING: [Synth 8-3332] Sequential element (out_tmp_reg[29]) is unused and will be removed from module std_mult_pipe.
WARNING: [Synth 8-3332] Sequential element (out_tmp_reg[28]) is unused and will be removed from module std_mult_pipe.
WARNING: [Synth 8-3332] Sequential element (out_tmp_reg[27]) is unused and will be removed from module std_mult_pipe.
WARNING: [Synth 8-3332] Sequential element (out_tmp_reg[26]) is unused and will be removed from module std_mult_pipe.
WARNING: [Synth 8-3332] Sequential element (out_tmp_reg[25]) is unused and will be removed from module std_mult_pipe.
WARNING: [Synth 8-3332] Sequential element (out_tmp_reg[24]) is unused and will be removed from module std_mult_pipe.
WARNING: [Synth 8-3332] Sequential element (out_tmp_reg[23]) is unused and will be removed from module std_mult_pipe.
WARNING: [Synth 8-3332] Sequential element (out_tmp_reg[22]) is unused and will be removed from module std_mult_pipe.
WARNING: [Synth 8-3332] Sequential element (out_tmp_reg[21]) is unused and will be removed from module std_mult_pipe.
WARNING: [Synth 8-3332] Sequential element (out_tmp_reg[20]) is unused and will be removed from module std_mult_pipe.
WARNING: [Synth 8-3332] Sequential element (out_tmp_reg[19]) is unused and will be removed from module std_mult_pipe.
WARNING: [Synth 8-3332] Sequential element (out_tmp_reg[18]) is unused and will be removed from module std_mult_pipe.
WARNING: [Synth 8-3332] Sequential element (out_tmp_reg[17]) is unused and will be removed from module std_mult_pipe.
---------------------------------------------------------------------------------
Finished Cross Boundary and Area Optimization : Time (s): cpu = 00:00:34 ; elapsed = 00:00:51 . Memory (MB): peak = 2503.219 ; gain = 169.715 ; free physical = 17396 ; free virtual = 37573
---------------------------------------------------------------------------------
---------------------------------------------------------------------------------
Start ROM, RAM, DSP and Shift Register Reporting
---------------------------------------------------------------------------------

Distributed RAM: Preliminary Mapping  Report (see note below)
+------------+------------+-----------+----------------------+-----------------+
|Module Name | RTL Object | Inference | Size (Depth x Width) | Primitives      | 
+------------+------------+-----------+----------------------+-----------------+
|main        | x0/mem_reg | Implied   | 4 x 32               | RAM16X1S x 32   | 
|main        | x1/mem_reg | Implied   | 4 x 32               | RAM16X1S x 32   | 
|main        | y0/mem_reg | Implied   | 4 x 32               | RAM16X1S x 32   | 
|main        | y1/mem_reg | Implied   | 4 x 32               | RAM16X1S x 32   | 
+------------+------------+-----------+----------------------+-----------------+

Note: The table above is a preliminary report that shows the Distributed RAMs at the current stage of the synthesis flow. Some Distributed RAMs may be reimplemented as non Distributed RAM primitives later in the synthesis flow. Multiple instantiated RAMs are reported only once.

DSP: Preliminary Mapping  Report (see note below)
+--------------+------------------+--------+--------+--------+--------+--------+------+------+------+------+-------+------+------+
|Module Name   | DSP Mapping      | A Size | B Size | C Size | D Size | P Size | AREG | BREG | CREG | DREG | ADREG | MREG | PREG | 
+--------------+------------------+--------+--------+--------+--------+--------+------+------+------+------+-------+------+------+
|std_mult_pipe | A2*B             | 18     | 16     | -      | -      | 48     | 1    | 0    | -    | -    | -     | 0    | 0    | 
|std_mult_pipe | (PCIN>>17)+A*B   | 16     | 16     | -      | -      | 48     | 0    | 0    | -    | -    | -     | 0    | 1    | 
|std_mult_pipe | A2*B2            | 18     | 18     | -      | -      | 48     | 1    | 1    | -    | -    | -     | 0    | 0    | 
|std_mult_pipe | (PCIN>>17)+A2*B  | 18     | 16     | -      | -      | 48     | 1    | 0    | -    | -    | -     | 0    | 1    | 
|std_mult_pipe | (A2*B2)'         | 18     | 16     | -      | -      | 48     | 1    | 1    | -    | -    | -     | 1    | 0    | 
|std_mult_pipe | A2*B2            | 18     | 18     | -      | -      | 48     | 1    | 1    | -    | -    | -     | 0    | 0    | 
|std_mult_pipe | (PCIN>>17)+A2*B2 | 18     | 16     | -      | -      | 48     | 1    | 1    | -    | -    | -     | 0    | 1    | 
|std_mult_pipe | (A2*B2)'         | 18     | 16     | -      | -      | 48     | 1    | 1    | -    | -    | -     | 1    | 0    | 
|std_mult_pipe | A2*B2            | 18     | 18     | -      | -      | 48     | 1    | 1    | -    | -    | -     | 0    | 0    | 
|std_mult_pipe | (PCIN>>17)+A2*B2 | 18     | 16     | -      | -      | 48     | 1    | 1    | -    | -    | -     | 0    | 1    | 
|std_mult_pipe | (A2*B2)'         | 18     | 16     | -      | -      | 48     | 1    | 1    | -    | -    | -     | 1    | 0    | 
|std_mult_pipe | A2*B2            | 18     | 18     | -      | -      | 48     | 1    | 1    | -    | -    | -     | 0    | 0    | 
|std_mult_pipe | (PCIN>>17)+A2*B2 | 18     | 16     | -      | -      | 48     | 1    | 1    | -    | -    | -     | 0    | 1    | 
+--------------+------------------+--------+--------+--------+--------+--------+------+------+------+------+-------+------+------+

Note: The table above is a preliminary report that shows the DSPs inferred at the current stage of the synthesis flow. Some DSP may be reimplemented as non DSP primitives later in the synthesis flow. Multiple instantiated DSPs are reported only once.
---------------------------------------------------------------------------------
Finished ROM, RAM, DSP and Shift Register Reporting
---------------------------------------------------------------------------------

Report RTL Partitions: 
+-+--------------+------------+----------+
| |RTL Partition |Replication |Instances |
+-+--------------+------------+----------+
+-+--------------+------------+----------+
---------------------------------------------------------------------------------
Start Applying XDC Timing Constraints
---------------------------------------------------------------------------------
---------------------------------------------------------------------------------
Finished Applying XDC Timing Constraints : Time (s): cpu = 00:01:03 ; elapsed = 00:02:46 . Memory (MB): peak = 2916.477 ; gain = 582.973 ; free physical = 13884 ; free virtual = 34146
---------------------------------------------------------------------------------
---------------------------------------------------------------------------------
Start Timing Optimization
---------------------------------------------------------------------------------
---------------------------------------------------------------------------------
Finished Timing Optimization : Time (s): cpu = 00:01:10 ; elapsed = 00:02:53 . Memory (MB): peak = 2977.168 ; gain = 643.664 ; free physical = 13509 ; free virtual = 33771
---------------------------------------------------------------------------------
---------------------------------------------------------------------------------
Start ROM, RAM, DSP and Shift Register Reporting
---------------------------------------------------------------------------------

Distributed RAM: Final Mapping  Report
+------------+------------+-----------+----------------------+-----------------+
|Module Name | RTL Object | Inference | Size (Depth x Width) | Primitives      | 
+------------+------------+-----------+----------------------+-----------------+
|main        | x0/mem_reg | Implied   | 4 x 32               | RAM16X1S x 32   | 
|main        | x1/mem_reg | Implied   | 4 x 32               | RAM16X1S x 32   | 
|main        | y0/mem_reg | Implied   | 4 x 32               | RAM16X1S x 32   | 
|main        | y1/mem_reg | Implied   | 4 x 32               | RAM16X1S x 32   | 
+------------+------------+-----------+----------------------+-----------------+

---------------------------------------------------------------------------------
Finished ROM, RAM, DSP and Shift Register Reporting
---------------------------------------------------------------------------------

Report RTL Partitions: 
+-+--------------+------------+----------+
| |RTL Partition |Replication |Instances |
+-+--------------+------------+----------+
+-+--------------+------------+----------+
---------------------------------------------------------------------------------
Start Technology Mapping
---------------------------------------------------------------------------------
---------------------------------------------------------------------------------
Finished Technology Mapping : Time (s): cpu = 00:01:14 ; elapsed = 00:02:57 . Memory (MB): peak = 3005.371 ; gain = 671.867 ; free physical = 13316 ; free virtual = 33579
---------------------------------------------------------------------------------

Report RTL Partitions: 
+-+--------------+------------+----------+
| |RTL Partition |Replication |Instances |
+-+--------------+------------+----------+
+-+--------------+------------+----------+
---------------------------------------------------------------------------------
Start IO Insertion
---------------------------------------------------------------------------------
---------------------------------------------------------------------------------
Start Flattening Before IO Insertion
---------------------------------------------------------------------------------
---------------------------------------------------------------------------------
Finished Flattening Before IO Insertion
---------------------------------------------------------------------------------
---------------------------------------------------------------------------------
Start Final Netlist Cleanup
---------------------------------------------------------------------------------
---------------------------------------------------------------------------------
Finished Final Netlist Cleanup
---------------------------------------------------------------------------------
---------------------------------------------------------------------------------
Finished IO Insertion : Time (s): cpu = 00:01:16 ; elapsed = 00:02:59 . Memory (MB): peak = 3011.312 ; gain = 677.809 ; free physical = 13229 ; free virtual = 33491
---------------------------------------------------------------------------------

Report Check Netlist: 
+------+------------------+-------+---------+-------+------------------+
|      |Item              |Errors |Warnings |Status |Description       |
+------+------------------+-------+---------+-------+------------------+
|1     |multi_driven_nets |      0|        0|Passed |Multi driven nets |
+------+------------------+-------+---------+-------+------------------+
---------------------------------------------------------------------------------
Start Renaming Generated Instances
---------------------------------------------------------------------------------
---------------------------------------------------------------------------------
Finished Renaming Generated Instances : Time (s): cpu = 00:01:16 ; elapsed = 00:02:59 . Memory (MB): peak = 3011.312 ; gain = 677.809 ; free physical = 13220 ; free virtual = 33482
---------------------------------------------------------------------------------

Report RTL Partitions: 
+-+--------------+------------+----------+
| |RTL Partition |Replication |Instances |
+-+--------------+------------+----------+
+-+--------------+------------+----------+
---------------------------------------------------------------------------------
Start Rebuilding User Hierarchy
---------------------------------------------------------------------------------
---------------------------------------------------------------------------------
Finished Rebuilding User Hierarchy : Time (s): cpu = 00:01:18 ; elapsed = 00:03:01 . Memory (MB): peak = 3011.312 ; gain = 677.809 ; free physical = 13164 ; free virtual = 33426
---------------------------------------------------------------------------------
---------------------------------------------------------------------------------
Start Renaming Generated Ports
---------------------------------------------------------------------------------
---------------------------------------------------------------------------------
Finished Renaming Generated Ports : Time (s): cpu = 00:01:18 ; elapsed = 00:03:01 . Memory (MB): peak = 3011.312 ; gain = 677.809 ; free physical = 13153 ; free virtual = 33415
---------------------------------------------------------------------------------
---------------------------------------------------------------------------------
Start Handling Custom Attributes
---------------------------------------------------------------------------------
---------------------------------------------------------------------------------
Finished Handling Custom Attributes : Time (s): cpu = 00:01:18 ; elapsed = 00:03:01 . Memory (MB): peak = 3011.312 ; gain = 677.809 ; free physical = 13131 ; free virtual = 33394
---------------------------------------------------------------------------------
---------------------------------------------------------------------------------
Start Renaming Generated Nets
---------------------------------------------------------------------------------
---------------------------------------------------------------------------------
Finished Renaming Generated Nets : Time (s): cpu = 00:01:18 ; elapsed = 00:03:01 . Memory (MB): peak = 3011.312 ; gain = 677.809 ; free physical = 13127 ; free virtual = 33389
---------------------------------------------------------------------------------
---------------------------------------------------------------------------------
Start Writing Synthesis Report
---------------------------------------------------------------------------------

Report BlackBoxes: 
+-+--------------+----------+
| |BlackBox name |Instances |
+-+--------------+----------+
+-+--------------+----------+

Report Cell Usage: 
+------+----------------+------+
|      |Cell            |Count |
+------+----------------+------+
|1     |CARRY8          |    24|
|2     |DSP_ALU_1       |    12|
|3     |DSP_A_B_DATA    |     8|
|4     |DSP_A_B_DATA_1  |     4|
|5     |DSP_C_DATA      |     8|
|6     |DSP_C_DATA_1    |     4|
|7     |DSP_MULTIPLIER  |    12|
|8     |DSP_M_DATA_1    |    12|
|9     |DSP_OUTPUT      |     4|
|10    |DSP_OUTPUT_1    |     8|
|11    |DSP_PREADD      |    12|
|12    |DSP_PREADD_DATA |    12|
|13    |LUT1            |     4|
|14    |LUT2            |   319|
|15    |LUT3            |   496|
|16    |LUT4            |   238|
|17    |LUT5            |    76|
|18    |LUT6            |   824|
|19    |MUXF7           |   256|
|20    |RAM16X1S        |   128|
|21    |FDRE            |  3123|
+------+----------------+------+

Report Instance Areas: 
+------+-------------------+--------------------------------------+------+
|      |Instance           |Module                                |Cells |
+------+-------------------+--------------------------------------+------+
|1     |top                |                                      |  5584|
|2     |  A0_1             |std_mem_d2_0                          |  1441|
|3     |  A0_0             |std_mem_d2                            |  1441|
|4     |  A_int_read0_0    |std_reg                               |    33|
|5     |  A_read0_00       |std_reg_1                             |    33|
|6     |  A_read0_10       |std_reg_2                             |    33|
|7     |  A_read1_00       |std_reg_3                             |    33|
|8     |  A_read1_10       |std_reg_4                             |    34|
|9     |  A_sh_read0_0     |std_reg_5                             |    67|
|10    |  add2             |std_add__parameterized0               |    36|
|11    |  add3             |std_add__parameterized0_6             |    36|
|12    |  add5             |std_add__parameterized0_7             |    36|
|13    |  add6             |std_add__parameterized0_8             |    36|
|14    |  bin_read0_0      |std_reg_9                             |    33|
|15    |  bin_read1_0      |std_reg_10                            |    33|
|16    |  bin_read2_0      |std_reg_11                            |    33|
|17    |  bin_read3_0      |std_reg_12                            |    33|
|18    |  cond_computed    |std_reg__parameterized1               |     2|
|19    |  cond_computed0   |std_reg__parameterized1_13            |     2|
|20    |  cond_computed1   |std_reg__parameterized1_14            |     2|
|21    |  cond_computed10  |std_reg__parameterized1_15            |     2|
|22    |  cond_computed11  |std_reg__parameterized1_16            |     2|
|23    |  cond_computed12  |std_reg__parameterized1_17            |     2|
|24    |  cond_computed13  |std_reg__parameterized1_18            |     5|
|25    |  cond_computed14  |std_reg__parameterized1_19            |    35|
|26    |  cond_computed15  |std_reg__parameterized1_20            |    12|
|27    |  cond_computed16  |std_reg__parameterized1_21            |     1|
|28    |  cond_computed17  |std_reg__parameterized1_22            |     1|
|29    |  cond_computed2   |std_reg__parameterized1_23            |     2|
|30    |  cond_computed3   |std_reg__parameterized1_24            |     3|
|31    |  cond_computed4   |std_reg__parameterized1_25            |     3|
|32    |  cond_computed5   |std_reg__parameterized1_26            |     1|
|33    |  cond_computed6   |std_reg__parameterized1_27            |     2|
|34    |  cond_computed7   |std_reg__parameterized1_28            |     2|
|35    |  cond_computed8   |std_reg__parameterized1_29            |     1|
|36    |  cond_computed9   |std_reg__parameterized1_30            |     1|
|37    |  cond_stored      |std_reg__parameterized1_31            |     1|
|38    |  cond_stored0     |std_reg__parameterized1_32            |     1|
|39    |  cond_stored1     |std_reg__parameterized1_33            |     1|
|40    |  cond_stored10    |std_reg__parameterized1_34            |     1|
|41    |  cond_stored11    |std_reg__parameterized1_35            |     1|
|42    |  cond_stored12    |std_reg__parameterized1_36            |     1|
|43    |  cond_stored13    |std_reg__parameterized1_37            |     1|
|44    |  cond_stored14    |std_reg__parameterized1_38            |     2|
|45    |  cond_stored15    |std_reg__parameterized1_39            |     2|
|46    |  cond_stored16    |std_reg__parameterized1_40            |     1|
|47    |  cond_stored17    |std_reg__parameterized1_41            |     1|
|48    |  cond_stored2     |std_reg__parameterized1_42            |     1|
|49    |  cond_stored3     |std_reg__parameterized1_43            |     2|
|50    |  cond_stored4     |std_reg__parameterized1_44            |     2|
|51    |  cond_stored5     |std_reg__parameterized1_45            |     1|
|52    |  cond_stored6     |std_reg__parameterized1_46            |     1|
|53    |  cond_stored7     |std_reg__parameterized1_47            |     1|
|54    |  cond_stored8     |std_reg__parameterized1_48            |     1|
|55    |  cond_stored9     |std_reg__parameterized1_49            |     1|
|56    |  done_reg         |std_reg__parameterized1_50            |     1|
|57    |  done_reg0        |std_reg__parameterized1_51            |     1|
|58    |  done_reg1        |std_reg__parameterized1_52            |     1|
|59    |  done_reg10       |std_reg__parameterized1_53            |     1|
|60    |  done_reg11       |std_reg__parameterized1_54            |     1|
|61    |  done_reg12       |std_reg__parameterized1_55            |     1|
|62    |  done_reg13       |std_reg__parameterized1_56            |     1|
|63    |  done_reg14       |std_reg__parameterized1_57            |     1|
|64    |  done_reg15       |std_reg__parameterized1_58            |     1|
|65    |  done_reg16       |std_reg__parameterized1_59            |     1|
|66    |  done_reg17       |std_reg__parameterized1_60            |     1|
|67    |  done_reg2        |std_reg__parameterized1_61            |     1|
|68    |  done_reg3        |std_reg__parameterized1_62            |     2|
|69    |  done_reg4        |std_reg__parameterized1_63            |     2|
|70    |  done_reg5        |std_reg__parameterized1_64            |     1|
|71    |  done_reg6        |std_reg__parameterized1_65            |     1|
|72    |  done_reg7        |std_reg__parameterized1_66            |     1|
|73    |  done_reg8        |std_reg__parameterized1_67            |     1|
|74    |  done_reg9        |std_reg__parameterized1_68            |     1|
|75    |  fsm              |std_reg_69                            |    22|
|76    |  fsm0             |std_reg_70                            |    13|
|77    |  fsm1             |std_reg_71                            |    19|
|78    |  fsm10            |std_reg_72                            |    11|
|79    |  fsm11            |std_reg_73                            |    26|
|80    |  fsm12            |std_reg_74                            |    22|
|81    |  fsm2             |std_reg_75                            |     8|
|82    |  fsm3             |std_reg_76                            |     8|
|83    |  fsm4             |std_reg_77                            |    52|
|84    |  fsm5             |std_reg_78                            |     8|
|85    |  fsm6             |std_reg_79                            |     8|
|86    |  fsm7             |std_reg_80                            |    31|
|87    |  fsm8             |std_reg_81                            |    57|
|88    |  fsm9             |std_reg_82                            |    14|
|89    |  i0               |std_reg__parameterized0               |    16|
|90    |  i00              |std_reg__parameterized0_83            |    26|
|91    |  i10              |std_reg__parameterized0_84            |    28|
|92    |  j0               |std_reg__parameterized0_85            |    10|
|93    |  j00              |std_reg__parameterized0_86            |    18|
|94    |  j1               |std_reg__parameterized0_87            |     9|
|95    |  j10              |std_reg__parameterized0_88            |    35|
|96    |  mult_pipe0       |std_mult_pipe                         |   160|
|97    |    out_tmp_reg    |\mult_pipe0/out_tmp_reg_funnel        |     8|
|98    |    out_tmp0       |out_tmp0_funnel                       |     8|
|99    |    out_tmp_reg__0 |\mult_pipe3/out_tmp_reg__0_funnel__2  |     8|
|100   |  mult_pipe1       |std_mult_pipe_89                      |   160|
|101   |    out_tmp_reg    |\mult_pipe0/out_tmp_reg_funnel__3     |     8|
|102   |    out_tmp0       |out_tmp0_funnel__6                    |     8|
|103   |    out_tmp_reg__0 |\mult_pipe3/out_tmp_reg__0_funnel__3  |     8|
|104   |  mult_pipe2       |std_mult_pipe_90                      |   160|
|105   |    out_tmp_reg    |\mult_pipe0/out_tmp_reg_funnel__1     |     8|
|106   |    out_tmp0       |out_tmp0_funnel__5                    |     8|
|107   |    out_tmp_reg__0 |\mult_pipe3/out_tmp_reg__0_funnel__1  |     8|
|108   |  mult_pipe3       |std_mult_pipe_91                      |   160|
|109   |    out_tmp_reg    |\mult_pipe0/out_tmp_reg_funnel__2     |     8|
|110   |    out_tmp0       |out_tmp0_funnel__4                    |     8|
|111   |    out_tmp_reg__0 |\mult_pipe3/out_tmp_reg__0_funnel     |     8|
|112   |  par_done_reg     |std_reg__parameterized1_92            |     2|
|113   |  par_done_reg0    |std_reg__parameterized1_93            |     2|
|114   |  par_done_reg1    |std_reg__parameterized1_94            |     1|
|115   |  par_done_reg10   |std_reg__parameterized1_95            |     2|
|116   |  par_done_reg11   |std_reg__parameterized1_96            |     1|
|117   |  par_done_reg12   |std_reg__parameterized1_97            |     1|
|118   |  par_done_reg13   |std_reg__parameterized1_98            |     3|
|119   |  par_done_reg14   |std_reg__parameterized1_99            |     3|
|120   |  par_done_reg15   |std_reg__parameterized1_100           |     2|
|121   |  par_done_reg16   |std_reg__parameterized1_101           |     1|
|122   |  par_done_reg17   |std_reg__parameterized1_102           |     1|
|123   |  par_done_reg18   |std_reg__parameterized1_103           |     1|
|124   |  par_done_reg19   |std_reg__parameterized1_104           |     1|
|125   |  par_done_reg2    |std_reg__parameterized1_105           |     2|
|126   |  par_done_reg20   |std_reg__parameterized1_106           |     1|
|127   |  par_done_reg21   |std_reg__parameterized1_107           |     2|
|128   |  par_done_reg22   |std_reg__parameterized1_108           |     2|
|129   |  par_done_reg23   |std_reg__parameterized1_109           |    38|
|130   |  par_done_reg24   |std_reg__parameterized1_110           |     2|
|131   |  par_done_reg25   |std_reg__parameterized1_111           |     2|
|132   |  par_done_reg26   |std_reg__parameterized1_112           |     4|
|133   |  par_done_reg27   |std_reg__parameterized1_113           |     4|
|134   |  par_done_reg28   |std_reg__parameterized1_114           |    38|
|135   |  par_done_reg29   |std_reg__parameterized1_115           |     1|
|136   |  par_done_reg3    |std_reg__parameterized1_116           |     2|
|137   |  par_done_reg4    |std_reg__parameterized1_117           |     2|
|138   |  par_done_reg5    |std_reg__parameterized1_118           |     2|
|139   |  par_done_reg6    |std_reg__parameterized1_119           |     1|
|140   |  par_done_reg7    |std_reg__parameterized1_120           |    43|
|141   |  par_done_reg8    |std_reg__parameterized1_121           |     7|
|142   |  par_done_reg9    |std_reg__parameterized1_122           |     2|
|143   |  par_reset        |std_reg__parameterized1_123           |     1|
|144   |  par_reset0       |std_reg__parameterized1_124           |     2|
|145   |  par_reset1       |std_reg__parameterized1_125           |     1|
|146   |  par_reset10      |std_reg__parameterized1_126           |     1|
|147   |  par_reset2       |std_reg__parameterized1_127           |     1|
|148   |  par_reset3       |std_reg__parameterized1_128           |     1|
|149   |  par_reset4       |std_reg__parameterized1_129           |     1|
|150   |  par_reset5       |std_reg__parameterized1_130           |     1|
|151   |  par_reset6       |std_reg__parameterized1_131           |     1|
|152   |  par_reset7       |std_reg__parameterized1_132           |     1|
|153   |  par_reset8       |std_reg__parameterized1_133           |     1|
|154   |  par_reset9       |std_reg__parameterized1_134           |     1|
|155   |  t_00             |std_reg_135                           |    64|
|156   |  t_10             |std_reg_136                           |    33|
|157   |  tmp_int_read0_00 |std_reg_137                           |    33|
|158   |  tmp_int_read0_10 |std_reg_138                           |    33|
|159   |  x0               |std_mem_d1                            |    68|
|160   |  x1               |std_mem_d1_139                        |    34|
|161   |  x_int_read0_0    |std_reg_140                           |    98|
|162   |  x_read0_00       |std_reg_141                           |    33|
|163   |  x_read0_10       |std_reg_142                           |    33|
|164   |  x_sh_read0_0     |std_reg_143                           |    35|
|165   |  y0               |std_mem_d1_144                        |    69|
|166   |  y0_00            |std_reg_145                           |    64|
|167   |  y0_10            |std_reg_146                           |    64|
|168   |  y1               |std_mem_d1_147                        |    69|
|169   |  y_sh_read0_0     |std_reg_148                           |    68|
+------+-------------------+--------------------------------------+------+
---------------------------------------------------------------------------------
Finished Writing Synthesis Report : Time (s): cpu = 00:01:18 ; elapsed = 00:03:01 . Memory (MB): peak = 3011.312 ; gain = 677.809 ; free physical = 13125 ; free virtual = 33388
---------------------------------------------------------------------------------
Synthesis finished with 0 errors, 0 critical warnings and 63 warnings.
Synthesis Optimization Runtime : Time (s): cpu = 00:01:09 ; elapsed = 00:02:43 . Memory (MB): peak = 3011.312 ; gain = 508.094 ; free physical = 13161 ; free virtual = 33423
Synthesis Optimization Complete : Time (s): cpu = 00:01:18 ; elapsed = 00:03:01 . Memory (MB): peak = 3011.316 ; gain = 677.809 ; free physical = 13161 ; free virtual = 33423
INFO: [Project 1-571] Translating synthesized netlist
INFO: [Netlist 29-17] Analyzing 420 Unisim elements for replacement
INFO: [Netlist 29-28] Unisim Transformation completed in 0 CPU seconds
INFO: [Project 1-570] Preparing netlist for logic optimization
INFO: [Opt 31-138] Pushed 0 inverter(s) to 0 load pin(s).
Netlist sorting complete. Time (s): cpu = 00:00:00.01 ; elapsed = 00:00:00 . Memory (MB): peak = 3055.203 ; gain = 0.000 ; free physical = 13056 ; free virtual = 33319
INFO: [Project 1-111] Unisim Transformation Summary:
  A total of 140 instances were transformed.
  DSP48E2 => DSP48E2 (DSP_ALU, DSP_A_B_DATA, DSP_C_DATA, DSP_MULTIPLIER, DSP_M_DATA, DSP_OUTPUT, DSP_PREADD_DATA, DSP_PREADD): 12 instances
  RAM16X1S => RAM32X1S (RAMS32): 128 instances

INFO: [Common 17-83] Releasing license: Synthesis
186 Infos, 98 Warnings, 0 Critical Warnings and 0 Errors encountered.
synth_design completed successfully
synth_design: Time (s): cpu = 00:01:34 ; elapsed = 00:03:46 . Memory (MB): peak = 3055.203 ; gain = 1566.008 ; free physical = 13178 ; free virtual = 33440
Netlist sorting complete. Time (s): cpu = 00:00:00 ; elapsed = 00:00:00 . Memory (MB): peak = 3055.203 ; gain = 0.000 ; free physical = 13177 ; free virtual = 33439
WARNING: [Constraints 18-5210] No constraints selected for write.
Resolution: This message can indicate that there are no constraints for the design, or it can indicate that the used_in flags are set such that the constraints are ignored. This later case is used when running synth_design to not write synthesis constraints to the resulting checkpoint. Instead, project constraints are read when the synthesized design is opened.
INFO: [Common 17-1381] The checkpoint '/tmp/tmp.ALViQqMJYE/out/FutilBuild.runs/synth_1/main.dcp' has been generated.
INFO: [runtcl-4] Executing : report_utilization -file main_utilization_synth.rpt -pb main_utilization_synth.pb
INFO: [Common 17-206] Exiting Vivado at Wed Nov 18 12:46:59 2020...
