
*** Running vivado
    with args -log main.vds -m64 -product Vivado -mode batch -messageDb vivado.pb -notrace -source main.tcl


****** Vivado v2019.1 (64-bit)
  **** SW Build 2552052 on Fri May 24 14:47:09 MDT 2019
  **** IP Build 2548770 on Fri May 24 18:01:18 MDT 2019
    ** Copyright 1986-2019 Xilinx, Inc. All Rights Reserved.

source main.tcl -notrace
Command: synth_design -top main -part xc7z020clg484-1 -mode out_of_context -flatten_hierarchy rebuilt
Starting synth_design
Attempting to get a license for feature 'Synthesis' and/or device 'xc7z020'
INFO: [Common 17-349] Got license for feature 'Synthesis' and/or device 'xc7z020'
INFO: [Device 21-403] Loading part xc7z020clg484-1
INFO: Launching helper process for spawning children vivado processes
INFO: Helper process launched with PID 23297 
---------------------------------------------------------------------------------
Starting RTL Elaboration : Time (s): cpu = 00:00:03 ; elapsed = 00:00:05 . Memory (MB): peak = 1883.355 ; gain = 152.715 ; free physical = 44514 ; free virtual = 50626
---------------------------------------------------------------------------------
INFO: [Synth 8-6157] synthesizing module 'main' [/tmp/tmp.amq514MpxF/linear-algebra-gemm.sv:57]
INFO: [Synth 8-6157] synthesizing module 'std_reg' [/tmp/tmp.amq514MpxF/linear-algebra-gemm.sv:2]
	Parameter width bound to: 32 - type: integer 
INFO: [Synth 8-6155] done synthesizing module 'std_reg' (1#1) [/tmp/tmp.amq514MpxF/linear-algebra-gemm.sv:2]
INFO: [Synth 8-6157] synthesizing module 'std_mult_pipe' [/tmp/tmp.amq514MpxF/linear-algebra-gemm.sv:43]
	Parameter width bound to: 32 - type: integer 
INFO: [Synth 8-6155] done synthesizing module 'std_mult_pipe' (2#1) [/tmp/tmp.amq514MpxF/linear-algebra-gemm.sv:43]
INFO: [Synth 8-6157] synthesizing module 'std_le' [/tmp/tmp.amq514MpxF/linear-algebra-gemm.sv:35]
	Parameter width bound to: 4 - type: integer 
INFO: [Synth 8-6155] done synthesizing module 'std_le' (3#1) [/tmp/tmp.amq514MpxF/linear-algebra-gemm.sv:35]
INFO: [Synth 8-6157] synthesizing module 'std_reg__parameterized0' [/tmp/tmp.amq514MpxF/linear-algebra-gemm.sv:2]
	Parameter width bound to: 4 - type: integer 
INFO: [Synth 8-6155] done synthesizing module 'std_reg__parameterized0' (3#1) [/tmp/tmp.amq514MpxF/linear-algebra-gemm.sv:2]
INFO: [Synth 8-6157] synthesizing module 'std_const' [/tmp/tmp.amq514MpxF/linear-algebra-gemm.sv:28]
	Parameter width bound to: 4 - type: integer 
	Parameter value bound to: 7 - type: integer 
INFO: [Synth 8-6155] done synthesizing module 'std_const' (4#1) [/tmp/tmp.amq514MpxF/linear-algebra-gemm.sv:28]
INFO: [Synth 8-6157] synthesizing module 'std_const__parameterized0' [/tmp/tmp.amq514MpxF/linear-algebra-gemm.sv:28]
	Parameter width bound to: 4 - type: integer 
	Parameter value bound to: 0 - type: integer 
INFO: [Synth 8-6155] done synthesizing module 'std_const__parameterized0' (4#1) [/tmp/tmp.amq514MpxF/linear-algebra-gemm.sv:28]
INFO: [Synth 8-6157] synthesizing module 'std_const__parameterized1' [/tmp/tmp.amq514MpxF/linear-algebra-gemm.sv:28]
	Parameter width bound to: 4 - type: integer 
	Parameter value bound to: 1 - type: integer 
INFO: [Synth 8-6155] done synthesizing module 'std_const__parameterized1' (4#1) [/tmp/tmp.amq514MpxF/linear-algebra-gemm.sv:28]
INFO: [Synth 8-6157] synthesizing module 'std_const__parameterized2' [/tmp/tmp.amq514MpxF/linear-algebra-gemm.sv:28]
	Parameter width bound to: 1 - type: integer 
	Parameter value bound to: 0 - type: integer 
INFO: [Synth 8-6155] done synthesizing module 'std_const__parameterized2' (4#1) [/tmp/tmp.amq514MpxF/linear-algebra-gemm.sv:28]
INFO: [Synth 8-6157] synthesizing module 'std_add' [/tmp/tmp.amq514MpxF/linear-algebra-gemm.sv:20]
	Parameter width bound to: 4 - type: integer 
INFO: [Synth 8-6155] done synthesizing module 'std_add' (5#1) [/tmp/tmp.amq514MpxF/linear-algebra-gemm.sv:20]
INFO: [Synth 8-6157] synthesizing module 'std_add__parameterized0' [/tmp/tmp.amq514MpxF/linear-algebra-gemm.sv:20]
	Parameter width bound to: 32 - type: integer 
INFO: [Synth 8-6155] done synthesizing module 'std_add__parameterized0' (5#1) [/tmp/tmp.amq514MpxF/linear-algebra-gemm.sv:20]
INFO: [Synth 8-6157] synthesizing module 'std_reg__parameterized1' [/tmp/tmp.amq514MpxF/linear-algebra-gemm.sv:2]
	Parameter width bound to: 1 - type: integer 
INFO: [Synth 8-6155] done synthesizing module 'std_reg__parameterized1' (5#1) [/tmp/tmp.amq514MpxF/linear-algebra-gemm.sv:2]
WARNING: [Synth 8-3848] Net beta_write_data in module/entity main does not have driver. [/tmp/tmp.amq514MpxF/linear-algebra-gemm.sv:72]
WARNING: [Synth 8-3848] Net beta_write_en in module/entity main does not have driver. [/tmp/tmp.amq514MpxF/linear-algebra-gemm.sv:73]
WARNING: [Synth 8-3848] Net alpha_write_data in module/entity main does not have driver. [/tmp/tmp.amq514MpxF/linear-algebra-gemm.sv:75]
WARNING: [Synth 8-3848] Net alpha_write_en in module/entity main does not have driver. [/tmp/tmp.amq514MpxF/linear-algebra-gemm.sv:76]
WARNING: [Synth 8-3848] Net B_write_data in module/entity main does not have driver. [/tmp/tmp.amq514MpxF/linear-algebra-gemm.sv:83]
WARNING: [Synth 8-3848] Net B_write_en in module/entity main does not have driver. [/tmp/tmp.amq514MpxF/linear-algebra-gemm.sv:84]
WARNING: [Synth 8-3848] Net A_write_data in module/entity main does not have driver. [/tmp/tmp.amq514MpxF/linear-algebra-gemm.sv:87]
WARNING: [Synth 8-3848] Net A_write_en in module/entity main does not have driver. [/tmp/tmp.amq514MpxF/linear-algebra-gemm.sv:88]
INFO: [Synth 8-6155] done synthesizing module 'main' (6#1) [/tmp/tmp.amq514MpxF/linear-algebra-gemm.sv:57]
WARNING: [Synth 8-3331] design std_mult_pipe has unconnected port left[31]
WARNING: [Synth 8-3331] design std_mult_pipe has unconnected port left[30]
WARNING: [Synth 8-3331] design std_mult_pipe has unconnected port left[29]
WARNING: [Synth 8-3331] design std_mult_pipe has unconnected port left[28]
WARNING: [Synth 8-3331] design std_mult_pipe has unconnected port left[27]
WARNING: [Synth 8-3331] design std_mult_pipe has unconnected port left[26]
WARNING: [Synth 8-3331] design std_mult_pipe has unconnected port left[25]
WARNING: [Synth 8-3331] design std_mult_pipe has unconnected port left[24]
WARNING: [Synth 8-3331] design std_mult_pipe has unconnected port left[23]
WARNING: [Synth 8-3331] design std_mult_pipe has unconnected port left[22]
WARNING: [Synth 8-3331] design std_mult_pipe has unconnected port left[21]
WARNING: [Synth 8-3331] design std_mult_pipe has unconnected port left[20]
WARNING: [Synth 8-3331] design std_mult_pipe has unconnected port left[19]
WARNING: [Synth 8-3331] design std_mult_pipe has unconnected port left[18]
WARNING: [Synth 8-3331] design std_mult_pipe has unconnected port left[17]
WARNING: [Synth 8-3331] design std_mult_pipe has unconnected port left[16]
WARNING: [Synth 8-3331] design std_mult_pipe has unconnected port left[15]
WARNING: [Synth 8-3331] design std_mult_pipe has unconnected port left[14]
WARNING: [Synth 8-3331] design std_mult_pipe has unconnected port left[13]
WARNING: [Synth 8-3331] design std_mult_pipe has unconnected port left[12]
WARNING: [Synth 8-3331] design std_mult_pipe has unconnected port left[11]
WARNING: [Synth 8-3331] design std_mult_pipe has unconnected port left[10]
WARNING: [Synth 8-3331] design std_mult_pipe has unconnected port left[9]
WARNING: [Synth 8-3331] design std_mult_pipe has unconnected port left[8]
WARNING: [Synth 8-3331] design std_mult_pipe has unconnected port left[7]
WARNING: [Synth 8-3331] design std_mult_pipe has unconnected port left[6]
WARNING: [Synth 8-3331] design std_mult_pipe has unconnected port left[5]
WARNING: [Synth 8-3331] design std_mult_pipe has unconnected port left[4]
WARNING: [Synth 8-3331] design std_mult_pipe has unconnected port left[3]
WARNING: [Synth 8-3331] design std_mult_pipe has unconnected port left[2]
WARNING: [Synth 8-3331] design std_mult_pipe has unconnected port left[1]
WARNING: [Synth 8-3331] design std_mult_pipe has unconnected port right[31]
WARNING: [Synth 8-3331] design std_mult_pipe has unconnected port right[30]
WARNING: [Synth 8-3331] design std_mult_pipe has unconnected port right[29]
WARNING: [Synth 8-3331] design std_mult_pipe has unconnected port right[28]
WARNING: [Synth 8-3331] design std_mult_pipe has unconnected port right[27]
WARNING: [Synth 8-3331] design std_mult_pipe has unconnected port right[26]
WARNING: [Synth 8-3331] design std_mult_pipe has unconnected port right[25]
WARNING: [Synth 8-3331] design std_mult_pipe has unconnected port right[24]
WARNING: [Synth 8-3331] design std_mult_pipe has unconnected port right[23]
WARNING: [Synth 8-3331] design std_mult_pipe has unconnected port right[22]
WARNING: [Synth 8-3331] design std_mult_pipe has unconnected port right[21]
WARNING: [Synth 8-3331] design std_mult_pipe has unconnected port right[20]
WARNING: [Synth 8-3331] design std_mult_pipe has unconnected port right[19]
WARNING: [Synth 8-3331] design std_mult_pipe has unconnected port right[18]
WARNING: [Synth 8-3331] design std_mult_pipe has unconnected port right[17]
WARNING: [Synth 8-3331] design std_mult_pipe has unconnected port right[16]
WARNING: [Synth 8-3331] design std_mult_pipe has unconnected port right[15]
WARNING: [Synth 8-3331] design std_mult_pipe has unconnected port right[14]
WARNING: [Synth 8-3331] design std_mult_pipe has unconnected port right[13]
WARNING: [Synth 8-3331] design std_mult_pipe has unconnected port right[12]
WARNING: [Synth 8-3331] design std_mult_pipe has unconnected port right[11]
WARNING: [Synth 8-3331] design std_mult_pipe has unconnected port right[10]
WARNING: [Synth 8-3331] design std_mult_pipe has unconnected port right[9]
WARNING: [Synth 8-3331] design std_mult_pipe has unconnected port right[8]
WARNING: [Synth 8-3331] design std_mult_pipe has unconnected port right[7]
WARNING: [Synth 8-3331] design std_mult_pipe has unconnected port right[6]
WARNING: [Synth 8-3331] design std_mult_pipe has unconnected port right[5]
WARNING: [Synth 8-3331] design std_mult_pipe has unconnected port right[4]
WARNING: [Synth 8-3331] design std_mult_pipe has unconnected port right[3]
WARNING: [Synth 8-3331] design std_mult_pipe has unconnected port right[2]
WARNING: [Synth 8-3331] design std_mult_pipe has unconnected port right[1]
WARNING: [Synth 8-3331] design main has unconnected port beta_write_data[31]
WARNING: [Synth 8-3331] design main has unconnected port beta_write_data[30]
WARNING: [Synth 8-3331] design main has unconnected port beta_write_data[29]
WARNING: [Synth 8-3331] design main has unconnected port beta_write_data[28]
WARNING: [Synth 8-3331] design main has unconnected port beta_write_data[27]
WARNING: [Synth 8-3331] design main has unconnected port beta_write_data[26]
WARNING: [Synth 8-3331] design main has unconnected port beta_write_data[25]
WARNING: [Synth 8-3331] design main has unconnected port beta_write_data[24]
WARNING: [Synth 8-3331] design main has unconnected port beta_write_data[23]
WARNING: [Synth 8-3331] design main has unconnected port beta_write_data[22]
WARNING: [Synth 8-3331] design main has unconnected port beta_write_data[21]
WARNING: [Synth 8-3331] design main has unconnected port beta_write_data[20]
WARNING: [Synth 8-3331] design main has unconnected port beta_write_data[19]
WARNING: [Synth 8-3331] design main has unconnected port beta_write_data[18]
WARNING: [Synth 8-3331] design main has unconnected port beta_write_data[17]
WARNING: [Synth 8-3331] design main has unconnected port beta_write_data[16]
WARNING: [Synth 8-3331] design main has unconnected port beta_write_data[15]
WARNING: [Synth 8-3331] design main has unconnected port beta_write_data[14]
WARNING: [Synth 8-3331] design main has unconnected port beta_write_data[13]
WARNING: [Synth 8-3331] design main has unconnected port beta_write_data[12]
WARNING: [Synth 8-3331] design main has unconnected port beta_write_data[11]
WARNING: [Synth 8-3331] design main has unconnected port beta_write_data[10]
WARNING: [Synth 8-3331] design main has unconnected port beta_write_data[9]
WARNING: [Synth 8-3331] design main has unconnected port beta_write_data[8]
WARNING: [Synth 8-3331] design main has unconnected port beta_write_data[7]
WARNING: [Synth 8-3331] design main has unconnected port beta_write_data[6]
WARNING: [Synth 8-3331] design main has unconnected port beta_write_data[5]
WARNING: [Synth 8-3331] design main has unconnected port beta_write_data[4]
WARNING: [Synth 8-3331] design main has unconnected port beta_write_data[3]
WARNING: [Synth 8-3331] design main has unconnected port beta_write_data[2]
WARNING: [Synth 8-3331] design main has unconnected port beta_write_data[1]
WARNING: [Synth 8-3331] design main has unconnected port beta_write_data[0]
WARNING: [Synth 8-3331] design main has unconnected port beta_write_en
WARNING: [Synth 8-3331] design main has unconnected port alpha_write_data[31]
WARNING: [Synth 8-3331] design main has unconnected port alpha_write_data[30]
WARNING: [Synth 8-3331] design main has unconnected port alpha_write_data[29]
WARNING: [Synth 8-3331] design main has unconnected port alpha_write_data[28]
WARNING: [Synth 8-3331] design main has unconnected port alpha_write_data[27]
INFO: [Common 17-14] Message 'Synth 8-3331' appears 100 times and further instances of the messages will be disabled. Use the Tcl command set_msg_config to change the current settings.
---------------------------------------------------------------------------------
Finished RTL Elaboration : Time (s): cpu = 00:00:04 ; elapsed = 00:00:07 . Memory (MB): peak = 1939.109 ; gain = 208.469 ; free physical = 44533 ; free virtual = 50646
---------------------------------------------------------------------------------

Report Check Netlist: 
+------+------------------+-------+---------+-------+------------------+
|      |Item              |Errors |Warnings |Status |Description       |
+------+------------------+-------+---------+-------+------------------+
|1     |multi_driven_nets |      0|        0|Passed |Multi driven nets |
+------+------------------+-------+---------+-------+------------------+
---------------------------------------------------------------------------------
Start Handling Custom Attributes
---------------------------------------------------------------------------------
---------------------------------------------------------------------------------
Finished Handling Custom Attributes : Time (s): cpu = 00:00:04 ; elapsed = 00:00:08 . Memory (MB): peak = 1942.074 ; gain = 211.434 ; free physical = 44533 ; free virtual = 50646
---------------------------------------------------------------------------------
---------------------------------------------------------------------------------
Finished RTL Optimization Phase 1 : Time (s): cpu = 00:00:04 ; elapsed = 00:00:08 . Memory (MB): peak = 1942.074 ; gain = 211.434 ; free physical = 44533 ; free virtual = 50646
---------------------------------------------------------------------------------
INFO: [Project 1-570] Preparing netlist for logic optimization

Processing XDC Constraints
Initializing timing engine
Parsing XDC File [/tmp/tmp.amq514MpxF/device.xdc]
Finished Parsing XDC File [/tmp/tmp.amq514MpxF/device.xdc]
Completed Processing XDC Constraints

Netlist sorting complete. Time (s): cpu = 00:00:00 ; elapsed = 00:00:00 . Memory (MB): peak = 2123.762 ; gain = 0.000 ; free physical = 44433 ; free virtual = 50546
INFO: [Project 1-111] Unisim Transformation Summary:
No Unisim elements were transformed.

Constraint Validation Runtime : Time (s): cpu = 00:00:00.08 ; elapsed = 00:00:00.06 . Memory (MB): peak = 2131.699 ; gain = 7.938 ; free physical = 44432 ; free virtual = 50545
---------------------------------------------------------------------------------
Finished Constraint Validation : Time (s): cpu = 00:00:09 ; elapsed = 00:00:16 . Memory (MB): peak = 2131.699 ; gain = 401.059 ; free physical = 45038 ; free virtual = 50876
---------------------------------------------------------------------------------
---------------------------------------------------------------------------------
Start Loading Part and Timing Information
---------------------------------------------------------------------------------
Loading part: xc7z020clg484-1
---------------------------------------------------------------------------------
Finished Loading Part and Timing Information : Time (s): cpu = 00:00:09 ; elapsed = 00:00:16 . Memory (MB): peak = 2131.699 ; gain = 401.059 ; free physical = 45038 ; free virtual = 50876
---------------------------------------------------------------------------------
---------------------------------------------------------------------------------
Start Applying 'set_property' XDC Constraints
---------------------------------------------------------------------------------
---------------------------------------------------------------------------------
Finished applying 'set_property' XDC Constraints : Time (s): cpu = 00:00:09 ; elapsed = 00:00:16 . Memory (MB): peak = 2131.699 ; gain = 401.059 ; free physical = 45038 ; free virtual = 50876
---------------------------------------------------------------------------------
---------------------------------------------------------------------------------
Finished RTL Optimization Phase 2 : Time (s): cpu = 00:00:10 ; elapsed = 00:00:17 . Memory (MB): peak = 2131.699 ; gain = 401.059 ; free physical = 45030 ; free virtual = 50869
---------------------------------------------------------------------------------
INFO: [Synth 8-223] decloning instance 'const9' (std_const) to 'const7'
INFO: [Synth 8-223] decloning instance 'const9' (std_const) to 'const3'
INFO: [Synth 8-223] decloning instance 'const9' (std_const) to 'const1'
INFO: [Synth 8-223] decloning instance 'const8' (std_const__parameterized0) to 'const6'
INFO: [Synth 8-223] decloning instance 'const8' (std_const__parameterized0) to 'const2'
INFO: [Synth 8-223] decloning instance 'const8' (std_const__parameterized0) to 'const0'
INFO: [Synth 8-223] decloning instance 'const5' (std_const__parameterized1) to 'const13'
INFO: [Synth 8-223] decloning instance 'const5' (std_const__parameterized1) to 'const12'
INFO: [Synth 8-223] decloning instance 'const5' (std_const__parameterized1) to 'const11'
INFO: [Synth 8-223] decloning instance 'const4' (std_const__parameterized2) to 'const10'

Report RTL Partitions: 
+-+--------------+------------+----------+
| |RTL Partition |Replication |Instances |
+-+--------------+------------+----------+
+-+--------------+------------+----------+
---------------------------------------------------------------------------------
Start RTL Component Statistics 
---------------------------------------------------------------------------------
Detailed RTL Component Info : 
+---Adders : 
	   2 Input     32 Bit       Adders := 5     
	   2 Input      4 Bit       Adders := 4     
+---Registers : 
	               32 Bit    Registers := 18    
	                4 Bit    Registers := 4     
	                1 Bit    Registers := 37    
+---Muxes : 
	   2 Input     32 Bit        Muxes := 29    
	   2 Input      4 Bit        Muxes := 33    
	   6 Input      3 Bit        Muxes := 1     
	   2 Input      2 Bit        Muxes := 3     
	   3 Input      2 Bit        Muxes := 1     
	   2 Input      1 Bit        Muxes := 3     
---------------------------------------------------------------------------------
Finished RTL Component Statistics 
---------------------------------------------------------------------------------
---------------------------------------------------------------------------------
Start RTL Hierarchical Component Statistics 
---------------------------------------------------------------------------------
Hierarchical RTL Component report 
Module main 
Detailed RTL Component Info : 
+---Muxes : 
	   2 Input     32 Bit        Muxes := 29    
	   2 Input      4 Bit        Muxes := 33    
	   6 Input      3 Bit        Muxes := 1     
	   2 Input      2 Bit        Muxes := 3     
	   3 Input      2 Bit        Muxes := 1     
	   2 Input      1 Bit        Muxes := 3     
Module std_reg 
Detailed RTL Component Info : 
+---Registers : 
	               32 Bit    Registers := 1     
	                1 Bit    Registers := 1     
Module std_mult_pipe 
Detailed RTL Component Info : 
+---Registers : 
	                1 Bit    Registers := 1     
Module std_reg__parameterized0 
Detailed RTL Component Info : 
+---Registers : 
	                4 Bit    Registers := 1     
	                1 Bit    Registers := 1     
Module std_add 
Detailed RTL Component Info : 
+---Adders : 
	   2 Input      4 Bit       Adders := 1     
Module std_add__parameterized0 
Detailed RTL Component Info : 
+---Adders : 
	   2 Input     32 Bit       Adders := 1     
Module std_reg__parameterized1 
Detailed RTL Component Info : 
+---Registers : 
	                1 Bit    Registers := 2     
---------------------------------------------------------------------------------
Finished RTL Hierarchical Component Statistics
---------------------------------------------------------------------------------
---------------------------------------------------------------------------------
Start Part Resource Summary
---------------------------------------------------------------------------------
Part Resources:
DSPs: 220 (col length:60)
BRAMs: 280 (col length: RAMB18 60 RAMB36 30)
---------------------------------------------------------------------------------
Finished Part Resource Summary
---------------------------------------------------------------------------------
---------------------------------------------------------------------------------
Start Cross Boundary and Area Optimization
---------------------------------------------------------------------------------
Warning: Parallel synthesis criteria is not met 
INFO: [Synth 8-4471] merging register 'mult_tmp_l2/done_reg' into 'mult_tmp_r2/done_reg' [/tmp/tmp.amq514MpxF/linear-algebra-gemm.sv:14]
INFO: [Synth 8-4471] merging register 'mult_tmp_l1/done_reg' into 'mult_tmp_r1/done_reg' [/tmp/tmp.amq514MpxF/linear-algebra-gemm.sv:14]
INFO: [Synth 8-4471] merging register 'mult_tmp_l0/done_reg' into 'mult_tmp_r0/done_reg' [/tmp/tmp.amq514MpxF/linear-algebra-gemm.sv:14]
---------------------------------------------------------------------------------
Finished Cross Boundary and Area Optimization : Time (s): cpu = 00:00:14 ; elapsed = 00:00:21 . Memory (MB): peak = 2131.699 ; gain = 401.059 ; free physical = 44937 ; free virtual = 50785
---------------------------------------------------------------------------------

Report RTL Partitions: 
+-+--------------+------------+----------+
| |RTL Partition |Replication |Instances |
+-+--------------+------------+----------+
+-+--------------+------------+----------+
---------------------------------------------------------------------------------
Start Applying XDC Timing Constraints
---------------------------------------------------------------------------------
---------------------------------------------------------------------------------
Finished Applying XDC Timing Constraints : Time (s): cpu = 00:00:20 ; elapsed = 00:00:27 . Memory (MB): peak = 2131.699 ; gain = 401.059 ; free physical = 44788 ; free virtual = 50631
---------------------------------------------------------------------------------
---------------------------------------------------------------------------------
Start Timing Optimization
---------------------------------------------------------------------------------
---------------------------------------------------------------------------------
Finished Timing Optimization : Time (s): cpu = 00:00:22 ; elapsed = 00:00:29 . Memory (MB): peak = 2131.699 ; gain = 401.059 ; free physical = 44910 ; free virtual = 50657
---------------------------------------------------------------------------------

Report RTL Partitions: 
+-+--------------+------------+----------+
| |RTL Partition |Replication |Instances |
+-+--------------+------------+----------+
+-+--------------+------------+----------+
---------------------------------------------------------------------------------
Start Technology Mapping
---------------------------------------------------------------------------------
---------------------------------------------------------------------------------
Finished Technology Mapping : Time (s): cpu = 00:00:22 ; elapsed = 00:00:29 . Memory (MB): peak = 2131.699 ; gain = 401.059 ; free physical = 44848 ; free virtual = 50625
---------------------------------------------------------------------------------

Report RTL Partitions: 
+-+--------------+------------+----------+
| |RTL Partition |Replication |Instances |
+-+--------------+------------+----------+
+-+--------------+------------+----------+
---------------------------------------------------------------------------------
Start IO Insertion
---------------------------------------------------------------------------------
---------------------------------------------------------------------------------
Start Flattening Before IO Insertion
---------------------------------------------------------------------------------
---------------------------------------------------------------------------------
Finished Flattening Before IO Insertion
---------------------------------------------------------------------------------
---------------------------------------------------------------------------------
Start Final Netlist Cleanup
---------------------------------------------------------------------------------
---------------------------------------------------------------------------------
Finished Final Netlist Cleanup
---------------------------------------------------------------------------------
---------------------------------------------------------------------------------
Finished IO Insertion : Time (s): cpu = 00:00:23 ; elapsed = 00:00:31 . Memory (MB): peak = 2131.699 ; gain = 401.059 ; free physical = 44552 ; free virtual = 50557
---------------------------------------------------------------------------------

Report Check Netlist: 
+------+------------------+-------+---------+-------+------------------+
|      |Item              |Errors |Warnings |Status |Description       |
+------+------------------+-------+---------+-------+------------------+
|1     |multi_driven_nets |      0|        0|Passed |Multi driven nets |
+------+------------------+-------+---------+-------+------------------+
---------------------------------------------------------------------------------
Start Renaming Generated Instances
---------------------------------------------------------------------------------
---------------------------------------------------------------------------------
Finished Renaming Generated Instances : Time (s): cpu = 00:00:23 ; elapsed = 00:00:31 . Memory (MB): peak = 2131.699 ; gain = 401.059 ; free physical = 44552 ; free virtual = 50557
---------------------------------------------------------------------------------

Report RTL Partitions: 
+-+--------------+------------+----------+
| |RTL Partition |Replication |Instances |
+-+--------------+------------+----------+
+-+--------------+------------+----------+
---------------------------------------------------------------------------------
Start Rebuilding User Hierarchy
---------------------------------------------------------------------------------
---------------------------------------------------------------------------------
Finished Rebuilding User Hierarchy : Time (s): cpu = 00:00:23 ; elapsed = 00:00:31 . Memory (MB): peak = 2131.699 ; gain = 401.059 ; free physical = 44552 ; free virtual = 50557
---------------------------------------------------------------------------------
---------------------------------------------------------------------------------
Start Renaming Generated Ports
---------------------------------------------------------------------------------
---------------------------------------------------------------------------------
Finished Renaming Generated Ports : Time (s): cpu = 00:00:23 ; elapsed = 00:00:31 . Memory (MB): peak = 2131.699 ; gain = 401.059 ; free physical = 44552 ; free virtual = 50557
---------------------------------------------------------------------------------
---------------------------------------------------------------------------------
Start Handling Custom Attributes
---------------------------------------------------------------------------------
---------------------------------------------------------------------------------
Finished Handling Custom Attributes : Time (s): cpu = 00:00:23 ; elapsed = 00:00:31 . Memory (MB): peak = 2131.699 ; gain = 401.059 ; free physical = 44552 ; free virtual = 50557
---------------------------------------------------------------------------------
---------------------------------------------------------------------------------
Start Renaming Generated Nets
---------------------------------------------------------------------------------
---------------------------------------------------------------------------------
Finished Renaming Generated Nets : Time (s): cpu = 00:00:23 ; elapsed = 00:00:31 . Memory (MB): peak = 2131.699 ; gain = 401.059 ; free physical = 44552 ; free virtual = 50557
---------------------------------------------------------------------------------
---------------------------------------------------------------------------------
Start Writing Synthesis Report
---------------------------------------------------------------------------------

Report BlackBoxes: 
+-+--------------+----------+
| |BlackBox name |Instances |
+-+--------------+----------+
+-+--------------+----------+

Report Cell Usage: 
+------+-------+------+
|      |Cell   |Count |
+------+-------+------+
|1     |CARRY4 |    40|
|2     |LUT1   |     5|
|3     |LUT2   |   245|
|4     |LUT3   |    63|
|5     |LUT4   |    48|
|6     |LUT5   |    69|
|7     |LUT6   |    55|
|8     |FDRE   |   180|
+------+-------+------+

Report Instance Areas: 
+------+-----------------+---------------------------+------+
|      |Instance         |Module                     |Cells |
+------+-----------------+---------------------------+------+
|1     |top              |                           |   705|
|2     |  C_i_j0         |std_reg                    |     2|
|3     |  cond_computed0 |std_reg__parameterized1    |     1|
|4     |  cond_computed1 |std_reg__parameterized1_0  |     2|
|5     |  cond_stored0   |std_reg__parameterized1_1  |     2|
|6     |  cond_stored1   |std_reg__parameterized1_2  |     1|
|7     |  done_reg0      |std_reg__parameterized1_3  |     1|
|8     |  done_reg1      |std_reg__parameterized1_4  |     1|
|9     |  fsm0           |std_reg_5                  |    88|
|10    |  fsm1           |std_reg_6                  |   126|
|11    |  fsm2           |std_reg_7                  |   149|
|12    |  fsm3           |std_reg_8                  |   183|
|13    |  fsm4           |std_reg_9                  |    13|
|14    |  fsm5           |std_reg_10                 |    34|
|15    |  fsm6           |std_reg_11                 |    16|
|16    |  i0             |std_reg__parameterized0    |    18|
|17    |  j0             |std_reg__parameterized0_12 |    14|
|18    |  j1             |std_reg__parameterized0_13 |    14|
|19    |  k0             |std_reg__parameterized0_14 |    17|
|20    |  mult_tmp_l0    |std_reg_15                 |     1|
|21    |  mult_tmp_l1    |std_reg_16                 |     1|
|22    |  mult_tmp_l2    |std_reg_17                 |     1|
|23    |  mult_tmp_o0    |std_reg_18                 |     2|
|24    |  mult_tmp_o1    |std_reg_19                 |     1|
|25    |  mult_tmp_r0    |std_reg_20                 |     5|
|26    |  mult_tmp_r1    |std_reg_21                 |     2|
|27    |  mult_tmp_r2    |std_reg_22                 |     2|
|28    |  multp0         |std_mult_pipe              |     2|
|29    |  multp1         |std_mult_pipe_23           |     3|
|30    |  multp2         |std_mult_pipe_24           |     2|
|31    |  v0             |std_reg_25                 |     1|
+------+-----------------+---------------------------+------+
---------------------------------------------------------------------------------
Finished Writing Synthesis Report : Time (s): cpu = 00:00:23 ; elapsed = 00:00:31 . Memory (MB): peak = 2131.699 ; gain = 401.059 ; free physical = 44552 ; free virtual = 50557
---------------------------------------------------------------------------------
Synthesis finished with 0 errors, 0 critical warnings and 137 warnings.
Synthesis Optimization Runtime : Time (s): cpu = 00:00:21 ; elapsed = 00:00:28 . Memory (MB): peak = 2131.699 ; gain = 211.434 ; free physical = 44609 ; free virtual = 50613
Synthesis Optimization Complete : Time (s): cpu = 00:00:24 ; elapsed = 00:00:31 . Memory (MB): peak = 2131.699 ; gain = 401.059 ; free physical = 44609 ; free virtual = 50613
INFO: [Project 1-571] Translating synthesized netlist
INFO: [Netlist 29-17] Analyzing 40 Unisim elements for replacement
INFO: [Netlist 29-28] Unisim Transformation completed in 0 CPU seconds
INFO: [Project 1-570] Preparing netlist for logic optimization
INFO: [Opt 31-138] Pushed 0 inverter(s) to 0 load pin(s).
Netlist sorting complete. Time (s): cpu = 00:00:00 ; elapsed = 00:00:00 . Memory (MB): peak = 2135.668 ; gain = 0.000 ; free physical = 44553 ; free virtual = 50558
INFO: [Project 1-111] Unisim Transformation Summary:
No Unisim elements were transformed.

INFO: [Common 17-83] Releasing license: Synthesis
49 Infos, 108 Warnings, 0 Critical Warnings and 0 Errors encountered.
synth_design completed successfully
synth_design: Time (s): cpu = 00:00:29 ; elapsed = 00:00:37 . Memory (MB): peak = 2135.668 ; gain = 646.469 ; free physical = 44658 ; free virtual = 50664
Netlist sorting complete. Time (s): cpu = 00:00:00 ; elapsed = 00:00:00 . Memory (MB): peak = 2135.668 ; gain = 0.000 ; free physical = 44658 ; free virtual = 50664
WARNING: [Constraints 18-5210] No constraints selected for write.
Resolution: This message can indicate that there are no constraints for the design, or it can indicate that the used_in flags are set such that the constraints are ignored. This later case is used when running synth_design to not write synthesis constraints to the resulting checkpoint. Instead, project constraints are read when the synthesized design is opened.
INFO: [Common 17-1381] The checkpoint '/tmp/tmp.amq514MpxF/out/FutilBuild.runs/synth_1/main.dcp' has been generated.
INFO: [runtcl-4] Executing : report_utilization -file main_utilization_synth.rpt -pb main_utilization_synth.pb
INFO: [Common 17-206] Exiting Vivado at Thu Aug  6 19:15:13 2020...
