
*** Running vivado
    with args -log main.vdi -applog -m64 -product Vivado -messageDb vivado.pb -mode batch -source main.tcl -notrace


****** Vivado v2019.1 (64-bit)
  **** SW Build 2552052 on Fri May 24 14:47:09 MDT 2019
  **** IP Build 2548770 on Fri May 24 18:01:18 MDT 2019
    ** Copyright 1986-2019 Xilinx, Inc. All Rights Reserved.

source main.tcl -notrace
Command: link_design -top main -part xczu3eg-sbva484-1-e -mode out_of_context
Design is defaulting to srcset: sources_1
Design is defaulting to constrset: constrs_1
INFO: [Device 21-403] Loading part xczu3eg-sbva484-1-e
INFO: [Netlist 29-17] Analyzing 42 Unisim elements for replacement
INFO: [Netlist 29-28] Unisim Transformation completed in 1 CPU seconds
INFO: [Project 1-479] Netlist was created with Vivado 2019.1
INFO: [Project 1-570] Preparing netlist for logic optimization
Parsing XDC File [/tmp/tmp.CKtBESbt6U/device.xdc]
create_clock: Time (s): cpu = 00:00:05 ; elapsed = 00:00:05 . Memory (MB): peak = 2391.465 ; gain = 0.000 ; free physical = 6716 ; free virtual = 42326
Finished Parsing XDC File [/tmp/tmp.CKtBESbt6U/device.xdc]
INFO: [Opt 31-138] Pushed 0 inverter(s) to 0 load pin(s).
Netlist sorting complete. Time (s): cpu = 00:00:00 ; elapsed = 00:00:00 . Memory (MB): peak = 2391.465 ; gain = 0.000 ; free physical = 6712 ; free virtual = 42322
INFO: [Project 1-111] Unisim Transformation Summary:
  A total of 12 instances were transformed.
  DSP48E2 => DSP48E2 (DSP_ALU, DSP_A_B_DATA, DSP_C_DATA, DSP_MULTIPLIER, DSP_M_DATA, DSP_OUTPUT, DSP_PREADD_DATA, DSP_PREADD): 12 instances

7 Infos, 0 Warnings, 0 Critical Warnings and 0 Errors encountered.
link_design completed successfully
link_design: Time (s): cpu = 00:00:21 ; elapsed = 00:00:59 . Memory (MB): peak = 2391.465 ; gain = 902.270 ; free physical = 6707 ; free virtual = 42317
Command: opt_design
Attempting to get a license for feature 'Implementation' and/or device 'xczu3eg'
INFO: [Common 17-349] Got license for feature 'Implementation' and/or device 'xczu3eg'
Running DRC as a precondition to command opt_design

Starting DRC Task
INFO: [DRC 23-27] Running DRC with 8 threads
INFO: [Project 1-461] DRC finished with 0 Errors
INFO: [Project 1-462] Please refer to the DRC report (report_drc) for more information.

Time (s): cpu = 00:00:04 ; elapsed = 00:00:09 . Memory (MB): peak = 2455.496 ; gain = 64.031 ; free physical = 6357 ; free virtual = 41969

Starting Cache Timing Information Task
INFO: [Timing 38-35] Done setting XDC timing constraints.
Ending Cache Timing Information Task | Checksum: 17312d977

Time (s): cpu = 00:00:07 ; elapsed = 00:00:19 . Memory (MB): peak = 2678.684 ; gain = 223.188 ; free physical = 4918 ; free virtual = 40530

Starting Logic Optimization Task

Phase 1 Retarget
INFO: [Opt 31-138] Pushed 2 inverter(s) to 128 load pin(s).
INFO: [Opt 31-49] Retargeted 0 cell(s).
Phase 1 Retarget | Checksum: 1011c242d

Time (s): cpu = 00:00:00.71 ; elapsed = 00:00:00.24 . Memory (MB): peak = 2793.621 ; gain = 0.004 ; free physical = 4514 ; free virtual = 40126
INFO: [Opt 31-389] Phase Retarget created 0 cells and removed 3 cells

Phase 2 Constant propagation
INFO: [Opt 31-138] Pushed 0 inverter(s) to 0 load pin(s).
Phase 2 Constant propagation | Checksum: 1265900fb

Time (s): cpu = 00:00:00.75 ; elapsed = 00:00:00.28 . Memory (MB): peak = 2793.621 ; gain = 0.004 ; free physical = 4499 ; free virtual = 40111
INFO: [Opt 31-389] Phase Constant propagation created 0 cells and removed 0 cells

Phase 3 Sweep
Phase 3 Sweep | Checksum: 1206bed80

Time (s): cpu = 00:00:00.94 ; elapsed = 00:00:00.48 . Memory (MB): peak = 2793.621 ; gain = 0.004 ; free physical = 4418 ; free virtual = 40030
INFO: [Opt 31-389] Phase Sweep created 0 cells and removed 0 cells

Phase 4 BUFG optimization
Phase 4 BUFG optimization | Checksum: 1206bed80

Time (s): cpu = 00:00:00.97 ; elapsed = 00:00:00.51 . Memory (MB): peak = 2793.621 ; gain = 0.004 ; free physical = 4401 ; free virtual = 40013
INFO: [Opt 31-662] Phase BUFG optimization created 0 cells of which 0 are BUFGs and removed 0 cells.

Phase 5 Shift Register Optimization
INFO: [Opt 31-1064] SRL Remap converted 0 SRLs to 0 registers and converted 0 registers of register chains to 0 SRLs
Phase 5 Shift Register Optimization | Checksum: 1206bed80

Time (s): cpu = 00:00:01 ; elapsed = 00:00:00.54 . Memory (MB): peak = 2793.621 ; gain = 0.004 ; free physical = 4375 ; free virtual = 39987
INFO: [Opt 31-389] Phase Shift Register Optimization created 0 cells and removed 0 cells

Phase 6 Post Processing Netlist
Phase 6 Post Processing Netlist | Checksum: 1206bed80

Time (s): cpu = 00:00:01 ; elapsed = 00:00:00.57 . Memory (MB): peak = 2793.621 ; gain = 0.004 ; free physical = 4369 ; free virtual = 39980
INFO: [Opt 31-389] Phase Post Processing Netlist created 0 cells and removed 0 cells
Opt_design Change Summary
=========================


-------------------------------------------------------------------------------------------------------------------------
|  Phase                        |  #Cells created  |  #Cells Removed  |  #Constrained objects preventing optimizations  |
-------------------------------------------------------------------------------------------------------------------------
|  Retarget                     |               0  |               3  |                                              0  |
|  Constant propagation         |               0  |               0  |                                              0  |
|  Sweep                        |               0  |               0  |                                              0  |
|  BUFG optimization            |               0  |               0  |                                              0  |
|  Shift Register Optimization  |               0  |               0  |                                              0  |
|  Post Processing Netlist      |               0  |               0  |                                              0  |
-------------------------------------------------------------------------------------------------------------------------



Starting Connectivity Check Task

Time (s): cpu = 00:00:00.01 ; elapsed = 00:00:00 . Memory (MB): peak = 2793.621 ; gain = 0.000 ; free physical = 4368 ; free virtual = 39979
Ending Logic Optimization Task | Checksum: 110cbdd2c

Time (s): cpu = 00:00:01 ; elapsed = 00:00:00.64 . Memory (MB): peak = 2793.621 ; gain = 0.004 ; free physical = 4360 ; free virtual = 39972

Starting Power Optimization Task
INFO: [Pwropt 34-132] Skipping clock gating for clocks with a period < 2.00 ns.
Ending Power Optimization Task | Checksum: 110cbdd2c

Time (s): cpu = 00:00:00.01 ; elapsed = 00:00:00.04 . Memory (MB): peak = 2793.621 ; gain = 0.000 ; free physical = 4347 ; free virtual = 39959

Starting Final Cleanup Task
Ending Final Cleanup Task | Checksum: 110cbdd2c

Time (s): cpu = 00:00:00 ; elapsed = 00:00:00 . Memory (MB): peak = 2793.621 ; gain = 0.000 ; free physical = 4346 ; free virtual = 39958

Starting Netlist Obfuscation Task
Netlist sorting complete. Time (s): cpu = 00:00:00.01 ; elapsed = 00:00:00 . Memory (MB): peak = 2793.621 ; gain = 0.000 ; free physical = 4346 ; free virtual = 39958
Ending Netlist Obfuscation Task | Checksum: 110cbdd2c

Time (s): cpu = 00:00:00.01 ; elapsed = 00:00:00.01 . Memory (MB): peak = 2793.621 ; gain = 0.000 ; free physical = 4345 ; free virtual = 39957
INFO: [Common 17-83] Releasing license: Implementation
24 Infos, 0 Warnings, 0 Critical Warnings and 0 Errors encountered.
opt_design completed successfully
opt_design: Time (s): cpu = 00:00:14 ; elapsed = 00:00:31 . Memory (MB): peak = 2793.621 ; gain = 402.156 ; free physical = 4345 ; free virtual = 39957
Netlist sorting complete. Time (s): cpu = 00:00:00 ; elapsed = 00:00:00 . Memory (MB): peak = 2793.621 ; gain = 0.000 ; free physical = 4344 ; free virtual = 39956
INFO: [Timing 38-35] Done setting XDC timing constraints.
INFO: [Timing 38-480] Writing timing data to binary archive.
INFO: [Common 17-1381] The checkpoint '/tmp/tmp.CKtBESbt6U/out/FutilBuild.runs/impl_1/main_opt.dcp' has been generated.
INFO: [runtcl-4] Executing : report_drc -file main_drc_opted.rpt -pb main_drc_opted.pb -rpx main_drc_opted.rpx
Command: report_drc -file main_drc_opted.rpt -pb main_drc_opted.pb -rpx main_drc_opted.rpx
INFO: [IP_Flow 19-234] Refreshing IP repositories
INFO: [IP_Flow 19-1704] No user IP repositories specified
INFO: [IP_Flow 19-2313] Loaded Vivado IP repository '/opt/Xilinx/Vivado/2019.1/data/ip'.
INFO: [DRC 23-27] Running DRC with 8 threads
INFO: [Coretcl 2-168] The results of DRC are in file /tmp/tmp.CKtBESbt6U/out/FutilBuild.runs/impl_1/main_drc_opted.rpt.
report_drc completed successfully
report_drc: Time (s): cpu = 00:00:08 ; elapsed = 00:00:12 . Memory (MB): peak = 2951.809 ; gain = 126.168 ; free physical = 4164 ; free virtual = 39777
Command: place_design
Attempting to get a license for feature 'Implementation' and/or device 'xczu3eg'
INFO: [Common 17-349] Got license for feature 'Implementation' and/or device 'xczu3eg'
INFO: [DRC 23-27] Running DRC with 8 threads
INFO: [Vivado_Tcl 4-198] DRC finished with 0 Errors
INFO: [Vivado_Tcl 4-199] Please refer to the DRC report (report_drc) for more information.
Running DRC as a precondition to command place_design
INFO: [DRC 23-27] Running DRC with 8 threads
INFO: [Vivado_Tcl 4-198] DRC finished with 0 Errors
INFO: [Vivado_Tcl 4-199] Please refer to the DRC report (report_drc) for more information.

Starting Placer Task
INFO: [Place 30-611] Multithreading enabled for place_design using a maximum of 8 CPUs

Phase 1 Placer Initialization

Phase 1.1 Placer Initialization Netlist Sorting
Netlist sorting complete. Time (s): cpu = 00:00:00.01 ; elapsed = 00:00:00 . Memory (MB): peak = 2957.750 ; gain = 0.000 ; free physical = 4146 ; free virtual = 39759
Phase 1.1 Placer Initialization Netlist Sorting | Checksum: 6ffa9517

Time (s): cpu = 00:00:00.02 ; elapsed = 00:00:00.03 . Memory (MB): peak = 2957.750 ; gain = 0.000 ; free physical = 4146 ; free virtual = 39759
Netlist sorting complete. Time (s): cpu = 00:00:00 ; elapsed = 00:00:00 . Memory (MB): peak = 2957.750 ; gain = 0.000 ; free physical = 4148 ; free virtual = 39761

Phase 1.2 IO Placement/ Clock Placement/ Build Placer Device
Phase 1.2 IO Placement/ Clock Placement/ Build Placer Device | Checksum: 9d96ab1f

Time (s): cpu = 00:00:46 ; elapsed = 00:02:07 . Memory (MB): peak = 4056.957 ; gain = 1099.207 ; free physical = 12494 ; free virtual = 48123

Phase 1.3 Build Placer Netlist Model
Phase 1.3 Build Placer Netlist Model | Checksum: 17698c601

Time (s): cpu = 00:00:48 ; elapsed = 00:02:08 . Memory (MB): peak = 4095.996 ; gain = 1138.246 ; free physical = 12481 ; free virtual = 48110

Phase 1.4 Constrain Clocks/Macros
Phase 1.4 Constrain Clocks/Macros | Checksum: 17698c601

Time (s): cpu = 00:00:48 ; elapsed = 00:02:08 . Memory (MB): peak = 4095.996 ; gain = 1138.246 ; free physical = 12480 ; free virtual = 48109
Phase 1 Placer Initialization | Checksum: 17698c601

Time (s): cpu = 00:00:48 ; elapsed = 00:02:08 . Memory (MB): peak = 4095.996 ; gain = 1138.246 ; free physical = 12479 ; free virtual = 48109

Phase 2 Global Placement

Phase 2.1 Floorplanning
Phase 2.1 Floorplanning | Checksum: ccf636ce

Time (s): cpu = 00:00:51 ; elapsed = 00:02:10 . Memory (MB): peak = 4112.004 ; gain = 1154.254 ; free physical = 12405 ; free virtual = 48034

Phase 2.2 Global Placement Core

Phase 2.2.1 Physical Synthesis In Placer
INFO: [Physopt 32-65] No nets found for high-fanout optimization.
INFO: [Physopt 32-232] Optimized 0 net. Created 0 new instance.
INFO: [Physopt 32-775] End 1 Pass. Optimized 0 net or cell. Created 0 new cell, deleted 0 existing cell and moved 0 existing cell
INFO: [Physopt 32-670] No setup violation found.  DSP Register Optimization was not performed.
INFO: [Physopt 32-670] No setup violation found.  Shift Register Optimization was not performed.
INFO: [Physopt 32-670] No setup violation found.  BRAM Register Optimization was not performed.
INFO: [Physopt 32-949] No candidate nets found for HD net replication
INFO: [Physopt 32-775] End 1 Pass. Optimized 0 net or cell. Created 0 new cell, deleted 0 existing cell and moved 0 existing cell
Netlist sorting complete. Time (s): cpu = 00:00:00 ; elapsed = 00:00:00 . Memory (MB): peak = 4120.008 ; gain = 0.000 ; free physical = 12351 ; free virtual = 47980

Summary of Physical Synthesis Optimizations
============================================


----------------------------------------------------------------------------------------------------------------------------------------
|  Optimization                  |  Added Cells  |  Removed Cells  |  Optimized Cells/Nets  |  Dont Touch  |  Iterations  |  Elapsed   |
----------------------------------------------------------------------------------------------------------------------------------------
|  Very High Fanout              |            0  |              0  |                     0  |           0  |           1  |  00:00:00  |
|  DSP Register                  |            0  |              0  |                     0  |           0  |           0  |  00:00:00  |
|  Shift Register                |            0  |              0  |                     0  |           0  |           0  |  00:00:00  |
|  BRAM Register                 |            0  |              0  |                     0  |           0  |           0  |  00:00:00  |
|  HD Interface Net Replication  |            0  |              0  |                     0  |           0  |           1  |  00:00:00  |
|  Total                         |            0  |              0  |                     0  |           0  |           2  |  00:00:00  |
----------------------------------------------------------------------------------------------------------------------------------------


Phase 2.2.1 Physical Synthesis In Placer | Checksum: 123802ff4

Time (s): cpu = 00:01:02 ; elapsed = 00:02:14 . Memory (MB): peak = 4120.008 ; gain = 1162.258 ; free physical = 12346 ; free virtual = 47975
Phase 2.2 Global Placement Core | Checksum: 201b2ca17

Time (s): cpu = 00:01:02 ; elapsed = 00:02:14 . Memory (MB): peak = 4120.008 ; gain = 1162.258 ; free physical = 12343 ; free virtual = 47972
Phase 2 Global Placement | Checksum: 201b2ca17

Time (s): cpu = 00:01:02 ; elapsed = 00:02:14 . Memory (MB): peak = 4120.008 ; gain = 1162.258 ; free physical = 12342 ; free virtual = 47971

Phase 3 Detail Placement

Phase 3.1 Commit Multi Column Macros
Phase 3.1 Commit Multi Column Macros | Checksum: 1af6c1c6e

Time (s): cpu = 00:01:03 ; elapsed = 00:02:14 . Memory (MB): peak = 4120.008 ; gain = 1162.258 ; free physical = 12337 ; free virtual = 47954

Phase 3.2 Commit Most Macros & LUTRAMs
Phase 3.2 Commit Most Macros & LUTRAMs | Checksum: 1a7b1617c

Time (s): cpu = 00:01:03 ; elapsed = 00:02:14 . Memory (MB): peak = 4120.008 ; gain = 1162.258 ; free physical = 12339 ; free virtual = 47956

Phase 3.3 Area Swap Optimization
Phase 3.3 Area Swap Optimization | Checksum: 1271337ec

Time (s): cpu = 00:01:03 ; elapsed = 00:02:14 . Memory (MB): peak = 4120.008 ; gain = 1162.258 ; free physical = 12350 ; free virtual = 47955

Phase 3.4 Small Shape Clustering
Phase 3.4 Small Shape Clustering | Checksum: 1edb42398

Time (s): cpu = 00:01:04 ; elapsed = 00:02:15 . Memory (MB): peak = 4120.008 ; gain = 1162.258 ; free physical = 12343 ; free virtual = 47948

Phase 3.5 Flow Legalize Slice Clusters
Phase 3.5 Flow Legalize Slice Clusters | Checksum: 12eae780f

Time (s): cpu = 00:01:04 ; elapsed = 00:02:15 . Memory (MB): peak = 4120.008 ; gain = 1162.258 ; free physical = 12344 ; free virtual = 47949

Phase 3.6 Slice Area Swap
Phase 3.6 Slice Area Swap | Checksum: 15c2aea51

Time (s): cpu = 00:01:04 ; elapsed = 00:02:15 . Memory (MB): peak = 4120.008 ; gain = 1162.258 ; free physical = 12338 ; free virtual = 47943

Phase 3.7 Commit Slice Clusters
Phase 3.7 Commit Slice Clusters | Checksum: 2017d7785

Time (s): cpu = 00:01:05 ; elapsed = 00:02:15 . Memory (MB): peak = 4120.008 ; gain = 1162.258 ; free physical = 12337 ; free virtual = 47941

Phase 3.8 Re-assign LUT pins
Phase 3.8 Re-assign LUT pins | Checksum: 1f7a6fd45

Time (s): cpu = 00:01:06 ; elapsed = 00:02:15 . Memory (MB): peak = 4120.008 ; gain = 1162.258 ; free physical = 12330 ; free virtual = 47934

Phase 3.9 Pipeline Register Optimization
Phase 3.9 Pipeline Register Optimization | Checksum: 171c08a8a

Time (s): cpu = 00:01:06 ; elapsed = 00:02:15 . Memory (MB): peak = 4120.008 ; gain = 1162.258 ; free physical = 12330 ; free virtual = 47934
Phase 3 Detail Placement | Checksum: 171c08a8a

Time (s): cpu = 00:01:06 ; elapsed = 00:02:15 . Memory (MB): peak = 4120.008 ; gain = 1162.258 ; free physical = 12329 ; free virtual = 47933

Phase 4 Post Placement Optimization and Clean-Up

Phase 4.1 Post Commit Optimization
INFO: [Timing 38-35] Done setting XDC timing constraints.

Phase 4.1.1 Post Placement Optimization
Post Placement Optimization Initialization | Checksum: 25ceb81af

Phase 4.1.1.1 BUFG Insertion
INFO: [Place 46-56] BUFG insertion identified 0 candidate nets. Inserted BUFG: 0, Replicated BUFG Driver: 0, Skipped due to Placement/Routing Conflicts: 0, Skipped due to Timing Degradation: 0, Skipped due to Illegal Netlist: 0.
Phase 4.1.1.1 BUFG Insertion | Checksum: 25ceb81af

Time (s): cpu = 00:01:09 ; elapsed = 00:02:17 . Memory (MB): peak = 4120.008 ; gain = 1162.258 ; free physical = 12276 ; free virtual = 47881
INFO: [Place 30-746] Post Placement Timing Summary WNS=3.294. For the most accurate timing information please run report_timing.
Phase 4.1.1 Post Placement Optimization | Checksum: 1cd09b8f2

Time (s): cpu = 00:01:09 ; elapsed = 00:02:17 . Memory (MB): peak = 4120.008 ; gain = 1162.258 ; free physical = 12275 ; free virtual = 47879
Phase 4.1 Post Commit Optimization | Checksum: 1cd09b8f2

Time (s): cpu = 00:01:09 ; elapsed = 00:02:17 . Memory (MB): peak = 4120.008 ; gain = 1162.258 ; free physical = 12275 ; free virtual = 47879

Phase 4.2 Post Placement Cleanup
Phase 4.2 Post Placement Cleanup | Checksum: 1cd09b8f2

Time (s): cpu = 00:01:09 ; elapsed = 00:02:17 . Memory (MB): peak = 4120.008 ; gain = 1162.258 ; free physical = 12273 ; free virtual = 47878

Phase 4.3 Placer Reporting
Phase 4.3 Placer Reporting | Checksum: 1cd09b8f2

Time (s): cpu = 00:01:12 ; elapsed = 00:02:19 . Memory (MB): peak = 4120.008 ; gain = 1162.258 ; free physical = 12164 ; free virtual = 47769

Phase 4.4 Final Placement Cleanup
Netlist sorting complete. Time (s): cpu = 00:00:00 ; elapsed = 00:00:00 . Memory (MB): peak = 4120.008 ; gain = 0.000 ; free physical = 12164 ; free virtual = 47769
Phase 4.4 Final Placement Cleanup | Checksum: 10fd2bf28

Time (s): cpu = 00:01:12 ; elapsed = 00:02:19 . Memory (MB): peak = 4120.008 ; gain = 1162.258 ; free physical = 12164 ; free virtual = 47768
Phase 4 Post Placement Optimization and Clean-Up | Checksum: 10fd2bf28

Time (s): cpu = 00:01:12 ; elapsed = 00:02:19 . Memory (MB): peak = 4120.008 ; gain = 1162.258 ; free physical = 12162 ; free virtual = 47767
Ending Placer Task | Checksum: d0b6cc5e

Time (s): cpu = 00:01:12 ; elapsed = 00:02:19 . Memory (MB): peak = 4120.008 ; gain = 1162.258 ; free physical = 12162 ; free virtual = 47766
INFO: [Common 17-83] Releasing license: Implementation
53 Infos, 0 Warnings, 0 Critical Warnings and 0 Errors encountered.
place_design completed successfully
place_design: Time (s): cpu = 00:01:18 ; elapsed = 00:02:29 . Memory (MB): peak = 4120.008 ; gain = 1168.199 ; free physical = 12181 ; free virtual = 47786
Netlist sorting complete. Time (s): cpu = 00:00:00 ; elapsed = 00:00:00 . Memory (MB): peak = 4120.008 ; gain = 0.000 ; free physical = 12181 ; free virtual = 47786
INFO: [Timing 38-480] Writing timing data to binary archive.
Writing placer database...
Writing XDEF routing.
Writing XDEF routing logical nets.
Writing XDEF routing special nets.
Write XDEF Complete: Time (s): cpu = 00:00:00.91 ; elapsed = 00:00:00.28 . Memory (MB): peak = 4120.008 ; gain = 0.000 ; free physical = 12120 ; free virtual = 47732
INFO: [Common 17-1381] The checkpoint '/tmp/tmp.CKtBESbt6U/out/FutilBuild.runs/impl_1/main_placed.dcp' has been generated.
INFO: [runtcl-4] Executing : report_io -file main_io_placed.rpt
report_io: Time (s): cpu = 00:00:00.14 ; elapsed = 00:00:00.28 . Memory (MB): peak = 4120.008 ; gain = 0.000 ; free physical = 12105 ; free virtual = 47712
INFO: [runtcl-4] Executing : report_utilization -file main_utilization_placed.rpt -pb main_utilization_placed.pb
INFO: [runtcl-4] Executing : report_control_sets -verbose -file main_control_sets_placed.rpt
report_control_sets: Time (s): cpu = 00:00:00.05 ; elapsed = 00:00:00.18 . Memory (MB): peak = 4120.008 ; gain = 0.000 ; free physical = 12044 ; free virtual = 47651
Command: route_design
Attempting to get a license for feature 'Implementation' and/or device 'xczu3eg'
INFO: [Common 17-349] Got license for feature 'Implementation' and/or device 'xczu3eg'
Running DRC as a precondition to command route_design
INFO: [DRC 23-27] Running DRC with 8 threads
INFO: [Vivado_Tcl 4-198] DRC finished with 0 Errors
INFO: [Vivado_Tcl 4-199] Please refer to the DRC report (report_drc) for more information.


Starting Routing Task
INFO: [Route 35-254] Multithreading enabled for route_design using a maximum of 8 CPUs
Checksum: PlaceDB: d0605864 ConstDB: 0 ShapeSum: 5673fa RouteDB: 0

Phase 1 Build RT Design
WARNING: [Route 35-197] Clock port "clk" does not have an associated HD.CLK_SRC. Without this constraint, timing analysis may not be accurate and upstream checks cannot be done to ensure correct clock placement.
WARNING: [Route 35-198] Port "A_int0_0_read_data[0]" does not have an associated HD.PARTPIN_LOCS, which will prevent the partial routing of the signal "A_int0_0_read_data[0]". Without this partial route, timing analysis to/from this port will not be accurate, and no routing information for this port can be exported.
WARNING: [Route 35-198] Port "A_int0_0_read_data[12]" does not have an associated HD.PARTPIN_LOCS, which will prevent the partial routing of the signal "A_int0_0_read_data[12]". Without this partial route, timing analysis to/from this port will not be accurate, and no routing information for this port can be exported.
WARNING: [Route 35-198] Port "A_int0_0_read_data[1]" does not have an associated HD.PARTPIN_LOCS, which will prevent the partial routing of the signal "A_int0_0_read_data[1]". Without this partial route, timing analysis to/from this port will not be accurate, and no routing information for this port can be exported.
WARNING: [Route 35-198] Port "A_int0_0_read_data[4]" does not have an associated HD.PARTPIN_LOCS, which will prevent the partial routing of the signal "A_int0_0_read_data[4]". Without this partial route, timing analysis to/from this port will not be accurate, and no routing information for this port can be exported.
WARNING: [Route 35-198] Port "y_int0_read_data[0]" does not have an associated HD.PARTPIN_LOCS, which will prevent the partial routing of the signal "y_int0_read_data[0]". Without this partial route, timing analysis to/from this port will not be accurate, and no routing information for this port can be exported.
WARNING: [Route 35-198] Port "y_int0_read_data[17]" does not have an associated HD.PARTPIN_LOCS, which will prevent the partial routing of the signal "y_int0_read_data[17]". Without this partial route, timing analysis to/from this port will not be accurate, and no routing information for this port can be exported.
WARNING: [Route 35-198] Port "y_int0_read_data[1]" does not have an associated HD.PARTPIN_LOCS, which will prevent the partial routing of the signal "y_int0_read_data[1]". Without this partial route, timing analysis to/from this port will not be accurate, and no routing information for this port can be exported.
WARNING: [Route 35-198] Port "A_int0_0_read_data[14]" does not have an associated HD.PARTPIN_LOCS, which will prevent the partial routing of the signal "A_int0_0_read_data[14]". Without this partial route, timing analysis to/from this port will not be accurate, and no routing information for this port can be exported.
WARNING: [Route 35-198] Port "A_int0_0_read_data[3]" does not have an associated HD.PARTPIN_LOCS, which will prevent the partial routing of the signal "A_int0_0_read_data[3]". Without this partial route, timing analysis to/from this port will not be accurate, and no routing information for this port can be exported.
WARNING: [Route 35-198] Port "A_int0_0_read_data[9]" does not have an associated HD.PARTPIN_LOCS, which will prevent the partial routing of the signal "A_int0_0_read_data[9]". Without this partial route, timing analysis to/from this port will not be accurate, and no routing information for this port can be exported.
WARNING: [Route 35-198] Port "y_int0_read_data[16]" does not have an associated HD.PARTPIN_LOCS, which will prevent the partial routing of the signal "y_int0_read_data[16]". Without this partial route, timing analysis to/from this port will not be accurate, and no routing information for this port can be exported.
WARNING: [Route 35-198] Port "y_int0_read_data[18]" does not have an associated HD.PARTPIN_LOCS, which will prevent the partial routing of the signal "y_int0_read_data[18]". Without this partial route, timing analysis to/from this port will not be accurate, and no routing information for this port can be exported.
WARNING: [Route 35-198] Port "y_int0_read_data[3]" does not have an associated HD.PARTPIN_LOCS, which will prevent the partial routing of the signal "y_int0_read_data[3]". Without this partial route, timing analysis to/from this port will not be accurate, and no routing information for this port can be exported.
WARNING: [Route 35-198] Port "y_int0_read_data[5]" does not have an associated HD.PARTPIN_LOCS, which will prevent the partial routing of the signal "y_int0_read_data[5]". Without this partial route, timing analysis to/from this port will not be accurate, and no routing information for this port can be exported.
WARNING: [Route 35-198] Port "y_int0_read_data[12]" does not have an associated HD.PARTPIN_LOCS, which will prevent the partial routing of the signal "y_int0_read_data[12]". Without this partial route, timing analysis to/from this port will not be accurate, and no routing information for this port can be exported.
WARNING: [Route 35-198] Port "y_int0_read_data[13]" does not have an associated HD.PARTPIN_LOCS, which will prevent the partial routing of the signal "y_int0_read_data[13]". Without this partial route, timing analysis to/from this port will not be accurate, and no routing information for this port can be exported.
WARNING: [Route 35-198] Port "y_int0_read_data[6]" does not have an associated HD.PARTPIN_LOCS, which will prevent the partial routing of the signal "y_int0_read_data[6]". Without this partial route, timing analysis to/from this port will not be accurate, and no routing information for this port can be exported.
WARNING: [Route 35-198] Port "y_int0_read_data[7]" does not have an associated HD.PARTPIN_LOCS, which will prevent the partial routing of the signal "y_int0_read_data[7]". Without this partial route, timing analysis to/from this port will not be accurate, and no routing information for this port can be exported.
WARNING: [Route 35-198] Port "A_int0_0_read_data[8]" does not have an associated HD.PARTPIN_LOCS, which will prevent the partial routing of the signal "A_int0_0_read_data[8]". Without this partial route, timing analysis to/from this port will not be accurate, and no routing information for this port can be exported.
WARNING: [Route 35-198] Port "y_int0_read_data[15]" does not have an associated HD.PARTPIN_LOCS, which will prevent the partial routing of the signal "y_int0_read_data[15]". Without this partial route, timing analysis to/from this port will not be accurate, and no routing information for this port can be exported.
WARNING: [Route 35-198] Port "A_int0_0_read_data[27]" does not have an associated HD.PARTPIN_LOCS, which will prevent the partial routing of the signal "A_int0_0_read_data[27]". Without this partial route, timing analysis to/from this port will not be accurate, and no routing information for this port can be exported.
WARNING: [Route 35-198] Port "y_int0_read_data[11]" does not have an associated HD.PARTPIN_LOCS, which will prevent the partial routing of the signal "y_int0_read_data[11]". Without this partial route, timing analysis to/from this port will not be accurate, and no routing information for this port can be exported.
WARNING: [Route 35-198] Port "A_int0_0_read_data[11]" does not have an associated HD.PARTPIN_LOCS, which will prevent the partial routing of the signal "A_int0_0_read_data[11]". Without this partial route, timing analysis to/from this port will not be accurate, and no routing information for this port can be exported.
WARNING: [Route 35-198] Port "A_int0_0_read_data[15]" does not have an associated HD.PARTPIN_LOCS, which will prevent the partial routing of the signal "A_int0_0_read_data[15]". Without this partial route, timing analysis to/from this port will not be accurate, and no routing information for this port can be exported.
WARNING: [Route 35-198] Port "A_int0_0_read_data[6]" does not have an associated HD.PARTPIN_LOCS, which will prevent the partial routing of the signal "A_int0_0_read_data[6]". Without this partial route, timing analysis to/from this port will not be accurate, and no routing information for this port can be exported.
WARNING: [Route 35-198] Port "A_int0_0_read_data[7]" does not have an associated HD.PARTPIN_LOCS, which will prevent the partial routing of the signal "A_int0_0_read_data[7]". Without this partial route, timing analysis to/from this port will not be accurate, and no routing information for this port can be exported.
WARNING: [Route 35-198] Port "y_int0_read_data[19]" does not have an associated HD.PARTPIN_LOCS, which will prevent the partial routing of the signal "y_int0_read_data[19]". Without this partial route, timing analysis to/from this port will not be accurate, and no routing information for this port can be exported.
WARNING: [Route 35-198] Port "y_int0_read_data[22]" does not have an associated HD.PARTPIN_LOCS, which will prevent the partial routing of the signal "y_int0_read_data[22]". Without this partial route, timing analysis to/from this port will not be accurate, and no routing information for this port can be exported.
WARNING: [Route 35-198] Port "y_int0_read_data[23]" does not have an associated HD.PARTPIN_LOCS, which will prevent the partial routing of the signal "y_int0_read_data[23]". Without this partial route, timing analysis to/from this port will not be accurate, and no routing information for this port can be exported.
WARNING: [Route 35-198] Port "y_int0_read_data[29]" does not have an associated HD.PARTPIN_LOCS, which will prevent the partial routing of the signal "y_int0_read_data[29]". Without this partial route, timing analysis to/from this port will not be accurate, and no routing information for this port can be exported.
WARNING: [Route 35-198] Port "y_int0_read_data[31]" does not have an associated HD.PARTPIN_LOCS, which will prevent the partial routing of the signal "y_int0_read_data[31]". Without this partial route, timing analysis to/from this port will not be accurate, and no routing information for this port can be exported.
WARNING: [Route 35-198] Port "A_int0_0_read_data[16]" does not have an associated HD.PARTPIN_LOCS, which will prevent the partial routing of the signal "A_int0_0_read_data[16]". Without this partial route, timing analysis to/from this port will not be accurate, and no routing information for this port can be exported.
WARNING: [Route 35-198] Port "A_int0_0_read_data[21]" does not have an associated HD.PARTPIN_LOCS, which will prevent the partial routing of the signal "A_int0_0_read_data[21]". Without this partial route, timing analysis to/from this port will not be accurate, and no routing information for this port can be exported.
WARNING: [Route 35-198] Port "A_int0_0_read_data[2]" does not have an associated HD.PARTPIN_LOCS, which will prevent the partial routing of the signal "A_int0_0_read_data[2]". Without this partial route, timing analysis to/from this port will not be accurate, and no routing information for this port can be exported.
WARNING: [Route 35-198] Port "A_int0_0_read_data[30]" does not have an associated HD.PARTPIN_LOCS, which will prevent the partial routing of the signal "A_int0_0_read_data[30]". Without this partial route, timing analysis to/from this port will not be accurate, and no routing information for this port can be exported.
WARNING: [Route 35-198] Port "A_int0_0_read_data[5]" does not have an associated HD.PARTPIN_LOCS, which will prevent the partial routing of the signal "A_int0_0_read_data[5]". Without this partial route, timing analysis to/from this port will not be accurate, and no routing information for this port can be exported.
WARNING: [Route 35-198] Port "y_int0_read_data[21]" does not have an associated HD.PARTPIN_LOCS, which will prevent the partial routing of the signal "y_int0_read_data[21]". Without this partial route, timing analysis to/from this port will not be accurate, and no routing information for this port can be exported.
WARNING: [Route 35-198] Port "y_int0_read_data[27]" does not have an associated HD.PARTPIN_LOCS, which will prevent the partial routing of the signal "y_int0_read_data[27]". Without this partial route, timing analysis to/from this port will not be accurate, and no routing information for this port can be exported.
WARNING: [Route 35-198] Port "y_int0_read_data[30]" does not have an associated HD.PARTPIN_LOCS, which will prevent the partial routing of the signal "y_int0_read_data[30]". Without this partial route, timing analysis to/from this port will not be accurate, and no routing information for this port can be exported.
WARNING: [Route 35-198] Port "y_int0_read_data[8]" does not have an associated HD.PARTPIN_LOCS, which will prevent the partial routing of the signal "y_int0_read_data[8]". Without this partial route, timing analysis to/from this port will not be accurate, and no routing information for this port can be exported.
WARNING: [Route 35-198] Port "A_int0_0_read_data[10]" does not have an associated HD.PARTPIN_LOCS, which will prevent the partial routing of the signal "A_int0_0_read_data[10]". Without this partial route, timing analysis to/from this port will not be accurate, and no routing information for this port can be exported.
WARNING: [Route 35-198] Port "A_int0_0_read_data[13]" does not have an associated HD.PARTPIN_LOCS, which will prevent the partial routing of the signal "A_int0_0_read_data[13]". Without this partial route, timing analysis to/from this port will not be accurate, and no routing information for this port can be exported.
WARNING: [Route 35-198] Port "A_int0_0_read_data[22]" does not have an associated HD.PARTPIN_LOCS, which will prevent the partial routing of the signal "A_int0_0_read_data[22]". Without this partial route, timing analysis to/from this port will not be accurate, and no routing information for this port can be exported.
WARNING: [Route 35-198] Port "A_int0_0_read_data[23]" does not have an associated HD.PARTPIN_LOCS, which will prevent the partial routing of the signal "A_int0_0_read_data[23]". Without this partial route, timing analysis to/from this port will not be accurate, and no routing information for this port can be exported.
WARNING: [Route 35-198] Port "A_int0_0_read_data[24]" does not have an associated HD.PARTPIN_LOCS, which will prevent the partial routing of the signal "A_int0_0_read_data[24]". Without this partial route, timing analysis to/from this port will not be accurate, and no routing information for this port can be exported.
WARNING: [Route 35-198] Port "A_int0_0_read_data[26]" does not have an associated HD.PARTPIN_LOCS, which will prevent the partial routing of the signal "A_int0_0_read_data[26]". Without this partial route, timing analysis to/from this port will not be accurate, and no routing information for this port can be exported.
WARNING: [Route 35-198] Port "A_int0_0_read_data[28]" does not have an associated HD.PARTPIN_LOCS, which will prevent the partial routing of the signal "A_int0_0_read_data[28]". Without this partial route, timing analysis to/from this port will not be accurate, and no routing information for this port can be exported.
WARNING: [Route 35-198] Port "y_int0_read_data[24]" does not have an associated HD.PARTPIN_LOCS, which will prevent the partial routing of the signal "y_int0_read_data[24]". Without this partial route, timing analysis to/from this port will not be accurate, and no routing information for this port can be exported.
WARNING: [Route 35-198] Port "y_int0_read_data[25]" does not have an associated HD.PARTPIN_LOCS, which will prevent the partial routing of the signal "y_int0_read_data[25]". Without this partial route, timing analysis to/from this port will not be accurate, and no routing information for this port can be exported.
WARNING: [Route 35-198] Port "y_int0_read_data[26]" does not have an associated HD.PARTPIN_LOCS, which will prevent the partial routing of the signal "y_int0_read_data[26]". Without this partial route, timing analysis to/from this port will not be accurate, and no routing information for this port can be exported.
WARNING: [Route 35-198] Port "A_int0_0_read_data[17]" does not have an associated HD.PARTPIN_LOCS, which will prevent the partial routing of the signal "A_int0_0_read_data[17]". Without this partial route, timing analysis to/from this port will not be accurate, and no routing information for this port can be exported.
WARNING: [Route 35-198] Port "A_int0_0_read_data[18]" does not have an associated HD.PARTPIN_LOCS, which will prevent the partial routing of the signal "A_int0_0_read_data[18]". Without this partial route, timing analysis to/from this port will not be accurate, and no routing information for this port can be exported.
WARNING: [Route 35-198] Port "A_int0_0_read_data[19]" does not have an associated HD.PARTPIN_LOCS, which will prevent the partial routing of the signal "A_int0_0_read_data[19]". Without this partial route, timing analysis to/from this port will not be accurate, and no routing information for this port can be exported.
WARNING: [Route 35-198] Port "A_int0_0_read_data[20]" does not have an associated HD.PARTPIN_LOCS, which will prevent the partial routing of the signal "A_int0_0_read_data[20]". Without this partial route, timing analysis to/from this port will not be accurate, and no routing information for this port can be exported.
WARNING: [Route 35-198] Port "A_int0_0_read_data[25]" does not have an associated HD.PARTPIN_LOCS, which will prevent the partial routing of the signal "A_int0_0_read_data[25]". Without this partial route, timing analysis to/from this port will not be accurate, and no routing information for this port can be exported.
WARNING: [Route 35-198] Port "A_int0_0_read_data[29]" does not have an associated HD.PARTPIN_LOCS, which will prevent the partial routing of the signal "A_int0_0_read_data[29]". Without this partial route, timing analysis to/from this port will not be accurate, and no routing information for this port can be exported.
WARNING: [Route 35-198] Port "A_int0_0_read_data[31]" does not have an associated HD.PARTPIN_LOCS, which will prevent the partial routing of the signal "A_int0_0_read_data[31]". Without this partial route, timing analysis to/from this port will not be accurate, and no routing information for this port can be exported.
WARNING: [Route 35-198] Port "y_int0_read_data[14]" does not have an associated HD.PARTPIN_LOCS, which will prevent the partial routing of the signal "y_int0_read_data[14]". Without this partial route, timing analysis to/from this port will not be accurate, and no routing information for this port can be exported.
WARNING: [Route 35-198] Port "y_int0_read_data[20]" does not have an associated HD.PARTPIN_LOCS, which will prevent the partial routing of the signal "y_int0_read_data[20]". Without this partial route, timing analysis to/from this port will not be accurate, and no routing information for this port can be exported.
WARNING: [Route 35-198] Port "y_int0_read_data[9]" does not have an associated HD.PARTPIN_LOCS, which will prevent the partial routing of the signal "y_int0_read_data[9]". Without this partial route, timing analysis to/from this port will not be accurate, and no routing information for this port can be exported.
WARNING: [Route 35-198] Port "A_int0_0_done" does not have an associated HD.PARTPIN_LOCS, which will prevent the partial routing of the signal "A_int0_0_done". Without this partial route, timing analysis to/from this port will not be accurate, and no routing information for this port can be exported.
WARNING: [Route 35-198] Port "y_int0_read_data[10]" does not have an associated HD.PARTPIN_LOCS, which will prevent the partial routing of the signal "y_int0_read_data[10]". Without this partial route, timing analysis to/from this port will not be accurate, and no routing information for this port can be exported.
WARNING: [Route 35-198] Port "y_int0_read_data[28]" does not have an associated HD.PARTPIN_LOCS, which will prevent the partial routing of the signal "y_int0_read_data[28]". Without this partial route, timing analysis to/from this port will not be accurate, and no routing information for this port can be exported.
WARNING: [Route 35-198] Port "y_int0_read_data[2]" does not have an associated HD.PARTPIN_LOCS, which will prevent the partial routing of the signal "y_int0_read_data[2]". Without this partial route, timing analysis to/from this port will not be accurate, and no routing information for this port can be exported.
WARNING: [Route 35-198] Port "y_int0_read_data[4]" does not have an associated HD.PARTPIN_LOCS, which will prevent the partial routing of the signal "y_int0_read_data[4]". Without this partial route, timing analysis to/from this port will not be accurate, and no routing information for this port can be exported.
WARNING: [Route 35-198] Port "x_int0_read_data[18]" does not have an associated HD.PARTPIN_LOCS, which will prevent the partial routing of the signal "x_int0_read_data[18]". Without this partial route, timing analysis to/from this port will not be accurate, and no routing information for this port can be exported.
WARNING: [Route 35-198] Port "x_int0_read_data[19]" does not have an associated HD.PARTPIN_LOCS, which will prevent the partial routing of the signal "x_int0_read_data[19]". Without this partial route, timing analysis to/from this port will not be accurate, and no routing information for this port can be exported.
WARNING: [Route 35-198] Port "x_int0_read_data[0]" does not have an associated HD.PARTPIN_LOCS, which will prevent the partial routing of the signal "x_int0_read_data[0]". Without this partial route, timing analysis to/from this port will not be accurate, and no routing information for this port can be exported.
WARNING: [Route 35-198] Port "x_int0_read_data[10]" does not have an associated HD.PARTPIN_LOCS, which will prevent the partial routing of the signal "x_int0_read_data[10]". Without this partial route, timing analysis to/from this port will not be accurate, and no routing information for this port can be exported.
WARNING: [Route 35-198] Port "x_int0_read_data[21]" does not have an associated HD.PARTPIN_LOCS, which will prevent the partial routing of the signal "x_int0_read_data[21]". Without this partial route, timing analysis to/from this port will not be accurate, and no routing information for this port can be exported.
WARNING: [Route 35-198] Port "x_int0_read_data[23]" does not have an associated HD.PARTPIN_LOCS, which will prevent the partial routing of the signal "x_int0_read_data[23]". Without this partial route, timing analysis to/from this port will not be accurate, and no routing information for this port can be exported.
WARNING: [Route 35-198] Port "x_int0_read_data[25]" does not have an associated HD.PARTPIN_LOCS, which will prevent the partial routing of the signal "x_int0_read_data[25]". Without this partial route, timing analysis to/from this port will not be accurate, and no routing information for this port can be exported.
WARNING: [Route 35-198] Port "x_int0_read_data[16]" does not have an associated HD.PARTPIN_LOCS, which will prevent the partial routing of the signal "x_int0_read_data[16]". Without this partial route, timing analysis to/from this port will not be accurate, and no routing information for this port can be exported.
WARNING: [Route 35-198] Port "x_int0_read_data[26]" does not have an associated HD.PARTPIN_LOCS, which will prevent the partial routing of the signal "x_int0_read_data[26]". Without this partial route, timing analysis to/from this port will not be accurate, and no routing information for this port can be exported.
WARNING: [Route 35-198] Port "x_int0_read_data[31]" does not have an associated HD.PARTPIN_LOCS, which will prevent the partial routing of the signal "x_int0_read_data[31]". Without this partial route, timing analysis to/from this port will not be accurate, and no routing information for this port can be exported.
WARNING: [Route 35-198] Port "x_int0_read_data[6]" does not have an associated HD.PARTPIN_LOCS, which will prevent the partial routing of the signal "x_int0_read_data[6]". Without this partial route, timing analysis to/from this port will not be accurate, and no routing information for this port can be exported.
WARNING: [Route 35-198] Port "x_int0_read_data[29]" does not have an associated HD.PARTPIN_LOCS, which will prevent the partial routing of the signal "x_int0_read_data[29]". Without this partial route, timing analysis to/from this port will not be accurate, and no routing information for this port can be exported.
WARNING: [Route 35-198] Port "x_int0_read_data[11]" does not have an associated HD.PARTPIN_LOCS, which will prevent the partial routing of the signal "x_int0_read_data[11]". Without this partial route, timing analysis to/from this port will not be accurate, and no routing information for this port can be exported.
WARNING: [Route 35-198] Port "x_int0_read_data[20]" does not have an associated HD.PARTPIN_LOCS, which will prevent the partial routing of the signal "x_int0_read_data[20]". Without this partial route, timing analysis to/from this port will not be accurate, and no routing information for this port can be exported.
WARNING: [Route 35-198] Port "x_int0_read_data[22]" does not have an associated HD.PARTPIN_LOCS, which will prevent the partial routing of the signal "x_int0_read_data[22]". Without this partial route, timing analysis to/from this port will not be accurate, and no routing information for this port can be exported.
WARNING: [Route 35-198] Port "x_int0_read_data[2]" does not have an associated HD.PARTPIN_LOCS, which will prevent the partial routing of the signal "x_int0_read_data[2]". Without this partial route, timing analysis to/from this port will not be accurate, and no routing information for this port can be exported.
WARNING: [Route 35-198] Port "x_int0_read_data[14]" does not have an associated HD.PARTPIN_LOCS, which will prevent the partial routing of the signal "x_int0_read_data[14]". Without this partial route, timing analysis to/from this port will not be accurate, and no routing information for this port can be exported.
WARNING: [Route 35-198] Port "x_int0_read_data[17]" does not have an associated HD.PARTPIN_LOCS, which will prevent the partial routing of the signal "x_int0_read_data[17]". Without this partial route, timing analysis to/from this port will not be accurate, and no routing information for this port can be exported.
WARNING: [Route 35-198] Port "x_int0_read_data[24]" does not have an associated HD.PARTPIN_LOCS, which will prevent the partial routing of the signal "x_int0_read_data[24]". Without this partial route, timing analysis to/from this port will not be accurate, and no routing information for this port can be exported.
WARNING: [Route 35-198] Port "x_int0_read_data[27]" does not have an associated HD.PARTPIN_LOCS, which will prevent the partial routing of the signal "x_int0_read_data[27]". Without this partial route, timing analysis to/from this port will not be accurate, and no routing information for this port can be exported.
WARNING: [Route 35-198] Port "x_int0_read_data[28]" does not have an associated HD.PARTPIN_LOCS, which will prevent the partial routing of the signal "x_int0_read_data[28]". Without this partial route, timing analysis to/from this port will not be accurate, and no routing information for this port can be exported.
WARNING: [Route 35-198] Port "x_int0_read_data[12]" does not have an associated HD.PARTPIN_LOCS, which will prevent the partial routing of the signal "x_int0_read_data[12]". Without this partial route, timing analysis to/from this port will not be accurate, and no routing information for this port can be exported.
WARNING: [Route 35-198] Port "x_int0_read_data[13]" does not have an associated HD.PARTPIN_LOCS, which will prevent the partial routing of the signal "x_int0_read_data[13]". Without this partial route, timing analysis to/from this port will not be accurate, and no routing information for this port can be exported.
WARNING: [Route 35-198] Port "x_int0_read_data[15]" does not have an associated HD.PARTPIN_LOCS, which will prevent the partial routing of the signal "x_int0_read_data[15]". Without this partial route, timing analysis to/from this port will not be accurate, and no routing information for this port can be exported.
WARNING: [Route 35-198] Port "x_int0_read_data[30]" does not have an associated HD.PARTPIN_LOCS, which will prevent the partial routing of the signal "x_int0_read_data[30]". Without this partial route, timing analysis to/from this port will not be accurate, and no routing information for this port can be exported.
WARNING: [Route 35-198] Port "x_int0_read_data[3]" does not have an associated HD.PARTPIN_LOCS, which will prevent the partial routing of the signal "x_int0_read_data[3]". Without this partial route, timing analysis to/from this port will not be accurate, and no routing information for this port can be exported.
WARNING: [Route 35-198] Port "x_int0_read_data[4]" does not have an associated HD.PARTPIN_LOCS, which will prevent the partial routing of the signal "x_int0_read_data[4]". Without this partial route, timing analysis to/from this port will not be accurate, and no routing information for this port can be exported.
WARNING: [Route 35-198] Port "x_int0_read_data[5]" does not have an associated HD.PARTPIN_LOCS, which will prevent the partial routing of the signal "x_int0_read_data[5]". Without this partial route, timing analysis to/from this port will not be accurate, and no routing information for this port can be exported.
WARNING: [Route 35-198] Port "b_int0_read_data[8]" does not have an associated HD.PARTPIN_LOCS, which will prevent the partial routing of the signal "b_int0_read_data[8]". Without this partial route, timing analysis to/from this port will not be accurate, and no routing information for this port can be exported.
WARNING: [Route 35-198] Port "b_int0_read_data[9]" does not have an associated HD.PARTPIN_LOCS, which will prevent the partial routing of the signal "b_int0_read_data[9]". Without this partial route, timing analysis to/from this port will not be accurate, and no routing information for this port can be exported.
WARNING: [Route 35-198] Port "b_int0_read_data[6]" does not have an associated HD.PARTPIN_LOCS, which will prevent the partial routing of the signal "b_int0_read_data[6]". Without this partial route, timing analysis to/from this port will not be accurate, and no routing information for this port can be exported.
WARNING: [Route 35-198] Port "b_int0_read_data[7]" does not have an associated HD.PARTPIN_LOCS, which will prevent the partial routing of the signal "b_int0_read_data[7]". Without this partial route, timing analysis to/from this port will not be accurate, and no routing information for this port can be exported.
WARNING: [Route 35-198] Port "b_int0_read_data[22]" does not have an associated HD.PARTPIN_LOCS, which will prevent the partial routing of the signal "b_int0_read_data[22]". Without this partial route, timing analysis to/from this port will not be accurate, and no routing information for this port can be exported.
WARNING: [Route 35-198] Port "x_int0_done" does not have an associated HD.PARTPIN_LOCS, which will prevent the partial routing of the signal "x_int0_done". Without this partial route, timing analysis to/from this port will not be accurate, and no routing information for this port can be exported.
WARNING: [Route 35-198] Port "x_int0_read_data[1]" does not have an associated HD.PARTPIN_LOCS, which will prevent the partial routing of the signal "x_int0_read_data[1]". Without this partial route, timing analysis to/from this port will not be accurate, and no routing information for this port can be exported.
INFO: [Common 17-14] Message 'Route 35-198' appears 100 times and further instances of the messages will be disabled. Use the Tcl command set_msg_config to change the current settings.
Phase 1 Build RT Design | Checksum: 13ee6e500

Time (s): cpu = 00:00:36 ; elapsed = 00:00:32 . Memory (MB): peak = 4120.008 ; gain = 0.000 ; free physical = 11469 ; free virtual = 47087
Post Restoration Checksum: NetGraph: bb83db4d NumContArr: 836309b3 Constraints: 0 Timing: 0

Phase 2 Router Initialization

Phase 2.1 Create Timer
Phase 2.1 Create Timer | Checksum: 13ee6e500

Time (s): cpu = 00:00:36 ; elapsed = 00:00:32 . Memory (MB): peak = 4120.008 ; gain = 0.000 ; free physical = 11439 ; free virtual = 47047

Phase 2.2 Fix Topology Constraints
Phase 2.2 Fix Topology Constraints | Checksum: 13ee6e500

Time (s): cpu = 00:00:36 ; elapsed = 00:00:32 . Memory (MB): peak = 4120.008 ; gain = 0.000 ; free physical = 11397 ; free virtual = 47005

Phase 2.3 Pre Route Cleanup
Phase 2.3 Pre Route Cleanup | Checksum: 13ee6e500

Time (s): cpu = 00:00:36 ; elapsed = 00:00:32 . Memory (MB): peak = 4120.008 ; gain = 0.000 ; free physical = 11397 ; free virtual = 47005

Phase 2.4 Global Clock Net Routing
Phase 2.4 Global Clock Net Routing | Checksum: 13ee6e500

Time (s): cpu = 00:00:37 ; elapsed = 00:00:32 . Memory (MB): peak = 4120.008 ; gain = 0.000 ; free physical = 11390 ; free virtual = 46997

Phase 2.5 Update Timing
Phase 2.5 Update Timing | Checksum: 20913473a

Time (s): cpu = 00:00:39 ; elapsed = 00:00:33 . Memory (MB): peak = 4120.008 ; gain = 0.000 ; free physical = 11402 ; free virtual = 47009
INFO: [Route 35-416] Intermediate Timing Summary | WNS=3.479  | TNS=0.000  | WHS=0.021  | THS=0.000  |

Phase 2 Router Initialization | Checksum: 14c39e9d9

Time (s): cpu = 00:00:42 ; elapsed = 00:00:34 . Memory (MB): peak = 4120.008 ; gain = 0.000 ; free physical = 11383 ; free virtual = 46990

Router Utilization Summary
  Global Vertical Routing Utilization    = 0 %
  Global Horizontal Routing Utilization  = 0 %
  Routable Net Status*
  *Does not include unroutable nets such as driverless and loadless.
  Run report_route_status for detailed report.
  Number of Failed Nets               = 2668
    (Failed Nets is the sum of unrouted and partially routed nets)
  Number of Unrouted Nets             = 2229
  Number of Partially Routed Nets     = 439
  Number of Node Overlaps             = 0


Phase 3 Initial Routing
Phase 3 Initial Routing | Checksum: 1defdecae

Time (s): cpu = 00:00:44 ; elapsed = 00:00:35 . Memory (MB): peak = 4120.008 ; gain = 0.000 ; free physical = 11304 ; free virtual = 46911

Phase 4 Rip-up And Reroute

Phase 4.1 Global Iteration 0
 Number of Nodes with overlaps = 410
 Number of Nodes with overlaps = 24
 Number of Nodes with overlaps = 0
INFO: [Route 35-416] Intermediate Timing Summary | WNS=2.865  | TNS=0.000  | WHS=0.042  | THS=0.000  |

Phase 4.1 Global Iteration 0 | Checksum: 18c5ad353

Time (s): cpu = 00:00:50 ; elapsed = 00:00:37 . Memory (MB): peak = 4120.008 ; gain = 0.000 ; free physical = 11258 ; free virtual = 46866

Phase 4.2 Additional Iteration for Hold
Phase 4.2 Additional Iteration for Hold | Checksum: 21cbb58e3

Time (s): cpu = 00:00:50 ; elapsed = 00:00:37 . Memory (MB): peak = 4120.008 ; gain = 0.000 ; free physical = 11251 ; free virtual = 46858
Phase 4 Rip-up And Reroute | Checksum: 21cbb58e3

Time (s): cpu = 00:00:50 ; elapsed = 00:00:37 . Memory (MB): peak = 4120.008 ; gain = 0.000 ; free physical = 11250 ; free virtual = 46857

Phase 5 Delay and Skew Optimization

Phase 5.1 Delay CleanUp
Phase 5.1 Delay CleanUp | Checksum: 21cbb58e3

Time (s): cpu = 00:00:50 ; elapsed = 00:00:37 . Memory (MB): peak = 4120.008 ; gain = 0.000 ; free physical = 11247 ; free virtual = 46855

Phase 5.2 Clock Skew Optimization
Phase 5.2 Clock Skew Optimization | Checksum: 21cbb58e3

Time (s): cpu = 00:00:50 ; elapsed = 00:00:37 . Memory (MB): peak = 4120.008 ; gain = 0.000 ; free physical = 11247 ; free virtual = 46854
Phase 5 Delay and Skew Optimization | Checksum: 21cbb58e3

Time (s): cpu = 00:00:50 ; elapsed = 00:00:37 . Memory (MB): peak = 4120.008 ; gain = 0.000 ; free physical = 11243 ; free virtual = 46851

Phase 6 Post Hold Fix

Phase 6.1 Hold Fix Iter

Phase 6.1.1 Update Timing
Phase 6.1.1 Update Timing | Checksum: 15c2d10b9

Time (s): cpu = 00:00:51 ; elapsed = 00:00:37 . Memory (MB): peak = 4120.008 ; gain = 0.000 ; free physical = 11229 ; free virtual = 46836
INFO: [Route 35-416] Intermediate Timing Summary | WNS=2.865  | TNS=0.000  | WHS=0.042  | THS=0.000  |

Phase 6.1 Hold Fix Iter | Checksum: 15c2d10b9

Time (s): cpu = 00:00:51 ; elapsed = 00:00:37 . Memory (MB): peak = 4120.008 ; gain = 0.000 ; free physical = 11229 ; free virtual = 46836
Phase 6 Post Hold Fix | Checksum: 15c2d10b9

Time (s): cpu = 00:00:51 ; elapsed = 00:00:37 . Memory (MB): peak = 4120.008 ; gain = 0.000 ; free physical = 11227 ; free virtual = 46835

Phase 7 Route finalize

Router Utilization Summary
  Global Vertical Routing Utilization    = 0.249597 %
  Global Horizontal Routing Utilization  = 0.309709 %
  Routable Net Status*
  *Does not include unroutable nets such as driverless and loadless.
  Run report_route_status for detailed report.
  Number of Failed Nets               = 0
    (Failed Nets is the sum of unrouted and partially routed nets)
  Number of Unrouted Nets             = 0
  Number of Partially Routed Nets     = 0
  Number of Node Overlaps             = 0

Phase 7 Route finalize | Checksum: 217ea4159

Time (s): cpu = 00:00:51 ; elapsed = 00:00:37 . Memory (MB): peak = 4120.008 ; gain = 0.000 ; free physical = 11219 ; free virtual = 46827

Phase 8 Verifying routed nets

 Verification completed successfully
Phase 8 Verifying routed nets | Checksum: 217ea4159

Time (s): cpu = 00:00:51 ; elapsed = 00:00:37 . Memory (MB): peak = 4120.008 ; gain = 0.000 ; free physical = 11216 ; free virtual = 46823

Phase 9 Depositing Routes
Phase 9 Depositing Routes | Checksum: 217ea4159

Time (s): cpu = 00:00:52 ; elapsed = 00:00:38 . Memory (MB): peak = 4120.008 ; gain = 0.000 ; free physical = 11198 ; free virtual = 46806

Phase 10 Post Router Timing
INFO: [Route 35-57] Estimated Timing Summary | WNS=2.865  | TNS=0.000  | WHS=0.042  | THS=0.000  |

INFO: [Route 35-327] The final timing numbers are based on the router estimated timing analysis. For a complete and accurate timing signoff, please run report_timing_summary.
Phase 10 Post Router Timing | Checksum: 217ea4159

Time (s): cpu = 00:00:52 ; elapsed = 00:00:38 . Memory (MB): peak = 4120.008 ; gain = 0.000 ; free physical = 11198 ; free virtual = 46805
INFO: [Route 35-16] Router Completed Successfully

Time (s): cpu = 00:00:52 ; elapsed = 00:00:38 . Memory (MB): peak = 4120.008 ; gain = 0.000 ; free physical = 11241 ; free virtual = 46848

Routing Is Done.
INFO: [Common 17-83] Releasing license: Implementation
71 Infos, 101 Warnings, 0 Critical Warnings and 0 Errors encountered.
route_design completed successfully
route_design: Time (s): cpu = 00:00:58 ; elapsed = 00:00:49 . Memory (MB): peak = 4120.008 ; gain = 0.000 ; free physical = 11239 ; free virtual = 46846
Netlist sorting complete. Time (s): cpu = 00:00:00 ; elapsed = 00:00:00 . Memory (MB): peak = 4120.008 ; gain = 0.000 ; free physical = 11237 ; free virtual = 46845
INFO: [Timing 38-480] Writing timing data to binary archive.
Writing placer database...
Writing XDEF routing.
Writing XDEF routing logical nets.
Writing XDEF routing special nets.
Write XDEF Complete: Time (s): cpu = 00:00:00.98 ; elapsed = 00:00:00.33 . Memory (MB): peak = 4120.008 ; gain = 0.000 ; free physical = 11198 ; free virtual = 46813
INFO: [Common 17-1381] The checkpoint '/tmp/tmp.CKtBESbt6U/out/FutilBuild.runs/impl_1/main_routed.dcp' has been generated.
INFO: [runtcl-4] Executing : report_drc -file main_drc_routed.rpt -pb main_drc_routed.pb -rpx main_drc_routed.rpx
Command: report_drc -file main_drc_routed.rpt -pb main_drc_routed.pb -rpx main_drc_routed.rpx
INFO: [IP_Flow 19-1839] IP Catalog is up to date.
INFO: [DRC 23-27] Running DRC with 8 threads
INFO: [Coretcl 2-168] The results of DRC are in file /tmp/tmp.CKtBESbt6U/out/FutilBuild.runs/impl_1/main_drc_routed.rpt.
report_drc completed successfully
report_drc: Time (s): cpu = 00:00:08 ; elapsed = 00:00:12 . Memory (MB): peak = 4161.938 ; gain = 41.930 ; free physical = 10645 ; free virtual = 46258
INFO: [runtcl-4] Executing : report_methodology -file main_methodology_drc_routed.rpt -pb main_methodology_drc_routed.pb -rpx main_methodology_drc_routed.rpx
Command: report_methodology -file main_methodology_drc_routed.rpt -pb main_methodology_drc_routed.pb -rpx main_methodology_drc_routed.rpx
INFO: [Timing 38-35] Done setting XDC timing constraints.
WARNING: [Timing 38-242] The property HD.CLK_SRC of clock port "clk" is not set. In out-of-context mode, this prevents timing estimation for clock delay/skew
Resolution: Set the HD.CLK_SRC property of the out-of-context port to the location of the clock buffer instance in the top-level design
INFO: [DRC 23-133] Running Methodology with 8 threads
INFO: [Coretcl 2-1520] The results of Report Methodology are in file /tmp/tmp.CKtBESbt6U/out/FutilBuild.runs/impl_1/main_methodology_drc_routed.rpt.
report_methodology completed successfully
report_methodology: Time (s): cpu = 00:00:09 ; elapsed = 00:00:10 . Memory (MB): peak = 4161.938 ; gain = 0.000 ; free physical = 10108 ; free virtual = 45722
INFO: [runtcl-4] Executing : report_power -file main_power_routed.rpt -pb main_power_summary_routed.pb -rpx main_power_routed.rpx
Command: report_power -file main_power_routed.rpt -pb main_power_summary_routed.pb -rpx main_power_routed.rpx
INFO: [Timing 38-35] Done setting XDC timing constraints.
Running Vector-less Activity Propagation...

Finished Running Vector-less Activity Propagation
83 Infos, 102 Warnings, 0 Critical Warnings and 0 Errors encountered.
report_power completed successfully
INFO: [runtcl-4] Executing : report_route_status -file main_route_status.rpt -pb main_route_status.pb
INFO: [runtcl-4] Executing : report_timing_summary -max_paths 10 -file main_timing_summary_routed.rpt -pb main_timing_summary_routed.pb -rpx main_timing_summary_routed.rpx -warn_on_violation 
INFO: [Timing 38-91] UpdateTimingParams: Speed grade: -1, Temperature grade: E, Delay Type: min_max.
INFO: [Timing 38-191] Multithreading enabled for timing update using a maximum of 8 CPUs
INFO: [runtcl-4] Executing : report_incremental_reuse -file main_incremental_reuse_routed.rpt
INFO: [Vivado_Tcl 4-1062] Incremental flow is disabled. No incremental reuse Info to report.
INFO: [runtcl-4] Executing : report_clock_utilization -file main_clock_utilization_routed.rpt
INFO: [runtcl-4] Executing : report_bus_skew -warn_on_violation -file main_bus_skew_routed.rpt -pb main_bus_skew_routed.pb -rpx main_bus_skew_routed.rpx
INFO: [Timing 38-91] UpdateTimingParams: Speed grade: -1, Temperature grade: E, Delay Type: min_max.
INFO: [Timing 38-191] Multithreading enabled for timing update using a maximum of 8 CPUs
INFO: [Common 17-206] Exiting Vivado at Tue Nov 17 16:38:47 2020...
