Copyright 1986-2019 Xilinx, Inc. All Rights Reserved.
-----------------------------------------------------------------------------------------------
| Tool Version : Vivado v.2019.1 (lin64) Build 2552052 Fri May 24 14:47:09 MDT 2019
| Date         : Wed Nov 18 12:53:24 2020
| Host         : gorgonzola.cs.cornell.edu running 64-bit CentOS Linux release 7.8.2003 (Core)
| Command      : report_control_sets -verbose -file main_control_sets_placed.rpt
| Design       : main
| Device       : xczu3eg
-----------------------------------------------------------------------------------------------

Control Set Information

Table of Contents
-----------------
1. Summary
2. Histogram
3. Flip-Flop Distribution
4. Detailed Control Set Information

1. Summary
----------

+----------------------------------------------------------+-------+
|                          Status                          | Count |
+----------------------------------------------------------+-------+
| Total control sets                                       |   298 |
|    Minimum number of control sets                        |   298 |
|    Addition due to synthesis replication                 |     0 |
|    Addition due to physical synthesis replication        |     0 |
| Unused register locations in slices containing registers |    67 |
+----------------------------------------------------------+-------+
* Control sets can be merged at opt_design using control_set_merge or merge_equivalent_drivers
** Run report_qor_suggestions for automated merging and remapping suggestions


2. Histogram
------------

+--------------------+-------+
|       Fanout       | Count |
+--------------------+-------+
| Total control sets |   298 |
| >= 0 to < 4        |    24 |
| >= 4 to < 6        |     7 |
| >= 6 to < 8        |     0 |
| >= 8 to < 10       |     0 |
| >= 10 to < 12      |     0 |
| >= 12 to < 14      |     0 |
| >= 14 to < 16      |     0 |
| >= 16              |   267 |
+--------------------+-------+
* Control sets can be remapped at either synth_design or opt_design


3. Flip-Flop Distribution
-------------------------

+--------------+-----------------------+------------------------+-----------------+--------------+
| Clock Enable | Synchronous Set/Reset | Asynchronous Set/Reset | Total Registers | Total Slices |
+--------------+-----------------------+------------------------+-----------------+--------------+
| No           | No                    | No                     |             233 |          116 |
| No           | No                    | Yes                    |               0 |            0 |
| No           | Yes                   | No                     |            1020 |          201 |
| Yes          | No                    | No                     |            7945 |         1585 |
| Yes          | No                    | Yes                    |               0 |            0 |
| Yes          | Yes                   | No                     |               7 |            2 |
+--------------+-----------------------+------------------------+-----------------+--------------+


4. Detailed Control Set Information
-----------------------------------

+--------------+----------------------------------------+--------------------+------------------+----------------+
| Clock Signal |              Enable Signal             |  Set/Reset Signal  | Slice Load Count | Bel Load Count |
+--------------+----------------------------------------+--------------------+------------------+----------------+
|  clk         | fsm20/i1_write_en                      |                    |                1 |              1 |
|  clk         | fsm7/fsm7_write_en                     |                    |                1 |              2 |
|  clk         | fsm0/out[1]_i_1__3_n_0                 |                    |                1 |              2 |
|  clk         | fsm1/out[1]_i_1__4_n_0                 |                    |                1 |              2 |
|  clk         | fsm10/out[1]_i_1__21_n_0               |                    |                1 |              2 |
|  clk         | fsm11/fsm11_write_en                   |                    |                1 |              2 |
|  clk         | fsm12/fsm12_write_en                   |                    |                1 |              2 |
|  clk         | fsm13/fsm13_write_en                   |                    |                1 |              2 |
|  clk         | fsm14/out[1]_i_1__20_n_0               |                    |                1 |              2 |
|  clk         | fsm16/fsm16_write_en                   |                    |                2 |              2 |
|  clk         | fsm18/fsm18_write_en                   |                    |                1 |              2 |
|  clk         | fsm19/out[1]_i_1__6_n_0                |                    |                1 |              2 |
|  clk         | fsm9/fsm9_write_en                     |                    |                1 |              2 |
|  clk         | fsm2/out[1]_i_1__16_n_0                |                    |                1 |              2 |
|  clk         | fsm3/out[1]_i_1__14_n_0                |                    |                2 |              2 |
|  clk         | fsm4/out[1]_i_1__15_n_0                |                    |                2 |              2 |
|  clk         | fsm5/out[1]_i_1__13_n_0                |                    |                1 |              2 |
|  clk         | fsm8/fsm8_write_en                     |                    |                1 |              2 |
|  clk         | fsm6/out[1]_i_1__11_n_0                |                    |                1 |              2 |
|  clk         | fsm/fsm_write_en                       |                    |                2 |              3 |
|  clk         | fsm20/fsm20_write_en                   |                    |                2 |              3 |
|  clk         | fsm17/fsm17_write_en                   |                    |                2 |              3 |
|  clk         | fsm20/i1_write_en                      | fsm17/out_reg[1]_3 |                1 |              3 |
|  clk         | fsm15/fsm15_write_en                   |                    |                2 |              3 |
|  clk         | fsm20/i2_write_en                      | fsm20/done_reg     |                1 |              4 |
|  clk         | fsm/E[0]                               |                    |                1 |              4 |
|  clk         | fsm1/E[0]                              |                    |                1 |              4 |
|  clk         | fsm17/E[0]                             |                    |                1 |              4 |
|  clk         | fsm17/out_reg[1]_0[0]                  |                    |                1 |              4 |
|  clk         | fsm19/E[0]                             |                    |                2 |              4 |
|  clk         | k0/out[3]_i_1__8_n_0                   |                    |                2 |              4 |
|  clk         | par_done_reg/out_reg[2]_4              |                    |               25 |             32 |
|  clk         | par_done_reg/out_reg[2]_3              |                    |               23 |             32 |
|  clk         | par_done_reg/out_reg[2]_5              |                    |               25 |             32 |
|  clk         | par_done_reg/out_reg[2]_6              |                    |               24 |             32 |
|  clk         | par_done_reg17/C_i_j_1_00_write_en     |                    |                9 |             32 |
|  clk         | par_done_reg31/out_reg[1]_1            |                    |               26 |             32 |
|  clk         | par_done_reg31/out_reg[1]              |                    |               24 |             32 |
|  clk         | par_done_reg31/mem                     |                    |               25 |             32 |
|  clk         | par_done_reg31/A_read0_1_1_10_write_en |                    |               16 |             32 |
|  clk         | par_done_reg30/out_reg[1]_9            |                    |               28 |             32 |
|  clk         | par_done_reg30/out_reg[1]_8            |                    |               25 |             32 |
|  clk         | par_done_reg30/out_reg[1]_7            |                    |               25 |             32 |
|  clk         | par_done_reg30/out_reg[1]_6            |                    |               25 |             32 |
|  clk         | par_done_reg30/out_reg[1]_5            |                    |               26 |             32 |
|  clk         | par_done_reg30/out_reg[1]_4            |                    |               24 |             32 |
|  clk         | par_done_reg30/out_reg[1]_3            |                    |               25 |             32 |
|  clk         | par_done_reg30/out_reg[1]_2            |                    |               22 |             32 |
|  clk         | par_done_reg30/out_reg[1]_14           |                    |               24 |             32 |
|  clk         | par_done_reg/out_reg[2]_2              |                    |               23 |             32 |
|  clk         | par_done_reg/out_reg[2]_1              |                    |               24 |             32 |
|  clk         | par_done_reg/out_reg[2]_0              |                    |               24 |             32 |
|  clk         | par_done_reg/out_reg[2]                |                    |               18 |             32 |
|  clk         | par_done_reg31/out_reg[1]_10           |                    |               21 |             32 |
|  clk         | cond_stored9/done_reg_9[0]             |                    |               21 |             32 |
|  clk         | cond_stored9/done_reg_8[0]             |                    |               16 |             32 |
|  clk         | cond_stored9/done_reg_7[0]             |                    |               17 |             32 |
|  clk         | cond_stored9/done_reg_6[0]             |                    |               16 |             32 |
|  clk         | cond_stored9/done_reg_5[0]             |                    |               17 |             32 |
|  clk         | cond_stored9/done_reg_4[0]             |                    |               14 |             32 |
|  clk         | cond_stored9/done_reg_3[0]             |                    |               16 |             32 |
|  clk         | cond_stored9/done_reg_2[0]             |                    |               17 |             32 |
|  clk         | par_done_reg31/out_reg[1]_11           |                    |               22 |             32 |
|  clk         | j1/out_reg[2]_2[0]                     |                    |               26 |             32 |
|  clk         | par_done_reg27/out_reg[1]_6            |                    |               25 |             32 |
|  clk         | par_done_reg27/out_reg[1]              |                    |               24 |             32 |
|  clk         | par_done_reg27/out_reg[1]_1            |                    |               27 |             32 |
|  clk         | par_done_reg27/out_reg[1]_10           |                    |               27 |             32 |
|  clk         | par_done_reg29/A_read0_1_0_10_write_en |                    |               32 |             32 |
|  clk         | par_done_reg28/A_read0_0_0_10_write_en |                    |               32 |             32 |
|  clk         | par_done_reg27/out_reg[1]_9            |                    |               23 |             32 |
|  clk         | par_done_reg27/out_reg[1]_8            |                    |               25 |             32 |
|  clk         | par_done_reg27/out_reg[1]_7            |                    |               26 |             32 |
|  clk         | par_done_reg27/mem                     |                    |               26 |             32 |
|  clk         | par_done_reg27/out_reg[1]_5            |                    |               26 |             32 |
|  clk         | par_done_reg27/out_reg[1]_4            |                    |               25 |             32 |
|  clk         | par_done_reg27/out_reg[1]_3            |                    |               24 |             32 |
|  clk         | par_done_reg27/out_reg[1]_2            |                    |               28 |             32 |
|  clk         | par_done_reg27/out_reg[1]_14           |                    |               22 |             32 |
|  clk         | par_done_reg27/out_reg[1]_13           |                    |               25 |             32 |
|  clk         | par_done_reg27/out_reg[1]_12           |                    |               24 |             32 |
|  clk         | par_done_reg27/out_reg[1]_11           |                    |               24 |             32 |
|  clk         | cond_stored9/done_reg_12[0]            |                    |               20 |             32 |
|  clk         | par_done_reg30/A_read0_0_1_10_write_en |                    |               16 |             32 |
|  clk         | par_done_reg27/A_read0_1_1_00_write_en |                    |               16 |             32 |
|  clk         | par_done_reg30/mem                     |                    |               25 |             32 |
|  clk         | par_done_reg26/A_read0_0_1_00_write_en |                    |               20 |             32 |
|  clk         | par_done_reg30/out_reg[1]              |                    |               27 |             32 |
|  clk         | par_done_reg25/A_read0_1_0_00_write_en |                    |               32 |             32 |
|  clk         | par_done_reg30/out_reg[1]_1            |                    |               27 |             32 |
|  clk         | par_done_reg24/A_read0_0_0_00_write_en |                    |               32 |             32 |
|  clk         | par_done_reg30/out_reg[1]_10           |                    |               27 |             32 |
|  clk         | par_done_reg19/C_i_j_1_10_write_en     |                    |               32 |             32 |
|  clk         | par_done_reg18/C_i_j_0_10_write_en     |                    |                8 |             32 |
|  clk         | par_done_reg30/out_reg[1]_11           |                    |               25 |             32 |
|  clk         | par_done_reg30/out_reg[1]_12           |                    |               26 |             32 |
|  clk         | par_done_reg30/out_reg[1]_13           |                    |               25 |             32 |
|  clk         | par_done_reg35/out_reg[1]_5            |                    |               25 |             32 |
|  clk         | par_done_reg39/B_read0_1_1_10_write_en |                    |               15 |             32 |
|  clk         | par_done_reg38/B_read0_0_1_10_write_en |                    |               32 |             32 |
|  clk         | par_done_reg37/B_read0_1_0_10_write_en |                    |               22 |             32 |
|  clk         | par_done_reg36/B_read0_0_0_10_write_en |                    |               32 |             32 |
|  clk         | par_done_reg35/out_reg[1]_9            |                    |               24 |             32 |
|  clk         | par_done_reg35/out_reg[1]_8            |                    |               25 |             32 |
|  clk         | par_done_reg35/out_reg[1]_7            |                    |               25 |             32 |
|  clk         | par_done_reg35/out_reg[1]_6            |                    |               23 |             32 |
|  clk         | par_done_reg54/E[0]                    |                    |               20 |             32 |
|  clk         | par_done_reg35/out_reg[1]_4            |                    |               27 |             32 |
|  clk         | par_done_reg35/out_reg[1]_3            |                    |               21 |             32 |
|  clk         | par_done_reg35/out_reg[1]_2            |                    |               26 |             32 |
|  clk         | par_done_reg35/out_reg[1]_14           |                    |               28 |             32 |
|  clk         | par_done_reg35/out_reg[1]_13           |                    |               27 |             32 |
|  clk         | par_done_reg35/out_reg[1]_12           |                    |               26 |             32 |
|  clk         | par_done_reg35/out_reg[1]_11           |                    |               23 |             32 |
|  clk         | cond_stored10/out_reg[0]_14[0]         |                    |               21 |             32 |
|  clk         | cond_stored10/out_reg[0]_9[0]          |                    |               26 |             32 |
|  clk         | cond_stored10/out_reg[0]_8[0]          |                    |               21 |             32 |
|  clk         | cond_stored10/out_reg[0]_7[0]          |                    |               24 |             32 |
|  clk         | cond_stored10/out_reg[0]_6[0]          |                    |               23 |             32 |
|  clk         | cond_stored10/out_reg[0]_5[0]          |                    |               23 |             32 |
|  clk         | cond_stored10/out_reg[0]_4[0]          |                    |               23 |             32 |
|  clk         | cond_stored10/out_reg[0]_3[0]          |                    |               25 |             32 |
|  clk         | cond_stored10/out_reg[0]_2[0]          |                    |               23 |             32 |
|  clk         | par_done_reg35/out_reg[1]_10           |                    |               27 |             32 |
|  clk         | cond_stored10/out_reg[0]_13[0]         |                    |               25 |             32 |
|  clk         | cond_stored10/out_reg[0]_15[0]         |                    |               24 |             32 |
|  clk         | cond_stored10/out_reg[0]_12[0]         |                    |               24 |             32 |
|  clk         | cond_stored10/out_reg[0]_11[0]         |                    |               25 |             32 |
|  clk         | cond_stored10/out_reg[0]_10[0]         |                    |               22 |             32 |
|  clk         | cond_stored10/out_reg[0]_1[0]          |                    |               26 |             32 |
|  clk         | cond_stored10/E[0]                     |                    |               27 |             32 |
|  clk         | par_done_reg31/out_reg[1]_7            |                    |               25 |             32 |
|  clk         | par_done_reg33/out_reg[1]_10           |                    |               28 |             32 |
|  clk         | par_done_reg33/out_reg[1]_1            |                    |               25 |             32 |
|  clk         | par_done_reg33/out_reg[1]              |                    |               24 |             32 |
|  clk         | par_done_reg33/mem                     |                    |               28 |             32 |
|  clk         | par_done_reg33/B_read0_1_0_00_write_en |                    |               18 |             32 |
|  clk         | par_done_reg32/B_read0_0_0_00_write_en |                    |               32 |             32 |
|  clk         | par_done_reg31/out_reg[1]_9            |                    |               25 |             32 |
|  clk         | par_done_reg31/out_reg[1]_8            |                    |               24 |             32 |
|  clk         | par_done_reg33/out_reg[1]_11           |                    |               27 |             32 |
|  clk         | par_done_reg31/out_reg[1]_6            |                    |               26 |             32 |
|  clk         | par_done_reg31/out_reg[1]_5            |                    |               24 |             32 |
|  clk         | par_done_reg31/out_reg[1]_4            |                    |               24 |             32 |
|  clk         | par_done_reg31/out_reg[1]_3            |                    |               27 |             32 |
|  clk         | par_done_reg31/out_reg[1]_2            |                    |               25 |             32 |
|  clk         | par_done_reg31/out_reg[1]_14           |                    |               26 |             32 |
|  clk         | par_done_reg31/out_reg[1]_13           |                    |               24 |             32 |
|  clk         | par_done_reg33/out_reg[1]_6            |                    |               25 |             32 |
|  clk         | par_done_reg35/out_reg[1]_1            |                    |               22 |             32 |
|  clk         | par_done_reg35/out_reg[1]              |                    |               22 |             32 |
|  clk         | par_done_reg35/mem                     |                    |               26 |             32 |
|  clk         | par_done_reg35/B_read0_1_1_00_write_en |                    |               17 |             32 |
|  clk         | par_done_reg34/B_read0_0_1_00_write_en |                    |               32 |             32 |
|  clk         | par_done_reg33/out_reg[1]_9            |                    |               26 |             32 |
|  clk         | par_done_reg33/out_reg[1]_8            |                    |               26 |             32 |
|  clk         | par_done_reg33/out_reg[1]_7            |                    |               27 |             32 |
|  clk         | par_done_reg31/out_reg[1]_12           |                    |               23 |             32 |
|  clk         | par_done_reg33/out_reg[1]_5            |                    |               27 |             32 |
|  clk         | par_done_reg33/out_reg[1]_4            |                    |               28 |             32 |
|  clk         | par_done_reg33/out_reg[1]_3            |                    |               24 |             32 |
|  clk         | par_done_reg33/out_reg[1]_2            |                    |               27 |             32 |
|  clk         | par_done_reg33/out_reg[1]_14           |                    |               29 |             32 |
|  clk         | par_done_reg33/out_reg[1]_13           |                    |               23 |             32 |
|  clk         | par_done_reg33/out_reg[1]_12           |                    |               27 |             32 |
|  clk         | fsm15/done_reg_8[0]                    |                    |               13 |             32 |
|  clk         | fsm15/E[0]                             |                    |               14 |             32 |
|  clk         | fsm15/done_reg[0]                      |                    |               15 |             32 |
|  clk         | fsm15/done_reg_0[0]                    |                    |               11 |             32 |
|  clk         | fsm15/done_reg_1[0]                    |                    |               11 |             32 |
|  clk         | fsm15/done_reg_12[0]                   |                    |               13 |             32 |
|  clk         | fsm15/done_reg_10[0]                   |                    |               15 |             32 |
|  clk         | fsm15/done_reg_11[0]                   |                    |               15 |             32 |
|  clk         | fsm15/done_reg_13[0]                   |                    |               15 |             32 |
|  clk         | fsm15/done_reg_2[0]                    |                    |               17 |             32 |
|  clk         | fsm15/done_reg_3[0]                    |                    |               14 |             32 |
|  clk         | fsm15/done_reg_4[0]                    |                    |               16 |             32 |
|  clk         | fsm15/done_reg_5[0]                    |                    |               13 |             32 |
|  clk         | fsm15/done_reg_6[0]                    |                    |               18 |             32 |
|  clk         | fsm15/done_reg_7[0]                    |                    |               14 |             32 |
|  clk         | fsm14/done_reg_1                       |                    |                6 |             32 |
|  clk         | fsm15/done_reg_9[0]                    |                    |               13 |             32 |
|  clk         | fsm20/alpha__0_write_en                |                    |               10 |             32 |
|  clk         | fsm20/beta__0_write_en                 |                    |                7 |             32 |
|  clk         | fsm6/C_i_j_0_00_write_en               |                    |               32 |             32 |
|  clk         | fsm7/done_reg_1                        |                    |                7 |             32 |
|  clk         | fsm8/done_reg_1                        |                    |                4 |             32 |
|  clk         | fsm9/done_reg_1                        |                    |                5 |             32 |
|  clk         | i0/mem                                 |                    |               24 |             32 |
|  clk         | i0/mem_0                               |                    |               24 |             32 |
|  clk         | i0/out_reg[2]_0                        |                    |               23 |             32 |
|  clk         | i0/out_reg[2]_1                        |                    |               23 |             32 |
|  clk         | i0/out_reg[2]_10                       |                    |               22 |             32 |
|  clk         | i0/out_reg[2]_11                       |                    |               23 |             32 |
|  clk         | mult_pipe12/bin_read12_0_write_en      |                    |                9 |             32 |
|  clk         | mult_pipe15/bin_read15_0_write_en      |                    |               13 |             32 |
|  clk         | mult_pipe16/bin_read16_0_write_en      |                    |                6 |             32 |
|  clk         | mult_pipe17/bin_read17_0_write_en      |                    |                7 |             32 |
|  clk         | mult_pipe18/bin_read18_0_write_en      |                    |                7 |             32 |
|  clk         | mult_pipe19/bin_read19_0_write_en      |                    |               11 |             32 |
|  clk         | mult_pipe2/bin_read2_0_write_en        |                    |               12 |             32 |
|  clk         | mult_pipe3/bin_read3_0_write_en        |                    |               11 |             32 |
|  clk         | mult_pipe4/bin_read4_0_write_en        |                    |                8 |             32 |
|  clk         | mult_pipe5/bin_read5_0_write_en        |                    |                7 |             32 |
|  clk         | mult_pipe0/bin_read0_0_write_en        |                    |               11 |             32 |
|  clk         | mult_pipe1/bin_read1_0_write_en        |                    |                7 |             32 |
|  clk         | mult_pipe10/bin_read10_0_write_en      |                    |                6 |             32 |
|  clk         | mult_pipe11/bin_read11_0_write_en      |                    |                8 |             32 |
|  clk         | cond_stored9/done_reg_13[0]            |                    |               18 |             32 |
|  clk         | mult_pipe13/bin_read13_0_write_en      |                    |               11 |             32 |
|  clk         | mult_pipe14/bin_read14_0_write_en      |                    |                7 |             32 |
|  clk         | mult_pipe6/bin_read6_0_write_en        |                    |                9 |             32 |
|  clk         | mult_pipe7/bin_read7_0_write_en        |                    |                8 |             32 |
|  clk         | mult_pipe8/bin_read8_0_write_en        |                    |                5 |             32 |
|  clk         | mult_pipe9/bin_read9_0_write_en        |                    |                7 |             32 |
|  clk         | fsm/A_int_read0_0_write_en             |                    |                9 |             32 |
|  clk         | fsm/B_int_read0_0_write_en             |                    |                7 |             32 |
|  clk         | fsm/C_int_read0_0_write_en             |                    |               12 |             32 |
|  clk         | fsm10/done_reg_1                       |                    |                6 |             32 |
|  clk         | fsm11/done_reg_1                       |                    |                7 |             32 |
|  clk         | fsm12/done_reg_1                       |                    |                8 |             32 |
|  clk         | fsm13/done_reg_1                       |                    |                6 |             32 |
|  clk         | j1/out_reg[2]_16[0]                    |                    |               26 |             32 |
|  clk         | j0/out_reg[2]_4                        |                    |               24 |             32 |
|  clk         | j0/out_reg[2]_5                        |                    |               20 |             32 |
|  clk         | j0/out_reg[2]_6                        |                    |               25 |             32 |
|  clk         | j0/out_reg[2]_7                        |                    |               21 |             32 |
|  clk         | j0/out_reg[2]_8                        |                    |               23 |             32 |
|  clk         | j0/out_reg[2]_9                        |                    |               24 |             32 |
|  clk         | j1/out_reg[2]_1[0]                     |                    |               25 |             32 |
|  clk         | j1/out_reg[2]_12[0]                    |                    |               24 |             32 |
|  clk         | j1/out_reg[2]_10[0]                    |                    |               26 |             32 |
|  clk         | j1/out_reg[2]_11[0]                    |                    |               28 |             32 |
|  clk         | j1/out_reg[2]_13[0]                    |                    |               26 |             32 |
|  clk         | j1/out_reg[2]_14[0]                    |                    |               21 |             32 |
|  clk         | j1/out_reg[2]_15[0]                    |                    |               23 |             32 |
|  clk         | i0/out_reg[2]_13                       |                    |               22 |             32 |
|  clk         | j1/out_reg[2]_3[0]                     |                    |               24 |             32 |
|  clk         | j1/out_reg[2]_4[0]                     |                    |               22 |             32 |
|  clk         | j1/out_reg[2]_5[0]                     |                    |               25 |             32 |
|  clk         | j1/out_reg[2]_6[0]                     |                    |               27 |             32 |
|  clk         | j1/out_reg[2]_7[0]                     |                    |               25 |             32 |
|  clk         | j1/out_reg[2]_8[0]                     |                    |               23 |             32 |
|  clk         | j1/out_reg[2]_9[0]                     |                    |               22 |             32 |
|  clk         | cond_stored9/E[0]                      |                    |               19 |             32 |
|  clk         | cond_stored9/done_reg[0]               |                    |               20 |             32 |
|  clk         | cond_stored9/done_reg_0[0]             |                    |               16 |             32 |
|  clk         | cond_stored9/done_reg_1[0]             |                    |               20 |             32 |
|  clk         | cond_stored9/done_reg_10[0]            |                    |               16 |             32 |
|  clk         | cond_stored9/done_reg_11[0]            |                    |               14 |             32 |
|  clk         | j0/out_reg[2]_2                        |                    |               19 |             32 |
|  clk         | i0/out_reg[2]_12                       |                    |               27 |             32 |
|  clk         | i0/out_reg[2]_14                       |                    |               25 |             32 |
|  clk         | i0/out_reg[2]_15                       |                    |               25 |             32 |
|  clk         | i0/out_reg[2]_16                       |                    |               23 |             32 |
|  clk         | i0/out_reg[2]_17                       |                    |               24 |             32 |
|  clk         | i0/out_reg[2]_18                       |                    |               26 |             32 |
|  clk         | i0/out_reg[2]_19                       |                    |               26 |             32 |
|  clk         | i0/out_reg[2]_2                        |                    |               25 |             32 |
|  clk         | i0/out_reg[2]_20                       |                    |               24 |             32 |
|  clk         | i0/out_reg[2]_21                       |                    |               26 |             32 |
|  clk         | i0/out_reg[2]_22                       |                    |               22 |             32 |
|  clk         | i0/out_reg[2]_3                        |                    |               27 |             32 |
|  clk         | i0/out_reg[2]_4                        |                    |               25 |             32 |
|  clk         | i0/out_reg[2]_5                        |                    |               23 |             32 |
|  clk         | j0/out_reg[2]_3                        |                    |               22 |             32 |
|  clk         | j0/out_reg[2]_14                       |                    |               21 |             32 |
|  clk         | j0/out_reg[2]_13                       |                    |               24 |             32 |
|  clk         | j0/out_reg[2]_12                       |                    |               21 |             32 |
|  clk         | j0/out_reg[2]_11                       |                    |               23 |             32 |
|  clk         | j0/out_reg[2]_10                       |                    |               21 |             32 |
|  clk         | j0/out_reg[2]_1                        |                    |               26 |             32 |
|  clk         | j0/out_reg[2]_0                        |                    |               21 |             32 |
|  clk         | j0/mem                                 |                    |               22 |             32 |
|  clk         | i0/out_reg[2]_9                        |                    |               24 |             32 |
|  clk         | i0/out_reg[2]_7                        |                    |               21 |             32 |
|  clk         | i0/out_reg[2]_6                        |                    |               22 |             32 |
|  clk         |                                        | mult_pipe15/p_0_in |               12 |             51 |
|  clk         |                                        | mult_pipe16/p_0_in |               13 |             51 |
|  clk         |                                        | mult_pipe17/p_0_in |               10 |             51 |
|  clk         |                                        | mult_pipe18/p_0_in |               11 |             51 |
|  clk         |                                        | mult_pipe19/p_0_in |               10 |             51 |
|  clk         |                                        | mult_pipe2/p_0_in  |                9 |             51 |
|  clk         |                                        | mult_pipe3/p_0_in  |                9 |             51 |
|  clk         |                                        | mult_pipe4/p_0_in  |               11 |             51 |
|  clk         |                                        | mult_pipe5/p_0_in  |               11 |             51 |
|  clk         |                                        | mult_pipe0/p_0_in  |               12 |             51 |
|  clk         |                                        | mult_pipe1/p_0_in  |               12 |             51 |
|  clk         |                                        | mult_pipe10/p_0_in |                9 |             51 |
|  clk         |                                        | mult_pipe11/p_0_in |               11 |             51 |
|  clk         |                                        | mult_pipe12/p_0_in |               11 |             51 |
|  clk         |                                        | mult_pipe13/p_0_in |               13 |             51 |
|  clk         |                                        | mult_pipe14/p_0_in |               10 |             51 |
|  clk         |                                        | mult_pipe6/p_0_in  |                9 |             51 |
|  clk         |                                        | mult_pipe7/p_0_in  |               12 |             51 |
|  clk         |                                        | mult_pipe8/p_0_in  |                8 |             51 |
|  clk         |                                        | mult_pipe9/p_0_in  |                9 |             51 |
|  clk         |                                        |                    |              116 |            233 |
+--------------+----------------------------------------+--------------------+------------------+----------------+


