Copyright 1986-2019 Xilinx, Inc. All Rights Reserved.
-----------------------------------------------------------------------------------------------
| Tool Version : Vivado v.2019.1 (lin64) Build 2552052 Fri May 24 14:47:09 MDT 2019
| Date         : Sat Aug  8 13:11:19 2020
| Host         : gorgonzola.cs.cornell.edu running 64-bit CentOS Linux release 7.6.1810 (Core)
| Command      : report_control_sets -verbose -file main_control_sets_placed.rpt
| Design       : main
| Device       : xc7z020
-----------------------------------------------------------------------------------------------

Control Set Information

Table of Contents
-----------------
1. Summary
2. Histogram
3. Flip-Flop Distribution
4. Detailed Control Set Information

1. Summary
----------

+----------------------------------------------------------+-------+
|                          Status                          | Count |
+----------------------------------------------------------+-------+
| Total control sets                                       |    34 |
|    Minimum number of control sets                        |    34 |
|    Addition due to synthesis replication                 |     0 |
|    Addition due to physical synthesis replication        |     0 |
| Unused register locations in slices containing registers |    42 |
+----------------------------------------------------------+-------+
* Control sets can be merged at opt_design using control_set_merge or merge_equivalent_drivers
** Run report_qor_suggestions for automated merging and remapping suggestions


2. Histogram
------------

+--------------------+-------+
|       Fanout       | Count |
+--------------------+-------+
| Total control sets |    34 |
| >= 0 to < 4        |     0 |
| >= 4 to < 6        |     3 |
| >= 6 to < 8        |     0 |
| >= 8 to < 10       |     0 |
| >= 10 to < 12      |     0 |
| >= 12 to < 14      |     0 |
| >= 14 to < 16      |     0 |
| >= 16              |    31 |
+--------------------+-------+
* Control sets can be remapped at either synth_design or opt_design


3. Flip-Flop Distribution
-------------------------

+--------------+-----------------------+------------------------+-----------------+--------------+
| Clock Enable | Synchronous Set/Reset | Asynchronous Set/Reset | Total Registers | Total Slices |
+--------------+-----------------------+------------------------+-----------------+--------------+
| No           | No                    | No                     |              31 |           18 |
| No           | No                    | Yes                    |               0 |            0 |
| No           | Yes                   | No                     |             198 |           40 |
| Yes          | No                    | No                     |             488 |          143 |
| Yes          | No                    | Yes                    |               0 |            0 |
| Yes          | Yes                   | No                     |             377 |          110 |
+--------------+-----------------------+------------------------+-----------------+--------------+


4. Detailed Control Set Information
-----------------------------------

+--------------+-------------------------+-------------------------------+------------------+----------------+
| Clock Signal |      Enable Signal      |        Set/Reset Signal       | Slice Load Count | Bel Load Count |
+--------------+-------------------------+-------------------------------+------------------+----------------+
|  clk         | fsm7/fsm7_write_en      |                               |                3 |              4 |
|  clk         | fsm4/i0_write_en        | fsm4/out_reg[1]_2             |                1 |              4 |
|  clk         | fsm8/E[0]               |                               |                2 |              4 |
|  clk         | fsm7/fsm1_write_en      | fsm1/out[31]_i_1__11_n_0      |               10 |             29 |
|  clk         | fsm3/fsm3_write_en      | fsm3/out[31]_i_1__13_n_0      |                8 |             29 |
|  clk         | fsm5/fsm5_write_en      | fsm5/out[31]_i_1_n_0          |                8 |             29 |
|  clk         |                         |                               |               18 |             31 |
|  clk         | div0/divisor            | fsm6/running_reg              |               12 |             31 |
|  clk         | fsm8/beta0_write_en     | fsm8/done_reg_2               |               12 |             31 |
|  clk         | fsm2/mult3_go           |                               |                8 |             32 |
|  clk         | fsm2/yRead10_write_en   |                               |               10 |             32 |
|  clk         | fsm7/yWrite20_write_en  |                               |               15 |             32 |
|  clk         | fsm2/y_i0_write_en      |                               |                9 |             32 |
|  clk         | fsm3/fsm2_write_en      | fsm2/out[31]_i_1__16_n_0      |                8 |             32 |
|  clk         | fsm7/sum0_write_en      | sum0/out[31]_i_1_n_0          |               12 |             32 |
|  clk         | fsm4/out_reg[1]_1       |                               |                8 |             32 |
|  clk         | fsm8/yWrite00_write_en  |                               |               10 |             32 |
|  clk         | fsm4/zRead00_write_en   |                               |                7 |             32 |
|  clk         | fsm8/rRead00_write_en   |                               |                6 |             32 |
|  clk         | div0/quotient           | div0/quotient_msk[31]_i_1_n_0 |               10 |             32 |
|  clk         | div0/out[31]_i_2__9_n_0 | fsm6/SR[0]                    |                6 |             32 |
|  clk         | div0/dividend           |                               |                8 |             32 |
|  clk         | fsm7/fsm4_write_en      | fsm4/out[31]_i_1__10_n_0      |                8 |             32 |
|  clk         | fsm6/done_reg[0]        |                               |               11 |             32 |
|  clk         | div0/divisor            |                               |               10 |             32 |
|  clk         | fsm6/E[0]               | div0/quotient_msk[31]_i_1_n_0 |                5 |             32 |
|  clk         | fsm6/tmp0_write_en      |                               |                8 |             32 |
|  clk         | fsm6/rRead20_write_en   |                               |                9 |             32 |
|  clk         | fsm1/fsm0_write_en      | fsm0/out[31]_i_1__17_n_0      |               10 |             32 |
|  clk         | fsm0/yRead00_write_en   |                               |                8 |             32 |
|  clk         | fsm0/rRead10_write_en   |                               |               11 |             32 |
|  clk         |                         | fsm2/SR[0]                    |               11 |             49 |
|  clk         |                         | fsm1/out_reg[2]_2             |               10 |             49 |
|  clk         |                         | fsm7/SR[0]                    |               19 |            100 |
+--------------+-------------------------+-------------------------------+------------------+----------------+


