
*** Running vivado
    with args -log main.vdi -applog -m64 -product Vivado -messageDb vivado.pb -mode batch -source main.tcl -notrace


****** Vivado v2019.1 (64-bit)
  **** SW Build 2552052 on Fri May 24 14:47:09 MDT 2019
  **** IP Build 2548770 on Fri May 24 18:01:18 MDT 2019
    ** Copyright 1986-2019 Xilinx, Inc. All Rights Reserved.

source main.tcl -notrace
Command: link_design -top main -part xczu3eg-sbva484-1-e -mode out_of_context
Design is defaulting to srcset: sources_1
Design is defaulting to constrset: constrs_1
INFO: [Device 21-403] Loading part xczu3eg-sbva484-1-e
INFO: [Netlist 29-17] Analyzing 466 Unisim elements for replacement
INFO: [Netlist 29-28] Unisim Transformation completed in 1 CPU seconds
INFO: [Project 1-479] Netlist was created with Vivado 2019.1
INFO: [Project 1-570] Preparing netlist for logic optimization
Parsing XDC File [/tmp/tmp.Cfo9utaEOT/device.xdc]
create_clock: Time (s): cpu = 00:00:05 ; elapsed = 00:00:05 . Memory (MB): peak = 2390.562 ; gain = 0.000 ; free physical = 17334 ; free virtual = 47203
Finished Parsing XDC File [/tmp/tmp.Cfo9utaEOT/device.xdc]
INFO: [Opt 31-138] Pushed 0 inverter(s) to 0 load pin(s).
Netlist sorting complete. Time (s): cpu = 00:00:00 ; elapsed = 00:00:00.01 . Memory (MB): peak = 2390.562 ; gain = 0.000 ; free physical = 17324 ; free virtual = 47193
INFO: [Project 1-111] Unisim Transformation Summary:
  A total of 70 instances were transformed.
  DSP48E2 => DSP48E2 (DSP_ALU, DSP_A_B_DATA, DSP_C_DATA, DSP_MULTIPLIER, DSP_M_DATA, DSP_OUTPUT, DSP_PREADD_DATA, DSP_PREADD): 6 instances
  RAM16X1S => RAM32X1S (RAMS32): 64 instances

7 Infos, 0 Warnings, 0 Critical Warnings and 0 Errors encountered.
link_design completed successfully
link_design: Time (s): cpu = 00:00:20 ; elapsed = 00:00:56 . Memory (MB): peak = 2390.562 ; gain = 901.363 ; free physical = 17324 ; free virtual = 47193
Command: opt_design
Attempting to get a license for feature 'Implementation' and/or device 'xczu3eg'
INFO: [Common 17-349] Got license for feature 'Implementation' and/or device 'xczu3eg'
Running DRC as a precondition to command opt_design

Starting DRC Task
INFO: [DRC 23-27] Running DRC with 8 threads
INFO: [Project 1-461] DRC finished with 0 Errors
INFO: [Project 1-462] Please refer to the DRC report (report_drc) for more information.

Time (s): cpu = 00:00:05 ; elapsed = 00:00:10 . Memory (MB): peak = 2454.594 ; gain = 64.031 ; free physical = 16802 ; free virtual = 46676

Starting Cache Timing Information Task
INFO: [Timing 38-35] Done setting XDC timing constraints.
Ending Cache Timing Information Task | Checksum: aa113db6

Time (s): cpu = 00:00:07 ; elapsed = 00:00:19 . Memory (MB): peak = 2655.781 ; gain = 201.188 ; free physical = 15174 ; free virtual = 45072

Starting Logic Optimization Task

Phase 1 Retarget
INFO: [Opt 31-138] Pushed 0 inverter(s) to 0 load pin(s).
INFO: [Opt 31-49] Retargeted 0 cell(s).
Phase 1 Retarget | Checksum: 16052fbbb

Time (s): cpu = 00:00:00.57 ; elapsed = 00:00:00.23 . Memory (MB): peak = 2770.688 ; gain = 0.004 ; free physical = 14981 ; free virtual = 44883
INFO: [Opt 31-389] Phase Retarget created 0 cells and removed 3 cells

Phase 2 Constant propagation
INFO: [Opt 31-138] Pushed 0 inverter(s) to 0 load pin(s).
Phase 2 Constant propagation | Checksum: 15d5fee9f

Time (s): cpu = 00:00:00.61 ; elapsed = 00:00:00.27 . Memory (MB): peak = 2770.688 ; gain = 0.004 ; free physical = 14980 ; free virtual = 44882
INFO: [Opt 31-389] Phase Constant propagation created 0 cells and removed 0 cells

Phase 3 Sweep
Phase 3 Sweep | Checksum: 1691967ed

Time (s): cpu = 00:00:00.70 ; elapsed = 00:00:00.36 . Memory (MB): peak = 2770.688 ; gain = 0.004 ; free physical = 14979 ; free virtual = 44880
INFO: [Opt 31-389] Phase Sweep created 0 cells and removed 0 cells

Phase 4 BUFG optimization
Phase 4 BUFG optimization | Checksum: 1691967ed

Time (s): cpu = 00:00:00.73 ; elapsed = 00:00:00.39 . Memory (MB): peak = 2770.688 ; gain = 0.004 ; free physical = 14979 ; free virtual = 44880
INFO: [Opt 31-662] Phase BUFG optimization created 0 cells of which 0 are BUFGs and removed 0 cells.

Phase 5 Shift Register Optimization
INFO: [Opt 31-1064] SRL Remap converted 0 SRLs to 0 registers and converted 0 registers of register chains to 0 SRLs
Phase 5 Shift Register Optimization | Checksum: 1691967ed

Time (s): cpu = 00:00:00.77 ; elapsed = 00:00:00.43 . Memory (MB): peak = 2770.688 ; gain = 0.004 ; free physical = 14974 ; free virtual = 44875
INFO: [Opt 31-389] Phase Shift Register Optimization created 0 cells and removed 0 cells

Phase 6 Post Processing Netlist
Phase 6 Post Processing Netlist | Checksum: 1691967ed

Time (s): cpu = 00:00:00.80 ; elapsed = 00:00:00.46 . Memory (MB): peak = 2770.688 ; gain = 0.004 ; free physical = 14976 ; free virtual = 44877
INFO: [Opt 31-389] Phase Post Processing Netlist created 0 cells and removed 0 cells
Opt_design Change Summary
=========================


-------------------------------------------------------------------------------------------------------------------------
|  Phase                        |  #Cells created  |  #Cells Removed  |  #Constrained objects preventing optimizations  |
-------------------------------------------------------------------------------------------------------------------------
|  Retarget                     |               0  |               3  |                                              0  |
|  Constant propagation         |               0  |               0  |                                              0  |
|  Sweep                        |               0  |               0  |                                              0  |
|  BUFG optimization            |               0  |               0  |                                              0  |
|  Shift Register Optimization  |               0  |               0  |                                              0  |
|  Post Processing Netlist      |               0  |               0  |                                              0  |
-------------------------------------------------------------------------------------------------------------------------



Starting Connectivity Check Task

Time (s): cpu = 00:00:00.01 ; elapsed = 00:00:00.01 . Memory (MB): peak = 2770.688 ; gain = 0.000 ; free physical = 14975 ; free virtual = 44877
Ending Logic Optimization Task | Checksum: 15ed72ec7

Time (s): cpu = 00:00:00.84 ; elapsed = 00:00:00.50 . Memory (MB): peak = 2770.688 ; gain = 0.004 ; free physical = 14972 ; free virtual = 44874

Starting Power Optimization Task
INFO: [Pwropt 34-132] Skipping clock gating for clocks with a period < 2.00 ns.
Ending Power Optimization Task | Checksum: 15ed72ec7

Time (s): cpu = 00:00:00.01 ; elapsed = 00:00:00.04 . Memory (MB): peak = 2770.688 ; gain = 0.000 ; free physical = 14967 ; free virtual = 44869

Starting Final Cleanup Task
Ending Final Cleanup Task | Checksum: 15ed72ec7

Time (s): cpu = 00:00:00 ; elapsed = 00:00:00 . Memory (MB): peak = 2770.688 ; gain = 0.000 ; free physical = 14966 ; free virtual = 44867

Starting Netlist Obfuscation Task
Netlist sorting complete. Time (s): cpu = 00:00:00 ; elapsed = 00:00:00 . Memory (MB): peak = 2770.688 ; gain = 0.000 ; free physical = 14966 ; free virtual = 44867
Ending Netlist Obfuscation Task | Checksum: 15ed72ec7

Time (s): cpu = 00:00:00 ; elapsed = 00:00:00 . Memory (MB): peak = 2770.688 ; gain = 0.000 ; free physical = 14968 ; free virtual = 44869
INFO: [Common 17-83] Releasing license: Implementation
24 Infos, 0 Warnings, 0 Critical Warnings and 0 Errors encountered.
opt_design completed successfully
opt_design: Time (s): cpu = 00:00:14 ; elapsed = 00:00:32 . Memory (MB): peak = 2770.688 ; gain = 380.125 ; free physical = 14968 ; free virtual = 44869
Netlist sorting complete. Time (s): cpu = 00:00:00 ; elapsed = 00:00:00 . Memory (MB): peak = 2770.688 ; gain = 0.000 ; free physical = 14968 ; free virtual = 44869
INFO: [Timing 38-35] Done setting XDC timing constraints.
INFO: [Timing 38-480] Writing timing data to binary archive.
INFO: [Common 17-1381] The checkpoint '/tmp/tmp.Cfo9utaEOT/out/FutilBuild.runs/impl_1/main_opt.dcp' has been generated.
INFO: [runtcl-4] Executing : report_drc -file main_drc_opted.rpt -pb main_drc_opted.pb -rpx main_drc_opted.rpx
Command: report_drc -file main_drc_opted.rpt -pb main_drc_opted.pb -rpx main_drc_opted.rpx
INFO: [IP_Flow 19-234] Refreshing IP repositories
INFO: [IP_Flow 19-1704] No user IP repositories specified
INFO: [IP_Flow 19-2313] Loaded Vivado IP repository '/opt/Xilinx/Vivado/2019.1/data/ip'.
INFO: [DRC 23-27] Running DRC with 8 threads
INFO: [Coretcl 2-168] The results of DRC are in file /tmp/tmp.Cfo9utaEOT/out/FutilBuild.runs/impl_1/main_drc_opted.rpt.
report_drc completed successfully
report_drc: Time (s): cpu = 00:00:08 ; elapsed = 00:00:13 . Memory (MB): peak = 2935.844 ; gain = 133.137 ; free physical = 14857 ; free virtual = 44771
Command: place_design
Attempting to get a license for feature 'Implementation' and/or device 'xczu3eg'
INFO: [Common 17-349] Got license for feature 'Implementation' and/or device 'xczu3eg'
INFO: [DRC 23-27] Running DRC with 8 threads
INFO: [Vivado_Tcl 4-198] DRC finished with 0 Errors
INFO: [Vivado_Tcl 4-199] Please refer to the DRC report (report_drc) for more information.
Running DRC as a precondition to command place_design
INFO: [DRC 23-27] Running DRC with 8 threads
INFO: [Vivado_Tcl 4-198] DRC finished with 0 Errors
INFO: [Vivado_Tcl 4-199] Please refer to the DRC report (report_drc) for more information.

Starting Placer Task
INFO: [Place 30-611] Multithreading enabled for place_design using a maximum of 8 CPUs

Phase 1 Placer Initialization

Phase 1.1 Placer Initialization Netlist Sorting
Netlist sorting complete. Time (s): cpu = 00:00:00 ; elapsed = 00:00:00.01 . Memory (MB): peak = 2941.781 ; gain = 0.000 ; free physical = 14611 ; free virtual = 44537
Phase 1.1 Placer Initialization Netlist Sorting | Checksum: c30dff6e

Time (s): cpu = 00:00:00.02 ; elapsed = 00:00:00.03 . Memory (MB): peak = 2941.781 ; gain = 0.000 ; free physical = 14611 ; free virtual = 44537
Netlist sorting complete. Time (s): cpu = 00:00:00 ; elapsed = 00:00:00 . Memory (MB): peak = 2941.781 ; gain = 0.000 ; free physical = 14611 ; free virtual = 44537

Phase 1.2 IO Placement/ Clock Placement/ Build Placer Device
Phase 1.2 IO Placement/ Clock Placement/ Build Placer Device | Checksum: 69c91c0d

Time (s): cpu = 00:00:44 ; elapsed = 00:01:57 . Memory (MB): peak = 4044.055 ; gain = 1102.273 ; free physical = 9142 ; free virtual = 39186

Phase 1.3 Build Placer Netlist Model
Phase 1.3 Build Placer Netlist Model | Checksum: 139c492c7

Time (s): cpu = 00:00:47 ; elapsed = 00:01:58 . Memory (MB): peak = 4083.094 ; gain = 1141.312 ; free physical = 9138 ; free virtual = 39183

Phase 1.4 Constrain Clocks/Macros
Phase 1.4 Constrain Clocks/Macros | Checksum: 139c492c7

Time (s): cpu = 00:00:47 ; elapsed = 00:01:58 . Memory (MB): peak = 4083.094 ; gain = 1141.312 ; free physical = 9138 ; free virtual = 39183
Phase 1 Placer Initialization | Checksum: 139c492c7

Time (s): cpu = 00:00:47 ; elapsed = 00:01:58 . Memory (MB): peak = 4083.094 ; gain = 1141.312 ; free physical = 9137 ; free virtual = 39182

Phase 2 Global Placement

Phase 2.1 Floorplanning
Phase 2.1 Floorplanning | Checksum: b0bc5988

Time (s): cpu = 00:00:50 ; elapsed = 00:02:00 . Memory (MB): peak = 4091.098 ; gain = 1149.316 ; free physical = 9124 ; free virtual = 39170

Phase 2.2 Global Placement Core

Phase 2.2.1 Physical Synthesis In Placer
INFO: [Physopt 32-65] No nets found for high-fanout optimization.
INFO: [Physopt 32-232] Optimized 0 net. Created 0 new instance.
INFO: [Physopt 32-775] End 1 Pass. Optimized 0 net or cell. Created 0 new cell, deleted 0 existing cell and moved 0 existing cell
INFO: [Physopt 32-670] No setup violation found.  DSP Register Optimization was not performed.
INFO: [Physopt 32-670] No setup violation found.  Shift Register Optimization was not performed.
INFO: [Physopt 32-670] No setup violation found.  BRAM Register Optimization was not performed.
INFO: [Physopt 32-949] No candidate nets found for HD net replication
INFO: [Physopt 32-775] End 1 Pass. Optimized 0 net or cell. Created 0 new cell, deleted 0 existing cell and moved 0 existing cell
Netlist sorting complete. Time (s): cpu = 00:00:00.01 ; elapsed = 00:00:00 . Memory (MB): peak = 4099.102 ; gain = 0.000 ; free physical = 9045 ; free virtual = 39098

Summary of Physical Synthesis Optimizations
============================================


----------------------------------------------------------------------------------------------------------------------------------------
|  Optimization                  |  Added Cells  |  Removed Cells  |  Optimized Cells/Nets  |  Dont Touch  |  Iterations  |  Elapsed   |
----------------------------------------------------------------------------------------------------------------------------------------
|  Very High Fanout              |            0  |              0  |                     0  |           0  |           1  |  00:00:00  |
|  DSP Register                  |            0  |              0  |                     0  |           0  |           0  |  00:00:00  |
|  Shift Register                |            0  |              0  |                     0  |           0  |           0  |  00:00:00  |
|  BRAM Register                 |            0  |              0  |                     0  |           0  |           0  |  00:00:00  |
|  HD Interface Net Replication  |            0  |              0  |                     0  |           0  |           1  |  00:00:00  |
|  Total                         |            0  |              0  |                     0  |           0  |           2  |  00:00:00  |
----------------------------------------------------------------------------------------------------------------------------------------


Phase 2.2.1 Physical Synthesis In Placer | Checksum: f3473610

Time (s): cpu = 00:01:04 ; elapsed = 00:02:05 . Memory (MB): peak = 4099.102 ; gain = 1157.320 ; free physical = 9042 ; free virtual = 39094
Phase 2.2 Global Placement Core | Checksum: b74dc99f

Time (s): cpu = 00:01:04 ; elapsed = 00:02:05 . Memory (MB): peak = 4099.102 ; gain = 1157.320 ; free physical = 9038 ; free virtual = 39090
Phase 2 Global Placement | Checksum: b74dc99f

Time (s): cpu = 00:01:04 ; elapsed = 00:02:05 . Memory (MB): peak = 4099.102 ; gain = 1157.320 ; free physical = 9037 ; free virtual = 39089

Phase 3 Detail Placement

Phase 3.1 Commit Multi Column Macros
Phase 3.1 Commit Multi Column Macros | Checksum: 15d563c97

Time (s): cpu = 00:01:05 ; elapsed = 00:02:06 . Memory (MB): peak = 4099.102 ; gain = 1157.320 ; free physical = 9033 ; free virtual = 39085

Phase 3.2 Commit Most Macros & LUTRAMs
Phase 3.2 Commit Most Macros & LUTRAMs | Checksum: 173264a9e

Time (s): cpu = 00:01:05 ; elapsed = 00:02:06 . Memory (MB): peak = 4099.102 ; gain = 1157.320 ; free physical = 9027 ; free virtual = 39079

Phase 3.3 Area Swap Optimization
Phase 3.3 Area Swap Optimization | Checksum: 1aeedb59c

Time (s): cpu = 00:01:06 ; elapsed = 00:02:06 . Memory (MB): peak = 4099.102 ; gain = 1157.320 ; free physical = 9026 ; free virtual = 39078

Phase 3.4 Small Shape Clustering
Phase 3.4 Small Shape Clustering | Checksum: 17d0769a0

Time (s): cpu = 00:01:06 ; elapsed = 00:02:07 . Memory (MB): peak = 4099.102 ; gain = 1157.320 ; free physical = 9033 ; free virtual = 39087

Phase 3.5 Flow Legalize Slice Clusters
Phase 3.5 Flow Legalize Slice Clusters | Checksum: fa8d1e35

Time (s): cpu = 00:01:07 ; elapsed = 00:02:07 . Memory (MB): peak = 4099.102 ; gain = 1157.320 ; free physical = 9031 ; free virtual = 39085

Phase 3.6 Slice Area Swap
Phase 3.6 Slice Area Swap | Checksum: 1b5d913a4

Time (s): cpu = 00:01:07 ; elapsed = 00:02:07 . Memory (MB): peak = 4099.102 ; gain = 1157.320 ; free physical = 9027 ; free virtual = 39081

Phase 3.7 Commit Slice Clusters
Phase 3.7 Commit Slice Clusters | Checksum: d4dae201

Time (s): cpu = 00:01:09 ; elapsed = 00:02:07 . Memory (MB): peak = 4099.102 ; gain = 1157.320 ; free physical = 9033 ; free virtual = 39088

Phase 3.8 Re-assign LUT pins
Phase 3.8 Re-assign LUT pins | Checksum: 124b1ac59

Time (s): cpu = 00:01:09 ; elapsed = 00:02:08 . Memory (MB): peak = 4099.102 ; gain = 1157.320 ; free physical = 9031 ; free virtual = 39086

Phase 3.9 Pipeline Register Optimization
Phase 3.9 Pipeline Register Optimization | Checksum: d4b27bca

Time (s): cpu = 00:01:09 ; elapsed = 00:02:08 . Memory (MB): peak = 4099.102 ; gain = 1157.320 ; free physical = 9032 ; free virtual = 39088
Phase 3 Detail Placement | Checksum: d4b27bca

Time (s): cpu = 00:01:09 ; elapsed = 00:02:08 . Memory (MB): peak = 4099.102 ; gain = 1157.320 ; free physical = 9031 ; free virtual = 39087

Phase 4 Post Placement Optimization and Clean-Up

Phase 4.1 Post Commit Optimization
INFO: [Timing 38-35] Done setting XDC timing constraints.

Phase 4.1.1 Post Placement Optimization
Post Placement Optimization Initialization | Checksum: 1ce5003ab

Phase 4.1.1.1 BUFG Insertion
INFO: [Place 46-56] BUFG insertion identified 0 candidate nets. Inserted BUFG: 0, Replicated BUFG Driver: 0, Skipped due to Placement/Routing Conflicts: 0, Skipped due to Timing Degradation: 0, Skipped due to Illegal Netlist: 0.
Phase 4.1.1.1 BUFG Insertion | Checksum: 1ce5003ab

Time (s): cpu = 00:01:13 ; elapsed = 00:02:09 . Memory (MB): peak = 4099.102 ; gain = 1157.320 ; free physical = 8997 ; free virtual = 39054
INFO: [Place 30-746] Post Placement Timing Summary WNS=3.010. For the most accurate timing information please run report_timing.
Phase 4.1.1 Post Placement Optimization | Checksum: 166b351f5

Time (s): cpu = 00:01:13 ; elapsed = 00:02:09 . Memory (MB): peak = 4099.102 ; gain = 1157.320 ; free physical = 8996 ; free virtual = 39053
Phase 4.1 Post Commit Optimization | Checksum: 166b351f5

Time (s): cpu = 00:01:13 ; elapsed = 00:02:09 . Memory (MB): peak = 4099.102 ; gain = 1157.320 ; free physical = 8995 ; free virtual = 39052

Phase 4.2 Post Placement Cleanup
Phase 4.2 Post Placement Cleanup | Checksum: 166b351f5

Time (s): cpu = 00:01:13 ; elapsed = 00:02:09 . Memory (MB): peak = 4099.102 ; gain = 1157.320 ; free physical = 8995 ; free virtual = 39051

Phase 4.3 Placer Reporting
Phase 4.3 Placer Reporting | Checksum: 166b351f5

Time (s): cpu = 00:01:16 ; elapsed = 00:02:12 . Memory (MB): peak = 4099.102 ; gain = 1157.320 ; free physical = 8856 ; free virtual = 38915

Phase 4.4 Final Placement Cleanup
Netlist sorting complete. Time (s): cpu = 00:00:00 ; elapsed = 00:00:00 . Memory (MB): peak = 4099.102 ; gain = 0.000 ; free physical = 8856 ; free virtual = 38915
Phase 4.4 Final Placement Cleanup | Checksum: bf58dc49

Time (s): cpu = 00:01:16 ; elapsed = 00:02:12 . Memory (MB): peak = 4099.102 ; gain = 1157.320 ; free physical = 8855 ; free virtual = 38914
Phase 4 Post Placement Optimization and Clean-Up | Checksum: bf58dc49

Time (s): cpu = 00:01:16 ; elapsed = 00:02:12 . Memory (MB): peak = 4099.102 ; gain = 1157.320 ; free physical = 8853 ; free virtual = 38912
Ending Placer Task | Checksum: 5c132c74

Time (s): cpu = 00:01:16 ; elapsed = 00:02:12 . Memory (MB): peak = 4099.102 ; gain = 1157.320 ; free physical = 8852 ; free virtual = 38911
INFO: [Common 17-83] Releasing license: Implementation
53 Infos, 0 Warnings, 0 Critical Warnings and 0 Errors encountered.
place_design completed successfully
place_design: Time (s): cpu = 00:01:22 ; elapsed = 00:02:24 . Memory (MB): peak = 4099.102 ; gain = 1163.258 ; free physical = 8873 ; free virtual = 38932
Netlist sorting complete. Time (s): cpu = 00:00:00.01 ; elapsed = 00:00:00 . Memory (MB): peak = 4099.102 ; gain = 0.000 ; free physical = 8873 ; free virtual = 38932
INFO: [Timing 38-480] Writing timing data to binary archive.
Writing placer database...
Writing XDEF routing.
Writing XDEF routing logical nets.
Writing XDEF routing special nets.
Write XDEF Complete: Time (s): cpu = 00:00:01 ; elapsed = 00:00:00.43 . Memory (MB): peak = 4099.102 ; gain = 0.000 ; free physical = 8848 ; free virtual = 38915
INFO: [Common 17-1381] The checkpoint '/tmp/tmp.Cfo9utaEOT/out/FutilBuild.runs/impl_1/main_placed.dcp' has been generated.
INFO: [runtcl-4] Executing : report_io -file main_io_placed.rpt
report_io: Time (s): cpu = 00:00:00.14 ; elapsed = 00:00:00.32 . Memory (MB): peak = 4099.102 ; gain = 0.000 ; free physical = 8811 ; free virtual = 38873
INFO: [runtcl-4] Executing : report_utilization -file main_utilization_placed.rpt -pb main_utilization_placed.pb
INFO: [runtcl-4] Executing : report_control_sets -verbose -file main_control_sets_placed.rpt
report_control_sets: Time (s): cpu = 00:00:00.08 ; elapsed = 00:00:00.20 . Memory (MB): peak = 4099.102 ; gain = 0.000 ; free physical = 8815 ; free virtual = 38877
Command: route_design
Attempting to get a license for feature 'Implementation' and/or device 'xczu3eg'
INFO: [Common 17-349] Got license for feature 'Implementation' and/or device 'xczu3eg'
Running DRC as a precondition to command route_design
INFO: [DRC 23-27] Running DRC with 8 threads
INFO: [Vivado_Tcl 4-198] DRC finished with 0 Errors
INFO: [Vivado_Tcl 4-199] Please refer to the DRC report (report_drc) for more information.


Starting Routing Task
INFO: [Route 35-254] Multithreading enabled for route_design using a maximum of 8 CPUs
Checksum: PlaceDB: 2b507734 ConstDB: 0 ShapeSum: 30c2b540 RouteDB: 0

Phase 1 Build RT Design
WARNING: [Route 35-197] Clock port "clk" does not have an associated HD.CLK_SRC. Without this constraint, timing analysis may not be accurate and upstream checks cannot be done to ensure correct clock placement.
WARNING: [Route 35-198] Port "A_int0_0_read_data[0]" does not have an associated HD.PARTPIN_LOCS, which will prevent the partial routing of the signal "A_int0_0_read_data[0]". Without this partial route, timing analysis to/from this port will not be accurate, and no routing information for this port can be exported.
WARNING: [Route 35-198] Port "A_int0_0_read_data[10]" does not have an associated HD.PARTPIN_LOCS, which will prevent the partial routing of the signal "A_int0_0_read_data[10]". Without this partial route, timing analysis to/from this port will not be accurate, and no routing information for this port can be exported.
WARNING: [Route 35-198] Port "A_int0_0_read_data[12]" does not have an associated HD.PARTPIN_LOCS, which will prevent the partial routing of the signal "A_int0_0_read_data[12]". Without this partial route, timing analysis to/from this port will not be accurate, and no routing information for this port can be exported.
WARNING: [Route 35-198] Port "A_int0_0_read_data[31]" does not have an associated HD.PARTPIN_LOCS, which will prevent the partial routing of the signal "A_int0_0_read_data[31]". Without this partial route, timing analysis to/from this port will not be accurate, and no routing information for this port can be exported.
WARNING: [Route 35-198] Port "A_int0_0_read_data[13]" does not have an associated HD.PARTPIN_LOCS, which will prevent the partial routing of the signal "A_int0_0_read_data[13]". Without this partial route, timing analysis to/from this port will not be accurate, and no routing information for this port can be exported.
WARNING: [Route 35-198] Port "A_int0_0_read_data[18]" does not have an associated HD.PARTPIN_LOCS, which will prevent the partial routing of the signal "A_int0_0_read_data[18]". Without this partial route, timing analysis to/from this port will not be accurate, and no routing information for this port can be exported.
WARNING: [Route 35-198] Port "A_int0_0_read_data[21]" does not have an associated HD.PARTPIN_LOCS, which will prevent the partial routing of the signal "A_int0_0_read_data[21]". Without this partial route, timing analysis to/from this port will not be accurate, and no routing information for this port can be exported.
WARNING: [Route 35-198] Port "A_int0_0_read_data[20]" does not have an associated HD.PARTPIN_LOCS, which will prevent the partial routing of the signal "A_int0_0_read_data[20]". Without this partial route, timing analysis to/from this port will not be accurate, and no routing information for this port can be exported.
WARNING: [Route 35-198] Port "A_int0_0_read_data[22]" does not have an associated HD.PARTPIN_LOCS, which will prevent the partial routing of the signal "A_int0_0_read_data[22]". Without this partial route, timing analysis to/from this port will not be accurate, and no routing information for this port can be exported.
WARNING: [Route 35-198] Port "A_int0_0_read_data[23]" does not have an associated HD.PARTPIN_LOCS, which will prevent the partial routing of the signal "A_int0_0_read_data[23]". Without this partial route, timing analysis to/from this port will not be accurate, and no routing information for this port can be exported.
WARNING: [Route 35-198] Port "y_int0_done" does not have an associated HD.PARTPIN_LOCS, which will prevent the partial routing of the signal "y_int0_done". Without this partial route, timing analysis to/from this port will not be accurate, and no routing information for this port can be exported.
WARNING: [Route 35-198] Port "A_int0_0_read_data[14]" does not have an associated HD.PARTPIN_LOCS, which will prevent the partial routing of the signal "A_int0_0_read_data[14]". Without this partial route, timing analysis to/from this port will not be accurate, and no routing information for this port can be exported.
WARNING: [Route 35-198] Port "A_int0_0_read_data[15]" does not have an associated HD.PARTPIN_LOCS, which will prevent the partial routing of the signal "A_int0_0_read_data[15]". Without this partial route, timing analysis to/from this port will not be accurate, and no routing information for this port can be exported.
WARNING: [Route 35-198] Port "A_int0_0_read_data[1]" does not have an associated HD.PARTPIN_LOCS, which will prevent the partial routing of the signal "A_int0_0_read_data[1]". Without this partial route, timing analysis to/from this port will not be accurate, and no routing information for this port can be exported.
WARNING: [Route 35-198] Port "A_int0_0_read_data[29]" does not have an associated HD.PARTPIN_LOCS, which will prevent the partial routing of the signal "A_int0_0_read_data[29]". Without this partial route, timing analysis to/from this port will not be accurate, and no routing information for this port can be exported.
WARNING: [Route 35-198] Port "tmp_int0_read_data[12]" does not have an associated HD.PARTPIN_LOCS, which will prevent the partial routing of the signal "tmp_int0_read_data[12]". Without this partial route, timing analysis to/from this port will not be accurate, and no routing information for this port can be exported.
WARNING: [Route 35-198] Port "tmp_int0_read_data[7]" does not have an associated HD.PARTPIN_LOCS, which will prevent the partial routing of the signal "tmp_int0_read_data[7]". Without this partial route, timing analysis to/from this port will not be accurate, and no routing information for this port can be exported.
WARNING: [Route 35-198] Port "tmp_int0_read_data[16]" does not have an associated HD.PARTPIN_LOCS, which will prevent the partial routing of the signal "tmp_int0_read_data[16]". Without this partial route, timing analysis to/from this port will not be accurate, and no routing information for this port can be exported.
WARNING: [Route 35-198] Port "tmp_int0_read_data[3]" does not have an associated HD.PARTPIN_LOCS, which will prevent the partial routing of the signal "tmp_int0_read_data[3]". Without this partial route, timing analysis to/from this port will not be accurate, and no routing information for this port can be exported.
WARNING: [Route 35-198] Port "tmp_int0_read_data[11]" does not have an associated HD.PARTPIN_LOCS, which will prevent the partial routing of the signal "tmp_int0_read_data[11]". Without this partial route, timing analysis to/from this port will not be accurate, and no routing information for this port can be exported.
WARNING: [Route 35-198] Port "tmp_int0_read_data[24]" does not have an associated HD.PARTPIN_LOCS, which will prevent the partial routing of the signal "tmp_int0_read_data[24]". Without this partial route, timing analysis to/from this port will not be accurate, and no routing information for this port can be exported.
WARNING: [Route 35-198] Port "tmp_int0_read_data[27]" does not have an associated HD.PARTPIN_LOCS, which will prevent the partial routing of the signal "tmp_int0_read_data[27]". Without this partial route, timing analysis to/from this port will not be accurate, and no routing information for this port can be exported.
WARNING: [Route 35-198] Port "tmp_int0_read_data[9]" does not have an associated HD.PARTPIN_LOCS, which will prevent the partial routing of the signal "tmp_int0_read_data[9]". Without this partial route, timing analysis to/from this port will not be accurate, and no routing information for this port can be exported.
WARNING: [Route 35-198] Port "A_int0_0_read_data[2]" does not have an associated HD.PARTPIN_LOCS, which will prevent the partial routing of the signal "A_int0_0_read_data[2]". Without this partial route, timing analysis to/from this port will not be accurate, and no routing information for this port can be exported.
WARNING: [Route 35-198] Port "A_int0_0_read_data[30]" does not have an associated HD.PARTPIN_LOCS, which will prevent the partial routing of the signal "A_int0_0_read_data[30]". Without this partial route, timing analysis to/from this port will not be accurate, and no routing information for this port can be exported.
WARNING: [Route 35-198] Port "A_int0_0_read_data[19]" does not have an associated HD.PARTPIN_LOCS, which will prevent the partial routing of the signal "A_int0_0_read_data[19]". Without this partial route, timing analysis to/from this port will not be accurate, and no routing information for this port can be exported.
WARNING: [Route 35-198] Port "A_int0_0_read_data[11]" does not have an associated HD.PARTPIN_LOCS, which will prevent the partial routing of the signal "A_int0_0_read_data[11]". Without this partial route, timing analysis to/from this port will not be accurate, and no routing information for this port can be exported.
WARNING: [Route 35-198] Port "tmp_int0_read_data[22]" does not have an associated HD.PARTPIN_LOCS, which will prevent the partial routing of the signal "tmp_int0_read_data[22]". Without this partial route, timing analysis to/from this port will not be accurate, and no routing information for this port can be exported.
WARNING: [Route 35-198] Port "tmp_int0_read_data[23]" does not have an associated HD.PARTPIN_LOCS, which will prevent the partial routing of the signal "tmp_int0_read_data[23]". Without this partial route, timing analysis to/from this port will not be accurate, and no routing information for this port can be exported.
WARNING: [Route 35-198] Port "tmp_int0_read_data[20]" does not have an associated HD.PARTPIN_LOCS, which will prevent the partial routing of the signal "tmp_int0_read_data[20]". Without this partial route, timing analysis to/from this port will not be accurate, and no routing information for this port can be exported.
WARNING: [Route 35-198] Port "tmp_int0_read_data[28]" does not have an associated HD.PARTPIN_LOCS, which will prevent the partial routing of the signal "tmp_int0_read_data[28]". Without this partial route, timing analysis to/from this port will not be accurate, and no routing information for this port can be exported.
WARNING: [Route 35-198] Port "tmp_int0_read_data[4]" does not have an associated HD.PARTPIN_LOCS, which will prevent the partial routing of the signal "tmp_int0_read_data[4]". Without this partial route, timing analysis to/from this port will not be accurate, and no routing information for this port can be exported.
WARNING: [Route 35-198] Port "tmp_int0_read_data[5]" does not have an associated HD.PARTPIN_LOCS, which will prevent the partial routing of the signal "tmp_int0_read_data[5]". Without this partial route, timing analysis to/from this port will not be accurate, and no routing information for this port can be exported.
WARNING: [Route 35-198] Port "tmp_int0_read_data[10]" does not have an associated HD.PARTPIN_LOCS, which will prevent the partial routing of the signal "tmp_int0_read_data[10]". Without this partial route, timing analysis to/from this port will not be accurate, and no routing information for this port can be exported.
WARNING: [Route 35-198] Port "tmp_int0_read_data[13]" does not have an associated HD.PARTPIN_LOCS, which will prevent the partial routing of the signal "tmp_int0_read_data[13]". Without this partial route, timing analysis to/from this port will not be accurate, and no routing information for this port can be exported.
WARNING: [Route 35-198] Port "tmp_int0_read_data[19]" does not have an associated HD.PARTPIN_LOCS, which will prevent the partial routing of the signal "tmp_int0_read_data[19]". Without this partial route, timing analysis to/from this port will not be accurate, and no routing information for this port can be exported.
WARNING: [Route 35-198] Port "tmp_int0_read_data[1]" does not have an associated HD.PARTPIN_LOCS, which will prevent the partial routing of the signal "tmp_int0_read_data[1]". Without this partial route, timing analysis to/from this port will not be accurate, and no routing information for this port can be exported.
WARNING: [Route 35-198] Port "tmp_int0_read_data[0]" does not have an associated HD.PARTPIN_LOCS, which will prevent the partial routing of the signal "tmp_int0_read_data[0]". Without this partial route, timing analysis to/from this port will not be accurate, and no routing information for this port can be exported.
WARNING: [Route 35-198] Port "tmp_int0_read_data[15]" does not have an associated HD.PARTPIN_LOCS, which will prevent the partial routing of the signal "tmp_int0_read_data[15]". Without this partial route, timing analysis to/from this port will not be accurate, and no routing information for this port can be exported.
WARNING: [Route 35-198] Port "tmp_int0_read_data[17]" does not have an associated HD.PARTPIN_LOCS, which will prevent the partial routing of the signal "tmp_int0_read_data[17]". Without this partial route, timing analysis to/from this port will not be accurate, and no routing information for this port can be exported.
WARNING: [Route 35-198] Port "tmp_int0_read_data[21]" does not have an associated HD.PARTPIN_LOCS, which will prevent the partial routing of the signal "tmp_int0_read_data[21]". Without this partial route, timing analysis to/from this port will not be accurate, and no routing information for this port can be exported.
WARNING: [Route 35-198] Port "tmp_int0_read_data[2]" does not have an associated HD.PARTPIN_LOCS, which will prevent the partial routing of the signal "tmp_int0_read_data[2]". Without this partial route, timing analysis to/from this port will not be accurate, and no routing information for this port can be exported.
WARNING: [Route 35-198] Port "tmp_int0_read_data[8]" does not have an associated HD.PARTPIN_LOCS, which will prevent the partial routing of the signal "tmp_int0_read_data[8]". Without this partial route, timing analysis to/from this port will not be accurate, and no routing information for this port can be exported.
WARNING: [Route 35-198] Port "A_int0_0_read_data[17]" does not have an associated HD.PARTPIN_LOCS, which will prevent the partial routing of the signal "A_int0_0_read_data[17]". Without this partial route, timing analysis to/from this port will not be accurate, and no routing information for this port can be exported.
WARNING: [Route 35-198] Port "A_int0_0_read_data[5]" does not have an associated HD.PARTPIN_LOCS, which will prevent the partial routing of the signal "A_int0_0_read_data[5]". Without this partial route, timing analysis to/from this port will not be accurate, and no routing information for this port can be exported.
WARNING: [Route 35-198] Port "tmp_int0_read_data[18]" does not have an associated HD.PARTPIN_LOCS, which will prevent the partial routing of the signal "tmp_int0_read_data[18]". Without this partial route, timing analysis to/from this port will not be accurate, and no routing information for this port can be exported.
WARNING: [Route 35-198] Port "tmp_int0_read_data[25]" does not have an associated HD.PARTPIN_LOCS, which will prevent the partial routing of the signal "tmp_int0_read_data[25]". Without this partial route, timing analysis to/from this port will not be accurate, and no routing information for this port can be exported.
WARNING: [Route 35-198] Port "tmp_int0_read_data[29]" does not have an associated HD.PARTPIN_LOCS, which will prevent the partial routing of the signal "tmp_int0_read_data[29]". Without this partial route, timing analysis to/from this port will not be accurate, and no routing information for this port can be exported.
WARNING: [Route 35-198] Port "tmp_int0_read_data[31]" does not have an associated HD.PARTPIN_LOCS, which will prevent the partial routing of the signal "tmp_int0_read_data[31]". Without this partial route, timing analysis to/from this port will not be accurate, and no routing information for this port can be exported.
WARNING: [Route 35-198] Port "tmp_int0_read_data[14]" does not have an associated HD.PARTPIN_LOCS, which will prevent the partial routing of the signal "tmp_int0_read_data[14]". Without this partial route, timing analysis to/from this port will not be accurate, and no routing information for this port can be exported.
WARNING: [Route 35-198] Port "tmp_int0_read_data[26]" does not have an associated HD.PARTPIN_LOCS, which will prevent the partial routing of the signal "tmp_int0_read_data[26]". Without this partial route, timing analysis to/from this port will not be accurate, and no routing information for this port can be exported.
WARNING: [Route 35-198] Port "tmp_int0_read_data[30]" does not have an associated HD.PARTPIN_LOCS, which will prevent the partial routing of the signal "tmp_int0_read_data[30]". Without this partial route, timing analysis to/from this port will not be accurate, and no routing information for this port can be exported.
WARNING: [Route 35-198] Port "tmp_int0_read_data[6]" does not have an associated HD.PARTPIN_LOCS, which will prevent the partial routing of the signal "tmp_int0_read_data[6]". Without this partial route, timing analysis to/from this port will not be accurate, and no routing information for this port can be exported.
WARNING: [Route 35-198] Port "A_int0_0_read_data[7]" does not have an associated HD.PARTPIN_LOCS, which will prevent the partial routing of the signal "A_int0_0_read_data[7]". Without this partial route, timing analysis to/from this port will not be accurate, and no routing information for this port can be exported.
WARNING: [Route 35-198] Port "A_int0_0_read_data[16]" does not have an associated HD.PARTPIN_LOCS, which will prevent the partial routing of the signal "A_int0_0_read_data[16]". Without this partial route, timing analysis to/from this port will not be accurate, and no routing information for this port can be exported.
WARNING: [Route 35-198] Port "A_int0_0_read_data[4]" does not have an associated HD.PARTPIN_LOCS, which will prevent the partial routing of the signal "A_int0_0_read_data[4]". Without this partial route, timing analysis to/from this port will not be accurate, and no routing information for this port can be exported.
WARNING: [Route 35-198] Port "A_int0_0_read_data[28]" does not have an associated HD.PARTPIN_LOCS, which will prevent the partial routing of the signal "A_int0_0_read_data[28]". Without this partial route, timing analysis to/from this port will not be accurate, and no routing information for this port can be exported.
WARNING: [Route 35-198] Port "A_int0_0_read_data[3]" does not have an associated HD.PARTPIN_LOCS, which will prevent the partial routing of the signal "A_int0_0_read_data[3]". Without this partial route, timing analysis to/from this port will not be accurate, and no routing information for this port can be exported.
WARNING: [Route 35-198] Port "A_int0_0_read_data[6]" does not have an associated HD.PARTPIN_LOCS, which will prevent the partial routing of the signal "A_int0_0_read_data[6]". Without this partial route, timing analysis to/from this port will not be accurate, and no routing information for this port can be exported.
WARNING: [Route 35-198] Port "A_int0_0_read_data[25]" does not have an associated HD.PARTPIN_LOCS, which will prevent the partial routing of the signal "A_int0_0_read_data[25]". Without this partial route, timing analysis to/from this port will not be accurate, and no routing information for this port can be exported.
WARNING: [Route 35-198] Port "A_int0_0_read_data[24]" does not have an associated HD.PARTPIN_LOCS, which will prevent the partial routing of the signal "A_int0_0_read_data[24]". Without this partial route, timing analysis to/from this port will not be accurate, and no routing information for this port can be exported.
WARNING: [Route 35-198] Port "go" does not have an associated HD.PARTPIN_LOCS, which will prevent the partial routing of the signal "go". Without this partial route, timing analysis to/from this port will not be accurate, and no routing information for this port can be exported.
WARNING: [Route 35-198] Port "A_int0_0_read_data[8]" does not have an associated HD.PARTPIN_LOCS, which will prevent the partial routing of the signal "A_int0_0_read_data[8]". Without this partial route, timing analysis to/from this port will not be accurate, and no routing information for this port can be exported.
WARNING: [Route 35-198] Port "A_int0_0_read_data[9]" does not have an associated HD.PARTPIN_LOCS, which will prevent the partial routing of the signal "A_int0_0_read_data[9]". Without this partial route, timing analysis to/from this port will not be accurate, and no routing information for this port can be exported.
WARNING: [Route 35-198] Port "A_int0_0_done" does not have an associated HD.PARTPIN_LOCS, which will prevent the partial routing of the signal "A_int0_0_done". Without this partial route, timing analysis to/from this port will not be accurate, and no routing information for this port can be exported.
WARNING: [Route 35-198] Port "x_int0_done" does not have an associated HD.PARTPIN_LOCS, which will prevent the partial routing of the signal "x_int0_done". Without this partial route, timing analysis to/from this port will not be accurate, and no routing information for this port can be exported.
WARNING: [Route 35-198] Port "A_int0_0_read_data[27]" does not have an associated HD.PARTPIN_LOCS, which will prevent the partial routing of the signal "A_int0_0_read_data[27]". Without this partial route, timing analysis to/from this port will not be accurate, and no routing information for this port can be exported.
WARNING: [Route 35-198] Port "tmp_int0_done" does not have an associated HD.PARTPIN_LOCS, which will prevent the partial routing of the signal "tmp_int0_done". Without this partial route, timing analysis to/from this port will not be accurate, and no routing information for this port can be exported.
WARNING: [Route 35-198] Port "A_int0_0_read_data[26]" does not have an associated HD.PARTPIN_LOCS, which will prevent the partial routing of the signal "A_int0_0_read_data[26]". Without this partial route, timing analysis to/from this port will not be accurate, and no routing information for this port can be exported.
WARNING: [Route 35-198] Port "x_int0_read_data[25]" does not have an associated HD.PARTPIN_LOCS, which will prevent the partial routing of the signal "x_int0_read_data[25]". Without this partial route, timing analysis to/from this port will not be accurate, and no routing information for this port can be exported.
WARNING: [Route 35-198] Port "x_int0_read_data[27]" does not have an associated HD.PARTPIN_LOCS, which will prevent the partial routing of the signal "x_int0_read_data[27]". Without this partial route, timing analysis to/from this port will not be accurate, and no routing information for this port can be exported.
WARNING: [Route 35-198] Port "x_int0_read_data[29]" does not have an associated HD.PARTPIN_LOCS, which will prevent the partial routing of the signal "x_int0_read_data[29]". Without this partial route, timing analysis to/from this port will not be accurate, and no routing information for this port can be exported.
WARNING: [Route 35-198] Port "x_int0_read_data[30]" does not have an associated HD.PARTPIN_LOCS, which will prevent the partial routing of the signal "x_int0_read_data[30]". Without this partial route, timing analysis to/from this port will not be accurate, and no routing information for this port can be exported.
WARNING: [Route 35-198] Port "x_int0_read_data[3]" does not have an associated HD.PARTPIN_LOCS, which will prevent the partial routing of the signal "x_int0_read_data[3]". Without this partial route, timing analysis to/from this port will not be accurate, and no routing information for this port can be exported.
WARNING: [Route 35-198] Port "x_int0_read_data[6]" does not have an associated HD.PARTPIN_LOCS, which will prevent the partial routing of the signal "x_int0_read_data[6]". Without this partial route, timing analysis to/from this port will not be accurate, and no routing information for this port can be exported.
WARNING: [Route 35-198] Port "x_int0_read_data[7]" does not have an associated HD.PARTPIN_LOCS, which will prevent the partial routing of the signal "x_int0_read_data[7]". Without this partial route, timing analysis to/from this port will not be accurate, and no routing information for this port can be exported.
WARNING: [Route 35-198] Port "x_int0_read_data[24]" does not have an associated HD.PARTPIN_LOCS, which will prevent the partial routing of the signal "x_int0_read_data[24]". Without this partial route, timing analysis to/from this port will not be accurate, and no routing information for this port can be exported.
WARNING: [Route 35-198] Port "x_int0_read_data[26]" does not have an associated HD.PARTPIN_LOCS, which will prevent the partial routing of the signal "x_int0_read_data[26]". Without this partial route, timing analysis to/from this port will not be accurate, and no routing information for this port can be exported.
WARNING: [Route 35-198] Port "x_int0_read_data[28]" does not have an associated HD.PARTPIN_LOCS, which will prevent the partial routing of the signal "x_int0_read_data[28]". Without this partial route, timing analysis to/from this port will not be accurate, and no routing information for this port can be exported.
WARNING: [Route 35-198] Port "x_int0_read_data[2]" does not have an associated HD.PARTPIN_LOCS, which will prevent the partial routing of the signal "x_int0_read_data[2]". Without this partial route, timing analysis to/from this port will not be accurate, and no routing information for this port can be exported.
WARNING: [Route 35-198] Port "x_int0_read_data[31]" does not have an associated HD.PARTPIN_LOCS, which will prevent the partial routing of the signal "x_int0_read_data[31]". Without this partial route, timing analysis to/from this port will not be accurate, and no routing information for this port can be exported.
WARNING: [Route 35-198] Port "x_int0_read_data[4]" does not have an associated HD.PARTPIN_LOCS, which will prevent the partial routing of the signal "x_int0_read_data[4]". Without this partial route, timing analysis to/from this port will not be accurate, and no routing information for this port can be exported.
WARNING: [Route 35-198] Port "x_int0_read_data[5]" does not have an associated HD.PARTPIN_LOCS, which will prevent the partial routing of the signal "x_int0_read_data[5]". Without this partial route, timing analysis to/from this port will not be accurate, and no routing information for this port can be exported.
WARNING: [Route 35-198] Port "x_int0_read_data[8]" does not have an associated HD.PARTPIN_LOCS, which will prevent the partial routing of the signal "x_int0_read_data[8]". Without this partial route, timing analysis to/from this port will not be accurate, and no routing information for this port can be exported.
WARNING: [Route 35-198] Port "x_int0_read_data[9]" does not have an associated HD.PARTPIN_LOCS, which will prevent the partial routing of the signal "x_int0_read_data[9]". Without this partial route, timing analysis to/from this port will not be accurate, and no routing information for this port can be exported.
WARNING: [Route 35-198] Port "x_int0_read_data[22]" does not have an associated HD.PARTPIN_LOCS, which will prevent the partial routing of the signal "x_int0_read_data[22]". Without this partial route, timing analysis to/from this port will not be accurate, and no routing information for this port can be exported.
WARNING: [Route 35-198] Port "x_int0_read_data[10]" does not have an associated HD.PARTPIN_LOCS, which will prevent the partial routing of the signal "x_int0_read_data[10]". Without this partial route, timing analysis to/from this port will not be accurate, and no routing information for this port can be exported.
WARNING: [Route 35-198] Port "x_int0_read_data[12]" does not have an associated HD.PARTPIN_LOCS, which will prevent the partial routing of the signal "x_int0_read_data[12]". Without this partial route, timing analysis to/from this port will not be accurate, and no routing information for this port can be exported.
WARNING: [Route 35-198] Port "x_int0_read_data[15]" does not have an associated HD.PARTPIN_LOCS, which will prevent the partial routing of the signal "x_int0_read_data[15]". Without this partial route, timing analysis to/from this port will not be accurate, and no routing information for this port can be exported.
WARNING: [Route 35-198] Port "x_int0_read_data[18]" does not have an associated HD.PARTPIN_LOCS, which will prevent the partial routing of the signal "x_int0_read_data[18]". Without this partial route, timing analysis to/from this port will not be accurate, and no routing information for this port can be exported.
WARNING: [Route 35-198] Port "x_int0_read_data[1]" does not have an associated HD.PARTPIN_LOCS, which will prevent the partial routing of the signal "x_int0_read_data[1]". Without this partial route, timing analysis to/from this port will not be accurate, and no routing information for this port can be exported.
WARNING: [Route 35-198] Port "x_int0_read_data[20]" does not have an associated HD.PARTPIN_LOCS, which will prevent the partial routing of the signal "x_int0_read_data[20]". Without this partial route, timing analysis to/from this port will not be accurate, and no routing information for this port can be exported.
WARNING: [Route 35-198] Port "x_int0_read_data[21]" does not have an associated HD.PARTPIN_LOCS, which will prevent the partial routing of the signal "x_int0_read_data[21]". Without this partial route, timing analysis to/from this port will not be accurate, and no routing information for this port can be exported.
WARNING: [Route 35-198] Port "x_int0_read_data[23]" does not have an associated HD.PARTPIN_LOCS, which will prevent the partial routing of the signal "x_int0_read_data[23]". Without this partial route, timing analysis to/from this port will not be accurate, and no routing information for this port can be exported.
WARNING: [Route 35-198] Port "x_int0_read_data[13]" does not have an associated HD.PARTPIN_LOCS, which will prevent the partial routing of the signal "x_int0_read_data[13]". Without this partial route, timing analysis to/from this port will not be accurate, and no routing information for this port can be exported.
WARNING: [Route 35-198] Port "x_int0_read_data[14]" does not have an associated HD.PARTPIN_LOCS, which will prevent the partial routing of the signal "x_int0_read_data[14]". Without this partial route, timing analysis to/from this port will not be accurate, and no routing information for this port can be exported.
WARNING: [Route 35-198] Port "x_int0_read_data[16]" does not have an associated HD.PARTPIN_LOCS, which will prevent the partial routing of the signal "x_int0_read_data[16]". Without this partial route, timing analysis to/from this port will not be accurate, and no routing information for this port can be exported.
WARNING: [Route 35-198] Port "x_int0_read_data[17]" does not have an associated HD.PARTPIN_LOCS, which will prevent the partial routing of the signal "x_int0_read_data[17]". Without this partial route, timing analysis to/from this port will not be accurate, and no routing information for this port can be exported.
WARNING: [Route 35-198] Port "x_int0_read_data[19]" does not have an associated HD.PARTPIN_LOCS, which will prevent the partial routing of the signal "x_int0_read_data[19]". Without this partial route, timing analysis to/from this port will not be accurate, and no routing information for this port can be exported.
WARNING: [Route 35-198] Port "x_int0_read_data[11]" does not have an associated HD.PARTPIN_LOCS, which will prevent the partial routing of the signal "x_int0_read_data[11]". Without this partial route, timing analysis to/from this port will not be accurate, and no routing information for this port can be exported.
INFO: [Common 17-14] Message 'Route 35-198' appears 100 times and further instances of the messages will be disabled. Use the Tcl command set_msg_config to change the current settings.
Phase 1 Build RT Design | Checksum: 883554c2

Time (s): cpu = 00:00:37 ; elapsed = 00:00:32 . Memory (MB): peak = 4099.102 ; gain = 0.000 ; free physical = 10554 ; free virtual = 40654
Post Restoration Checksum: NetGraph: 2cc09f27 NumContArr: 5b74b59b Constraints: 0 Timing: 0

Phase 2 Router Initialization

Phase 2.1 Create Timer
Phase 2.1 Create Timer | Checksum: 883554c2

Time (s): cpu = 00:00:37 ; elapsed = 00:00:32 . Memory (MB): peak = 4099.102 ; gain = 0.000 ; free physical = 10631 ; free virtual = 40730

Phase 2.2 Fix Topology Constraints
Phase 2.2 Fix Topology Constraints | Checksum: 883554c2

Time (s): cpu = 00:00:37 ; elapsed = 00:00:32 . Memory (MB): peak = 4099.102 ; gain = 0.000 ; free physical = 10630 ; free virtual = 40729

Phase 2.3 Pre Route Cleanup
Phase 2.3 Pre Route Cleanup | Checksum: 883554c2

Time (s): cpu = 00:00:37 ; elapsed = 00:00:32 . Memory (MB): peak = 4099.102 ; gain = 0.000 ; free physical = 10637 ; free virtual = 40736

Phase 2.4 Global Clock Net Routing
Phase 2.4 Global Clock Net Routing | Checksum: 883554c2

Time (s): cpu = 00:00:37 ; elapsed = 00:00:33 . Memory (MB): peak = 4099.102 ; gain = 0.000 ; free physical = 11451 ; free virtual = 41550

Phase 2.5 Update Timing
Phase 2.5 Update Timing | Checksum: bbdf45fd

Time (s): cpu = 00:00:40 ; elapsed = 00:00:33 . Memory (MB): peak = 4099.102 ; gain = 0.000 ; free physical = 12790 ; free virtual = 42891
INFO: [Route 35-416] Intermediate Timing Summary | WNS=3.253  | TNS=0.000  | WHS=0.018  | THS=0.000  |

Phase 2 Router Initialization | Checksum: 17e255a68

Time (s): cpu = 00:00:42 ; elapsed = 00:00:34 . Memory (MB): peak = 4099.102 ; gain = 0.000 ; free physical = 12782 ; free virtual = 42883

Router Utilization Summary
  Global Vertical Routing Utilization    = 0 %
  Global Horizontal Routing Utilization  = 0 %
  Routable Net Status*
  *Does not include unroutable nets such as driverless and loadless.
  Run report_route_status for detailed report.
  Number of Failed Nets               = 3662
    (Failed Nets is the sum of unrouted and partially routed nets)
  Number of Unrouted Nets             = 3408
  Number of Partially Routed Nets     = 254
  Number of Node Overlaps             = 0


Phase 3 Initial Routing
Phase 3 Initial Routing | Checksum: 2013ae225

Time (s): cpu = 00:00:46 ; elapsed = 00:00:36 . Memory (MB): peak = 4099.102 ; gain = 0.000 ; free physical = 12779 ; free virtual = 42882

Phase 4 Rip-up And Reroute

Phase 4.1 Global Iteration 0
 Number of Nodes with overlaps = 446
 Number of Nodes with overlaps = 30
 Number of Nodes with overlaps = 0
INFO: [Route 35-416] Intermediate Timing Summary | WNS=2.577  | TNS=0.000  | WHS=0.036  | THS=0.000  |

Phase 4.1 Global Iteration 0 | Checksum: 1d3162acb

Time (s): cpu = 00:00:56 ; elapsed = 00:00:39 . Memory (MB): peak = 4099.102 ; gain = 0.000 ; free physical = 13265 ; free virtual = 43370

Phase 4.2 Additional Iteration for Hold
Phase 4.2 Additional Iteration for Hold | Checksum: 1da12f50d

Time (s): cpu = 00:00:56 ; elapsed = 00:00:39 . Memory (MB): peak = 4099.102 ; gain = 0.000 ; free physical = 13263 ; free virtual = 43368
Phase 4 Rip-up And Reroute | Checksum: 1da12f50d

Time (s): cpu = 00:00:56 ; elapsed = 00:00:39 . Memory (MB): peak = 4099.102 ; gain = 0.000 ; free physical = 13262 ; free virtual = 43367

Phase 5 Delay and Skew Optimization

Phase 5.1 Delay CleanUp
Phase 5.1 Delay CleanUp | Checksum: 1da12f50d

Time (s): cpu = 00:00:56 ; elapsed = 00:00:39 . Memory (MB): peak = 4099.102 ; gain = 0.000 ; free physical = 13261 ; free virtual = 43366

Phase 5.2 Clock Skew Optimization
Phase 5.2 Clock Skew Optimization | Checksum: 1da12f50d

Time (s): cpu = 00:00:56 ; elapsed = 00:00:39 . Memory (MB): peak = 4099.102 ; gain = 0.000 ; free physical = 13261 ; free virtual = 43365
Phase 5 Delay and Skew Optimization | Checksum: 1da12f50d

Time (s): cpu = 00:00:56 ; elapsed = 00:00:39 . Memory (MB): peak = 4099.102 ; gain = 0.000 ; free physical = 13260 ; free virtual = 43365

Phase 6 Post Hold Fix

Phase 6.1 Hold Fix Iter

Phase 6.1.1 Update Timing
Phase 6.1.1 Update Timing | Checksum: 1c069602e

Time (s): cpu = 00:00:57 ; elapsed = 00:00:39 . Memory (MB): peak = 4099.102 ; gain = 0.000 ; free physical = 13261 ; free virtual = 43366
INFO: [Route 35-416] Intermediate Timing Summary | WNS=2.577  | TNS=0.000  | WHS=0.036  | THS=0.000  |

Phase 6.1 Hold Fix Iter | Checksum: 1c069602e

Time (s): cpu = 00:00:57 ; elapsed = 00:00:39 . Memory (MB): peak = 4099.102 ; gain = 0.000 ; free physical = 13258 ; free virtual = 43363
Phase 6 Post Hold Fix | Checksum: 1c069602e

Time (s): cpu = 00:00:57 ; elapsed = 00:00:39 . Memory (MB): peak = 4099.102 ; gain = 0.000 ; free physical = 13257 ; free virtual = 43362

Phase 7 Route finalize

Router Utilization Summary
  Global Vertical Routing Utilization    = 0.672108 %
  Global Horizontal Routing Utilization  = 0.664073 %
  Routable Net Status*
  *Does not include unroutable nets such as driverless and loadless.
  Run report_route_status for detailed report.
  Number of Failed Nets               = 0
    (Failed Nets is the sum of unrouted and partially routed nets)
  Number of Unrouted Nets             = 0
  Number of Partially Routed Nets     = 0
  Number of Node Overlaps             = 0

Phase 7 Route finalize | Checksum: 142c09249

Time (s): cpu = 00:00:58 ; elapsed = 00:00:40 . Memory (MB): peak = 4099.102 ; gain = 0.000 ; free physical = 13255 ; free virtual = 43360

Phase 8 Verifying routed nets

 Verification completed successfully
Phase 8 Verifying routed nets | Checksum: 142c09249

Time (s): cpu = 00:00:58 ; elapsed = 00:00:40 . Memory (MB): peak = 4099.102 ; gain = 0.000 ; free physical = 13253 ; free virtual = 43358

Phase 9 Depositing Routes
Phase 9 Depositing Routes | Checksum: 142c09249

Time (s): cpu = 00:00:58 ; elapsed = 00:00:40 . Memory (MB): peak = 4099.102 ; gain = 0.000 ; free physical = 13258 ; free virtual = 43363

Phase 10 Post Router Timing
INFO: [Route 35-57] Estimated Timing Summary | WNS=2.577  | TNS=0.000  | WHS=0.036  | THS=0.000  |

INFO: [Route 35-327] The final timing numbers are based on the router estimated timing analysis. For a complete and accurate timing signoff, please run report_timing_summary.
Phase 10 Post Router Timing | Checksum: 142c09249

Time (s): cpu = 00:00:58 ; elapsed = 00:00:40 . Memory (MB): peak = 4099.102 ; gain = 0.000 ; free physical = 13262 ; free virtual = 43367
INFO: [Route 35-16] Router Completed Successfully

Time (s): cpu = 00:00:58 ; elapsed = 00:00:40 . Memory (MB): peak = 4099.102 ; gain = 0.000 ; free physical = 13311 ; free virtual = 43416

Routing Is Done.
INFO: [Common 17-83] Releasing license: Implementation
71 Infos, 101 Warnings, 0 Critical Warnings and 0 Errors encountered.
route_design completed successfully
route_design: Time (s): cpu = 00:01:04 ; elapsed = 00:00:51 . Memory (MB): peak = 4099.102 ; gain = 0.000 ; free physical = 13312 ; free virtual = 43417
Netlist sorting complete. Time (s): cpu = 00:00:00 ; elapsed = 00:00:00 . Memory (MB): peak = 4099.102 ; gain = 0.000 ; free physical = 13313 ; free virtual = 43418
INFO: [Timing 38-480] Writing timing data to binary archive.
Writing placer database...
Writing XDEF routing.
Writing XDEF routing logical nets.
Writing XDEF routing special nets.
Write XDEF Complete: Time (s): cpu = 00:00:01 ; elapsed = 00:00:00.51 . Memory (MB): peak = 4099.102 ; gain = 0.000 ; free physical = 13296 ; free virtual = 43411
INFO: [Common 17-1381] The checkpoint '/tmp/tmp.Cfo9utaEOT/out/FutilBuild.runs/impl_1/main_routed.dcp' has been generated.
INFO: [runtcl-4] Executing : report_drc -file main_drc_routed.rpt -pb main_drc_routed.pb -rpx main_drc_routed.rpx
Command: report_drc -file main_drc_routed.rpt -pb main_drc_routed.pb -rpx main_drc_routed.rpx
INFO: [IP_Flow 19-1839] IP Catalog is up to date.
INFO: [DRC 23-27] Running DRC with 8 threads
INFO: [Coretcl 2-168] The results of DRC are in file /tmp/tmp.Cfo9utaEOT/out/FutilBuild.runs/impl_1/main_drc_routed.rpt.
report_drc completed successfully
report_drc: Time (s): cpu = 00:00:08 ; elapsed = 00:00:12 . Memory (MB): peak = 4152.035 ; gain = 52.934 ; free physical = 16126 ; free virtual = 46247
INFO: [runtcl-4] Executing : report_methodology -file main_methodology_drc_routed.rpt -pb main_methodology_drc_routed.pb -rpx main_methodology_drc_routed.rpx
Command: report_methodology -file main_methodology_drc_routed.rpt -pb main_methodology_drc_routed.pb -rpx main_methodology_drc_routed.rpx
INFO: [Timing 38-35] Done setting XDC timing constraints.
WARNING: [Timing 38-242] The property HD.CLK_SRC of clock port "clk" is not set. In out-of-context mode, this prevents timing estimation for clock delay/skew
Resolution: Set the HD.CLK_SRC property of the out-of-context port to the location of the clock buffer instance in the top-level design
INFO: [DRC 23-133] Running Methodology with 8 threads
INFO: [Coretcl 2-1520] The results of Report Methodology are in file /tmp/tmp.Cfo9utaEOT/out/FutilBuild.runs/impl_1/main_methodology_drc_routed.rpt.
report_methodology completed successfully
report_methodology: Time (s): cpu = 00:00:10 ; elapsed = 00:00:11 . Memory (MB): peak = 4152.035 ; gain = 0.000 ; free physical = 18607 ; free virtual = 48753
INFO: [runtcl-4] Executing : report_power -file main_power_routed.rpt -pb main_power_summary_routed.pb -rpx main_power_routed.rpx
Command: report_power -file main_power_routed.rpt -pb main_power_summary_routed.pb -rpx main_power_routed.rpx
INFO: [Timing 38-35] Done setting XDC timing constraints.
Running Vector-less Activity Propagation...

Finished Running Vector-less Activity Propagation
83 Infos, 102 Warnings, 0 Critical Warnings and 0 Errors encountered.
report_power completed successfully
INFO: [runtcl-4] Executing : report_route_status -file main_route_status.rpt -pb main_route_status.pb
INFO: [runtcl-4] Executing : report_timing_summary -max_paths 10 -file main_timing_summary_routed.rpt -pb main_timing_summary_routed.pb -rpx main_timing_summary_routed.rpx -warn_on_violation 
INFO: [Timing 38-91] UpdateTimingParams: Speed grade: -1, Temperature grade: E, Delay Type: min_max.
INFO: [Timing 38-191] Multithreading enabled for timing update using a maximum of 8 CPUs
INFO: [runtcl-4] Executing : report_incremental_reuse -file main_incremental_reuse_routed.rpt
INFO: [Vivado_Tcl 4-1062] Incremental flow is disabled. No incremental reuse Info to report.
INFO: [runtcl-4] Executing : report_clock_utilization -file main_clock_utilization_routed.rpt
INFO: [runtcl-4] Executing : report_bus_skew -warn_on_violation -file main_bus_skew_routed.rpt -pb main_bus_skew_routed.pb -rpx main_bus_skew_routed.rpx
INFO: [Timing 38-91] UpdateTimingParams: Speed grade: -1, Temperature grade: E, Delay Type: min_max.
INFO: [Timing 38-191] Multithreading enabled for timing update using a maximum of 8 CPUs
INFO: [Common 17-206] Exiting Vivado at Tue Nov 17 15:00:45 2020...
