Copyright 1986-2019 Xilinx, Inc. All Rights Reserved.
-----------------------------------------------------------------------------------------------
| Tool Version : Vivado v.2019.1 (lin64) Build 2552052 Fri May 24 14:47:09 MDT 2019
| Date         : Fri Aug  7 17:38:28 2020
| Host         : gorgonzola.cs.cornell.edu running 64-bit CentOS Linux release 7.6.1810 (Core)
| Command      : report_control_sets -verbose -file main_control_sets_placed.rpt
| Design       : main
| Device       : xc7z020
-----------------------------------------------------------------------------------------------

Control Set Information

Table of Contents
-----------------
1. Summary
2. Histogram
3. Flip-Flop Distribution
4. Detailed Control Set Information

1. Summary
----------

+----------------------------------------------------------+-------+
|                          Status                          | Count |
+----------------------------------------------------------+-------+
| Total control sets                                       |    29 |
|    Minimum number of control sets                        |    29 |
|    Addition due to synthesis replication                 |     0 |
|    Addition due to physical synthesis replication        |     0 |
| Unused register locations in slices containing registers |    52 |
+----------------------------------------------------------+-------+
* Control sets can be merged at opt_design using control_set_merge or merge_equivalent_drivers
** Run report_qor_suggestions for automated merging and remapping suggestions


2. Histogram
------------

+--------------------+-------+
|       Fanout       | Count |
+--------------------+-------+
| Total control sets |    29 |
| >= 0 to < 4        |     2 |
| >= 4 to < 6        |     8 |
| >= 6 to < 8        |     0 |
| >= 8 to < 10       |     0 |
| >= 10 to < 12      |     0 |
| >= 12 to < 14      |     0 |
| >= 14 to < 16      |     0 |
| >= 16              |    19 |
+--------------------+-------+
* Control sets can be remapped at either synth_design or opt_design


3. Flip-Flop Distribution
-------------------------

+--------------+-----------------------+------------------------+-----------------+--------------+
| Clock Enable | Synchronous Set/Reset | Asynchronous Set/Reset | Total Registers | Total Slices |
+--------------+-----------------------+------------------------+-----------------+--------------+
| No           | No                    | No                     |              54 |           38 |
| No           | No                    | Yes                    |               0 |            0 |
| No           | Yes                   | No                     |               0 |            0 |
| Yes          | No                    | No                     |             397 |          144 |
| Yes          | No                    | Yes                    |               0 |            0 |
| Yes          | Yes                   | No                     |             209 |           63 |
+--------------+-----------------------+------------------------+-----------------+--------------+


4. Detailed Control Set Information
-----------------------------------

+--------------+------------------------+--------------------------+------------------+----------------+
| Clock Signal |      Enable Signal     |     Set/Reset Signal     | Slice Load Count | Bel Load Count |
+--------------+------------------------+--------------------------+------------------+----------------+
|  clk         | fsm12/i2_write_en      |                          |                1 |              1 |
|  clk         | fsm12/i2_write_en      | fsm12/out_reg[1]_2       |                1 |              3 |
|  clk         | cond_computed3/E[0]    |                          |                1 |              4 |
|  clk         | fsm12/i0_write_en      | fsm12/done_reg           |                1 |              4 |
|  clk         | fsm11/E[0]             |                          |                1 |              4 |
|  clk         | fsm12/E[0]             |                          |                1 |              4 |
|  clk         | fsm2/k1_write_en       | fsm2/done_reg            |                1 |              4 |
|  clk         | fsm7/j0_write_en       | fsm7/out_reg[1]_0        |                1 |              4 |
|  clk         | fsm0/k0_write_en       | fsm0/done_reg            |                1 |              4 |
|  clk         | fsm4/k2_write_en       | fsm4/done_reg            |                1 |              4 |
|  clk         | fsm1/fsm1_write_en     | fsm1/out[31]_i_1__10_n_0 |               10 |             30 |
|  clk         | fsm8/fsm3_write_en     | fsm3/out[31]_i_1_n_0     |               12 |             30 |
|  clk         | fsm5/fsm5_write_en     | fsm5/out[31]_i_1_n_0     |                9 |             30 |
|  clk         | fsm5/fsm4_write_en     | fsm4/out[31]_i_1__11_n_0 |                9 |             32 |
|  clk         | fsm1/fsm0_write_en     | fsm0/out[31]_i_1__13_n_0 |                8 |             32 |
|  clk         | fsm0/BRead00_write_en  |                          |               19 |             32 |
|  clk         | fsm4/ERead00_write_en  |                          |               15 |             32 |
|  clk         | fsm4/FRead00_write_en  |                          |               17 |             32 |
|  clk         | fsm0/v0_write_en       |                          |                6 |             32 |
|  clk         | fsm4/out_reg[1]_3      |                          |               10 |             32 |
|  clk         | fsm2/v1_write_en       |                          |                8 |             32 |
|  clk         | fsm2/out_reg[3]_0      |                          |               11 |             32 |
|  clk         | fsm2/DRead00_write_en  |                          |               13 |             32 |
|  clk         | fsm2/CRead00_write_en  |                          |               14 |             32 |
|  clk         | fsm4/v2_write_en       |                          |                7 |             32 |
|  clk         | fsm0/ARead00_write_en  |                          |               13 |             32 |
|  clk         | fsm0/EWrite10_write_en |                          |                7 |             32 |
|  clk         | fsm3/fsm2_write_en     | fsm2/out[31]_i_1__12_n_0 |                9 |             32 |
|  clk         |                        |                          |               38 |             54 |
+--------------+------------------------+--------------------------+------------------+----------------+


