
*** Running vivado
    with args -log main.vds -m64 -product Vivado -mode batch -messageDb vivado.pb -notrace -source main.tcl


****** Vivado v2019.1 (64-bit)
  **** SW Build 2552052 on Fri May 24 14:47:09 MDT 2019
  **** IP Build 2548770 on Fri May 24 18:01:18 MDT 2019
    ** Copyright 1986-2019 Xilinx, Inc. All Rights Reserved.

source main.tcl -notrace
Command: synth_design -top main -part xczu3eg-sbva484-1-e -mode out_of_context -flatten_hierarchy rebuilt
Starting synth_design
Attempting to get a license for feature 'Synthesis' and/or device 'xczu3eg'
INFO: [Common 17-349] Got license for feature 'Synthesis' and/or device 'xczu3eg'
INFO: [Device 21-403] Loading part xczu3eg-sbva484-1-e
INFO: Launching helper process for spawning children vivado processes
INFO: Helper process launched with PID 30214 
---------------------------------------------------------------------------------
Starting RTL Elaboration : Time (s): cpu = 00:00:03 ; elapsed = 00:00:06 . Memory (MB): peak = 2333.508 ; gain = 0.000 ; free physical = 10777 ; free virtual = 46370
---------------------------------------------------------------------------------
INFO: [Synth 8-6157] synthesizing module 'main' [/tmp/tmp.s2fDs02xFx/linear-algebra-3mm.sv:72]
INFO: [Synth 8-6157] synthesizing module 'std_reg' [/tmp/tmp.s2fDs02xFx/linear-algebra-3mm.sv:55]
	Parameter width bound to: 32 - type: integer 
INFO: [Synth 8-6155] done synthesizing module 'std_reg' (1#1) [/tmp/tmp.s2fDs02xFx/linear-algebra-3mm.sv:55]
INFO: [Synth 8-6157] synthesizing module 'std_add' [/tmp/tmp.s2fDs02xFx/linear-algebra-3mm.sv:1]
	Parameter width bound to: 32 - type: integer 
INFO: [Synth 8-6155] done synthesizing module 'std_add' (2#1) [/tmp/tmp.s2fDs02xFx/linear-algebra-3mm.sv:1]
INFO: [Synth 8-6157] synthesizing module 'std_add__parameterized0' [/tmp/tmp.s2fDs02xFx/linear-algebra-3mm.sv:1]
	Parameter width bound to: 4 - type: integer 
INFO: [Synth 8-6155] done synthesizing module 'std_add__parameterized0' (2#1) [/tmp/tmp.s2fDs02xFx/linear-algebra-3mm.sv:1]
INFO: [Synth 8-6157] synthesizing module 'std_const' [/tmp/tmp.s2fDs02xFx/linear-algebra-3mm.sv:8]
	Parameter width bound to: 4 - type: integer 
	Parameter value bound to: 0 - type: integer 
INFO: [Synth 8-6155] done synthesizing module 'std_const' (3#1) [/tmp/tmp.s2fDs02xFx/linear-algebra-3mm.sv:8]
INFO: [Synth 8-6157] synthesizing module 'std_const__parameterized0' [/tmp/tmp.s2fDs02xFx/linear-algebra-3mm.sv:8]
	Parameter width bound to: 4 - type: integer 
	Parameter value bound to: 7 - type: integer 
INFO: [Synth 8-6155] done synthesizing module 'std_const__parameterized0' (3#1) [/tmp/tmp.s2fDs02xFx/linear-algebra-3mm.sv:8]
INFO: [Synth 8-6157] synthesizing module 'std_const__parameterized1' [/tmp/tmp.s2fDs02xFx/linear-algebra-3mm.sv:8]
	Parameter width bound to: 32 - type: integer 
	Parameter value bound to: 0 - type: integer 
INFO: [Synth 8-6155] done synthesizing module 'std_const__parameterized1' (3#1) [/tmp/tmp.s2fDs02xFx/linear-algebra-3mm.sv:8]
INFO: [Synth 8-6157] synthesizing module 'std_const__parameterized2' [/tmp/tmp.s2fDs02xFx/linear-algebra-3mm.sv:8]
	Parameter width bound to: 4 - type: integer 
	Parameter value bound to: 1 - type: integer 
INFO: [Synth 8-6155] done synthesizing module 'std_const__parameterized2' (3#1) [/tmp/tmp.s2fDs02xFx/linear-algebra-3mm.sv:8]
INFO: [Synth 8-6157] synthesizing module 'std_reg__parameterized0' [/tmp/tmp.s2fDs02xFx/linear-algebra-3mm.sv:55]
	Parameter width bound to: 4 - type: integer 
INFO: [Synth 8-6155] done synthesizing module 'std_reg__parameterized0' (3#1) [/tmp/tmp.s2fDs02xFx/linear-algebra-3mm.sv:55]
INFO: [Synth 8-6157] synthesizing module 'std_le' [/tmp/tmp.s2fDs02xFx/linear-algebra-3mm.sv:14]
	Parameter width bound to: 4 - type: integer 
INFO: [Synth 8-6155] done synthesizing module 'std_le' (4#1) [/tmp/tmp.s2fDs02xFx/linear-algebra-3mm.sv:14]
INFO: [Synth 8-6157] synthesizing module 'std_mult_pipe' [/tmp/tmp.s2fDs02xFx/linear-algebra-3mm.sv:21]
	Parameter width bound to: 32 - type: integer 
INFO: [Synth 8-6155] done synthesizing module 'std_mult_pipe' (5#1) [/tmp/tmp.s2fDs02xFx/linear-algebra-3mm.sv:21]
INFO: [Synth 8-6157] synthesizing module 'std_reg__parameterized1' [/tmp/tmp.s2fDs02xFx/linear-algebra-3mm.sv:55]
	Parameter width bound to: 1 - type: integer 
INFO: [Synth 8-6155] done synthesizing module 'std_reg__parameterized1' (5#1) [/tmp/tmp.s2fDs02xFx/linear-algebra-3mm.sv:55]
WARNING: [Synth 8-3848] Net A_int0_0_write_data in module/entity main does not have driver. [/tmp/tmp.s2fDs02xFx/linear-algebra-3mm.sv:78]
WARNING: [Synth 8-3848] Net A_int0_0_write_en in module/entity main does not have driver. [/tmp/tmp.s2fDs02xFx/linear-algebra-3mm.sv:79]
WARNING: [Synth 8-3848] Net B_int0_0_write_data in module/entity main does not have driver. [/tmp/tmp.s2fDs02xFx/linear-algebra-3mm.sv:85]
WARNING: [Synth 8-3848] Net B_int0_0_write_en in module/entity main does not have driver. [/tmp/tmp.s2fDs02xFx/linear-algebra-3mm.sv:86]
WARNING: [Synth 8-3848] Net C_int0_0_write_data in module/entity main does not have driver. [/tmp/tmp.s2fDs02xFx/linear-algebra-3mm.sv:92]
WARNING: [Synth 8-3848] Net C_int0_0_write_en in module/entity main does not have driver. [/tmp/tmp.s2fDs02xFx/linear-algebra-3mm.sv:93]
WARNING: [Synth 8-3848] Net D_int0_0_write_data in module/entity main does not have driver. [/tmp/tmp.s2fDs02xFx/linear-algebra-3mm.sv:99]
WARNING: [Synth 8-3848] Net D_int0_0_write_en in module/entity main does not have driver. [/tmp/tmp.s2fDs02xFx/linear-algebra-3mm.sv:100]
INFO: [Synth 8-6155] done synthesizing module 'main' (6#1) [/tmp/tmp.s2fDs02xFx/linear-algebra-3mm.sv:72]
WARNING: [Synth 8-3331] design main has unconnected port A_int0_0_write_data[31]
WARNING: [Synth 8-3331] design main has unconnected port A_int0_0_write_data[30]
WARNING: [Synth 8-3331] design main has unconnected port A_int0_0_write_data[29]
WARNING: [Synth 8-3331] design main has unconnected port A_int0_0_write_data[28]
WARNING: [Synth 8-3331] design main has unconnected port A_int0_0_write_data[27]
WARNING: [Synth 8-3331] design main has unconnected port A_int0_0_write_data[26]
WARNING: [Synth 8-3331] design main has unconnected port A_int0_0_write_data[25]
WARNING: [Synth 8-3331] design main has unconnected port A_int0_0_write_data[24]
WARNING: [Synth 8-3331] design main has unconnected port A_int0_0_write_data[23]
WARNING: [Synth 8-3331] design main has unconnected port A_int0_0_write_data[22]
WARNING: [Synth 8-3331] design main has unconnected port A_int0_0_write_data[21]
WARNING: [Synth 8-3331] design main has unconnected port A_int0_0_write_data[20]
WARNING: [Synth 8-3331] design main has unconnected port A_int0_0_write_data[19]
WARNING: [Synth 8-3331] design main has unconnected port A_int0_0_write_data[18]
WARNING: [Synth 8-3331] design main has unconnected port A_int0_0_write_data[17]
WARNING: [Synth 8-3331] design main has unconnected port A_int0_0_write_data[16]
WARNING: [Synth 8-3331] design main has unconnected port A_int0_0_write_data[15]
WARNING: [Synth 8-3331] design main has unconnected port A_int0_0_write_data[14]
WARNING: [Synth 8-3331] design main has unconnected port A_int0_0_write_data[13]
WARNING: [Synth 8-3331] design main has unconnected port A_int0_0_write_data[12]
WARNING: [Synth 8-3331] design main has unconnected port A_int0_0_write_data[11]
WARNING: [Synth 8-3331] design main has unconnected port A_int0_0_write_data[10]
WARNING: [Synth 8-3331] design main has unconnected port A_int0_0_write_data[9]
WARNING: [Synth 8-3331] design main has unconnected port A_int0_0_write_data[8]
WARNING: [Synth 8-3331] design main has unconnected port A_int0_0_write_data[7]
WARNING: [Synth 8-3331] design main has unconnected port A_int0_0_write_data[6]
WARNING: [Synth 8-3331] design main has unconnected port A_int0_0_write_data[5]
WARNING: [Synth 8-3331] design main has unconnected port A_int0_0_write_data[4]
WARNING: [Synth 8-3331] design main has unconnected port A_int0_0_write_data[3]
WARNING: [Synth 8-3331] design main has unconnected port A_int0_0_write_data[2]
WARNING: [Synth 8-3331] design main has unconnected port A_int0_0_write_data[1]
WARNING: [Synth 8-3331] design main has unconnected port A_int0_0_write_data[0]
WARNING: [Synth 8-3331] design main has unconnected port A_int0_0_write_en
WARNING: [Synth 8-3331] design main has unconnected port B_int0_0_write_data[31]
WARNING: [Synth 8-3331] design main has unconnected port B_int0_0_write_data[30]
WARNING: [Synth 8-3331] design main has unconnected port B_int0_0_write_data[29]
WARNING: [Synth 8-3331] design main has unconnected port B_int0_0_write_data[28]
WARNING: [Synth 8-3331] design main has unconnected port B_int0_0_write_data[27]
WARNING: [Synth 8-3331] design main has unconnected port B_int0_0_write_data[26]
WARNING: [Synth 8-3331] design main has unconnected port B_int0_0_write_data[25]
WARNING: [Synth 8-3331] design main has unconnected port B_int0_0_write_data[24]
WARNING: [Synth 8-3331] design main has unconnected port B_int0_0_write_data[23]
WARNING: [Synth 8-3331] design main has unconnected port B_int0_0_write_data[22]
WARNING: [Synth 8-3331] design main has unconnected port B_int0_0_write_data[21]
WARNING: [Synth 8-3331] design main has unconnected port B_int0_0_write_data[20]
WARNING: [Synth 8-3331] design main has unconnected port B_int0_0_write_data[19]
WARNING: [Synth 8-3331] design main has unconnected port B_int0_0_write_data[18]
WARNING: [Synth 8-3331] design main has unconnected port B_int0_0_write_data[17]
WARNING: [Synth 8-3331] design main has unconnected port B_int0_0_write_data[16]
WARNING: [Synth 8-3331] design main has unconnected port B_int0_0_write_data[15]
WARNING: [Synth 8-3331] design main has unconnected port B_int0_0_write_data[14]
WARNING: [Synth 8-3331] design main has unconnected port B_int0_0_write_data[13]
WARNING: [Synth 8-3331] design main has unconnected port B_int0_0_write_data[12]
WARNING: [Synth 8-3331] design main has unconnected port B_int0_0_write_data[11]
WARNING: [Synth 8-3331] design main has unconnected port B_int0_0_write_data[10]
WARNING: [Synth 8-3331] design main has unconnected port B_int0_0_write_data[9]
WARNING: [Synth 8-3331] design main has unconnected port B_int0_0_write_data[8]
WARNING: [Synth 8-3331] design main has unconnected port B_int0_0_write_data[7]
WARNING: [Synth 8-3331] design main has unconnected port B_int0_0_write_data[6]
WARNING: [Synth 8-3331] design main has unconnected port B_int0_0_write_data[5]
WARNING: [Synth 8-3331] design main has unconnected port B_int0_0_write_data[4]
WARNING: [Synth 8-3331] design main has unconnected port B_int0_0_write_data[3]
WARNING: [Synth 8-3331] design main has unconnected port B_int0_0_write_data[2]
WARNING: [Synth 8-3331] design main has unconnected port B_int0_0_write_data[1]
WARNING: [Synth 8-3331] design main has unconnected port B_int0_0_write_data[0]
WARNING: [Synth 8-3331] design main has unconnected port B_int0_0_write_en
WARNING: [Synth 8-3331] design main has unconnected port C_int0_0_write_data[31]
WARNING: [Synth 8-3331] design main has unconnected port C_int0_0_write_data[30]
WARNING: [Synth 8-3331] design main has unconnected port C_int0_0_write_data[29]
WARNING: [Synth 8-3331] design main has unconnected port C_int0_0_write_data[28]
WARNING: [Synth 8-3331] design main has unconnected port C_int0_0_write_data[27]
WARNING: [Synth 8-3331] design main has unconnected port C_int0_0_write_data[26]
WARNING: [Synth 8-3331] design main has unconnected port C_int0_0_write_data[25]
WARNING: [Synth 8-3331] design main has unconnected port C_int0_0_write_data[24]
WARNING: [Synth 8-3331] design main has unconnected port C_int0_0_write_data[23]
WARNING: [Synth 8-3331] design main has unconnected port C_int0_0_write_data[22]
WARNING: [Synth 8-3331] design main has unconnected port C_int0_0_write_data[21]
WARNING: [Synth 8-3331] design main has unconnected port C_int0_0_write_data[20]
WARNING: [Synth 8-3331] design main has unconnected port C_int0_0_write_data[19]
WARNING: [Synth 8-3331] design main has unconnected port C_int0_0_write_data[18]
WARNING: [Synth 8-3331] design main has unconnected port C_int0_0_write_data[17]
WARNING: [Synth 8-3331] design main has unconnected port C_int0_0_write_data[16]
WARNING: [Synth 8-3331] design main has unconnected port C_int0_0_write_data[15]
WARNING: [Synth 8-3331] design main has unconnected port C_int0_0_write_data[14]
WARNING: [Synth 8-3331] design main has unconnected port C_int0_0_write_data[13]
WARNING: [Synth 8-3331] design main has unconnected port C_int0_0_write_data[12]
WARNING: [Synth 8-3331] design main has unconnected port C_int0_0_write_data[11]
WARNING: [Synth 8-3331] design main has unconnected port C_int0_0_write_data[10]
WARNING: [Synth 8-3331] design main has unconnected port C_int0_0_write_data[9]
WARNING: [Synth 8-3331] design main has unconnected port C_int0_0_write_data[8]
WARNING: [Synth 8-3331] design main has unconnected port C_int0_0_write_data[7]
WARNING: [Synth 8-3331] design main has unconnected port C_int0_0_write_data[6]
WARNING: [Synth 8-3331] design main has unconnected port C_int0_0_write_data[5]
WARNING: [Synth 8-3331] design main has unconnected port C_int0_0_write_data[4]
WARNING: [Synth 8-3331] design main has unconnected port C_int0_0_write_data[3]
WARNING: [Synth 8-3331] design main has unconnected port C_int0_0_write_data[2]
WARNING: [Synth 8-3331] design main has unconnected port C_int0_0_write_data[1]
WARNING: [Synth 8-3331] design main has unconnected port C_int0_0_write_data[0]
WARNING: [Synth 8-3331] design main has unconnected port C_int0_0_write_en
WARNING: [Synth 8-3331] design main has unconnected port D_int0_0_write_data[31]
INFO: [Common 17-14] Message 'Synth 8-3331' appears 100 times and further instances of the messages will be disabled. Use the Tcl command set_msg_config to change the current settings.
---------------------------------------------------------------------------------
Finished RTL Elaboration : Time (s): cpu = 00:00:05 ; elapsed = 00:00:09 . Memory (MB): peak = 2333.508 ; gain = 0.000 ; free physical = 10505 ; free virtual = 46098
---------------------------------------------------------------------------------

Report Check Netlist: 
+------+------------------+-------+---------+-------+------------------+
|      |Item              |Errors |Warnings |Status |Description       |
+------+------------------+-------+---------+-------+------------------+
|1     |multi_driven_nets |      0|        0|Passed |Multi driven nets |
+------+------------------+-------+---------+-------+------------------+
---------------------------------------------------------------------------------
Start Handling Custom Attributes
---------------------------------------------------------------------------------
---------------------------------------------------------------------------------
Finished Handling Custom Attributes : Time (s): cpu = 00:00:05 ; elapsed = 00:00:10 . Memory (MB): peak = 2333.508 ; gain = 0.000 ; free physical = 10508 ; free virtual = 46102
---------------------------------------------------------------------------------
---------------------------------------------------------------------------------
Finished RTL Optimization Phase 1 : Time (s): cpu = 00:00:05 ; elapsed = 00:00:10 . Memory (MB): peak = 2333.508 ; gain = 0.000 ; free physical = 10508 ; free virtual = 46102
---------------------------------------------------------------------------------
INFO: [Project 1-570] Preparing netlist for logic optimization

Processing XDC Constraints
Initializing timing engine
Parsing XDC File [/tmp/tmp.s2fDs02xFx/device.xdc]
create_clock: Time (s): cpu = 00:00:05 ; elapsed = 00:00:05 . Memory (MB): peak = 2490.348 ; gain = 0.000 ; free physical = 10206 ; free virtual = 45802
Finished Parsing XDC File [/tmp/tmp.s2fDs02xFx/device.xdc]
Completed Processing XDC Constraints

Netlist sorting complete. Time (s): cpu = 00:00:00 ; elapsed = 00:00:00 . Memory (MB): peak = 2490.348 ; gain = 0.000 ; free physical = 10206 ; free virtual = 45803
INFO: [Project 1-111] Unisim Transformation Summary:
No Unisim elements were transformed.

Constraint Validation Runtime : Time (s): cpu = 00:00:00.12 ; elapsed = 00:00:00.08 . Memory (MB): peak = 2493.316 ; gain = 2.969 ; free physical = 10204 ; free virtual = 45800
---------------------------------------------------------------------------------
Finished Constraint Validation : Time (s): cpu = 00:00:17 ; elapsed = 00:00:32 . Memory (MB): peak = 2493.316 ; gain = 159.809 ; free physical = 10599 ; free virtual = 46195
---------------------------------------------------------------------------------
---------------------------------------------------------------------------------
Start Loading Part and Timing Information
---------------------------------------------------------------------------------
Loading part: xczu3eg-sbva484-1-e
INFO: [Synth 8-6742] Reading net delay rules and data
---------------------------------------------------------------------------------
Finished Loading Part and Timing Information : Time (s): cpu = 00:00:17 ; elapsed = 00:00:32 . Memory (MB): peak = 2493.316 ; gain = 159.809 ; free physical = 10605 ; free virtual = 46202
---------------------------------------------------------------------------------
---------------------------------------------------------------------------------
Start Applying 'set_property' XDC Constraints
---------------------------------------------------------------------------------
---------------------------------------------------------------------------------
Finished applying 'set_property' XDC Constraints : Time (s): cpu = 00:00:17 ; elapsed = 00:00:32 . Memory (MB): peak = 2493.316 ; gain = 159.809 ; free physical = 10603 ; free virtual = 46201
---------------------------------------------------------------------------------
---------------------------------------------------------------------------------
Finished RTL Optimization Phase 2 : Time (s): cpu = 00:00:18 ; elapsed = 00:00:33 . Memory (MB): peak = 2493.316 ; gain = 159.809 ; free physical = 10547 ; free virtual = 46148
---------------------------------------------------------------------------------

Report RTL Partitions: 
+-+--------------+------------+----------+
| |RTL Partition |Replication |Instances |
+-+--------------+------------+----------+
+-+--------------+------------+----------+
---------------------------------------------------------------------------------
Start RTL Component Statistics 
---------------------------------------------------------------------------------
Detailed RTL Component Info : 
+---Adders : 
	   2 Input     32 Bit       Adders := 1     
	   2 Input      4 Bit       Adders := 1     
+---Registers : 
	               32 Bit    Registers := 34    
	                4 Bit    Registers := 9     
	                1 Bit    Registers := 112   
+---Multipliers : 
	                32x32  Multipliers := 3     
+---Muxes : 
	   2 Input     32 Bit        Muxes := 36    
	   2 Input      4 Bit        Muxes := 45    
	  10 Input      4 Bit        Muxes := 2     
	   7 Input      3 Bit        Muxes := 1     
	   6 Input      3 Bit        Muxes := 1     
	   5 Input      3 Bit        Muxes := 3     
	   2 Input      3 Bit        Muxes := 4     
	   4 Input      3 Bit        Muxes := 2     
	   2 Input      2 Bit        Muxes := 6     
	   2 Input      1 Bit        Muxes := 72    
	   7 Input      1 Bit        Muxes := 1     
	   5 Input      1 Bit        Muxes := 1     
	   3 Input      1 Bit        Muxes := 3     
	   4 Input      1 Bit        Muxes := 3     
---------------------------------------------------------------------------------
Finished RTL Component Statistics 
---------------------------------------------------------------------------------
---------------------------------------------------------------------------------
Start RTL Hierarchical Component Statistics 
---------------------------------------------------------------------------------
Hierarchical RTL Component report 
Module main 
Detailed RTL Component Info : 
+---Muxes : 
	   2 Input     32 Bit        Muxes := 30    
	   2 Input      4 Bit        Muxes := 45    
	  10 Input      4 Bit        Muxes := 2     
	   7 Input      3 Bit        Muxes := 1     
	   6 Input      3 Bit        Muxes := 1     
	   5 Input      3 Bit        Muxes := 3     
	   2 Input      3 Bit        Muxes := 4     
	   4 Input      3 Bit        Muxes := 2     
	   2 Input      2 Bit        Muxes := 6     
	   2 Input      1 Bit        Muxes := 72    
	   7 Input      1 Bit        Muxes := 1     
	   5 Input      1 Bit        Muxes := 1     
	   3 Input      1 Bit        Muxes := 3     
	   4 Input      1 Bit        Muxes := 3     
Module std_reg 
Detailed RTL Component Info : 
+---Registers : 
	               32 Bit    Registers := 1     
	                1 Bit    Registers := 1     
Module std_add 
Detailed RTL Component Info : 
+---Adders : 
	   2 Input     32 Bit       Adders := 1     
Module std_add__parameterized0 
Detailed RTL Component Info : 
+---Adders : 
	   2 Input      4 Bit       Adders := 1     
Module std_reg__parameterized0 
Detailed RTL Component Info : 
+---Registers : 
	                4 Bit    Registers := 1     
	                1 Bit    Registers := 1     
Module std_mult_pipe 
Detailed RTL Component Info : 
+---Registers : 
	               32 Bit    Registers := 4     
	                1 Bit    Registers := 3     
+---Multipliers : 
	                32x32  Multipliers := 1     
+---Muxes : 
	   2 Input     32 Bit        Muxes := 2     
Module std_reg__parameterized1 
Detailed RTL Component Info : 
+---Registers : 
	                1 Bit    Registers := 2     
---------------------------------------------------------------------------------
Finished RTL Hierarchical Component Statistics
---------------------------------------------------------------------------------
---------------------------------------------------------------------------------
Start Part Resource Summary
---------------------------------------------------------------------------------
Part Resources:
DSPs: 360 (col length:72)
BRAMs: 432 (col length: RAMB18 72 RAMB36 36)
---------------------------------------------------------------------------------
Finished Part Resource Summary
---------------------------------------------------------------------------------
---------------------------------------------------------------------------------
Start Cross Boundary and Area Optimization
---------------------------------------------------------------------------------
Warning: Parallel synthesis criteria is not met 
INFO: [Synth 8-5845] Not enough pipeline registers after wide multiplier. Recommended levels of pipeline registers is 4 [/tmp/tmp.s2fDs02xFx/linear-algebra-3mm.sv:37]
DSP Report: Generating DSP out_tmp0, operation Mode is: A2*B.
DSP Report: register out_tmp0 is absorbed into DSP out_tmp0.
DSP Report: operator out_tmp0 is absorbed into DSP out_tmp0.
DSP Report: operator out_tmp0 is absorbed into DSP out_tmp0.
DSP Report: Generating DSP out_tmp_reg, operation Mode is: (PCIN>>17)+A*B.
DSP Report: register out_tmp_reg is absorbed into DSP out_tmp_reg.
DSP Report: operator out_tmp0 is absorbed into DSP out_tmp_reg.
DSP Report: operator out_tmp0 is absorbed into DSP out_tmp_reg.
DSP Report: Generating DSP out_tmp0, operation Mode is: A2*B2.
DSP Report: register out_tmp0 is absorbed into DSP out_tmp0.
DSP Report: register out_tmp0 is absorbed into DSP out_tmp0.
DSP Report: operator out_tmp0 is absorbed into DSP out_tmp0.
DSP Report: operator out_tmp0 is absorbed into DSP out_tmp0.
DSP Report: Generating DSP out_tmp_reg, operation Mode is: (PCIN>>17)+A2*B.
DSP Report: register out_tmp_reg is absorbed into DSP out_tmp_reg.
DSP Report: register out_tmp_reg is absorbed into DSP out_tmp_reg.
DSP Report: operator out_tmp0 is absorbed into DSP out_tmp_reg.
DSP Report: operator out_tmp0 is absorbed into DSP out_tmp_reg.
DSP Report: Generating DSP out_tmp_reg, operation Mode is: (A2*B2)'.
DSP Report: register rtmp_reg is absorbed into DSP out_tmp_reg.
DSP Report: register out_tmp_reg is absorbed into DSP out_tmp_reg.
DSP Report: register out_tmp_reg is absorbed into DSP out_tmp_reg.
DSP Report: operator out_tmp0 is absorbed into DSP out_tmp_reg.
DSP Report: operator out_tmp0 is absorbed into DSP out_tmp_reg.
DSP Report: Generating DSP out_tmp0, operation Mode is: A2*B2.
DSP Report: register out_tmp0 is absorbed into DSP out_tmp0.
DSP Report: register out_tmp0 is absorbed into DSP out_tmp0.
DSP Report: operator out_tmp0 is absorbed into DSP out_tmp0.
DSP Report: operator out_tmp0 is absorbed into DSP out_tmp0.
DSP Report: Generating DSP out_tmp_reg, operation Mode is: (PCIN>>17)+A2*B2.
DSP Report: register ltmp_reg is absorbed into DSP out_tmp_reg.
DSP Report: register out_tmp_reg is absorbed into DSP out_tmp_reg.
DSP Report: register out_tmp_reg is absorbed into DSP out_tmp_reg.
DSP Report: operator out_tmp0 is absorbed into DSP out_tmp_reg.
DSP Report: operator out_tmp0 is absorbed into DSP out_tmp_reg.
DSP Report: Generating DSP out_tmp_reg, operation Mode is: (A2*B2)'.
DSP Report: register out_tmp_reg is absorbed into DSP out_tmp_reg.
DSP Report: register out_tmp_reg is absorbed into DSP out_tmp_reg.
DSP Report: register out_tmp_reg is absorbed into DSP out_tmp_reg.
DSP Report: operator out_tmp0 is absorbed into DSP out_tmp_reg.
DSP Report: operator out_tmp0 is absorbed into DSP out_tmp_reg.
DSP Report: Generating DSP out_tmp0, operation Mode is: A2*B2.
DSP Report: register out_tmp0 is absorbed into DSP out_tmp0.
DSP Report: register out_tmp0 is absorbed into DSP out_tmp0.
DSP Report: operator out_tmp0 is absorbed into DSP out_tmp0.
DSP Report: operator out_tmp0 is absorbed into DSP out_tmp0.
DSP Report: Generating DSP out_tmp_reg, operation Mode is: (PCIN>>17)+A2*B2.
DSP Report: register out_tmp_reg is absorbed into DSP out_tmp_reg.
DSP Report: register out_tmp_reg is absorbed into DSP out_tmp_reg.
DSP Report: register out_tmp_reg is absorbed into DSP out_tmp_reg.
DSP Report: operator out_tmp0 is absorbed into DSP out_tmp_reg.
DSP Report: operator out_tmp0 is absorbed into DSP out_tmp_reg.
INFO: [Synth 8-3886] merging instance 'fsm8/out_reg[3]' (FDE) to 'fsm8/out_reg[4]'
INFO: [Synth 8-3886] merging instance 'fsm8/out_reg[4]' (FDE) to 'fsm8/out_reg[5]'
INFO: [Synth 8-3886] merging instance 'fsm8/out_reg[5]' (FDE) to 'fsm8/out_reg[6]'
INFO: [Synth 8-3886] merging instance 'fsm8/out_reg[6]' (FDE) to 'fsm8/out_reg[7]'
INFO: [Synth 8-3886] merging instance 'fsm8/out_reg[7]' (FDE) to 'fsm8/out_reg[8]'
INFO: [Synth 8-3886] merging instance 'fsm8/out_reg[8]' (FDE) to 'fsm8/out_reg[9]'
INFO: [Synth 8-3886] merging instance 'fsm8/out_reg[9]' (FDE) to 'fsm8/out_reg[10]'
INFO: [Synth 8-3886] merging instance 'fsm8/out_reg[10]' (FDE) to 'fsm8/out_reg[11]'
INFO: [Synth 8-3886] merging instance 'fsm8/out_reg[11]' (FDE) to 'fsm8/out_reg[12]'
INFO: [Synth 8-3886] merging instance 'fsm8/out_reg[12]' (FDE) to 'fsm8/out_reg[13]'
INFO: [Synth 8-3886] merging instance 'fsm8/out_reg[13]' (FDE) to 'fsm8/out_reg[14]'
INFO: [Synth 8-3886] merging instance 'fsm8/out_reg[14]' (FDE) to 'fsm8/out_reg[15]'
INFO: [Synth 8-3886] merging instance 'fsm8/out_reg[15]' (FDE) to 'fsm8/out_reg[16]'
INFO: [Synth 8-3886] merging instance 'fsm8/out_reg[16]' (FDE) to 'fsm8/out_reg[17]'
INFO: [Synth 8-3886] merging instance 'fsm8/out_reg[17]' (FDE) to 'fsm8/out_reg[18]'
INFO: [Synth 8-3886] merging instance 'fsm8/out_reg[18]' (FDE) to 'fsm8/out_reg[19]'
INFO: [Synth 8-3886] merging instance 'fsm8/out_reg[19]' (FDE) to 'fsm8/out_reg[20]'
INFO: [Synth 8-3886] merging instance 'fsm8/out_reg[20]' (FDE) to 'fsm8/out_reg[21]'
INFO: [Synth 8-3886] merging instance 'fsm8/out_reg[21]' (FDE) to 'fsm8/out_reg[22]'
INFO: [Synth 8-3886] merging instance 'fsm8/out_reg[22]' (FDE) to 'fsm8/out_reg[23]'
INFO: [Synth 8-3886] merging instance 'fsm8/out_reg[23]' (FDE) to 'fsm8/out_reg[24]'
INFO: [Synth 8-3886] merging instance 'fsm8/out_reg[24]' (FDE) to 'fsm8/out_reg[25]'
INFO: [Synth 8-3886] merging instance 'fsm8/out_reg[25]' (FDE) to 'fsm8/out_reg[26]'
INFO: [Synth 8-3886] merging instance 'fsm8/out_reg[26]' (FDE) to 'fsm8/out_reg[27]'
INFO: [Synth 8-3886] merging instance 'fsm8/out_reg[27]' (FDE) to 'fsm8/out_reg[28]'
INFO: [Synth 8-3886] merging instance 'fsm8/out_reg[28]' (FDE) to 'fsm8/out_reg[29]'
INFO: [Synth 8-3886] merging instance 'fsm8/out_reg[29]' (FDE) to 'fsm8/out_reg[30]'
INFO: [Synth 8-3886] merging instance 'fsm8/out_reg[30]' (FDE) to 'fsm8/out_reg[31]'
INFO: [Synth 8-3333] propagating constant 0 across sequential element (\fsm8/out_reg[31] )
WARNING: [Synth 8-3332] Sequential element (mult_pipe0/out_tmp_reg[47]) is unused and will be removed from module main.
WARNING: [Synth 8-3332] Sequential element (mult_pipe0/out_tmp_reg[46]) is unused and will be removed from module main.
WARNING: [Synth 8-3332] Sequential element (mult_pipe0/out_tmp_reg[45]) is unused and will be removed from module main.
WARNING: [Synth 8-3332] Sequential element (mult_pipe0/out_tmp_reg[44]) is unused and will be removed from module main.
WARNING: [Synth 8-3332] Sequential element (mult_pipe0/out_tmp_reg[43]) is unused and will be removed from module main.
WARNING: [Synth 8-3332] Sequential element (mult_pipe0/out_tmp_reg[42]) is unused and will be removed from module main.
WARNING: [Synth 8-3332] Sequential element (mult_pipe0/out_tmp_reg[41]) is unused and will be removed from module main.
WARNING: [Synth 8-3332] Sequential element (mult_pipe0/out_tmp_reg[40]) is unused and will be removed from module main.
WARNING: [Synth 8-3332] Sequential element (mult_pipe0/out_tmp_reg[39]) is unused and will be removed from module main.
WARNING: [Synth 8-3332] Sequential element (mult_pipe0/out_tmp_reg[38]) is unused and will be removed from module main.
WARNING: [Synth 8-3332] Sequential element (mult_pipe0/out_tmp_reg[37]) is unused and will be removed from module main.
WARNING: [Synth 8-3332] Sequential element (mult_pipe0/out_tmp_reg[36]) is unused and will be removed from module main.
WARNING: [Synth 8-3332] Sequential element (mult_pipe0/out_tmp_reg[35]) is unused and will be removed from module main.
WARNING: [Synth 8-3332] Sequential element (mult_pipe0/out_tmp_reg[34]) is unused and will be removed from module main.
WARNING: [Synth 8-3332] Sequential element (mult_pipe0/out_tmp_reg[33]) is unused and will be removed from module main.
WARNING: [Synth 8-3332] Sequential element (mult_pipe0/out_tmp_reg[32]) is unused and will be removed from module main.
WARNING: [Synth 8-3332] Sequential element (mult_pipe0/out_tmp_reg[31]) is unused and will be removed from module main.
WARNING: [Synth 8-3332] Sequential element (mult_pipe0/out_tmp_reg[30]) is unused and will be removed from module main.
WARNING: [Synth 8-3332] Sequential element (mult_pipe0/out_tmp_reg[29]) is unused and will be removed from module main.
WARNING: [Synth 8-3332] Sequential element (mult_pipe0/out_tmp_reg[28]) is unused and will be removed from module main.
WARNING: [Synth 8-3332] Sequential element (mult_pipe0/out_tmp_reg[27]) is unused and will be removed from module main.
WARNING: [Synth 8-3332] Sequential element (mult_pipe0/out_tmp_reg[26]) is unused and will be removed from module main.
WARNING: [Synth 8-3332] Sequential element (mult_pipe0/out_tmp_reg[25]) is unused and will be removed from module main.
WARNING: [Synth 8-3332] Sequential element (mult_pipe0/out_tmp_reg[24]) is unused and will be removed from module main.
WARNING: [Synth 8-3332] Sequential element (mult_pipe0/out_tmp_reg[23]) is unused and will be removed from module main.
WARNING: [Synth 8-3332] Sequential element (mult_pipe0/out_tmp_reg[22]) is unused and will be removed from module main.
WARNING: [Synth 8-3332] Sequential element (mult_pipe0/out_tmp_reg[21]) is unused and will be removed from module main.
WARNING: [Synth 8-3332] Sequential element (mult_pipe0/out_tmp_reg[20]) is unused and will be removed from module main.
WARNING: [Synth 8-3332] Sequential element (mult_pipe0/out_tmp_reg[19]) is unused and will be removed from module main.
WARNING: [Synth 8-3332] Sequential element (mult_pipe0/out_tmp_reg[18]) is unused and will be removed from module main.
WARNING: [Synth 8-3332] Sequential element (mult_pipe0/out_tmp_reg[17]) is unused and will be removed from module main.
WARNING: [Synth 8-3332] Sequential element (mult_pipe1/out_tmp_reg[47]) is unused and will be removed from module main.
WARNING: [Synth 8-3332] Sequential element (mult_pipe1/out_tmp_reg[46]) is unused and will be removed from module main.
WARNING: [Synth 8-3332] Sequential element (mult_pipe1/out_tmp_reg[45]) is unused and will be removed from module main.
WARNING: [Synth 8-3332] Sequential element (mult_pipe1/out_tmp_reg[44]) is unused and will be removed from module main.
WARNING: [Synth 8-3332] Sequential element (mult_pipe1/out_tmp_reg[43]) is unused and will be removed from module main.
WARNING: [Synth 8-3332] Sequential element (mult_pipe1/out_tmp_reg[42]) is unused and will be removed from module main.
WARNING: [Synth 8-3332] Sequential element (mult_pipe1/out_tmp_reg[41]) is unused and will be removed from module main.
WARNING: [Synth 8-3332] Sequential element (mult_pipe1/out_tmp_reg[40]) is unused and will be removed from module main.
WARNING: [Synth 8-3332] Sequential element (mult_pipe1/out_tmp_reg[39]) is unused and will be removed from module main.
WARNING: [Synth 8-3332] Sequential element (mult_pipe1/out_tmp_reg[38]) is unused and will be removed from module main.
WARNING: [Synth 8-3332] Sequential element (mult_pipe1/out_tmp_reg[37]) is unused and will be removed from module main.
WARNING: [Synth 8-3332] Sequential element (mult_pipe1/out_tmp_reg[36]) is unused and will be removed from module main.
WARNING: [Synth 8-3332] Sequential element (mult_pipe1/out_tmp_reg[35]) is unused and will be removed from module main.
WARNING: [Synth 8-3332] Sequential element (mult_pipe1/out_tmp_reg[34]) is unused and will be removed from module main.
WARNING: [Synth 8-3332] Sequential element (mult_pipe1/out_tmp_reg[33]) is unused and will be removed from module main.
WARNING: [Synth 8-3332] Sequential element (mult_pipe1/out_tmp_reg[32]) is unused and will be removed from module main.
WARNING: [Synth 8-3332] Sequential element (mult_pipe1/out_tmp_reg[31]) is unused and will be removed from module main.
WARNING: [Synth 8-3332] Sequential element (mult_pipe1/out_tmp_reg[30]) is unused and will be removed from module main.
WARNING: [Synth 8-3332] Sequential element (mult_pipe1/out_tmp_reg[29]) is unused and will be removed from module main.
WARNING: [Synth 8-3332] Sequential element (mult_pipe1/out_tmp_reg[28]) is unused and will be removed from module main.
WARNING: [Synth 8-3332] Sequential element (mult_pipe1/out_tmp_reg[27]) is unused and will be removed from module main.
WARNING: [Synth 8-3332] Sequential element (mult_pipe1/out_tmp_reg[26]) is unused and will be removed from module main.
WARNING: [Synth 8-3332] Sequential element (mult_pipe1/out_tmp_reg[25]) is unused and will be removed from module main.
WARNING: [Synth 8-3332] Sequential element (mult_pipe1/out_tmp_reg[24]) is unused and will be removed from module main.
WARNING: [Synth 8-3332] Sequential element (mult_pipe1/out_tmp_reg[23]) is unused and will be removed from module main.
WARNING: [Synth 8-3332] Sequential element (mult_pipe1/out_tmp_reg[22]) is unused and will be removed from module main.
WARNING: [Synth 8-3332] Sequential element (mult_pipe1/out_tmp_reg[21]) is unused and will be removed from module main.
WARNING: [Synth 8-3332] Sequential element (mult_pipe1/out_tmp_reg[20]) is unused and will be removed from module main.
WARNING: [Synth 8-3332] Sequential element (mult_pipe1/out_tmp_reg[19]) is unused and will be removed from module main.
WARNING: [Synth 8-3332] Sequential element (mult_pipe1/out_tmp_reg[18]) is unused and will be removed from module main.
WARNING: [Synth 8-3332] Sequential element (mult_pipe1/out_tmp_reg[17]) is unused and will be removed from module main.
WARNING: [Synth 8-3332] Sequential element (mult_pipe2/out_tmp_reg[47]) is unused and will be removed from module main.
WARNING: [Synth 8-3332] Sequential element (mult_pipe2/out_tmp_reg[46]) is unused and will be removed from module main.
WARNING: [Synth 8-3332] Sequential element (mult_pipe2/out_tmp_reg[45]) is unused and will be removed from module main.
WARNING: [Synth 8-3332] Sequential element (mult_pipe2/out_tmp_reg[44]) is unused and will be removed from module main.
WARNING: [Synth 8-3332] Sequential element (mult_pipe2/out_tmp_reg[43]) is unused and will be removed from module main.
WARNING: [Synth 8-3332] Sequential element (mult_pipe2/out_tmp_reg[42]) is unused and will be removed from module main.
WARNING: [Synth 8-3332] Sequential element (mult_pipe2/out_tmp_reg[41]) is unused and will be removed from module main.
WARNING: [Synth 8-3332] Sequential element (mult_pipe2/out_tmp_reg[40]) is unused and will be removed from module main.
WARNING: [Synth 8-3332] Sequential element (mult_pipe2/out_tmp_reg[39]) is unused and will be removed from module main.
WARNING: [Synth 8-3332] Sequential element (mult_pipe2/out_tmp_reg[38]) is unused and will be removed from module main.
WARNING: [Synth 8-3332] Sequential element (mult_pipe2/out_tmp_reg[37]) is unused and will be removed from module main.
WARNING: [Synth 8-3332] Sequential element (mult_pipe2/out_tmp_reg[36]) is unused and will be removed from module main.
WARNING: [Synth 8-3332] Sequential element (mult_pipe2/out_tmp_reg[35]) is unused and will be removed from module main.
WARNING: [Synth 8-3332] Sequential element (mult_pipe2/out_tmp_reg[34]) is unused and will be removed from module main.
WARNING: [Synth 8-3332] Sequential element (mult_pipe2/out_tmp_reg[33]) is unused and will be removed from module main.
WARNING: [Synth 8-3332] Sequential element (mult_pipe2/out_tmp_reg[32]) is unused and will be removed from module main.
WARNING: [Synth 8-3332] Sequential element (mult_pipe2/out_tmp_reg[31]) is unused and will be removed from module main.
WARNING: [Synth 8-3332] Sequential element (mult_pipe2/out_tmp_reg[30]) is unused and will be removed from module main.
WARNING: [Synth 8-3332] Sequential element (mult_pipe2/out_tmp_reg[29]) is unused and will be removed from module main.
WARNING: [Synth 8-3332] Sequential element (mult_pipe2/out_tmp_reg[28]) is unused and will be removed from module main.
WARNING: [Synth 8-3332] Sequential element (mult_pipe2/out_tmp_reg[27]) is unused and will be removed from module main.
WARNING: [Synth 8-3332] Sequential element (mult_pipe2/out_tmp_reg[26]) is unused and will be removed from module main.
WARNING: [Synth 8-3332] Sequential element (mult_pipe2/out_tmp_reg[25]) is unused and will be removed from module main.
WARNING: [Synth 8-3332] Sequential element (mult_pipe2/out_tmp_reg[24]) is unused and will be removed from module main.
WARNING: [Synth 8-3332] Sequential element (mult_pipe2/out_tmp_reg[23]) is unused and will be removed from module main.
WARNING: [Synth 8-3332] Sequential element (mult_pipe2/out_tmp_reg[22]) is unused and will be removed from module main.
WARNING: [Synth 8-3332] Sequential element (mult_pipe2/out_tmp_reg[21]) is unused and will be removed from module main.
WARNING: [Synth 8-3332] Sequential element (mult_pipe2/out_tmp_reg[20]) is unused and will be removed from module main.
WARNING: [Synth 8-3332] Sequential element (mult_pipe2/out_tmp_reg[19]) is unused and will be removed from module main.
WARNING: [Synth 8-3332] Sequential element (mult_pipe2/out_tmp_reg[18]) is unused and will be removed from module main.
WARNING: [Synth 8-3332] Sequential element (mult_pipe2/out_tmp_reg[17]) is unused and will be removed from module main.
---------------------------------------------------------------------------------
Finished Cross Boundary and Area Optimization : Time (s): cpu = 00:00:24 ; elapsed = 00:00:40 . Memory (MB): peak = 2493.316 ; gain = 159.809 ; free physical = 10421 ; free virtual = 46047
---------------------------------------------------------------------------------
---------------------------------------------------------------------------------
Start ROM, RAM, DSP and Shift Register Reporting
---------------------------------------------------------------------------------

DSP: Preliminary Mapping  Report (see note below)
+--------------+------------------+--------+--------+--------+--------+--------+------+------+------+------+-------+------+------+
|Module Name   | DSP Mapping      | A Size | B Size | C Size | D Size | P Size | AREG | BREG | CREG | DREG | ADREG | MREG | PREG | 
+--------------+------------------+--------+--------+--------+--------+--------+------+------+------+------+-------+------+------+
|std_mult_pipe | A2*B             | 18     | 16     | -      | -      | 48     | 1    | 0    | -    | -    | -     | 0    | 0    | 
|std_mult_pipe | (PCIN>>17)+A*B   | 16     | 16     | -      | -      | 48     | 0    | 0    | -    | -    | -     | 0    | 1    | 
|std_mult_pipe | A2*B2            | 18     | 18     | -      | -      | 48     | 1    | 1    | -    | -    | -     | 0    | 0    | 
|std_mult_pipe | (PCIN>>17)+A2*B  | 18     | 16     | -      | -      | 48     | 1    | 0    | -    | -    | -     | 0    | 1    | 
|std_mult_pipe | (A2*B2)'         | 18     | 16     | -      | -      | 48     | 1    | 1    | -    | -    | -     | 1    | 0    | 
|std_mult_pipe | A2*B2            | 18     | 18     | -      | -      | 48     | 1    | 1    | -    | -    | -     | 0    | 0    | 
|std_mult_pipe | (PCIN>>17)+A2*B2 | 18     | 16     | -      | -      | 48     | 1    | 1    | -    | -    | -     | 0    | 1    | 
|std_mult_pipe | (A2*B2)'         | 18     | 16     | -      | -      | 48     | 1    | 1    | -    | -    | -     | 1    | 0    | 
|std_mult_pipe | A2*B2            | 18     | 18     | -      | -      | 48     | 1    | 1    | -    | -    | -     | 0    | 0    | 
|std_mult_pipe | (PCIN>>17)+A2*B2 | 18     | 16     | -      | -      | 48     | 1    | 1    | -    | -    | -     | 0    | 1    | 
+--------------+------------------+--------+--------+--------+--------+--------+------+------+------+------+-------+------+------+

Note: The table above is a preliminary report that shows the DSPs inferred at the current stage of the synthesis flow. Some DSP may be reimplemented as non DSP primitives later in the synthesis flow. Multiple instantiated DSPs are reported only once.
---------------------------------------------------------------------------------
Finished ROM, RAM, DSP and Shift Register Reporting
---------------------------------------------------------------------------------

Report RTL Partitions: 
+-+--------------+------------+----------+
| |RTL Partition |Replication |Instances |
+-+--------------+------------+----------+
+-+--------------+------------+----------+
---------------------------------------------------------------------------------
Start Applying XDC Timing Constraints
---------------------------------------------------------------------------------
---------------------------------------------------------------------------------
Finished Applying XDC Timing Constraints : Time (s): cpu = 00:00:51 ; elapsed = 00:02:27 . Memory (MB): peak = 2907.637 ; gain = 574.129 ; free physical = 7201 ; free virtual = 42826
---------------------------------------------------------------------------------
---------------------------------------------------------------------------------
Start Timing Optimization
---------------------------------------------------------------------------------
---------------------------------------------------------------------------------
Finished Timing Optimization : Time (s): cpu = 00:00:56 ; elapsed = 00:02:32 . Memory (MB): peak = 2962.195 ; gain = 628.688 ; free physical = 8601 ; free virtual = 44224
---------------------------------------------------------------------------------

Report RTL Partitions: 
+-+--------------+------------+----------+
| |RTL Partition |Replication |Instances |
+-+--------------+------------+----------+
+-+--------------+------------+----------+
---------------------------------------------------------------------------------
Start Technology Mapping
---------------------------------------------------------------------------------
---------------------------------------------------------------------------------
Finished Technology Mapping : Time (s): cpu = 00:00:57 ; elapsed = 00:02:33 . Memory (MB): peak = 2970.203 ; gain = 636.695 ; free physical = 8956 ; free virtual = 44575
---------------------------------------------------------------------------------

Report RTL Partitions: 
+-+--------------+------------+----------+
| |RTL Partition |Replication |Instances |
+-+--------------+------------+----------+
+-+--------------+------------+----------+
---------------------------------------------------------------------------------
Start IO Insertion
---------------------------------------------------------------------------------
---------------------------------------------------------------------------------
Start Flattening Before IO Insertion
---------------------------------------------------------------------------------
---------------------------------------------------------------------------------
Finished Flattening Before IO Insertion
---------------------------------------------------------------------------------
---------------------------------------------------------------------------------
Start Final Netlist Cleanup
---------------------------------------------------------------------------------
---------------------------------------------------------------------------------
Finished Final Netlist Cleanup
---------------------------------------------------------------------------------
---------------------------------------------------------------------------------
Finished IO Insertion : Time (s): cpu = 00:00:58 ; elapsed = 00:02:34 . Memory (MB): peak = 2970.207 ; gain = 636.699 ; free physical = 10067 ; free virtual = 45685
---------------------------------------------------------------------------------

Report Check Netlist: 
+------+------------------+-------+---------+-------+------------------+
|      |Item              |Errors |Warnings |Status |Description       |
+------+------------------+-------+---------+-------+------------------+
|1     |multi_driven_nets |      0|        0|Passed |Multi driven nets |
+------+------------------+-------+---------+-------+------------------+
---------------------------------------------------------------------------------
Start Renaming Generated Instances
---------------------------------------------------------------------------------
---------------------------------------------------------------------------------
Finished Renaming Generated Instances : Time (s): cpu = 00:00:58 ; elapsed = 00:02:35 . Memory (MB): peak = 2970.207 ; gain = 636.699 ; free physical = 10067 ; free virtual = 45685
---------------------------------------------------------------------------------

Report RTL Partitions: 
+-+--------------+------------+----------+
| |RTL Partition |Replication |Instances |
+-+--------------+------------+----------+
+-+--------------+------------+----------+
---------------------------------------------------------------------------------
Start Rebuilding User Hierarchy
---------------------------------------------------------------------------------
---------------------------------------------------------------------------------
Finished Rebuilding User Hierarchy : Time (s): cpu = 00:00:59 ; elapsed = 00:02:35 . Memory (MB): peak = 2970.207 ; gain = 636.699 ; free physical = 10065 ; free virtual = 45683
---------------------------------------------------------------------------------
---------------------------------------------------------------------------------
Start Renaming Generated Ports
---------------------------------------------------------------------------------
---------------------------------------------------------------------------------
Finished Renaming Generated Ports : Time (s): cpu = 00:00:59 ; elapsed = 00:02:35 . Memory (MB): peak = 2970.207 ; gain = 636.699 ; free physical = 10064 ; free virtual = 45682
---------------------------------------------------------------------------------
---------------------------------------------------------------------------------
Start Handling Custom Attributes
---------------------------------------------------------------------------------
---------------------------------------------------------------------------------
Finished Handling Custom Attributes : Time (s): cpu = 00:00:59 ; elapsed = 00:02:35 . Memory (MB): peak = 2970.207 ; gain = 636.699 ; free physical = 10062 ; free virtual = 45680
---------------------------------------------------------------------------------
---------------------------------------------------------------------------------
Start Renaming Generated Nets
---------------------------------------------------------------------------------
---------------------------------------------------------------------------------
Finished Renaming Generated Nets : Time (s): cpu = 00:00:59 ; elapsed = 00:02:35 . Memory (MB): peak = 2970.207 ; gain = 636.699 ; free physical = 10062 ; free virtual = 45680
---------------------------------------------------------------------------------
---------------------------------------------------------------------------------
Start Writing Synthesis Report
---------------------------------------------------------------------------------

Report BlackBoxes: 
+-+--------------+----------+
| |BlackBox name |Instances |
+-+--------------+----------+
+-+--------------+----------+

Report Cell Usage: 
+------+----------------+------+
|      |Cell            |Count |
+------+----------------+------+
|1     |CARRY8          |    10|
|2     |DSP_ALU_1       |     9|
|3     |DSP_A_B_DATA    |     6|
|4     |DSP_A_B_DATA_1  |     3|
|5     |DSP_C_DATA      |     6|
|6     |DSP_C_DATA_1    |     3|
|7     |DSP_MULTIPLIER  |     9|
|8     |DSP_M_DATA_1    |     9|
|9     |DSP_OUTPUT      |     3|
|10    |DSP_OUTPUT_1    |     6|
|11    |DSP_PREADD      |     9|
|12    |DSP_PREADD_DATA |     9|
|13    |LUT1            |     4|
|14    |LUT2            |   264|
|15    |LUT3            |   163|
|16    |LUT4            |    52|
|17    |LUT5            |    75|
|18    |LUT6            |   174|
|19    |FDRE            |   660|
+------+----------------+------+

Report Instance Areas: 
+------+-------------------+--------------------------------------+------+
|      |Instance           |Module                                |Cells |
+------+-------------------+--------------------------------------+------+
|1     |top                |                                      |  1474|
|2     |  A_int_read0_0    |std_reg                               |    65|
|3     |  B_int_read0_0    |std_reg_0                             |    65|
|4     |  C_int_read0_0    |std_reg_1                             |    33|
|5     |  D_int_read0_0    |std_reg_2                             |    33|
|6     |  E_int_read0_0    |std_reg_3                             |    65|
|7     |  F_int_read0_0    |std_reg_4                             |    65|
|8     |  add0             |std_add                               |     4|
|9     |  bin_read0_0      |std_reg_5                             |    33|
|10    |  bin_read1_0      |std_reg_6                             |    33|
|11    |  bin_read2_0      |std_reg_7                             |    33|
|12    |  cond_computed    |std_reg__parameterized1               |     1|
|13    |  cond_computed0   |std_reg__parameterized1_8             |     1|
|14    |  cond_computed1   |std_reg__parameterized1_9             |     1|
|15    |  cond_computed2   |std_reg__parameterized1_10            |     2|
|16    |  cond_computed3   |std_reg__parameterized1_11            |     2|
|17    |  cond_computed4   |std_reg__parameterized1_12            |     1|
|18    |  cond_computed5   |std_reg__parameterized1_13            |     2|
|19    |  cond_computed6   |std_reg__parameterized1_14            |     1|
|20    |  cond_computed7   |std_reg__parameterized1_15            |     1|
|21    |  cond_stored      |std_reg__parameterized1_16            |     2|
|22    |  cond_stored0     |std_reg__parameterized1_17            |     1|
|23    |  cond_stored1     |std_reg__parameterized1_18            |     1|
|24    |  cond_stored2     |std_reg__parameterized1_19            |     2|
|25    |  cond_stored3     |std_reg__parameterized1_20            |     1|
|26    |  cond_stored4     |std_reg__parameterized1_21            |     2|
|27    |  cond_stored5     |std_reg__parameterized1_22            |     1|
|28    |  cond_stored6     |std_reg__parameterized1_23            |     1|
|29    |  cond_stored7     |std_reg__parameterized1_24            |     1|
|30    |  done_reg         |std_reg__parameterized1_25            |     1|
|31    |  done_reg0        |std_reg__parameterized1_26            |     1|
|32    |  done_reg1        |std_reg__parameterized1_27            |     1|
|33    |  done_reg2        |std_reg__parameterized1_28            |     1|
|34    |  done_reg3        |std_reg__parameterized1_29            |     1|
|35    |  done_reg4        |std_reg__parameterized1_30            |     1|
|36    |  done_reg5        |std_reg__parameterized1_31            |     1|
|37    |  done_reg6        |std_reg__parameterized1_32            |     1|
|38    |  done_reg7        |std_reg__parameterized1_33            |     1|
|39    |  fsm              |std_reg_34                            |    77|
|40    |  fsm0             |std_reg_35                            |    25|
|41    |  fsm1             |std_reg_36                            |    18|
|42    |  fsm2             |std_reg_37                            |   160|
|43    |  fsm3             |std_reg_38                            |    18|
|44    |  fsm4             |std_reg_39                            |    18|
|45    |  fsm5             |std_reg_40                            |    59|
|46    |  fsm6             |std_reg_41                            |    25|
|47    |  fsm7             |std_reg_42                            |    16|
|48    |  fsm8             |std_reg_43                            |    29|
|49    |  i0               |std_reg__parameterized0               |     9|
|50    |  i1               |std_reg__parameterized0_44            |     5|
|51    |  i2               |std_reg__parameterized0_45            |    13|
|52    |  j0               |std_reg__parameterized0_46            |     8|
|53    |  j1               |std_reg__parameterized0_47            |     7|
|54    |  j2               |std_reg__parameterized0_48            |    11|
|55    |  k0               |std_reg__parameterized0_49            |     6|
|56    |  k1               |std_reg__parameterized0_50            |     6|
|57    |  k2               |std_reg__parameterized0_51            |     5|
|58    |  mult_pipe0       |std_mult_pipe                         |    93|
|59    |    out_tmp_reg    |\mult_pipe2/out_tmp_reg_funnel__2     |     8|
|60    |    out_tmp0       |\mult_pipe0/out_tmp0_funnel           |     8|
|61    |    out_tmp_reg__0 |\mult_pipe2/out_tmp_reg__0_funnel__2  |     8|
|62    |  mult_pipe1       |std_mult_pipe_52                      |   160|
|63    |    out_tmp_reg    |\mult_pipe2/out_tmp_reg_funnel__1     |     8|
|64    |    out_tmp0       |\mult_pipe0/out_tmp0_funnel__4        |     8|
|65    |    out_tmp_reg__0 |\mult_pipe2/out_tmp_reg__0_funnel__1  |     8|
|66    |  mult_pipe2       |std_mult_pipe_53                      |    93|
|67    |    out_tmp_reg    |\mult_pipe2/out_tmp_reg_funnel        |     8|
|68    |    out_tmp0       |\mult_pipe0/out_tmp0_funnel__3        |     8|
|69    |    out_tmp_reg__0 |\mult_pipe2/out_tmp_reg__0_funnel     |     8|
|70    |  par_done_reg     |std_reg__parameterized1_54            |     2|
|71    |  par_done_reg0    |std_reg__parameterized1_55            |     1|
|72    |  par_done_reg1    |std_reg__parameterized1_56            |     2|
|73    |  par_done_reg2    |std_reg__parameterized1_57            |     1|
|74    |  par_done_reg3    |std_reg__parameterized1_58            |     2|
|75    |  par_done_reg4    |std_reg__parameterized1_59            |     1|
|76    |  par_reset        |std_reg__parameterized1_60            |     3|
|77    |  par_reset0       |std_reg__parameterized1_61            |     3|
|78    |  par_reset1       |std_reg__parameterized1_62            |     3|
|79    |  v_0              |std_reg_63                            |    35|
|80    |  v_1              |std_reg_64                            |    64|
|81    |  v_2              |std_reg_65                            |    34|
+------+-------------------+--------------------------------------+------+
---------------------------------------------------------------------------------
Finished Writing Synthesis Report : Time (s): cpu = 00:00:59 ; elapsed = 00:02:35 . Memory (MB): peak = 2970.207 ; gain = 636.699 ; free physical = 10061 ; free virtual = 45679
---------------------------------------------------------------------------------
Synthesis finished with 0 errors, 0 critical warnings and 229 warnings.
Synthesis Optimization Runtime : Time (s): cpu = 00:00:51 ; elapsed = 00:02:19 . Memory (MB): peak = 2970.207 ; gain = 476.891 ; free physical = 10102 ; free virtual = 45720
Synthesis Optimization Complete : Time (s): cpu = 00:00:59 ; elapsed = 00:02:35 . Memory (MB): peak = 2970.211 ; gain = 636.699 ; free physical = 10102 ; free virtual = 45720
INFO: [Project 1-571] Translating synthesized netlist
INFO: [Netlist 29-17] Analyzing 19 Unisim elements for replacement
INFO: [Netlist 29-28] Unisim Transformation completed in 0 CPU seconds
INFO: [Project 1-570] Preparing netlist for logic optimization
INFO: [Opt 31-138] Pushed 0 inverter(s) to 0 load pin(s).
Netlist sorting complete. Time (s): cpu = 00:00:00 ; elapsed = 00:00:00 . Memory (MB): peak = 3020.129 ; gain = 0.000 ; free physical = 10032 ; free virtual = 45650
INFO: [Project 1-111] Unisim Transformation Summary:
  A total of 9 instances were transformed.
  DSP48E2 => DSP48E2 (DSP_ALU, DSP_A_B_DATA, DSP_C_DATA, DSP_MULTIPLIER, DSP_M_DATA, DSP_OUTPUT, DSP_PREADD_DATA, DSP_PREADD): 9 instances

INFO: [Common 17-83] Releasing license: Synthesis
67 Infos, 201 Warnings, 0 Critical Warnings and 0 Errors encountered.
synth_design completed successfully
synth_design: Time (s): cpu = 00:01:13 ; elapsed = 00:03:17 . Memory (MB): peak = 3020.129 ; gain = 1530.930 ; free physical = 10152 ; free virtual = 45770
Netlist sorting complete. Time (s): cpu = 00:00:00 ; elapsed = 00:00:00 . Memory (MB): peak = 3020.129 ; gain = 0.000 ; free physical = 10151 ; free virtual = 45770
WARNING: [Constraints 18-5210] No constraints selected for write.
Resolution: This message can indicate that there are no constraints for the design, or it can indicate that the used_in flags are set such that the constraints are ignored. This later case is used when running synth_design to not write synthesis constraints to the resulting checkpoint. Instead, project constraints are read when the synthesized design is opened.
INFO: [Common 17-1381] The checkpoint '/tmp/tmp.s2fDs02xFx/out/FutilBuild.runs/synth_1/main.dcp' has been generated.
INFO: [runtcl-4] Executing : report_utilization -file main_utilization_synth.rpt -pb main_utilization_synth.pb
INFO: [Common 17-206] Exiting Vivado at Tue Nov 17 16:19:40 2020...
